2018-04-09 14:19:17,870 INFO  DownloadService - Downloading "https://github.com/DeveloperPaul123/FilePickerLibrary/archive/master.zip", attempt 3
2018-04-09 14:19:18,738 INFO  DownloadService - Downloaded https://github.com/DeveloperPaul123/FilePickerLibrary/archive/master.zip, attempt 3
2018-04-09 14:19:18,739 INFO  DownloadService - Size of file "/tmp/rdisk/785/master.zip": 3 MB
2018-04-09 14:19:18,739 INFO  ArchiveUtils - Checking entries [.gradle] in ZIP file...
2018-04-09 14:19:18,739 INFO  ArchiveUtils - Has entries [.gradle] in ZIP file /tmp/rdisk/785/master.zip: true
2018-04-09 14:19:18,740 DEBUG ZipUtil - Extracting '/tmp/rdisk/785/master.zip' into '/tmp/rdisk/785/src'.
2018-04-09 14:19:18,797 INFO  FullProcessService - Size of directory with sources: 4 MB
2018-04-09 14:19:18,797 INFO  SysUtils - Execute command: [git, init, /tmp/rdisk/785/src]
2018-04-09 14:19:18,803 INFO  SysUtils - Initialized empty Git repository in /tmp/rdisk/785/src/.git/

2018-04-09 14:19:18,807 INFO  ProjectBuildService - Gradle wrapper(s): /tmp/rdisk/785/src/FilePickerLibrary-master/gradlew
2018-04-09 14:19:18,811 INFO  ProjectBuildService - Build script(s): /tmp/rdisk/785/src/FilePickerLibrary-master/app/build.gradle /tmp/rdisk/785/src/FilePickerLibrary-master/library/build.gradle /tmp/rdisk/785/src/FilePickerLibrary-master/build.gradle
2018-04-09 14:19:18,814 INFO  ProjectBuildService - All script(s): /tmp/rdisk/785/src/FilePickerLibrary-master/settings.gradle /tmp/rdisk/785/src/FilePickerLibrary-master/library/build.gradle /tmp/rdisk/785/src/FilePickerLibrary-master/build.gradle /tmp/rdisk/785/src/FilePickerLibrary-master/app/build.gradle
2018-04-09 14:19:18,815 INFO  ProjectBuildService - Remote scripts: none
2018-04-09 14:19:18,815 INFO  ProjectFixService - Fixing project...
2018-04-09 14:19:18,825 INFO  LocalPropertiesFixService - Created fake /tmp/rdisk/785/src/FilePickerLibrary-master/app/local.properties
2018-04-09 14:19:18,825 INFO  ProjectFixService - Build info for "/tmp/rdisk/785/src/FilePickerLibrary-master/app/build.gradle": [buildToolsVersion=23.0.2,compileSdkVersion=23,minSdkVersion=16,targetSdkVersion=23]
2018-04-09 14:19:18,826 INFO  LocalPropertiesFixService - Created fake /tmp/rdisk/785/src/FilePickerLibrary-master/library/local.properties
2018-04-09 14:19:18,826 INFO  ProjectFixService - Build info for "/tmp/rdisk/785/src/FilePickerLibrary-master/library/build.gradle": [buildToolsVersion=23.0.2,compileSdkVersion=23,minSdkVersion=16,targetSdkVersion=23]
2018-04-09 14:19:18,826 INFO  LocalPropertiesFixService - Created fake /tmp/rdisk/785/src/FilePickerLibrary-master/local.properties
2018-04-09 14:19:18,827 INFO  WrapperPropertiesFixService - Gradle wrapper: https://services.gradle.org/distributions/gradle-2.10-all.zip
2018-04-09 14:19:18,827 INFO  WrapperPropertiesFixService - Gradle wrapper was changed from "-all.zip" to "-bin.zip" (https://services.gradle.org/distributions/gradle-2.10-bin.zip)
2018-04-09 14:19:18,828 INFO  ProjectFixService - Build info for "/tmp/rdisk/785/src/FilePickerLibrary-master/build.gradle": [buildToolsVersion=23.0.2,compileSdkVersion=23,minSdkVersion=16,targetSdkVersion=23]
2018-04-09 14:19:18,828 INFO  ProjectFixService - Project was maybe fixed
2018-04-09 14:19:18,828 INFO  ProjectTaskService - Detecting possible tasks...
2018-04-09 14:19:18,829 INFO  SysUtils - Execute command: [/tmp/rdisk/785/src/FilePickerLibrary-master/gradlew, -b, /tmp/rdisk/785/src/FilePickerLibrary-master/app/build.gradle, -Dorg.gradle.daemon=false, -Dorg.gradle.daemon.performance.enable-monitoring=false, -Dorg.gradle.configureondemand=true, tasks]
2018-04-09 14:19:26,677 INFO  ProjectTaskService - Detected possible tasks: 68
2018-04-09 14:19:26,677 INFO  ProjectTaskService - Excluded tasks (19): lintDebug mockableAndroidJar deviceCheck lint testReleaseUnitTest uninstallRelease deviceAndroidTest uninstallDebugAndroidTest installDebugAndroidTest connectedCheck connectedDebugAndroidTest uninstallAll test check testDebugUnitTest connectedAndroidTest installDebug lintRelease uninstallDebug
2018-04-09 14:19:26,677 INFO  SysUtils - Execute command: [/tmp/rdisk/785/src/FilePickerLibrary-master/gradlew, -b, /tmp/rdisk/785/src/FilePickerLibrary-master/app/build.gradle, -Dorg.gradle.daemon=false, -Dorg.gradle.daemon.performance.enable-monitoring=false, -Dorg.gradle.configureondemand=true, --stacktrace, -x, lintDebug, -x, mockableAndroidJar, -x, deviceCheck, -x, lint, -x, testReleaseUnitTest, -x, uninstallRelease, -x, deviceAndroidTest, -x, uninstallDebugAndroidTest, -x, installDebugAndroidTest, -x, connectedCheck, -x, connectedDebugAndroidTest, -x, uninstallAll, -x, test, -x, check, -x, testDebugUnitTest, -x, connectedAndroidTest, -x, installDebug, -x, lintRelease, -x, uninstallDebug, build]
2018-04-09 14:19:34,766 ERROR SysUtils - Could not process external command
org.apache.commons.exec.ExecuteException: Process exited with an error: 1 (Exit value: 1)
	at org.apache.commons.exec.DefaultExecutor.executeInternal(DefaultExecutor.java:404)
	at org.apache.commons.exec.DefaultExecutor.execute(DefaultExecutor.java:166)
	at com.github.vbauer.apkmaster.util.SysUtils.execute(SysUtils.java:67)
	at com.github.vbauer.apkmaster.util.SysUtils.executeSimple(SysUtils.java:43)
	at com.github.vbauer.apkmaster.service.assembly.ProjectBuildService.buildProject(ProjectBuildService.java:78)
	at com.github.vbauer.apkmaster.service.assembly.ProjectBuildService.buildProject(ProjectBuildService.java:64)
	at com.github.vbauer.apkmaster.service.assembly.ProjectBuildService.buildProject(ProjectBuildService.java:43)
	at com.github.vbauer.apkmaster.service.FullProcessService.build(FullProcessService.java:84)
	at com.github.vbauer.apkmaster.service.FullProcessService.process(FullProcessService.java:34)
	at com.github.vbauer.apkmaster.app.MainApplication.process(MainApplication.java:38)
	at com.github.vbauer.apkmaster.app.MainApplication.main(MainApplication.java:20)
	at sun.reflect.GeneratedMethodAccessor8.invoke(Unknown Source)
	at sun.reflect.DelegatingMethodAccessorImpl.invoke(DelegatingMethodAccessorImpl.java:43)
	at java.lang.reflect.Method.invoke(Method.java:498)
	at com.android.arsenal.util.ReflectionUtils.invoke(ReflectionUtils.java:42)
	at com.android.arsenal.util.ApkMasterUtils.main(ApkMasterUtils.java:30)
	at com.android.arsenal.service.processor.impl.BuildProcessorServiceImpl.buildProject(BuildProcessorServiceImpl.java:197)
	at com.android.arsenal.service.processor.impl.BuildProcessorServiceImpl.build(BuildProcessorServiceImpl.java:131)
	at com.android.arsenal.service.processor.impl.BuildProcessorServiceImpl.lambda$null$1(BuildProcessorServiceImpl.java:114)
	at java.util.concurrent.FutureTask.run(FutureTask.java:266)
	at java.util.concurrent.Executors$RunnableAdapter.call(Executors.java:511)
	at java.util.concurrent.FutureTask.run(FutureTask.java:266)
	at java.util.concurrent.ThreadPoolExecutor.runWorker(ThreadPoolExecutor.java:1149)
	at java.util.concurrent.ThreadPoolExecutor$Worker.run(ThreadPoolExecutor.java:624)
	at java.lang.Thread.run(Thread.java:748)
2018-04-09 14:19:34,766 INFO  SysUtils - Configuration on demand is an incubating feature.
:app:preBuild UP-TO-DATE
:app:preDebugBuild UP-TO-DATE
:app:checkDebugManifest
:app:preReleaseBuild UP-TO-DATE
:library:preBuild UP-TO-DATE
:library:preReleaseBuild UP-TO-DATE
:library:compileReleaseNdk UP-TO-DATE
:library:compileLint
:library:copyReleaseLint UP-TO-DATE
:library:checkReleaseManifest
:library:preDebugAndroidTestBuild UP-TO-DATE
:library:preDebugBuild UP-TO-DATE
:library:preDebugUnitTestBuild UP-TO-DATE
:library:preReleaseUnitTestBuild UP-TO-DATE
:library:prepareComAndroidSupportAnimatedVectorDrawable2320Library
:library:prepareComAndroidSupportAppcompatV72320Library
:library:prepareComAndroidSupportDesign2311Library
:library:prepareComAndroidSupportRecyclerviewV72320Library
:library:prepareComAndroidSupportSupportV42320Library
:library:prepareComAndroidSupportSupportVectorDrawable2320Library
:library:prepareComGithubAfollestadMaterialDialogsCore0854Library
:library:prepareComGithubDeveloperPaul123MaterialLibrary105Library
:library:prepareMeZhanghaiAndroidMaterialprogressbarLibrary114Library
:library:prepareReleaseDependencies
:library:compileReleaseAidl
:library:compileReleaseRenderscript
:library:generateReleaseBuildConfig
:library:generateReleaseAssets UP-TO-DATE
:library:mergeReleaseAssets
:library:generateReleaseResValues
:library:generateReleaseResources
:library:mergeReleaseResources
AAPT: /tmp/rdisk/785/src/FilePickerLibrary-master/library/build/intermediates/exploded-aar/com.github.DeveloperPaul123/MaterialLibrary/1.0.5/res/drawable-hdpi/fab_bg_normal.png: libpng warning: iCCP: Not recognizing known sRGB profile that has been edited
AAPT: /tmp/rdisk/785/src/FilePickerLibrary-master/library/build/intermediates/exploded-aar/com.github.DeveloperPaul123/MaterialLibrary/1.0.5/res/drawable-mdpi/fab_bg_mini.png: libpng warning: iCCP: Not recognizing known sRGB profile that has been edited
AAPT: /tmp/rdisk/785/src/FilePickerLibrary-master/library/build/intermediates/exploded-aar/com.github.DeveloperPaul123/MaterialLibrary/1.0.5/res/drawable-xhdpi/fab_bg_mini.png: libpng warning: iCCP: Not recognizing known sRGB profile that has been edited
AAPT: /tmp/rdisk/785/src/FilePickerLibrary-master/library/build/intermediates/exploded-aar/com.github.DeveloperPaul123/MaterialLibrary/1.0.5/res/drawable-mdpi/fab_bg_normal.png: libpng warning: iCCP: Not recognizing known sRGB profile that has been edited
AAPT: /tmp/rdisk/785/src/FilePickerLibrary-master/library/build/intermediates/exploded-aar/com.github.DeveloperPaul123/MaterialLibrary/1.0.5/res/drawable-xhdpi/fab_bg_normal.png: libpng warning: iCCP: Not recognizing known sRGB profile that has been edited
AAPT: /tmp/rdisk/785/src/FilePickerLibrary-master/library/build/intermediates/exploded-aar/com.github.DeveloperPaul123/MaterialLibrary/1.0.5/res/drawable-hdpi/fab_bg_mini.png: libpng warning: iCCP: Not recognizing known sRGB profile that has been edited
java.lang.NoClassDefFoundError: Could not initialize class sun.awt.X11GraphicsEnvironment
:library:mergeReleaseResources FAILED

FAILURE: Build failed with an exception.

* What went wrong:
Execution failed for task ':library:mergeReleaseResources'.
> java.lang.NoClassDefFoundError: Could not initialize class sun.awt.X11GraphicsEnvironment

* Try:
Run with --info or --debug option to get more log output.

* Exception is:
org.gradle.api.tasks.TaskExecutionException: Execution failed for task ':library:mergeReleaseResources'.
	at org.gradle.api.internal.tasks.execution.ExecuteActionsTaskExecuter.executeActions(ExecuteActionsTaskExecuter.java:69)
	at org.gradle.api.internal.tasks.execution.ExecuteActionsTaskExecuter.execute(ExecuteActionsTaskExecuter.java:46)
	at org.gradle.api.internal.tasks.execution.PostExecutionAnalysisTaskExecuter.execute(PostExecutionAnalysisTaskExecuter.java:35)
	at org.gradle.api.internal.tasks.execution.SkipUpToDateTaskExecuter.execute(SkipUpToDateTaskExecuter.java:64)
	at org.gradle.api.internal.tasks.execution.ValidatingTaskExecuter.execute(ValidatingTaskExecuter.java:58)
	at org.gradle.api.internal.tasks.execution.SkipEmptySourceFilesTaskExecuter.execute(SkipEmptySourceFilesTaskExecuter.java:52)
	at org.gradle.api.internal.tasks.execution.SkipTaskWithNoActionsExecuter.execute(SkipTaskWithNoActionsExecuter.java:52)
	at org.gradle.api.internal.tasks.execution.SkipOnlyIfTaskExecuter.execute(SkipOnlyIfTaskExecuter.java:53)
	at org.gradle.api.internal.tasks.execution.ExecuteAtMostOnceTaskExecuter.execute(ExecuteAtMostOnceTaskExecuter.java:43)
	at org.gradle.execution.taskgraph.DefaultTaskGraphExecuter$EventFiringTaskWorker.execute(DefaultTaskGraphExecuter.java:203)
	at org.gradle.execution.taskgraph.DefaultTaskGraphExecuter$EventFiringTaskWorker.execute(DefaultTaskGraphExecuter.java:185)
	at org.gradle.execution.taskgraph.AbstractTaskPlanExecutor$TaskExecutorWorker.processTask(AbstractTaskPlanExecutor.java:66)
	at org.gradle.execution.taskgraph.AbstractTaskPlanExecutor$TaskExecutorWorker.run(AbstractTaskPlanExecutor.java:50)
	at org.gradle.execution.taskgraph.DefaultTaskPlanExecutor.process(DefaultTaskPlanExecutor.java:25)
	at org.gradle.execution.taskgraph.DefaultTaskGraphExecuter.execute(DefaultTaskGraphExecuter.java:110)
	at org.gradle.execution.SelectedTaskExecutionAction.execute(SelectedTaskExecutionAction.java:37)
	at org.gradle.execution.DefaultBuildExecuter.execute(DefaultBuildExecuter.java:37)
	at org.gradle.execution.DefaultBuildExecuter.access$000(DefaultBuildExecuter.java:23)
	at org.gradle.execution.DefaultBuildExecuter$1.proceed(DefaultBuildExecuter.java:43)
	at org.gradle.execution.DryRunBuildExecutionAction.execute(DryRunBuildExecutionAction.java:32)
	at org.gradle.execution.DefaultBuildExecuter.execute(DefaultBuildExecuter.java:37)
	at org.gradle.execution.DefaultBuildExecuter.execute(DefaultBuildExecuter.java:30)
	at org.gradle.initialization.DefaultGradleLauncher$4.run(DefaultGradleLauncher.java:154)
	at org.gradle.internal.Factories$1.create(Factories.java:22)
	at org.gradle.internal.progress.DefaultBuildOperationExecutor.run(DefaultBuildOperationExecutor.java:90)
	at org.gradle.internal.progress.DefaultBuildOperationExecutor.run(DefaultBuildOperationExecutor.java:52)
	at org.gradle.initialization.DefaultGradleLauncher.doBuildStages(DefaultGradleLauncher.java:151)
	at org.gradle.initialization.DefaultGradleLauncher.access$200(DefaultGradleLauncher.java:32)
	at org.gradle.initialization.DefaultGradleLauncher$1.create(DefaultGradleLauncher.java:99)
	at org.gradle.initialization.DefaultGradleLauncher$1.create(DefaultGradleLauncher.java:93)
	at org.gradle.internal.progress.DefaultBuildOperationExecutor.run(DefaultBuildOperationExecutor.java:90)
	at org.gradle.internal.progress.DefaultBuildOperationExecutor.run(DefaultBuildOperationExecutor.java:62)
	at org.gradle.initialization.DefaultGradleLauncher.doBuild(DefaultGradleLauncher.java:93)
	at org.gradle.initialization.DefaultGradleLauncher.run(DefaultGradleLauncher.java:82)
	at org.gradle.launcher.exec.InProcessBuildActionExecuter$DefaultBuildController.run(InProcessBuildActionExecuter.java:94)
	at org.gradle.tooling.internal.provider.ExecuteBuildActionRunner.run(ExecuteBuildActionRunner.java:28)
	at org.gradle.launcher.exec.ChainingBuildActionRunner.run(ChainingBuildActionRunner.java:35)
	at org.gradle.launcher.exec.InProcessBuildActionExecuter.execute(InProcessBuildActionExecuter.java:43)
	at org.gradle.launcher.exec.InProcessBuildActionExecuter.execute(InProcessBuildActionExecuter.java:28)
	at org.gradle.launcher.exec.ContinuousBuildActionExecuter.execute(ContinuousBuildActionExecuter.java:78)
	at org.gradle.launcher.exec.ContinuousBuildActionExecuter.execute(ContinuousBuildActionExecuter.java:48)
	at org.gradle.launcher.exec.DaemonUsageSuggestingBuildActionExecuter.execute(DaemonUsageSuggestingBuildActionExecuter.java:51)
	at org.gradle.launcher.exec.DaemonUsageSuggestingBuildActionExecuter.execute(DaemonUsageSuggestingBuildActionExecuter.java:28)
	at org.gradle.launcher.cli.RunBuildAction.run(RunBuildAction.java:43)
	at org.gradle.internal.Actions$RunnableActionAdapter.execute(Actions.java:170)
	at org.gradle.launcher.cli.CommandLineActionFactory$ParseAndBuildAction.execute(CommandLineActionFactory.java:237)
	at org.gradle.launcher.cli.CommandLineActionFactory$ParseAndBuildAction.execute(CommandLineActionFactory.java:210)
	at org.gradle.launcher.cli.JavaRuntimeValidationAction.execute(JavaRuntimeValidationAction.java:35)
	at org.gradle.launcher.cli.JavaRuntimeValidationAction.execute(JavaRuntimeValidationAction.java:24)
	at org.gradle.launcher.cli.CommandLineActionFactory$WithLogging.execute(CommandLineActionFactory.java:206)
	at org.gradle.launcher.cli.CommandLineActionFactory$WithLogging.execute(CommandLineActionFactory.java:169)
	at org.gradle.launcher.cli.ExceptionReportingAction.execute(ExceptionReportingAction.java:33)
	at org.gradle.launcher.cli.ExceptionReportingAction.execute(ExceptionReportingAction.java:22)
	at org.gradle.launcher.Main.doAction(Main.java:33)
	at org.gradle.launcher.bootstrap.EntryPoint.run(EntryPoint.java:45)
	at org.gradle.launcher.bootstrap.ProcessBootstrap.runNoExit(ProcessBootstrap.java:54)
	at org.gradle.launcher.bootstrap.ProcessBootstrap.run(ProcessBootstrap.java:35)
	at org.gradle.launcher.GradleMain.main(GradleMain.java:23)
	at org.gradle.wrapper.BootstrapMainStarter.start(BootstrapMainStarter.java:33)
	at org.gradle.wrapper.WrapperExecutor.execute(WrapperExecutor.java:130)
	at org.gradle.wrapper.GradleWrapperMain.main(GradleWrapperMain.java:48)
Caused by: com.android.build.gradle.tasks.ResourceException: java.lang.NoClassDefFoundError: Could not initialize class sun.awt.X11GraphicsEnvironment
	at com.android.build.gradle.tasks.MergeResources.doFullTaskAction(MergeResources.java:184)
	at com.android.build.gradle.internal.tasks.IncrementalTask.taskAction(IncrementalTask.java:104)
	at org.gradle.internal.reflect.JavaMethod.invoke(JavaMethod.java:75)
	at org.gradle.api.internal.project.taskfactory.AnnotationProcessingTaskFactory$IncrementalTaskAction.doExecute(AnnotationProcessingTaskFactory.java:244)
	at org.gradle.api.internal.project.taskfactory.AnnotationProcessingTaskFactory$StandardTaskAction.execute(AnnotationProcessingTaskFactory.java:220)
	at org.gradle.api.internal.project.taskfactory.AnnotationProcessingTaskFactory$IncrementalTaskAction.execute(AnnotationProcessingTaskFactory.java:231)
	at org.gradle.api.internal.project.taskfactory.AnnotationProcessingTaskFactory$StandardTaskAction.execute(AnnotationProcessingTaskFactory.java:209)
	at org.gradle.api.internal.tasks.execution.ExecuteActionsTaskExecuter.executeAction(ExecuteActionsTaskExecuter.java:80)
	at org.gradle.api.internal.tasks.execution.ExecuteActionsTaskExecuter.executeActions(ExecuteActionsTaskExecuter.java:61)
	... 60 more
Caused by: java.lang.NoClassDefFoundError: Could not initialize class sun.awt.X11GraphicsEnvironment
	at com.android.ide.common.res2.MergeWriter.end(MergeWriter.java:54)
	at com.android.ide.common.res2.MergedResourceWriter.end(MergedResourceWriter.java:129)
	at com.android.ide.common.res2.DataMerger.mergeData(DataMerger.java:291)
	at com.android.ide.common.res2.ResourceMerger.mergeData(ResourceMerger.java:48)
	at com.android.build.gradle.tasks.MergeResources.doFullTaskAction(MergeResources.java:177)
	... 68 more
Caused by: java.lang.RuntimeException: java.lang.NoClassDefFoundError: Could not initialize class sun.awt.X11GraphicsEnvironment
	at com.android.ide.common.internal.WaitableExecutor.waitForTasksWithQuickFail(WaitableExecutor.java:119)
	at com.android.ide.common.res2.MergeWriter.end(MergeWriter.java:50)
	... 72 more
Caused by: java.lang.NoClassDefFoundError: Could not initialize class sun.awt.X11GraphicsEnvironment
	at com.android.ide.common.vectordrawable.VdTree.drawIntoImage(VdTree.java:87)
	at com.android.ide.common.vectordrawable.VdPreview.getPreviewFromVectorXml(VdPreview.java:315)
	at com.android.builder.png.VectorDrawableRenderer.generateFile(VectorDrawableRenderer.java:155)
	at com.android.ide.common.res2.MergedResourceWriter$1.call(MergedResourceWriter.java:189)
	at com.android.ide.common.res2.MergedResourceWriter$1.call(MergedResourceWriter.java:171)


BUILD FAILED

Total time: 7.596 secs

2018-04-09 14:19:34,797 INFO  FullProcessService - Found APK file: /tmp/rdisk/785/src/FilePickerLibrary-master/app/app-release.apk
