2018-04-08 15:32:08,828 INFO  DownloadService - Downloading "https://github.com/gree/pure2d/archive/master.zip", attempt 3
2018-04-08 15:32:10,038 INFO  DownloadService - Downloaded https://github.com/gree/pure2d/archive/master.zip, attempt 3
2018-04-08 15:32:10,038 INFO  DownloadService - Size of file "/tmp/rdisk/924/master.zip": 8 MB
2018-04-08 15:32:10,038 INFO  ArchiveUtils - Checking entries [.gradle] in ZIP file...
2018-04-08 15:32:10,039 INFO  ArchiveUtils - Has entries [.gradle] in ZIP file /tmp/rdisk/924/master.zip: true
2018-04-08 15:32:10,039 DEBUG ZipUtil - Extracting '/tmp/rdisk/924/master.zip' into '/tmp/rdisk/924/src'.
2018-04-08 15:32:10,185 INFO  FullProcessService - Size of directory with sources: 10 MB
2018-04-08 15:32:10,186 INFO  SysUtils - Execute command: [git, init, /tmp/rdisk/924/src]
2018-04-08 15:32:10,191 INFO  SysUtils - Initialized empty Git repository in /tmp/rdisk/924/src/.git/

2018-04-08 15:32:10,202 INFO  ProjectBuildService - Gradle wrapper(s): /tmp/rdisk/924/src/pure2d-master/gradlew
2018-04-08 15:32:10,213 INFO  ProjectBuildService - Build script(s): /tmp/rdisk/924/src/pure2d-master/pure2D/build.gradle /tmp/rdisk/924/src/pure2d-master/pure2DDemo/build.gradle /tmp/rdisk/924/src/pure2d-master/build.gradle
2018-04-08 15:32:10,224 INFO  ProjectBuildService - All script(s): /tmp/rdisk/924/src/pure2d-master/settings.gradle /tmp/rdisk/924/src/pure2d-master/pure2DDemo/build.gradle /tmp/rdisk/924/src/pure2d-master/pure2D/build.gradle /tmp/rdisk/924/src/pure2d-master/build.gradle
2018-04-08 15:32:10,224 INFO  ProjectBuildService - Remote scripts: none
2018-04-08 15:32:10,224 INFO  ProjectFixService - Fixing project...
2018-04-08 15:32:10,248 INFO  LocalPropertiesFixService - Created fake /tmp/rdisk/924/src/pure2d-master/pure2D/local.properties
2018-04-08 15:32:10,248 INFO  ProjectFixService - Build info for "/tmp/rdisk/924/src/pure2d-master/pure2D/build.gradle": [buildToolsVersion=21.1.2,compileSdkVersion=17,minSdkVersion=8,targetSdkVersion=17]
2018-04-08 15:32:10,253 INFO  LocalPropertiesFixService - Created fake /tmp/rdisk/924/src/pure2d-master/pure2DDemo/local.properties
2018-04-08 15:32:10,253 INFO  ProjectFixService - Build info for "/tmp/rdisk/924/src/pure2d-master/pure2DDemo/build.gradle": [buildToolsVersion=21.1.2,compileSdkVersion=17,minSdkVersion=8,targetSdkVersion=10]
2018-04-08 15:32:10,253 INFO  LocalPropertiesFixService - Created fake /tmp/rdisk/924/src/pure2d-master/local.properties
2018-04-08 15:32:10,254 INFO  ProjectFixService - Build info for "/tmp/rdisk/924/src/pure2d-master/build.gradle": [buildToolsVersion=21.1.2,compileSdkVersion=17,minSdkVersion=8,targetSdkVersion=10]
2018-04-08 15:32:10,254 INFO  ProjectFixService - Project was maybe fixed
2018-04-08 15:32:10,254 INFO  ProjectTaskService - Detecting possible tasks...
2018-04-08 15:32:10,255 INFO  SysUtils - Execute command: [/tmp/rdisk/924/src/pure2d-master/gradlew, -b, /tmp/rdisk/924/src/pure2d-master/pure2D/build.gradle, -Dorg.gradle.daemon=false, -Dorg.gradle.daemon.performance.enable-monitoring=false, -Dorg.gradle.configureondemand=true, tasks]
2018-04-08 15:32:10,358 ERROR ProjectTaskService - Could not detect possible Gradle tasks: Process exited with an error: 1 (Exit value: 1)
2018-04-08 15:32:10,358 INFO  ProjectTaskService - Detected possible tasks: 0
2018-04-08 15:32:10,359 INFO  ProjectTaskService - Excluded tasks (0): none
2018-04-08 15:32:10,359 INFO  SysUtils - Execute command: [/tmp/rdisk/924/src/pure2d-master/gradlew, -b, /tmp/rdisk/924/src/pure2d-master/pure2D/build.gradle, -Dorg.gradle.daemon=false, -Dorg.gradle.daemon.performance.enable-monitoring=false, -Dorg.gradle.configureondemand=true, --stacktrace, build]
2018-04-08 15:32:10,465 ERROR SysUtils - Could not process external command
org.apache.commons.exec.ExecuteException: Process exited with an error: 1 (Exit value: 1)
	at org.apache.commons.exec.DefaultExecutor.executeInternal(DefaultExecutor.java:404)
	at org.apache.commons.exec.DefaultExecutor.execute(DefaultExecutor.java:166)
	at com.github.vbauer.apkmaster.util.SysUtils.execute(SysUtils.java:67)
	at com.github.vbauer.apkmaster.util.SysUtils.executeSimple(SysUtils.java:43)
	at com.github.vbauer.apkmaster.service.assembly.ProjectBuildService.buildProject(ProjectBuildService.java:78)
	at com.github.vbauer.apkmaster.service.assembly.ProjectBuildService.buildProject(ProjectBuildService.java:64)
	at com.github.vbauer.apkmaster.service.assembly.ProjectBuildService.buildProject(ProjectBuildService.java:43)
	at com.github.vbauer.apkmaster.service.FullProcessService.build(FullProcessService.java:84)
	at com.github.vbauer.apkmaster.service.FullProcessService.process(FullProcessService.java:34)
	at com.github.vbauer.apkmaster.app.MainApplication.process(MainApplication.java:38)
	at com.github.vbauer.apkmaster.app.MainApplication.main(MainApplication.java:20)
	at sun.reflect.GeneratedMethodAccessor8.invoke(Unknown Source)
	at sun.reflect.DelegatingMethodAccessorImpl.invoke(DelegatingMethodAccessorImpl.java:43)
	at java.lang.reflect.Method.invoke(Method.java:498)
	at com.android.arsenal.util.ReflectionUtils.invoke(ReflectionUtils.java:42)
	at com.android.arsenal.util.ApkMasterUtils.main(ApkMasterUtils.java:30)
	at com.android.arsenal.service.processor.impl.BuildProcessorServiceImpl.buildProject(BuildProcessorServiceImpl.java:197)
	at com.android.arsenal.service.processor.impl.BuildProcessorServiceImpl.build(BuildProcessorServiceImpl.java:131)
	at com.android.arsenal.service.processor.impl.BuildProcessorServiceImpl.lambda$null$1(BuildProcessorServiceImpl.java:114)
	at java.util.concurrent.FutureTask.run(FutureTask.java:266)
	at java.util.concurrent.Executors$RunnableAdapter.call(Executors.java:511)
	at java.util.concurrent.FutureTask.run(FutureTask.java:266)
	at java.util.concurrent.ThreadPoolExecutor.runWorker(ThreadPoolExecutor.java:1149)
	at java.util.concurrent.ThreadPoolExecutor$Worker.run(ThreadPoolExecutor.java:624)
	at java.lang.Thread.run(Thread.java:748)
2018-04-08 15:32:10,465 INFO  SysUtils - Error: Could not find or load main class org.gradle.wrapper.GradleWrapperMain

2018-04-08 15:32:10,476 INFO  ProjectTaskService - Detecting possible tasks...
2018-04-08 15:32:10,476 INFO  SysUtils - Execute command: [/tmp/rdisk/924/src/pure2d-master/gradlew, -b, /tmp/rdisk/924/src/pure2d-master/pure2DDemo/build.gradle, -Dorg.gradle.daemon=false, -Dorg.gradle.daemon.performance.enable-monitoring=false, -Dorg.gradle.configureondemand=true, tasks]
2018-04-08 15:32:10,582 ERROR ProjectTaskService - Could not detect possible Gradle tasks: Process exited with an error: 1 (Exit value: 1)
2018-04-08 15:32:10,582 INFO  ProjectTaskService - Detected possible tasks: 0
2018-04-08 15:32:10,583 INFO  ProjectTaskService - Excluded tasks (0): none
2018-04-08 15:32:10,583 INFO  SysUtils - Execute command: [/tmp/rdisk/924/src/pure2d-master/gradlew, -b, /tmp/rdisk/924/src/pure2d-master/pure2DDemo/build.gradle, -Dorg.gradle.daemon=false, -Dorg.gradle.daemon.performance.enable-monitoring=false, -Dorg.gradle.configureondemand=true, --stacktrace, build]
2018-04-08 15:32:10,685 ERROR SysUtils - Could not process external command
org.apache.commons.exec.ExecuteException: Process exited with an error: 1 (Exit value: 1)
	at org.apache.commons.exec.DefaultExecutor.executeInternal(DefaultExecutor.java:404)
	at org.apache.commons.exec.DefaultExecutor.execute(DefaultExecutor.java:166)
	at com.github.vbauer.apkmaster.util.SysUtils.execute(SysUtils.java:67)
	at com.github.vbauer.apkmaster.util.SysUtils.executeSimple(SysUtils.java:43)
	at com.github.vbauer.apkmaster.service.assembly.ProjectBuildService.buildProject(ProjectBuildService.java:78)
	at com.github.vbauer.apkmaster.service.assembly.ProjectBuildService.buildProject(ProjectBuildService.java:64)
	at com.github.vbauer.apkmaster.service.assembly.ProjectBuildService.buildProject(ProjectBuildService.java:43)
	at com.github.vbauer.apkmaster.service.FullProcessService.build(FullProcessService.java:84)
	at com.github.vbauer.apkmaster.service.FullProcessService.process(FullProcessService.java:34)
	at com.github.vbauer.apkmaster.app.MainApplication.process(MainApplication.java:38)
	at com.github.vbauer.apkmaster.app.MainApplication.main(MainApplication.java:20)
	at sun.reflect.GeneratedMethodAccessor8.invoke(Unknown Source)
	at sun.reflect.DelegatingMethodAccessorImpl.invoke(DelegatingMethodAccessorImpl.java:43)
	at java.lang.reflect.Method.invoke(Method.java:498)
	at com.android.arsenal.util.ReflectionUtils.invoke(ReflectionUtils.java:42)
	at com.android.arsenal.util.ApkMasterUtils.main(ApkMasterUtils.java:30)
	at com.android.arsenal.service.processor.impl.BuildProcessorServiceImpl.buildProject(BuildProcessorServiceImpl.java:197)
	at com.android.arsenal.service.processor.impl.BuildProcessorServiceImpl.build(BuildProcessorServiceImpl.java:131)
	at com.android.arsenal.service.processor.impl.BuildProcessorServiceImpl.lambda$null$1(BuildProcessorServiceImpl.java:114)
	at java.util.concurrent.FutureTask.run(FutureTask.java:266)
	at java.util.concurrent.Executors$RunnableAdapter.call(Executors.java:511)
	at java.util.concurrent.FutureTask.run(FutureTask.java:266)
	at java.util.concurrent.ThreadPoolExecutor.runWorker(ThreadPoolExecutor.java:1149)
	at java.util.concurrent.ThreadPoolExecutor$Worker.run(ThreadPoolExecutor.java:624)
	at java.lang.Thread.run(Thread.java:748)
2018-04-08 15:32:10,685 INFO  SysUtils - Error: Could not find or load main class org.gradle.wrapper.GradleWrapperMain

2018-04-08 15:32:10,696 INFO  ProjectTaskService - Detecting possible tasks...
2018-04-08 15:32:10,696 INFO  SysUtils - Execute command: [/tmp/rdisk/924/src/pure2d-master/gradlew, -b, /tmp/rdisk/924/src/pure2d-master/build.gradle, -Dorg.gradle.daemon=false, -Dorg.gradle.daemon.performance.enable-monitoring=false, -Dorg.gradle.configureondemand=true, tasks]
2018-04-08 15:32:10,802 ERROR ProjectTaskService - Could not detect possible Gradle tasks: Process exited with an error: 1 (Exit value: 1)
2018-04-08 15:32:10,802 INFO  ProjectTaskService - Detected possible tasks: 0
2018-04-08 15:32:10,802 INFO  ProjectTaskService - Excluded tasks (0): none
2018-04-08 15:32:10,802 INFO  SysUtils - Execute command: [/tmp/rdisk/924/src/pure2d-master/gradlew, -b, /tmp/rdisk/924/src/pure2d-master/build.gradle, -Dorg.gradle.daemon=false, -Dorg.gradle.daemon.performance.enable-monitoring=false, -Dorg.gradle.configureondemand=true, --stacktrace, build]
2018-04-08 15:32:10,906 ERROR SysUtils - Could not process external command
org.apache.commons.exec.ExecuteException: Process exited with an error: 1 (Exit value: 1)
	at org.apache.commons.exec.DefaultExecutor.executeInternal(DefaultExecutor.java:404)
	at org.apache.commons.exec.DefaultExecutor.execute(DefaultExecutor.java:166)
	at com.github.vbauer.apkmaster.util.SysUtils.execute(SysUtils.java:67)
	at com.github.vbauer.apkmaster.util.SysUtils.executeSimple(SysUtils.java:43)
	at com.github.vbauer.apkmaster.service.assembly.ProjectBuildService.buildProject(ProjectBuildService.java:78)
	at com.github.vbauer.apkmaster.service.assembly.ProjectBuildService.buildProject(ProjectBuildService.java:64)
	at com.github.vbauer.apkmaster.service.assembly.ProjectBuildService.buildProject(ProjectBuildService.java:43)
	at com.github.vbauer.apkmaster.service.FullProcessService.build(FullProcessService.java:84)
	at com.github.vbauer.apkmaster.service.FullProcessService.process(FullProcessService.java:34)
	at com.github.vbauer.apkmaster.app.MainApplication.process(MainApplication.java:38)
	at com.github.vbauer.apkmaster.app.MainApplication.main(MainApplication.java:20)
	at sun.reflect.GeneratedMethodAccessor8.invoke(Unknown Source)
	at sun.reflect.DelegatingMethodAccessorImpl.invoke(DelegatingMethodAccessorImpl.java:43)
	at java.lang.reflect.Method.invoke(Method.java:498)
	at com.android.arsenal.util.ReflectionUtils.invoke(ReflectionUtils.java:42)
	at com.android.arsenal.util.ApkMasterUtils.main(ApkMasterUtils.java:30)
	at com.android.arsenal.service.processor.impl.BuildProcessorServiceImpl.buildProject(BuildProcessorServiceImpl.java:197)
	at com.android.arsenal.service.processor.impl.BuildProcessorServiceImpl.build(BuildProcessorServiceImpl.java:131)
	at com.android.arsenal.service.processor.impl.BuildProcessorServiceImpl.lambda$null$1(BuildProcessorServiceImpl.java:114)
	at java.util.concurrent.FutureTask.run(FutureTask.java:266)
	at java.util.concurrent.Executors$RunnableAdapter.call(Executors.java:511)
	at java.util.concurrent.FutureTask.run(FutureTask.java:266)
	at java.util.concurrent.ThreadPoolExecutor.runWorker(ThreadPoolExecutor.java:1149)
	at java.util.concurrent.ThreadPoolExecutor$Worker.run(ThreadPoolExecutor.java:624)
	at java.lang.Thread.run(Thread.java:748)
2018-04-08 15:32:10,906 INFO  SysUtils - Error: Could not find or load main class org.gradle.wrapper.GradleWrapperMain

2018-04-08 15:32:10,917 ERROR FullProcessService - Project build has not produced APK file
2018-04-08 15:32:10,927 ERROR FullProcessService - Could not find generated or existed APK file
