2018-05-11 16:05:17,406 INFO  DownloadService - Downloading "https://github.com/fernandodev/easy-rating-dialog/archive/master.zip", attempt 3
2018-05-11 16:06:18,100 INFO  GithubDownloadService - Could not find ZIP archive for master branch
2018-05-11 16:06:18,799 INFO  GithubDownloadService - Default branch of this repository: master
2018-05-11 16:06:18,799 INFO  DownloadService - Downloading "https://github.com/fernandodev/easy-rating-dialog/archive/master.zip", attempt 3
2018-05-11 16:07:20,193 DEBUG FullProcessService - Repository https://github.com/fernandodev/easy-rating-dialog available: true
2018-05-11 16:07:20,193 INFO  FullProcessService - Could not download ZIP file from Github, lets clone it
2018-05-11 16:07:20,193 INFO  SysUtils - Execute command: [git, clone, -q, --single-branch, --depth, 1, https://github.com/fernandodev/easy-rating-dialog, /tmp/rdisk/844/src]
2018-05-11 16:07:21,838 INFO  SysUtils - 
2018-05-11 16:07:21,851 INFO  GitService - Deleted "/tmp/rdisk/844/src/.git": true
2018-05-11 16:07:21,853 INFO  FullProcessService - Size of directory with sources: 222 KB
2018-05-11 16:07:21,853 INFO  SysUtils - Execute command: [git, init, /tmp/rdisk/844/src]
2018-05-11 16:07:21,858 INFO  SysUtils - Initialized empty Git repository in /tmp/rdisk/844/src/.git/

2018-05-11 16:07:21,860 INFO  ProjectBuildService - Gradle wrapper(s): /tmp/rdisk/844/src/gradlew
2018-05-11 16:07:21,863 INFO  ProjectBuildService - Build script(s): /tmp/rdisk/844/src/library/build.gradle /tmp/rdisk/844/src/sample/build.gradle /tmp/rdisk/844/src/build.gradle
2018-05-11 16:07:21,865 INFO  ProjectBuildService - All script(s): /tmp/rdisk/844/src/settings.gradle /tmp/rdisk/844/src/sample/build.gradle /tmp/rdisk/844/src/library/build.gradle /tmp/rdisk/844/src/build.gradle
2018-05-11 16:07:21,865 INFO  DownloadService - Downloading "https://raw.github.com/chrisbanes/gradle-mvn-push/master/gradle-mvn-push.gradle", attempt 3
2018-05-11 16:07:22,455 INFO  DownloadService - Downloaded https://raw.github.com/chrisbanes/gradle-mvn-push/master/gradle-mvn-push.gradle, attempt 3
2018-05-11 16:07:22,455 INFO  ProjectBuildService - Remote scripts: https://raw.github.com/chrisbanes/gradle-mvn-push/master/gradle-mvn-push.gradle
2018-05-11 16:07:22,455 INFO  ProjectFixService - Fixing project...
2018-05-11 16:07:22,472 INFO  LocalPropertiesFixService - Created fake /tmp/rdisk/844/src/library/local.properties
2018-05-11 16:07:22,474 INFO  ProjectFixService - Build info for "/tmp/rdisk/844/src/library/build.gradle": [buildToolsVersion=<null>,compileSdkVersion=<null>,minSdkVersion=<null>,targetSdkVersion=<null>]
2018-05-11 16:07:22,474 INFO  ProjectFixService - Fixed build info for "/tmp/rdisk/844/src/library/build.gradle": [buildToolsVersion=28.0.0-rc1,compileSdkVersion=27,minSdkVersion=27,targetSdkVersion=27]
2018-05-11 16:07:22,474 INFO  LocalPropertiesFixService - Created fake /tmp/rdisk/844/src/sample/local.properties
2018-05-11 16:07:22,476 INFO  ProjectFixService - Build info for "/tmp/rdisk/844/src/sample/build.gradle": [buildToolsVersion=<null>,compileSdkVersion=<null>,minSdkVersion=<null>,targetSdkVersion=<null>]
2018-05-11 16:07:22,476 INFO  ProjectFixService - Fixed build info for "/tmp/rdisk/844/src/sample/build.gradle": [buildToolsVersion=28.0.0-rc1,compileSdkVersion=27,minSdkVersion=27,targetSdkVersion=27]
2018-05-11 16:07:22,476 INFO  LocalPropertiesFixService - Created fake /tmp/rdisk/844/src/local.properties
2018-05-11 16:07:22,477 INFO  WrapperPropertiesFixService - Gradle wrapper: https://services.gradle.org/distributions/gradle-3.3-all.zip
2018-05-11 16:07:22,477 INFO  WrapperPropertiesFixService - Gradle wrapper was changed from "-all.zip" to "-bin.zip" (https://services.gradle.org/distributions/gradle-3.3-bin.zip)
2018-05-11 16:07:22,479 INFO  ProjectFixService - Build info for "/tmp/rdisk/844/src/build.gradle": [buildToolsVersion=<null>,compileSdkVersion=<null>,minSdkVersion=<null>,targetSdkVersion=<null>]
2018-05-11 16:07:22,479 INFO  ProjectFixService - Fixed build info for "/tmp/rdisk/844/src/build.gradle": [buildToolsVersion=28.0.0-rc1,compileSdkVersion=27,minSdkVersion=27,targetSdkVersion=27]
2018-05-11 16:07:22,479 INFO  ProjectFixService - Project was maybe fixed
2018-05-11 16:07:22,479 INFO  ProjectTaskService - Detecting possible tasks...
2018-05-11 16:07:22,479 INFO  SysUtils - Execute command: [/tmp/rdisk/844/src/gradlew, -b, /tmp/rdisk/844/src/library/build.gradle, -Dorg.gradle.daemon=false, -Dorg.gradle.daemon.performance.enable-monitoring=false, -Dorg.gradle.configureondemand=true, tasks]
2018-05-11 16:07:31,618 INFO  ProjectTaskService - Detected possible tasks: 72
2018-05-11 16:07:31,618 INFO  ProjectTaskService - Excluded tasks (19): lintDebug mockableAndroidJar androidJavadocs deviceCheck lint androidSourcesJar testReleaseUnitTest deviceAndroidTest uninstallDebugAndroidTest installDebugAndroidTest connectedCheck connectedDebugAndroidTest uninstallAll androidJavadocsJar test check testDebugUnitTest connectedAndroidTest lintRelease
2018-05-11 16:07:31,618 INFO  SysUtils - Execute command: [/tmp/rdisk/844/src/gradlew, -b, /tmp/rdisk/844/src/library/build.gradle, -Dorg.gradle.daemon=false, -Dorg.gradle.daemon.performance.enable-monitoring=false, -Dorg.gradle.configureondemand=true, --stacktrace, -x, lintDebug, -x, mockableAndroidJar, -x, androidJavadocs, -x, deviceCheck, -x, lint, -x, androidSourcesJar, -x, testReleaseUnitTest, -x, deviceAndroidTest, -x, uninstallDebugAndroidTest, -x, installDebugAndroidTest, -x, connectedCheck, -x, connectedDebugAndroidTest, -x, uninstallAll, -x, androidJavadocsJar, -x, test, -x, check, -x, testDebugUnitTest, -x, connectedAndroidTest, -x, lintRelease, build]
2018-05-11 16:07:45,767 INFO  SysUtils - Configuration on demand is an incubating feature.
Incremental java compilation is an incubating feature.
:library:preBuild UP-TO-DATE
:library:preDebugBuild UP-TO-DATE
:library:checkDebugManifest
:library:preDebugAndroidTestBuild UP-TO-DATE
:library:preDebugUnitTestBuild UP-TO-DATE
:library:preReleaseBuild UP-TO-DATE
:library:preReleaseUnitTestBuild UP-TO-DATE
:library:prepareComAndroidSupportAnimatedVectorDrawable2531Library
:library:prepareComAndroidSupportAppcompatV72531Library
:library:prepareComAndroidSupportSupportCompat2531Library
:library:prepareComAndroidSupportSupportCoreUi2531Library
:library:prepareComAndroidSupportSupportCoreUtils2531Library
:library:prepareComAndroidSupportSupportFragment2531Library
:library:prepareComAndroidSupportSupportMediaCompat2531Library
:library:prepareComAndroidSupportSupportV42531Library
:library:prepareComAndroidSupportSupportVectorDrawable2531Library
:library:prepareDebugDependencies
:library:compileDebugAidl
:library:compileDebugNdk UP-TO-DATE
:library:compileLint
:library:copyDebugLint UP-TO-DATE
:library:compileDebugRenderscript
:library:generateDebugBuildConfig
:library:generateDebugResValues
:library:generateDebugResources
:library:mergeDebugResources
:library:processDebugManifest
:library:processDebugResources
:library:generateDebugSources
:library:incrementalDebugJavaCompilationSafeguard
:library:javaPreCompileDebug
:library:compileDebugJavaWithJavac
:library:compileDebugJavaWithJavac - is not incremental (e.g. outputs have changed, no previous execution, etc.).
:library:extractDebugAnnotations
:library:mergeDebugShaders
:library:compileDebugShaders
:library:generateDebugAssets
:library:mergeDebugAssets
:library:mergeDebugProguardFiles
:library:packageDebugRenderscript UP-TO-DATE
:library:packageDebugResources
:library:processDebugJavaRes UP-TO-DATE
:library:transformResourcesWithMergeJavaResForDebug
:library:transformClassesAndResourcesWithSyncLibJarsForDebug
:library:mergeDebugJniLibFolders
:library:transformNativeLibsWithMergeJniLibsForDebug
:library:transformNativeLibsWithStripDebugSymbolForDebug
:library:transformNativeLibsWithSyncJniLibsForDebug
:library:bundleDebug
:library:compileDebugSources
:library:assembleDebug
:library:checkReleaseManifest
:library:prepareReleaseDependencies
:library:compileReleaseAidl
:library:compileReleaseNdk UP-TO-DATE
:library:copyReleaseLint UP-TO-DATE
:library:compileReleaseRenderscript
:library:generateReleaseBuildConfig
:library:generateReleaseResValues
:library:generateReleaseResources
:library:mergeReleaseResources
:library:processReleaseManifest
:library:processReleaseResources
:library:generateReleaseSources
:library:incrementalReleaseJavaCompilationSafeguard
:library:javaPreCompileRelease
:library:compileReleaseJavaWithJavac
:library:compileReleaseJavaWithJavac - is not incremental (e.g. outputs have changed, no previous execution, etc.).
:library:extractReleaseAnnotations
:library:mergeReleaseShaders
:library:compileReleaseShaders
:library:generateReleaseAssets
:library:mergeReleaseAssets
:library:mergeReleaseProguardFiles
:library:packageReleaseRenderscript UP-TO-DATE
:library:packageReleaseResources
:library:processReleaseJavaRes UP-TO-DATE
:library:transformResourcesWithMergeJavaResForRelease
:library:transformClassesAndResourcesWithSyncLibJarsForRelease
:library:mergeReleaseJniLibFolders
:library:transformNativeLibsWithMergeJniLibsForRelease
:library:transformNativeLibsWithStripDebugSymbolForRelease
:library:transformNativeLibsWithSyncJniLibsForRelease
:library:bundleRelease
:library:compileReleaseSources
:library:assembleRelease
:library:signArchives SKIPPED
:library:assemble
:library:build

BUILD SUCCESSFUL

Total time: 13.846 secs

2018-05-11 16:07:45,809 INFO  ProjectTaskService - Detecting possible tasks...
2018-05-11 16:07:45,809 INFO  SysUtils - Execute command: [/tmp/rdisk/844/src/gradlew, -b, /tmp/rdisk/844/src/sample/build.gradle, -Dorg.gradle.daemon=false, -Dorg.gradle.daemon.performance.enable-monitoring=false, -Dorg.gradle.configureondemand=true, tasks]
2018-05-11 16:07:54,122 INFO  ProjectTaskService - Detected possible tasks: 71
2018-05-11 16:07:54,122 INFO  ProjectTaskService - Excluded tasks (12): mockableAndroidJar androidJavadocs deviceCheck lint androidSourcesJar deviceAndroidTest connectedCheck uninstallAll androidJavadocsJar test check connectedAndroidTest
2018-05-11 16:07:54,122 INFO  SysUtils - Execute command: [/tmp/rdisk/844/src/gradlew, -b, /tmp/rdisk/844/src/sample/build.gradle, -Dorg.gradle.daemon=false, -Dorg.gradle.daemon.performance.enable-monitoring=false, -Dorg.gradle.configureondemand=true, --stacktrace, -x, mockableAndroidJar, -x, androidJavadocs, -x, deviceCheck, -x, lint, -x, androidSourcesJar, -x, deviceAndroidTest, -x, connectedCheck, -x, uninstallAll, -x, androidJavadocsJar, -x, test, -x, check, -x, connectedAndroidTest, build]
2018-05-11 16:08:02,153 ERROR SysUtils - Could not process external command
org.apache.commons.exec.ExecuteException: Process exited with an error: 1 (Exit value: 1)
	at org.apache.commons.exec.DefaultExecutor.executeInternal(DefaultExecutor.java:404)
	at org.apache.commons.exec.DefaultExecutor.execute(DefaultExecutor.java:166)
	at com.github.vbauer.apkmaster.util.SysUtils.execute(SysUtils.java:67)
	at com.github.vbauer.apkmaster.util.SysUtils.executeSimple(SysUtils.java:43)
	at com.github.vbauer.apkmaster.service.assembly.ProjectBuildService.buildProject(ProjectBuildService.java:78)
	at com.github.vbauer.apkmaster.service.assembly.ProjectBuildService.buildProject(ProjectBuildService.java:64)
	at com.github.vbauer.apkmaster.service.assembly.ProjectBuildService.buildProject(ProjectBuildService.java:43)
	at com.github.vbauer.apkmaster.service.FullProcessService.build(FullProcessService.java:84)
	at com.github.vbauer.apkmaster.service.FullProcessService.process(FullProcessService.java:34)
	at com.github.vbauer.apkmaster.app.MainApplication.process(MainApplication.java:38)
	at com.github.vbauer.apkmaster.app.MainApplication.main(MainApplication.java:20)
	at sun.reflect.GeneratedMethodAccessor8.invoke(Unknown Source)
	at sun.reflect.DelegatingMethodAccessorImpl.invoke(DelegatingMethodAccessorImpl.java:43)
	at java.lang.reflect.Method.invoke(Method.java:498)
	at com.android.arsenal.util.ReflectionUtils.invoke(ReflectionUtils.java:42)
	at com.android.arsenal.util.ApkMasterUtils.main(ApkMasterUtils.java:30)
	at com.android.arsenal.service.processor.impl.BuildProcessorServiceImpl.buildProject(BuildProcessorServiceImpl.java:197)
	at com.android.arsenal.service.processor.impl.BuildProcessorServiceImpl.build(BuildProcessorServiceImpl.java:131)
	at com.android.arsenal.service.processor.impl.BuildProcessorServiceImpl.lambda$null$1(BuildProcessorServiceImpl.java:114)
	at java.util.concurrent.FutureTask.run(FutureTask.java:266)
	at java.util.concurrent.Executors$RunnableAdapter.call(Executors.java:511)
	at java.util.concurrent.FutureTask.run(FutureTask.java:266)
	at java.util.concurrent.ThreadPoolExecutor.runWorker(ThreadPoolExecutor.java:1149)
	at java.util.concurrent.ThreadPoolExecutor$Worker.run(ThreadPoolExecutor.java:624)
	at java.lang.Thread.run(Thread.java:748)
2018-05-11 16:08:02,154 INFO  SysUtils - Configuration on demand is an incubating feature.
Incremental java compilation is an incubating feature.

FAILURE: Build failed with an exception.

* What went wrong:
Task 'androidJavadocs' not found in project ':sample'.

* Try:
Run gradlew tasks to get a list of available tasks. Run with --info or --debug option to get more log output.

* Exception is:
org.gradle.execution.TaskSelectionException: Task 'androidJavadocs' not found in project ':sample'.
	at org.gradle.execution.TaskSelector.getSelection(TaskSelector.java:116)
	at org.gradle.execution.TaskSelector.getFilter(TaskSelector.java:66)
	at org.gradle.execution.ExcludedTaskFilteringBuildConfigurationAction.configure(ExcludedTaskFilteringBuildConfigurationAction.java:42)
	at org.gradle.execution.DefaultBuildConfigurationActionExecuter.configure(DefaultBuildConfigurationActionExecuter.java:48)
	at org.gradle.execution.DefaultBuildConfigurationActionExecuter.select(DefaultBuildConfigurationActionExecuter.java:36)
	at org.gradle.initialization.DefaultGradleLauncher$2.execute(DefaultGradleLauncher.java:185)
	at org.gradle.initialization.DefaultGradleLauncher$2.execute(DefaultGradleLauncher.java:182)
	at org.gradle.internal.Transformers$4.transform(Transformers.java:169)
	at org.gradle.internal.progress.DefaultBuildOperationExecutor.run(DefaultBuildOperationExecutor.java:106)
	at org.gradle.internal.progress.DefaultBuildOperationExecutor.run(DefaultBuildOperationExecutor.java:56)
	at org.gradle.initialization.DefaultGradleLauncher.doBuildStages(DefaultGradleLauncher.java:182)
	at org.gradle.initialization.DefaultGradleLauncher.doBuild(DefaultGradleLauncher.java:119)
	at org.gradle.initialization.DefaultGradleLauncher.run(DefaultGradleLauncher.java:102)
	at org.gradle.launcher.exec.GradleBuildController.run(GradleBuildController.java:71)
	at org.gradle.tooling.internal.provider.ExecuteBuildActionRunner.run(ExecuteBuildActionRunner.java:28)
	at org.gradle.launcher.exec.ChainingBuildActionRunner.run(ChainingBuildActionRunner.java:35)
	at org.gradle.launcher.exec.InProcessBuildActionExecuter.execute(InProcessBuildActionExecuter.java:41)
	at org.gradle.launcher.exec.InProcessBuildActionExecuter.execute(InProcessBuildActionExecuter.java:26)
	at org.gradle.tooling.internal.provider.ContinuousBuildActionExecuter.execute(ContinuousBuildActionExecuter.java:75)
	at org.gradle.tooling.internal.provider.ContinuousBuildActionExecuter.execute(ContinuousBuildActionExecuter.java:49)
	at org.gradle.tooling.internal.provider.ServicesSetupBuildActionExecuter.execute(ServicesSetupBuildActionExecuter.java:44)
	at org.gradle.tooling.internal.provider.ServicesSetupBuildActionExecuter.execute(ServicesSetupBuildActionExecuter.java:29)
	at org.gradle.launcher.cli.RunBuildAction.run(RunBuildAction.java:51)
	at org.gradle.internal.Actions$RunnableActionAdapter.execute(Actions.java:173)
	at org.gradle.launcher.cli.CommandLineActionFactory$ParseAndBuildAction.execute(CommandLineActionFactory.java:244)
	at org.gradle.launcher.cli.CommandLineActionFactory$ParseAndBuildAction.execute(CommandLineActionFactory.java:217)
	at org.gradle.launcher.cli.JavaRuntimeValidationAction.execute(JavaRuntimeValidationAction.java:33)
	at org.gradle.launcher.cli.JavaRuntimeValidationAction.execute(JavaRuntimeValidationAction.java:24)
	at org.gradle.launcher.cli.ExceptionReportingAction.execute(ExceptionReportingAction.java:33)
	at org.gradle.launcher.cli.ExceptionReportingAction.execute(ExceptionReportingAction.java:22)
	at org.gradle.launcher.cli.CommandLineActionFactory$WithLogging.execute(CommandLineActionFactory.java:210)
	at org.gradle.launcher.cli.CommandLineActionFactory$WithLogging.execute(CommandLineActionFactory.java:174)
	at org.gradle.launcher.Main.doAction(Main.java:33)
	at org.gradle.launcher.bootstrap.EntryPoint.run(EntryPoint.java:45)
	at org.gradle.launcher.bootstrap.ProcessBootstrap.runNoExit(ProcessBootstrap.java:60)
	at org.gradle.launcher.bootstrap.ProcessBootstrap.run(ProcessBootstrap.java:37)
	at org.gradle.launcher.GradleMain.main(GradleMain.java:23)
	at org.gradle.wrapper.BootstrapMainStarter.start(BootstrapMainStarter.java:31)
	at org.gradle.wrapper.WrapperExecutor.execute(WrapperExecutor.java:108)
	at org.gradle.wrapper.GradleWrapperMain.main(GradleWrapperMain.java:61)


BUILD FAILED

Total time: 7.702 secs

2018-05-11 16:08:02,154 ERROR ProjectBuildService - Excluded tasks were detected wrong
2018-05-11 16:08:02,154 INFO  SysUtils - Execute command: [/tmp/rdisk/844/src/gradlew, -b, /tmp/rdisk/844/src/sample/build.gradle, -Dorg.gradle.daemon=false, -Dorg.gradle.daemon.performance.enable-monitoring=false, -Dorg.gradle.configureondemand=true, --stacktrace, build]
2018-05-11 16:08:26,893 INFO  SysUtils - Configuration on demand is an incubating feature.
Incremental java compilation is an incubating feature.
:library:preBuild UP-TO-DATE
:library:preReleaseBuild UP-TO-DATE
:library:checkReleaseManifest
:library:preDebugAndroidTestBuild UP-TO-DATE
:library:preDebugBuild UP-TO-DATE
:library:preDebugUnitTestBuild UP-TO-DATE
:library:preReleaseUnitTestBuild UP-TO-DATE
:library:prepareComAndroidSupportAnimatedVectorDrawable2531Library
:library:prepareComAndroidSupportAppcompatV72531Library
:library:prepareComAndroidSupportSupportCompat2531Library
:library:prepareComAndroidSupportSupportCoreUi2531Library
:library:prepareComAndroidSupportSupportCoreUtils2531Library
:library:prepareComAndroidSupportSupportFragment2531Library
:library:prepareComAndroidSupportSupportMediaCompat2531Library
:library:prepareComAndroidSupportSupportV42531Library
:library:prepareComAndroidSupportSupportVectorDrawable2531Library
:library:prepareReleaseDependencies
:library:compileReleaseAidl UP-TO-DATE
:library:compileReleaseNdk UP-TO-DATE
:library:compileLint UP-TO-DATE
:library:copyReleaseLint UP-TO-DATE
:library:compileReleaseRenderscript UP-TO-DATE
:library:generateReleaseBuildConfig UP-TO-DATE
:library:generateReleaseResValues UP-TO-DATE
:library:generateReleaseResources UP-TO-DATE
:library:mergeReleaseResources UP-TO-DATE
:library:processReleaseManifest UP-TO-DATE
:library:processReleaseResources UP-TO-DATE
:library:generateReleaseSources UP-TO-DATE
:library:incrementalReleaseJavaCompilationSafeguard UP-TO-DATE
:library:javaPreCompileRelease
:library:compileReleaseJavaWithJavac UP-TO-DATE
:library:extractReleaseAnnotations UP-TO-DATE
:library:mergeReleaseShaders UP-TO-DATE
:library:compileReleaseShaders UP-TO-DATE
:library:generateReleaseAssets UP-TO-DATE
:library:mergeReleaseAssets UP-TO-DATE
:library:mergeReleaseProguardFiles UP-TO-DATE
:library:packageReleaseRenderscript UP-TO-DATE
:library:packageReleaseResources UP-TO-DATE
:library:processReleaseJavaRes UP-TO-DATE
:library:transformResourcesWithMergeJavaResForRelease UP-TO-DATE
:library:transformClassesAndResourcesWithSyncLibJarsForRelease UP-TO-DATE
:library:mergeReleaseJniLibFolders UP-TO-DATE
:library:transformNativeLibsWithMergeJniLibsForRelease UP-TO-DATE
:library:transformNativeLibsWithStripDebugSymbolForRelease UP-TO-DATE
:library:transformNativeLibsWithSyncJniLibsForRelease UP-TO-DATE
:library:bundleRelease UP-TO-DATE
:sample:preBuild UP-TO-DATE
:sample:preSampleDebugBuild UP-TO-DATE
:sample:checkSampleDebugManifest
:sample:preSampleReleaseBuild UP-TO-DATE
:sample:prepareComAndroidSupportAnimatedVectorDrawable2531Library
:sample:prepareComAndroidSupportAppcompatV72531Library
:sample:prepareComAndroidSupportSupportCompat2531Library
:sample:prepareComAndroidSupportSupportCoreUi2531Library
:sample:prepareComAndroidSupportSupportCoreUtils2531Library
:sample:prepareComAndroidSupportSupportFragment2531Library
:sample:prepareComAndroidSupportSupportMediaCompat2531Library
:sample:prepareComAndroidSupportSupportV42531Library
:sample:prepareComAndroidSupportSupportVectorDrawable2531Library
:sample:prepareSampleDebugDependencies
:sample:compileSampleDebugAidl
:sample:compileSampleDebugRenderscript
:sample:generateSampleDebugBuildConfig
:sample:generateSampleDebugResValues
:sample:generateSampleDebugResources
:sample:mergeSampleDebugResources
:sample:processSampleDebugManifest
:sample:processSampleDebugResources
:sample:generateSampleDebugSources
:sample:incrementalSampleDebugJavaCompilationSafeguard
:sample:javaPreCompileSampleDebug
:sample:compileSampleDebugJavaWithJavac
:sample:compileSampleDebugJavaWithJavac - is not incremental (e.g. outputs have changed, no previous execution, etc.).
:sample:compileSampleDebugNdk UP-TO-DATE
:sample:compileSampleDebugSources
:sample:mergeSampleDebugShaders
:sample:compileSampleDebugShaders
:sample:generateSampleDebugAssets
:sample:mergeSampleDebugAssets
:sample:transformClassesWithDexForSampleDebug
:sample:mergeSampleDebugJniLibFolders
:sample:transformNativeLibsWithMergeJniLibsForSampleDebug
:sample:transformNativeLibsWithStripDebugSymbolForSampleDebug
:sample:processSampleDebugJavaRes UP-TO-DATE
:sample:transformResourcesWithMergeJavaResForSampleDebug
:sample:validateSigningSampleDebug
:sample:packageSampleDebug
:sample:assembleSampleDebug
:sample:assembleDebug
:sample:checkSampleReleaseManifest
:sample:prepareSampleReleaseDependencies
:sample:compileSampleReleaseAidl
:sample:compileSampleReleaseRenderscript
:sample:generateSampleReleaseBuildConfig
:sample:generateSampleReleaseResValues
:sample:generateSampleReleaseResources
:sample:mergeSampleReleaseResources
:sample:processSampleReleaseManifest
:sample:processSampleReleaseResources
:sample:generateSampleReleaseSources
:sample:incrementalSampleReleaseJavaCompilationSafeguard
:sample:javaPreCompileSampleRelease
:sample:compileSampleReleaseJavaWithJavac
:sample:compileSampleReleaseJavaWithJavac - is not incremental (e.g. outputs have changed, no previous execution, etc.).
:sample:compileSampleReleaseNdk UP-TO-DATE
:sample:compileSampleReleaseSources
:sample:lintVitalSampleRelease
:sample:mergeSampleReleaseShaders
:sample:compileSampleReleaseShaders
:sample:generateSampleReleaseAssets
:sample:mergeSampleReleaseAssets
:sample:transformClassesWithDexForSampleRelease
:sample:mergeSampleReleaseJniLibFolders
:sample:transformNativeLibsWithMergeJniLibsForSampleRelease
:sample:transformNativeLibsWithStripDebugSymbolForSampleRelease
:sample:processSampleReleaseJavaRes UP-TO-DATE
:sample:transformResourcesWithMergeJavaResForSampleRelease
:sample:packageSampleRelease
:sample:assembleSampleRelease
:sample:assembleRelease
:sample:assemble
:sample:lint
Ran lint on variant sampleDebug: 6 issues found
Ran lint on variant sampleRelease: 6 issues found
Wrote HTML report to file:///tmp/rdisk/844/src/sample/build/reports/lint-results.html
Wrote XML report to file:///tmp/rdisk/844/src/sample/build/reports/lint-results.xml
:sample:incrementalSampleDebugUnitTestJavaCompilationSafeguard UP-TO-DATE
:sample:javaPreCompileSampleDebugUnitTest
:sample:preSampleDebugUnitTestBuild UP-TO-DATE
:sample:prepareSampleDebugUnitTestDependencies
:sample:compileSampleDebugUnitTestJavaWithJavac UP-TO-DATE
:sample:processSampleDebugUnitTestJavaRes UP-TO-DATE
:sample:compileSampleDebugUnitTestSources UP-TO-DATE
:sample:mockableAndroidJar
:sample:assembleSampleDebugUnitTest
:sample:testSampleDebugUnitTest UP-TO-DATE
:sample:incrementalSampleReleaseUnitTestJavaCompilationSafeguard UP-TO-DATE
:sample:javaPreCompileSampleReleaseUnitTest
:sample:preSampleReleaseUnitTestBuild UP-TO-DATE
:sample:prepareSampleReleaseUnitTestDependencies
:sample:compileSampleReleaseUnitTestJavaWithJavac UP-TO-DATE
:sample:processSampleReleaseUnitTestJavaRes UP-TO-DATE
:sample:compileSampleReleaseUnitTestSources UP-TO-DATE
:sample:assembleSampleReleaseUnitTest
:sample:testSampleReleaseUnitTest UP-TO-DATE
:sample:test UP-TO-DATE
:sample:check
:sample:build

BUILD SUCCESSFUL

Total time: 24.455 secs

2018-05-11 16:08:26,974 INFO  FullProcessService - Found APK file: /tmp/rdisk/844/src/sample/build/outputs/apk/sample-sample-release-unsigned.apk
