2018-04-08 13:48:01,005 INFO  DownloadService - Downloading "https://github.com/frakbot/GlowPadBackport/archive/master.zip", attempt 3
2018-04-08 13:48:01,529 INFO  DownloadService - Downloaded https://github.com/frakbot/GlowPadBackport/archive/master.zip, attempt 3
2018-04-08 13:48:01,530 INFO  DownloadService - Size of file "/tmp/rdisk/954/master.zip": 201 KB
2018-04-08 13:48:01,530 INFO  ArchiveUtils - Checking entries [.gradle] in ZIP file...
2018-04-08 13:48:01,530 INFO  ArchiveUtils - Has entries [.gradle] in ZIP file /tmp/rdisk/954/master.zip: true
2018-04-08 13:48:01,530 DEBUG ZipUtil - Extracting '/tmp/rdisk/954/master.zip' into '/tmp/rdisk/954/src'.
2018-04-08 13:48:01,541 INFO  FullProcessService - Size of directory with sources: 281 KB
2018-04-08 13:48:01,541 INFO  SysUtils - Execute command: [git, init, /tmp/rdisk/954/src]
2018-04-08 13:48:01,546 INFO  SysUtils - Initialized empty Git repository in /tmp/rdisk/954/src/.git/

2018-04-08 13:48:01,548 INFO  ProjectBuildService - Gradle wrapper(s): /tmp/rdisk/954/src/GlowPadBackport-master/gradlew
2018-04-08 13:48:01,551 INFO  ProjectBuildService - Build script(s): /tmp/rdisk/954/src/GlowPadBackport-master/app/build.gradle /tmp/rdisk/954/src/GlowPadBackport-master/lib/build.gradle /tmp/rdisk/954/src/GlowPadBackport-master/build.gradle
2018-04-08 13:48:01,553 INFO  ProjectBuildService - All script(s): /tmp/rdisk/954/src/GlowPadBackport-master/settings.gradle /tmp/rdisk/954/src/GlowPadBackport-master/lib/build.gradle /tmp/rdisk/954/src/GlowPadBackport-master/build.gradle /tmp/rdisk/954/src/GlowPadBackport-master/app/build.gradle
2018-04-08 13:48:01,554 INFO  ProjectBuildService - Remote scripts: none
2018-04-08 13:48:01,554 INFO  ProjectFixService - Fixing project...
2018-04-08 13:48:01,561 INFO  LocalPropertiesFixService - Created fake /tmp/rdisk/954/src/GlowPadBackport-master/app/local.properties
2018-04-08 13:48:01,561 INFO  ProjectFixService - Build info for "/tmp/rdisk/954/src/GlowPadBackport-master/app/build.gradle": [buildToolsVersion=22.0.1,compileSdkVersion=22,minSdkVersion=4,targetSdkVersion=22]
2018-04-08 13:48:01,561 INFO  ProjectFixService - Fixed build info for "/tmp/rdisk/954/src/GlowPadBackport-master/app/build.gradle": [buildToolsVersion=22.0.1,compileSdkVersion=22,minSdkVersion=7,targetSdkVersion=22]
2018-04-08 13:48:01,562 INFO  LocalPropertiesFixService - Created fake /tmp/rdisk/954/src/GlowPadBackport-master/lib/local.properties
2018-04-08 13:48:01,562 INFO  ProjectFixService - Build info for "/tmp/rdisk/954/src/GlowPadBackport-master/lib/build.gradle": [buildToolsVersion=22.0.1,compileSdkVersion=22,minSdkVersion=4,targetSdkVersion=22]
2018-04-08 13:48:01,562 INFO  ProjectFixService - Fixed build info for "/tmp/rdisk/954/src/GlowPadBackport-master/lib/build.gradle": [buildToolsVersion=22.0.1,compileSdkVersion=22,minSdkVersion=7,targetSdkVersion=22]
2018-04-08 13:48:01,563 INFO  LocalPropertiesFixService - Created fake /tmp/rdisk/954/src/GlowPadBackport-master/local.properties
2018-04-08 13:48:01,563 INFO  WrapperPropertiesFixService - Gradle wrapper: https://services.gradle.org/distributions/gradle-2.4-all.zip
2018-04-08 13:48:01,563 INFO  WrapperPropertiesFixService - Gradle wrapper was changed from "-all.zip" to "-bin.zip" (https://services.gradle.org/distributions/gradle-2.4-bin.zip)
2018-04-08 13:48:01,564 INFO  ProjectFixService - Build info for "/tmp/rdisk/954/src/GlowPadBackport-master/build.gradle": [buildToolsVersion=22.0.1,compileSdkVersion=22,minSdkVersion=7,targetSdkVersion=22]
2018-04-08 13:48:01,564 INFO  ProjectFixService - Project was maybe fixed
2018-04-08 13:48:01,565 INFO  ProjectTaskService - Detecting possible tasks...
2018-04-08 13:48:01,565 INFO  SysUtils - Execute command: [/tmp/rdisk/954/src/GlowPadBackport-master/gradlew, -b, /tmp/rdisk/954/src/GlowPadBackport-master/app/build.gradle, -Dorg.gradle.daemon=false, -Dorg.gradle.daemon.performance.enable-monitoring=false, -Dorg.gradle.configureondemand=true, tasks]
2018-04-08 13:48:09,947 ERROR ProjectTaskService - Could not detect possible Gradle tasks: Process exited with an error: 1 (Exit value: 1)
2018-04-08 13:48:09,947 INFO  ProjectTaskService - Detected possible tasks: 0
2018-04-08 13:48:09,947 INFO  ProjectTaskService - Excluded tasks (0): none
2018-04-08 13:48:09,947 INFO  SysUtils - Execute command: [/tmp/rdisk/954/src/GlowPadBackport-master/gradlew, -b, /tmp/rdisk/954/src/GlowPadBackport-master/app/build.gradle, -Dorg.gradle.daemon=false, -Dorg.gradle.daemon.performance.enable-monitoring=false, -Dorg.gradle.configureondemand=true, --stacktrace, build]
2018-04-08 13:48:14,295 ERROR SysUtils - Could not process external command
org.apache.commons.exec.ExecuteException: Process exited with an error: 1 (Exit value: 1)
	at org.apache.commons.exec.DefaultExecutor.executeInternal(DefaultExecutor.java:404)
	at org.apache.commons.exec.DefaultExecutor.execute(DefaultExecutor.java:166)
	at com.github.vbauer.apkmaster.util.SysUtils.execute(SysUtils.java:67)
	at com.github.vbauer.apkmaster.util.SysUtils.executeSimple(SysUtils.java:43)
	at com.github.vbauer.apkmaster.service.assembly.ProjectBuildService.buildProject(ProjectBuildService.java:78)
	at com.github.vbauer.apkmaster.service.assembly.ProjectBuildService.buildProject(ProjectBuildService.java:64)
	at com.github.vbauer.apkmaster.service.assembly.ProjectBuildService.buildProject(ProjectBuildService.java:43)
	at com.github.vbauer.apkmaster.service.FullProcessService.build(FullProcessService.java:84)
	at com.github.vbauer.apkmaster.service.FullProcessService.process(FullProcessService.java:34)
	at com.github.vbauer.apkmaster.app.MainApplication.process(MainApplication.java:38)
	at com.github.vbauer.apkmaster.app.MainApplication.main(MainApplication.java:20)
	at sun.reflect.GeneratedMethodAccessor8.invoke(Unknown Source)
	at sun.reflect.DelegatingMethodAccessorImpl.invoke(DelegatingMethodAccessorImpl.java:43)
	at java.lang.reflect.Method.invoke(Method.java:498)
	at com.android.arsenal.util.ReflectionUtils.invoke(ReflectionUtils.java:42)
	at com.android.arsenal.util.ApkMasterUtils.main(ApkMasterUtils.java:30)
	at com.android.arsenal.service.processor.impl.BuildProcessorServiceImpl.buildProject(BuildProcessorServiceImpl.java:197)
	at com.android.arsenal.service.processor.impl.BuildProcessorServiceImpl.build(BuildProcessorServiceImpl.java:131)
	at com.android.arsenal.service.processor.impl.BuildProcessorServiceImpl.lambda$null$1(BuildProcessorServiceImpl.java:114)
	at java.util.concurrent.FutureTask.run(FutureTask.java:266)
	at java.util.concurrent.Executors$RunnableAdapter.call(Executors.java:511)
	at java.util.concurrent.FutureTask.run(FutureTask.java:266)
	at java.util.concurrent.ThreadPoolExecutor.runWorker(ThreadPoolExecutor.java:1149)
	at java.util.concurrent.ThreadPoolExecutor$Worker.run(ThreadPoolExecutor.java:624)
	at java.lang.Thread.run(Thread.java:748)
2018-04-08 13:48:14,295 INFO  SysUtils - Configuration on demand is an incubating feature.

FAILURE: Build failed with an exception.

* Where:
Build file '/tmp/rdisk/954/src/GlowPadBackport-master/app/build.gradle' line: 25

* What went wrong:
A problem occurred evaluating project ':app'.
> assert localProps['keystore.props.file']
         |         |
         |         null
         [sdk.dir:/root/Applications/android-sdk]

* Try:
Run with --info or --debug option to get more log output.

* Exception is:
org.gradle.api.GradleScriptException: A problem occurred evaluating project ':app'.
	at org.gradle.groovy.scripts.internal.DefaultScriptRunnerFactory$ScriptRunnerImpl.run(DefaultScriptRunnerFactory.java:76)
	at org.gradle.configuration.DefaultScriptPluginFactory$ScriptPluginImpl$1.run(DefaultScriptPluginFactory.java:148)
	at org.gradle.configuration.DefaultScriptPluginFactory$ScriptPluginImpl.apply(DefaultScriptPluginFactory.java:156)
	at org.gradle.configuration.project.BuildScriptProcessor.execute(BuildScriptProcessor.java:39)
	at org.gradle.configuration.project.BuildScriptProcessor.execute(BuildScriptProcessor.java:26)
	at org.gradle.configuration.project.ConfigureActionsProjectEvaluator.evaluate(ConfigureActionsProjectEvaluator.java:34)
	at org.gradle.configuration.project.LifecycleProjectEvaluator.evaluate(LifecycleProjectEvaluator.java:55)
	at org.gradle.api.internal.project.AbstractProject.evaluate(AbstractProject.java:487)
	at org.gradle.api.internal.project.AbstractProject.evaluate(AbstractProject.java:85)
	at org.gradle.execution.TaskPathProjectEvaluator.configureHierarchy(TaskPathProjectEvaluator.java:42)
	at org.gradle.execution.TaskSelector.getSelection(TaskSelector.java:84)
	at org.gradle.execution.TaskSelector.getSelection(TaskSelector.java:75)
	at org.gradle.execution.commandline.CommandLineTaskParser.parseTasks(CommandLineTaskParser.java:42)
	at org.gradle.execution.TaskNameResolvingBuildConfigurationAction.configure(TaskNameResolvingBuildConfigurationAction.java:44)
	at org.gradle.execution.DefaultBuildExecuter.configure(DefaultBuildExecuter.java:42)
	at org.gradle.execution.DefaultBuildExecuter.access$100(DefaultBuildExecuter.java:23)
	at org.gradle.execution.DefaultBuildExecuter$1.proceed(DefaultBuildExecuter.java:48)
	at org.gradle.execution.ExcludedTaskFilteringBuildConfigurationAction.configure(ExcludedTaskFilteringBuildConfigurationAction.java:47)
	at org.gradle.execution.DefaultBuildExecuter.configure(DefaultBuildExecuter.java:42)
	at org.gradle.execution.DefaultBuildExecuter.access$100(DefaultBuildExecuter.java:23)
	at org.gradle.execution.DefaultBuildExecuter$1.proceed(DefaultBuildExecuter.java:48)
	at org.gradle.execution.DefaultTasksBuildExecutionAction.configure(DefaultTasksBuildExecutionAction.java:44)
	at org.gradle.execution.DefaultBuildExecuter.configure(DefaultBuildExecuter.java:42)
	at org.gradle.execution.DefaultBuildExecuter.select(DefaultBuildExecuter.java:35)
	at org.gradle.initialization.DefaultGradleLauncher.doBuildStages(DefaultGradleLauncher.java:142)
	at org.gradle.initialization.DefaultGradleLauncher.doBuild(DefaultGradleLauncher.java:106)
	at org.gradle.initialization.DefaultGradleLauncher.run(DefaultGradleLauncher.java:86)
	at org.gradle.launcher.exec.InProcessBuildActionExecuter$DefaultBuildController.run(InProcessBuildActionExecuter.java:90)
	at org.gradle.tooling.internal.provider.ExecuteBuildActionRunner.run(ExecuteBuildActionRunner.java:28)
	at org.gradle.launcher.exec.ChainingBuildActionRunner.run(ChainingBuildActionRunner.java:35)
	at org.gradle.launcher.exec.InProcessBuildActionExecuter.execute(InProcessBuildActionExecuter.java:41)
	at org.gradle.launcher.exec.InProcessBuildActionExecuter.execute(InProcessBuildActionExecuter.java:28)
	at org.gradle.launcher.exec.DaemonUsageSuggestingBuildActionExecuter.execute(DaemonUsageSuggestingBuildActionExecuter.java:50)
	at org.gradle.launcher.exec.DaemonUsageSuggestingBuildActionExecuter.execute(DaemonUsageSuggestingBuildActionExecuter.java:27)
	at org.gradle.launcher.cli.RunBuildAction.run(RunBuildAction.java:40)
	at org.gradle.internal.Actions$RunnableActionAdapter.execute(Actions.java:169)
	at org.gradle.launcher.cli.CommandLineActionFactory$ParseAndBuildAction.execute(CommandLineActionFactory.java:237)
	at org.gradle.launcher.cli.CommandLineActionFactory$ParseAndBuildAction.execute(CommandLineActionFactory.java:210)
	at org.gradle.launcher.cli.JavaRuntimeValidationAction.execute(JavaRuntimeValidationAction.java:35)
	at org.gradle.launcher.cli.JavaRuntimeValidationAction.execute(JavaRuntimeValidationAction.java:24)
	at org.gradle.launcher.cli.CommandLineActionFactory$WithLogging.execute(CommandLineActionFactory.java:206)
	at org.gradle.launcher.cli.CommandLineActionFactory$WithLogging.execute(CommandLineActionFactory.java:169)
	at org.gradle.launcher.cli.ExceptionReportingAction.execute(ExceptionReportingAction.java:33)
	at org.gradle.launcher.cli.ExceptionReportingAction.execute(ExceptionReportingAction.java:22)
	at org.gradle.launcher.Main.doAction(Main.java:33)
	at org.gradle.launcher.bootstrap.EntryPoint.run(EntryPoint.java:45)
	at org.gradle.launcher.bootstrap.ProcessBootstrap.runNoExit(ProcessBootstrap.java:54)
	at org.gradle.launcher.bootstrap.ProcessBootstrap.run(ProcessBootstrap.java:35)
	at org.gradle.launcher.GradleMain.main(GradleMain.java:23)
	at org.gradle.wrapper.BootstrapMainStarter.start(BootstrapMainStarter.java:33)
	at org.gradle.wrapper.WrapperExecutor.execute(WrapperExecutor.java:130)
	at org.gradle.wrapper.GradleWrapperMain.main(GradleWrapperMain.java:48)
Caused by: Assertion failed: 

assert localProps['keystore.props.file']
       |         |
       |         null
       [sdk.dir:/root/Applications/android-sdk]

	at build_3xohemy1v6vb1qq3x3xbb48a0$_run_closure1_closure5_closure7.doCall(/tmp/rdisk/954/src/GlowPadBackport-master/app/build.gradle:25)
	at org.gradle.api.internal.ClosureBackedAction.execute(ClosureBackedAction.java:67)
	at org.gradle.api.internal.AbstractNamedDomainObjectContainer.create(AbstractNamedDomainObjectContainer.java:59)
	at org.gradle.api.internal.AbstractNamedDomainObjectContainer.create(AbstractNamedDomainObjectContainer.java:52)
	at org.gradle.api.internal.NamedDomainObjectContainerConfigureDelegate._configure(NamedDomainObjectContainerConfigureDelegate.java:39)
	at org.gradle.api.internal.ConfigureDelegate.invokeMethod(ConfigureDelegate.java:73)
	at build_3xohemy1v6vb1qq3x3xbb48a0$_run_closure1_closure5.doCall(/tmp/rdisk/954/src/GlowPadBackport-master/app/build.gradle:21)
	at org.gradle.api.internal.ClosureBackedAction.execute(ClosureBackedAction.java:67)
	at org.gradle.util.ConfigureUtil.configure(ConfigureUtil.java:130)
	at org.gradle.util.ConfigureUtil.configure(ConfigureUtil.java:91)
	at org.gradle.api.internal.AbstractNamedDomainObjectContainer.configure(AbstractNamedDomainObjectContainer.java:68)
	at org.gradle.api.internal.AbstractNamedDomainObjectContainer.configure(AbstractNamedDomainObjectContainer.java:24)
	at org.gradle.api.internal.ClosureBackedAction.execute(ClosureBackedAction.java:59)
	at org.gradle.api.Action$execute.call(Unknown Source)
	at com.android.build.gradle.BaseExtension.signingConfigs(BaseExtension.groovy:318)
	at com.android.build.gradle.AppExtension_Decorated.signingConfigs(Unknown Source)
	at build_3xohemy1v6vb1qq3x3xbb48a0$_run_closure1.doCall(/tmp/rdisk/954/src/GlowPadBackport-master/app/build.gradle:20)
	at org.gradle.api.internal.ClosureBackedAction.execute(ClosureBackedAction.java:67)
	at org.gradle.api.internal.plugins.ExtensionsStorage$ExtensionHolder.configure(ExtensionsStorage.java:145)
	at org.gradle.api.internal.plugins.ExtensionsStorage.configureExtension(ExtensionsStorage.java:69)
	at org.gradle.api.internal.plugins.DefaultConvention$ExtensionsDynamicObject.invokeMethod(DefaultConvention.java:207)
	at org.gradle.api.internal.CompositeDynamicObject.invokeMethod(CompositeDynamicObject.java:150)
	at org.gradle.groovy.scripts.BasicScript.methodMissing(BasicScript.java:79)
	at build_3xohemy1v6vb1qq3x3xbb48a0.run(/tmp/rdisk/954/src/GlowPadBackport-master/app/build.gradle:3)
	at org.gradle.groovy.scripts.internal.DefaultScriptRunnerFactory$ScriptRunnerImpl.run(DefaultScriptRunnerFactory.java:74)
	... 51 more


BUILD FAILED

Total time: 3.896 secs

2018-04-08 13:48:14,298 INFO  ProjectTaskService - Detecting possible tasks...
2018-04-08 13:48:14,298 INFO  SysUtils - Execute command: [/tmp/rdisk/954/src/GlowPadBackport-master/gradlew, -b, /tmp/rdisk/954/src/GlowPadBackport-master/lib/build.gradle, -Dorg.gradle.daemon=false, -Dorg.gradle.daemon.performance.enable-monitoring=false, -Dorg.gradle.configureondemand=true, tasks]
2018-04-08 13:48:21,687 ERROR ProjectTaskService - Could not detect possible Gradle tasks: Process exited with an error: 1 (Exit value: 1)
2018-04-08 13:48:21,687 INFO  ProjectTaskService - Detected possible tasks: 0
2018-04-08 13:48:21,687 INFO  ProjectTaskService - Excluded tasks (0): none
2018-04-08 13:48:21,687 INFO  SysUtils - Execute command: [/tmp/rdisk/954/src/GlowPadBackport-master/gradlew, -b, /tmp/rdisk/954/src/GlowPadBackport-master/lib/build.gradle, -Dorg.gradle.daemon=false, -Dorg.gradle.daemon.performance.enable-monitoring=false, -Dorg.gradle.configureondemand=true, --stacktrace, build]
2018-04-08 13:48:26,178 ERROR SysUtils - Could not process external command
org.apache.commons.exec.ExecuteException: Process exited with an error: 1 (Exit value: 1)
	at org.apache.commons.exec.DefaultExecutor.executeInternal(DefaultExecutor.java:404)
	at org.apache.commons.exec.DefaultExecutor.execute(DefaultExecutor.java:166)
	at com.github.vbauer.apkmaster.util.SysUtils.execute(SysUtils.java:67)
	at com.github.vbauer.apkmaster.util.SysUtils.executeSimple(SysUtils.java:43)
	at com.github.vbauer.apkmaster.service.assembly.ProjectBuildService.buildProject(ProjectBuildService.java:78)
	at com.github.vbauer.apkmaster.service.assembly.ProjectBuildService.buildProject(ProjectBuildService.java:64)
	at com.github.vbauer.apkmaster.service.assembly.ProjectBuildService.buildProject(ProjectBuildService.java:43)
	at com.github.vbauer.apkmaster.service.FullProcessService.build(FullProcessService.java:84)
	at com.github.vbauer.apkmaster.service.FullProcessService.process(FullProcessService.java:34)
	at com.github.vbauer.apkmaster.app.MainApplication.process(MainApplication.java:38)
	at com.github.vbauer.apkmaster.app.MainApplication.main(MainApplication.java:20)
	at sun.reflect.GeneratedMethodAccessor8.invoke(Unknown Source)
	at sun.reflect.DelegatingMethodAccessorImpl.invoke(DelegatingMethodAccessorImpl.java:43)
	at java.lang.reflect.Method.invoke(Method.java:498)
	at com.android.arsenal.util.ReflectionUtils.invoke(ReflectionUtils.java:42)
	at com.android.arsenal.util.ApkMasterUtils.main(ApkMasterUtils.java:30)
	at com.android.arsenal.service.processor.impl.BuildProcessorServiceImpl.buildProject(BuildProcessorServiceImpl.java:197)
	at com.android.arsenal.service.processor.impl.BuildProcessorServiceImpl.build(BuildProcessorServiceImpl.java:131)
	at com.android.arsenal.service.processor.impl.BuildProcessorServiceImpl.lambda$null$1(BuildProcessorServiceImpl.java:114)
	at java.util.concurrent.FutureTask.run(FutureTask.java:266)
	at java.util.concurrent.Executors$RunnableAdapter.call(Executors.java:511)
	at java.util.concurrent.FutureTask.run(FutureTask.java:266)
	at java.util.concurrent.ThreadPoolExecutor.runWorker(ThreadPoolExecutor.java:1149)
	at java.util.concurrent.ThreadPoolExecutor$Worker.run(ThreadPoolExecutor.java:624)
	at java.lang.Thread.run(Thread.java:748)
2018-04-08 13:48:26,178 INFO  SysUtils - Configuration on demand is an incubating feature.

FAILURE: Build failed with an exception.

* Where:
Build file '/tmp/rdisk/954/src/GlowPadBackport-master/lib/build.gradle' line: 26

* What went wrong:
A problem occurred evaluating project ':lib'.
> assert localProps['keystore.props.file']
         |         |
         |         null
         [sdk.dir:/root/Applications/android-sdk]

* Try:
Run with --info or --debug option to get more log output.

* Exception is:
org.gradle.api.GradleScriptException: A problem occurred evaluating project ':lib'.
	at org.gradle.groovy.scripts.internal.DefaultScriptRunnerFactory$ScriptRunnerImpl.run(DefaultScriptRunnerFactory.java:76)
	at org.gradle.configuration.DefaultScriptPluginFactory$ScriptPluginImpl$1.run(DefaultScriptPluginFactory.java:148)
	at org.gradle.configuration.DefaultScriptPluginFactory$ScriptPluginImpl.apply(DefaultScriptPluginFactory.java:156)
	at org.gradle.configuration.project.BuildScriptProcessor.execute(BuildScriptProcessor.java:39)
	at org.gradle.configuration.project.BuildScriptProcessor.execute(BuildScriptProcessor.java:26)
	at org.gradle.configuration.project.ConfigureActionsProjectEvaluator.evaluate(ConfigureActionsProjectEvaluator.java:34)
	at org.gradle.configuration.project.LifecycleProjectEvaluator.evaluate(LifecycleProjectEvaluator.java:55)
	at org.gradle.api.internal.project.AbstractProject.evaluate(AbstractProject.java:487)
	at org.gradle.api.internal.project.AbstractProject.evaluate(AbstractProject.java:85)
	at org.gradle.execution.TaskPathProjectEvaluator.configureHierarchy(TaskPathProjectEvaluator.java:42)
	at org.gradle.execution.TaskSelector.getSelection(TaskSelector.java:84)
	at org.gradle.execution.TaskSelector.getSelection(TaskSelector.java:75)
	at org.gradle.execution.commandline.CommandLineTaskParser.parseTasks(CommandLineTaskParser.java:42)
	at org.gradle.execution.TaskNameResolvingBuildConfigurationAction.configure(TaskNameResolvingBuildConfigurationAction.java:44)
	at org.gradle.execution.DefaultBuildExecuter.configure(DefaultBuildExecuter.java:42)
	at org.gradle.execution.DefaultBuildExecuter.access$100(DefaultBuildExecuter.java:23)
	at org.gradle.execution.DefaultBuildExecuter$1.proceed(DefaultBuildExecuter.java:48)
	at org.gradle.execution.ExcludedTaskFilteringBuildConfigurationAction.configure(ExcludedTaskFilteringBuildConfigurationAction.java:47)
	at org.gradle.execution.DefaultBuildExecuter.configure(DefaultBuildExecuter.java:42)
	at org.gradle.execution.DefaultBuildExecuter.access$100(DefaultBuildExecuter.java:23)
	at org.gradle.execution.DefaultBuildExecuter$1.proceed(DefaultBuildExecuter.java:48)
	at org.gradle.execution.DefaultTasksBuildExecutionAction.configure(DefaultTasksBuildExecutionAction.java:44)
	at org.gradle.execution.DefaultBuildExecuter.configure(DefaultBuildExecuter.java:42)
	at org.gradle.execution.DefaultBuildExecuter.select(DefaultBuildExecuter.java:35)
	at org.gradle.initialization.DefaultGradleLauncher.doBuildStages(DefaultGradleLauncher.java:142)
	at org.gradle.initialization.DefaultGradleLauncher.doBuild(DefaultGradleLauncher.java:106)
	at org.gradle.initialization.DefaultGradleLauncher.run(DefaultGradleLauncher.java:86)
	at org.gradle.launcher.exec.InProcessBuildActionExecuter$DefaultBuildController.run(InProcessBuildActionExecuter.java:90)
	at org.gradle.tooling.internal.provider.ExecuteBuildActionRunner.run(ExecuteBuildActionRunner.java:28)
	at org.gradle.launcher.exec.ChainingBuildActionRunner.run(ChainingBuildActionRunner.java:35)
	at org.gradle.launcher.exec.InProcessBuildActionExecuter.execute(InProcessBuildActionExecuter.java:41)
	at org.gradle.launcher.exec.InProcessBuildActionExecuter.execute(InProcessBuildActionExecuter.java:28)
	at org.gradle.launcher.exec.DaemonUsageSuggestingBuildActionExecuter.execute(DaemonUsageSuggestingBuildActionExecuter.java:50)
	at org.gradle.launcher.exec.DaemonUsageSuggestingBuildActionExecuter.execute(DaemonUsageSuggestingBuildActionExecuter.java:27)
	at org.gradle.launcher.cli.RunBuildAction.run(RunBuildAction.java:40)
	at org.gradle.internal.Actions$RunnableActionAdapter.execute(Actions.java:169)
	at org.gradle.launcher.cli.CommandLineActionFactory$ParseAndBuildAction.execute(CommandLineActionFactory.java:237)
	at org.gradle.launcher.cli.CommandLineActionFactory$ParseAndBuildAction.execute(CommandLineActionFactory.java:210)
	at org.gradle.launcher.cli.JavaRuntimeValidationAction.execute(JavaRuntimeValidationAction.java:35)
	at org.gradle.launcher.cli.JavaRuntimeValidationAction.execute(JavaRuntimeValidationAction.java:24)
	at org.gradle.launcher.cli.CommandLineActionFactory$WithLogging.execute(CommandLineActionFactory.java:206)
	at org.gradle.launcher.cli.CommandLineActionFactory$WithLogging.execute(CommandLineActionFactory.java:169)
	at org.gradle.launcher.cli.ExceptionReportingAction.execute(ExceptionReportingAction.java:33)
	at org.gradle.launcher.cli.ExceptionReportingAction.execute(ExceptionReportingAction.java:22)
	at org.gradle.launcher.Main.doAction(Main.java:33)
	at org.gradle.launcher.bootstrap.EntryPoint.run(EntryPoint.java:45)
	at org.gradle.launcher.bootstrap.ProcessBootstrap.runNoExit(ProcessBootstrap.java:54)
	at org.gradle.launcher.bootstrap.ProcessBootstrap.run(ProcessBootstrap.java:35)
	at org.gradle.launcher.GradleMain.main(GradleMain.java:23)
	at org.gradle.wrapper.BootstrapMainStarter.start(BootstrapMainStarter.java:33)
	at org.gradle.wrapper.WrapperExecutor.execute(WrapperExecutor.java:130)
	at org.gradle.wrapper.GradleWrapperMain.main(GradleWrapperMain.java:48)
Caused by: Assertion failed: 

assert localProps['keystore.props.file']
       |         |
       |         null
       [sdk.dir:/root/Applications/android-sdk]

	at build_9qjeh0glql95ay4tc64o6ojaa$_run_closure1_closure6_closure8.doCall(/tmp/rdisk/954/src/GlowPadBackport-master/lib/build.gradle:26)
	at org.gradle.api.internal.ClosureBackedAction.execute(ClosureBackedAction.java:67)
	at org.gradle.api.internal.AbstractNamedDomainObjectContainer.create(AbstractNamedDomainObjectContainer.java:59)
	at org.gradle.api.internal.AbstractNamedDomainObjectContainer.create(AbstractNamedDomainObjectContainer.java:52)
	at org.gradle.api.internal.NamedDomainObjectContainerConfigureDelegate._configure(NamedDomainObjectContainerConfigureDelegate.java:39)
	at org.gradle.api.internal.ConfigureDelegate.invokeMethod(ConfigureDelegate.java:73)
	at build_9qjeh0glql95ay4tc64o6ojaa$_run_closure1_closure6.doCall(/tmp/rdisk/954/src/GlowPadBackport-master/lib/build.gradle:22)
	at org.gradle.api.internal.ClosureBackedAction.execute(ClosureBackedAction.java:67)
	at org.gradle.util.ConfigureUtil.configure(ConfigureUtil.java:130)
	at org.gradle.util.ConfigureUtil.configure(ConfigureUtil.java:91)
	at org.gradle.api.internal.AbstractNamedDomainObjectContainer.configure(AbstractNamedDomainObjectContainer.java:68)
	at org.gradle.api.internal.AbstractNamedDomainObjectContainer.configure(AbstractNamedDomainObjectContainer.java:24)
	at org.gradle.api.internal.ClosureBackedAction.execute(ClosureBackedAction.java:59)
	at org.gradle.api.Action$execute.call(Unknown Source)
	at com.android.build.gradle.BaseExtension.signingConfigs(BaseExtension.groovy:318)
	at com.android.build.gradle.LibraryExtension_Decorated.signingConfigs(Unknown Source)
	at build_9qjeh0glql95ay4tc64o6ojaa$_run_closure1.doCall(/tmp/rdisk/954/src/GlowPadBackport-master/lib/build.gradle:21)
	at org.gradle.api.internal.ClosureBackedAction.execute(ClosureBackedAction.java:67)
	at org.gradle.api.internal.plugins.ExtensionsStorage$ExtensionHolder.configure(ExtensionsStorage.java:145)
	at org.gradle.api.internal.plugins.ExtensionsStorage.configureExtension(ExtensionsStorage.java:69)
	at org.gradle.api.internal.plugins.DefaultConvention$ExtensionsDynamicObject.invokeMethod(DefaultConvention.java:207)
	at org.gradle.api.internal.CompositeDynamicObject.invokeMethod(CompositeDynamicObject.java:150)
	at org.gradle.groovy.scripts.BasicScript.methodMissing(BasicScript.java:79)
	at build_9qjeh0glql95ay4tc64o6ojaa.run(/tmp/rdisk/954/src/GlowPadBackport-master/lib/build.gradle:4)
	at org.gradle.groovy.scripts.internal.DefaultScriptRunnerFactory$ScriptRunnerImpl.run(DefaultScriptRunnerFactory.java:74)
	... 51 more


BUILD FAILED

Total time: 4.05 secs

2018-04-08 13:48:26,181 INFO  ProjectTaskService - Detecting possible tasks...
2018-04-08 13:48:26,182 INFO  SysUtils - Execute command: [/tmp/rdisk/954/src/GlowPadBackport-master/gradlew, -b, /tmp/rdisk/954/src/GlowPadBackport-master/build.gradle, -Dorg.gradle.daemon=false, -Dorg.gradle.daemon.performance.enable-monitoring=false, -Dorg.gradle.configureondemand=true, tasks]
2018-04-08 13:48:30,576 ERROR ProjectTaskService - Could not detect possible Gradle tasks: Process exited with an error: 1 (Exit value: 1)
2018-04-08 13:48:30,576 INFO  ProjectTaskService - Detected possible tasks: 0
2018-04-08 13:48:30,576 INFO  ProjectTaskService - Excluded tasks (0): none
2018-04-08 13:48:30,576 INFO  SysUtils - Execute command: [/tmp/rdisk/954/src/GlowPadBackport-master/gradlew, -b, /tmp/rdisk/954/src/GlowPadBackport-master/build.gradle, -Dorg.gradle.daemon=false, -Dorg.gradle.daemon.performance.enable-monitoring=false, -Dorg.gradle.configureondemand=true, --stacktrace, build]
2018-04-08 13:48:35,119 ERROR SysUtils - Could not process external command
org.apache.commons.exec.ExecuteException: Process exited with an error: 1 (Exit value: 1)
	at org.apache.commons.exec.DefaultExecutor.executeInternal(DefaultExecutor.java:404)
	at org.apache.commons.exec.DefaultExecutor.execute(DefaultExecutor.java:166)
	at com.github.vbauer.apkmaster.util.SysUtils.execute(SysUtils.java:67)
	at com.github.vbauer.apkmaster.util.SysUtils.executeSimple(SysUtils.java:43)
	at com.github.vbauer.apkmaster.service.assembly.ProjectBuildService.buildProject(ProjectBuildService.java:78)
	at com.github.vbauer.apkmaster.service.assembly.ProjectBuildService.buildProject(ProjectBuildService.java:64)
	at com.github.vbauer.apkmaster.service.assembly.ProjectBuildService.buildProject(ProjectBuildService.java:43)
	at com.github.vbauer.apkmaster.service.FullProcessService.build(FullProcessService.java:84)
	at com.github.vbauer.apkmaster.service.FullProcessService.process(FullProcessService.java:34)
	at com.github.vbauer.apkmaster.app.MainApplication.process(MainApplication.java:38)
	at com.github.vbauer.apkmaster.app.MainApplication.main(MainApplication.java:20)
	at sun.reflect.GeneratedMethodAccessor8.invoke(Unknown Source)
	at sun.reflect.DelegatingMethodAccessorImpl.invoke(DelegatingMethodAccessorImpl.java:43)
	at java.lang.reflect.Method.invoke(Method.java:498)
	at com.android.arsenal.util.ReflectionUtils.invoke(ReflectionUtils.java:42)
	at com.android.arsenal.util.ApkMasterUtils.main(ApkMasterUtils.java:30)
	at com.android.arsenal.service.processor.impl.BuildProcessorServiceImpl.buildProject(BuildProcessorServiceImpl.java:197)
	at com.android.arsenal.service.processor.impl.BuildProcessorServiceImpl.build(BuildProcessorServiceImpl.java:131)
	at com.android.arsenal.service.processor.impl.BuildProcessorServiceImpl.lambda$null$1(BuildProcessorServiceImpl.java:114)
	at java.util.concurrent.FutureTask.run(FutureTask.java:266)
	at java.util.concurrent.Executors$RunnableAdapter.call(Executors.java:511)
	at java.util.concurrent.FutureTask.run(FutureTask.java:266)
	at java.util.concurrent.ThreadPoolExecutor.runWorker(ThreadPoolExecutor.java:1149)
	at java.util.concurrent.ThreadPoolExecutor$Worker.run(ThreadPoolExecutor.java:624)
	at java.lang.Thread.run(Thread.java:748)
2018-04-08 13:48:35,119 INFO  SysUtils - Configuration on demand is an incubating feature.

FAILURE: Build failed with an exception.

* Where:
Build file '/tmp/rdisk/954/src/GlowPadBackport-master/app/build.gradle' line: 25

* What went wrong:
A problem occurred evaluating project ':app'.
> assert localProps['keystore.props.file']
         |         |
         |         null
         [sdk.dir:/root/Applications/android-sdk]

* Try:
Run with --info or --debug option to get more log output.

* Exception is:
org.gradle.api.GradleScriptException: A problem occurred evaluating project ':app'.
	at org.gradle.groovy.scripts.internal.DefaultScriptRunnerFactory$ScriptRunnerImpl.run(DefaultScriptRunnerFactory.java:76)
	at org.gradle.configuration.DefaultScriptPluginFactory$ScriptPluginImpl$1.run(DefaultScriptPluginFactory.java:148)
	at org.gradle.configuration.DefaultScriptPluginFactory$ScriptPluginImpl.apply(DefaultScriptPluginFactory.java:156)
	at org.gradle.configuration.project.BuildScriptProcessor.execute(BuildScriptProcessor.java:39)
	at org.gradle.configuration.project.BuildScriptProcessor.execute(BuildScriptProcessor.java:26)
	at org.gradle.configuration.project.ConfigureActionsProjectEvaluator.evaluate(ConfigureActionsProjectEvaluator.java:34)
	at org.gradle.configuration.project.LifecycleProjectEvaluator.evaluate(LifecycleProjectEvaluator.java:55)
	at org.gradle.api.internal.project.AbstractProject.evaluate(AbstractProject.java:487)
	at org.gradle.api.internal.project.AbstractProject.evaluate(AbstractProject.java:85)
	at org.gradle.execution.TaskPathProjectEvaluator.configureHierarchy(TaskPathProjectEvaluator.java:47)
	at org.gradle.execution.TaskSelector.getSelection(TaskSelector.java:84)
	at org.gradle.execution.TaskSelector.getSelection(TaskSelector.java:75)
	at org.gradle.execution.commandline.CommandLineTaskParser.parseTasks(CommandLineTaskParser.java:42)
	at org.gradle.execution.TaskNameResolvingBuildConfigurationAction.configure(TaskNameResolvingBuildConfigurationAction.java:44)
	at org.gradle.execution.DefaultBuildExecuter.configure(DefaultBuildExecuter.java:42)
	at org.gradle.execution.DefaultBuildExecuter.access$100(DefaultBuildExecuter.java:23)
	at org.gradle.execution.DefaultBuildExecuter$1.proceed(DefaultBuildExecuter.java:48)
	at org.gradle.execution.ExcludedTaskFilteringBuildConfigurationAction.configure(ExcludedTaskFilteringBuildConfigurationAction.java:47)
	at org.gradle.execution.DefaultBuildExecuter.configure(DefaultBuildExecuter.java:42)
	at org.gradle.execution.DefaultBuildExecuter.access$100(DefaultBuildExecuter.java:23)
	at org.gradle.execution.DefaultBuildExecuter$1.proceed(DefaultBuildExecuter.java:48)
	at org.gradle.execution.DefaultTasksBuildExecutionAction.configure(DefaultTasksBuildExecutionAction.java:44)
	at org.gradle.execution.DefaultBuildExecuter.configure(DefaultBuildExecuter.java:42)
	at org.gradle.execution.DefaultBuildExecuter.select(DefaultBuildExecuter.java:35)
	at org.gradle.initialization.DefaultGradleLauncher.doBuildStages(DefaultGradleLauncher.java:142)
	at org.gradle.initialization.DefaultGradleLauncher.doBuild(DefaultGradleLauncher.java:106)
	at org.gradle.initialization.DefaultGradleLauncher.run(DefaultGradleLauncher.java:86)
	at org.gradle.launcher.exec.InProcessBuildActionExecuter$DefaultBuildController.run(InProcessBuildActionExecuter.java:90)
	at org.gradle.tooling.internal.provider.ExecuteBuildActionRunner.run(ExecuteBuildActionRunner.java:28)
	at org.gradle.launcher.exec.ChainingBuildActionRunner.run(ChainingBuildActionRunner.java:35)
	at org.gradle.launcher.exec.InProcessBuildActionExecuter.execute(InProcessBuildActionExecuter.java:41)
	at org.gradle.launcher.exec.InProcessBuildActionExecuter.execute(InProcessBuildActionExecuter.java:28)
	at org.gradle.launcher.exec.DaemonUsageSuggestingBuildActionExecuter.execute(DaemonUsageSuggestingBuildActionExecuter.java:50)
	at org.gradle.launcher.exec.DaemonUsageSuggestingBuildActionExecuter.execute(DaemonUsageSuggestingBuildActionExecuter.java:27)
	at org.gradle.launcher.cli.RunBuildAction.run(RunBuildAction.java:40)
	at org.gradle.internal.Actions$RunnableActionAdapter.execute(Actions.java:169)
	at org.gradle.launcher.cli.CommandLineActionFactory$ParseAndBuildAction.execute(CommandLineActionFactory.java:237)
	at org.gradle.launcher.cli.CommandLineActionFactory$ParseAndBuildAction.execute(CommandLineActionFactory.java:210)
	at org.gradle.launcher.cli.JavaRuntimeValidationAction.execute(JavaRuntimeValidationAction.java:35)
	at org.gradle.launcher.cli.JavaRuntimeValidationAction.execute(JavaRuntimeValidationAction.java:24)
	at org.gradle.launcher.cli.CommandLineActionFactory$WithLogging.execute(CommandLineActionFactory.java:206)
	at org.gradle.launcher.cli.CommandLineActionFactory$WithLogging.execute(CommandLineActionFactory.java:169)
	at org.gradle.launcher.cli.ExceptionReportingAction.execute(ExceptionReportingAction.java:33)
	at org.gradle.launcher.cli.ExceptionReportingAction.execute(ExceptionReportingAction.java:22)
	at org.gradle.launcher.Main.doAction(Main.java:33)
	at org.gradle.launcher.bootstrap.EntryPoint.run(EntryPoint.java:45)
	at org.gradle.launcher.bootstrap.ProcessBootstrap.runNoExit(ProcessBootstrap.java:54)
	at org.gradle.launcher.bootstrap.ProcessBootstrap.run(ProcessBootstrap.java:35)
	at org.gradle.launcher.GradleMain.main(GradleMain.java:23)
	at org.gradle.wrapper.BootstrapMainStarter.start(BootstrapMainStarter.java:33)
	at org.gradle.wrapper.WrapperExecutor.execute(WrapperExecutor.java:130)
	at org.gradle.wrapper.GradleWrapperMain.main(GradleWrapperMain.java:48)
Caused by: Assertion failed: 

assert localProps['keystore.props.file']
       |         |
       |         null
       [sdk.dir:/root/Applications/android-sdk]

	at build_3xohemy1v6vb1qq3x3xbb48a0$_run_closure1_closure5_closure7.doCall(/tmp/rdisk/954/src/GlowPadBackport-master/app/build.gradle:25)
	at org.gradle.api.internal.ClosureBackedAction.execute(ClosureBackedAction.java:67)
	at org.gradle.api.internal.AbstractNamedDomainObjectContainer.create(AbstractNamedDomainObjectContainer.java:59)
	at org.gradle.api.internal.AbstractNamedDomainObjectContainer.create(AbstractNamedDomainObjectContainer.java:52)
	at org.gradle.api.internal.NamedDomainObjectContainerConfigureDelegate._configure(NamedDomainObjectContainerConfigureDelegate.java:39)
	at org.gradle.api.internal.ConfigureDelegate.invokeMethod(ConfigureDelegate.java:73)
	at build_3xohemy1v6vb1qq3x3xbb48a0$_run_closure1_closure5.doCall(/tmp/rdisk/954/src/GlowPadBackport-master/app/build.gradle:21)
	at org.gradle.api.internal.ClosureBackedAction.execute(ClosureBackedAction.java:67)
	at org.gradle.util.ConfigureUtil.configure(ConfigureUtil.java:130)
	at org.gradle.util.ConfigureUtil.configure(ConfigureUtil.java:91)
	at org.gradle.api.internal.AbstractNamedDomainObjectContainer.configure(AbstractNamedDomainObjectContainer.java:68)
	at org.gradle.api.internal.AbstractNamedDomainObjectContainer.configure(AbstractNamedDomainObjectContainer.java:24)
	at org.gradle.api.internal.ClosureBackedAction.execute(ClosureBackedAction.java:59)
	at org.gradle.api.Action$execute.call(Unknown Source)
	at com.android.build.gradle.BaseExtension.signingConfigs(BaseExtension.groovy:318)
	at com.android.build.gradle.AppExtension_Decorated.signingConfigs(Unknown Source)
	at build_3xohemy1v6vb1qq3x3xbb48a0$_run_closure1.doCall(/tmp/rdisk/954/src/GlowPadBackport-master/app/build.gradle:20)
	at org.gradle.api.internal.ClosureBackedAction.execute(ClosureBackedAction.java:67)
	at org.gradle.api.internal.plugins.ExtensionsStorage$ExtensionHolder.configure(ExtensionsStorage.java:145)
	at org.gradle.api.internal.plugins.ExtensionsStorage.configureExtension(ExtensionsStorage.java:69)
	at org.gradle.api.internal.plugins.DefaultConvention$ExtensionsDynamicObject.invokeMethod(DefaultConvention.java:207)
	at org.gradle.api.internal.CompositeDynamicObject.invokeMethod(CompositeDynamicObject.java:150)
	at org.gradle.groovy.scripts.BasicScript.methodMissing(BasicScript.java:79)
	at build_3xohemy1v6vb1qq3x3xbb48a0.run(/tmp/rdisk/954/src/GlowPadBackport-master/app/build.gradle:3)
	at org.gradle.groovy.scripts.internal.DefaultScriptRunnerFactory$ScriptRunnerImpl.run(DefaultScriptRunnerFactory.java:74)
	... 51 more


BUILD FAILED

Total time: 4.022 secs

2018-04-08 13:48:35,122 ERROR FullProcessService - Project build has not produced APK file
2018-04-08 13:48:35,124 ERROR FullProcessService - Could not find generated or existed APK file
