2018-04-08 15:30:11,341 INFO  DownloadService - Downloading "https://github.com/lucasr/dspec/archive/master.zip", attempt 3
2018-04-08 15:30:12,838 INFO  DownloadService - Downloaded https://github.com/lucasr/dspec/archive/master.zip, attempt 3
2018-04-08 15:30:12,839 INFO  DownloadService - Size of file "/tmp/rdisk/927/master.zip": 282 KB
2018-04-08 15:30:12,839 INFO  ArchiveUtils - Checking entries [.gradle] in ZIP file...
2018-04-08 15:30:12,839 INFO  ArchiveUtils - Has entries [.gradle] in ZIP file /tmp/rdisk/927/master.zip: true
2018-04-08 15:30:12,839 DEBUG ZipUtil - Extracting '/tmp/rdisk/927/master.zip' into '/tmp/rdisk/927/src'.
2018-04-08 15:30:12,847 INFO  FullProcessService - Size of directory with sources: 319 KB
2018-04-08 15:30:12,847 INFO  SysUtils - Execute command: [git, init, /tmp/rdisk/927/src]
2018-04-08 15:30:12,858 INFO  SysUtils - Initialized empty Git repository in /tmp/rdisk/927/src/.git/

2018-04-08 15:30:12,860 INFO  ProjectBuildService - Gradle wrapper(s): /tmp/rdisk/927/src/dspec-master/gradlew
2018-04-08 15:30:12,862 INFO  ProjectBuildService - Build script(s): /tmp/rdisk/927/src/dspec-master/library/build.gradle /tmp/rdisk/927/src/dspec-master/sample/build.gradle /tmp/rdisk/927/src/dspec-master/build.gradle
2018-04-08 15:30:12,864 INFO  ProjectBuildService - All script(s): /tmp/rdisk/927/src/dspec-master/settings.gradle /tmp/rdisk/927/src/dspec-master/sample/build.gradle /tmp/rdisk/927/src/dspec-master/library/build.gradle /tmp/rdisk/927/src/dspec-master/build.gradle
2018-04-08 15:30:12,864 INFO  DownloadService - Downloading "https://raw.github.com/chrisbanes/gradle-mvn-push/master/gradle-mvn-push.gradle", attempt 3
2018-04-08 15:30:13,177 INFO  DownloadService - Downloaded https://raw.github.com/chrisbanes/gradle-mvn-push/master/gradle-mvn-push.gradle, attempt 3
2018-04-08 15:30:13,177 INFO  ProjectBuildService - Remote scripts: https://raw.github.com/chrisbanes/gradle-mvn-push/master/gradle-mvn-push.gradle
2018-04-08 15:30:13,177 INFO  ProjectFixService - Fixing project...
2018-04-08 15:30:13,184 INFO  LocalPropertiesFixService - Created fake /tmp/rdisk/927/src/dspec-master/library/local.properties
2018-04-08 15:30:13,184 INFO  ProjectFixService - Build info for "/tmp/rdisk/927/src/dspec-master/library/build.gradle": [buildToolsVersion=21.1.2,compileSdkVersion=19,minSdkVersion=<null>,targetSdkVersion=<null>]
2018-04-08 15:30:13,185 INFO  ProjectFixService - Fixed build info for "/tmp/rdisk/927/src/dspec-master/library/build.gradle": [buildToolsVersion=21.1.2,compileSdkVersion=19,minSdkVersion=27,targetSdkVersion=27]
2018-04-08 15:30:13,185 INFO  LocalPropertiesFixService - Created fake /tmp/rdisk/927/src/dspec-master/sample/local.properties
2018-04-08 15:30:13,186 INFO  ProjectFixService - Build info for "/tmp/rdisk/927/src/dspec-master/sample/build.gradle": [buildToolsVersion=21.1.2,compileSdkVersion=19,minSdkVersion=<null>,targetSdkVersion=<null>]
2018-04-08 15:30:13,186 INFO  ProjectFixService - Fixed build info for "/tmp/rdisk/927/src/dspec-master/sample/build.gradle": [buildToolsVersion=21.1.2,compileSdkVersion=19,minSdkVersion=27,targetSdkVersion=27]
2018-04-08 15:30:13,187 INFO  LocalPropertiesFixService - Created fake /tmp/rdisk/927/src/dspec-master/local.properties
2018-04-08 15:30:13,188 INFO  WrapperPropertiesFixService - Gradle wrapper: https://services.gradle.org/distributions/gradle-2.2.1-all.zip
2018-04-08 15:30:13,188 INFO  WrapperPropertiesFixService - Gradle wrapper was changed from "-all.zip" to "-bin.zip" (https://services.gradle.org/distributions/gradle-2.2.1-bin.zip)
2018-04-08 15:30:13,189 INFO  ProjectFixService - Build info for "/tmp/rdisk/927/src/dspec-master/build.gradle": [buildToolsVersion=21.1.2,compileSdkVersion=19,minSdkVersion=<null>,targetSdkVersion=<null>]
2018-04-08 15:30:13,189 INFO  ProjectFixService - Fixed build info for "/tmp/rdisk/927/src/dspec-master/build.gradle": [buildToolsVersion=21.1.2,compileSdkVersion=19,minSdkVersion=27,targetSdkVersion=27]
2018-04-08 15:30:13,189 INFO  ProjectFixService - Project was maybe fixed
2018-04-08 15:30:13,189 INFO  ProjectTaskService - Detecting possible tasks...
2018-04-08 15:30:13,189 INFO  SysUtils - Execute command: [/tmp/rdisk/927/src/dspec-master/gradlew, -b, /tmp/rdisk/927/src/dspec-master/library/build.gradle, -Dorg.gradle.daemon=false, -Dorg.gradle.daemon.performance.enable-monitoring=false, -Dorg.gradle.configureondemand=true, tasks]
2018-04-08 15:30:22,434 INFO  ProjectTaskService - Detected possible tasks: 58
2018-04-08 15:30:22,434 INFO  ProjectTaskService - Excluded tasks (11): lintDebug androidJavadocs deviceCheck lint androidSourcesJar connectedCheck uninstallAll androidJavadocsJar check connectedAndroidTest lintRelease
2018-04-08 15:30:22,435 INFO  SysUtils - Execute command: [/tmp/rdisk/927/src/dspec-master/gradlew, -b, /tmp/rdisk/927/src/dspec-master/library/build.gradle, -Dorg.gradle.daemon=false, -Dorg.gradle.daemon.performance.enable-monitoring=false, -Dorg.gradle.configureondemand=true, --stacktrace, -x, lintDebug, -x, androidJavadocs, -x, deviceCheck, -x, lint, -x, androidSourcesJar, -x, connectedCheck, -x, uninstallAll, -x, androidJavadocsJar, -x, check, -x, connectedAndroidTest, -x, lintRelease, build]
2018-04-08 15:30:30,627 INFO  SysUtils - Configuration on demand is an incubating feature.
:library:compileLint
:library:copyDebugLint UP-TO-DATE
:library:mergeDebugProguardFiles
:library:preBuild
:library:preDebugBuild
:library:checkDebugManifest
:library:prepareDebugDependencies
:library:compileDebugAidl
:library:compileDebugRenderscript
:library:generateDebugBuildConfig
:library:generateDebugAssets UP-TO-DATE
:library:mergeDebugAssets
:library:generateDebugResValues
:library:generateDebugResources
:library:packageDebugResources
:library:processDebugManifest
:library:processDebugResources
:library:generateDebugSources
:library:compileDebugJava
:library:processDebugJavaRes UP-TO-DATE
:library:packageDebugJar
:library:compileDebugNdk
:library:packageDebugJniLibs UP-TO-DATE
:library:packageDebugLocalJar UP-TO-DATE
:library:packageDebugRenderscript UP-TO-DATE
:library:bundleDebug
:library:assembleDebug
:library:copyReleaseLint UP-TO-DATE
:library:mergeReleaseProguardFiles
:library:preReleaseBuild
:library:checkReleaseManifest
:library:prepareReleaseDependencies
:library:compileReleaseAidl
:library:compileReleaseRenderscript
:library:generateReleaseBuildConfig
:library:generateReleaseAssets UP-TO-DATE
:library:mergeReleaseAssets
:library:generateReleaseResValues
:library:generateReleaseResources
:library:packageReleaseResources
:library:processReleaseManifest
:library:processReleaseResources
:library:generateReleaseSources
:library:compileReleaseJava
:library:processReleaseJavaRes UP-TO-DATE
:library:packageReleaseJar
:library:compileReleaseNdk
:library:packageReleaseJniLibs UP-TO-DATE
:library:packageReleaseLocalJar UP-TO-DATE
:library:packageReleaseRenderscript UP-TO-DATE
:library:bundleRelease
:library:assembleRelease
:library:signArchives SKIPPED
:library:assemble
:library:build

BUILD SUCCESSFUL

Total time: 7.593 secs

2018-04-08 15:30:30,633 INFO  ProjectTaskService - Detecting possible tasks...
2018-04-08 15:30:30,633 INFO  SysUtils - Execute command: [/tmp/rdisk/927/src/dspec-master/gradlew, -b, /tmp/rdisk/927/src/dspec-master/sample/build.gradle, -Dorg.gradle.daemon=false, -Dorg.gradle.daemon.performance.enable-monitoring=false, -Dorg.gradle.configureondemand=true, tasks]
2018-04-08 15:30:37,911 INFO  ProjectTaskService - Detected possible tasks: 57
2018-04-08 15:30:37,912 INFO  ProjectTaskService - Excluded tasks (14): lintDebug androidJavadocs deviceCheck lint androidSourcesJar uninstallRelease connectedCheck uninstallAll androidJavadocsJar check connectedAndroidTest installDebug lintRelease uninstallDebug
2018-04-08 15:30:37,912 INFO  SysUtils - Execute command: [/tmp/rdisk/927/src/dspec-master/gradlew, -b, /tmp/rdisk/927/src/dspec-master/sample/build.gradle, -Dorg.gradle.daemon=false, -Dorg.gradle.daemon.performance.enable-monitoring=false, -Dorg.gradle.configureondemand=true, --stacktrace, -x, lintDebug, -x, androidJavadocs, -x, deviceCheck, -x, lint, -x, androidSourcesJar, -x, uninstallRelease, -x, connectedCheck, -x, uninstallAll, -x, androidJavadocsJar, -x, check, -x, connectedAndroidTest, -x, installDebug, -x, lintRelease, -x, uninstallDebug, build]
2018-04-08 15:30:44,901 ERROR SysUtils - Could not process external command
org.apache.commons.exec.ExecuteException: Process exited with an error: 1 (Exit value: 1)
	at org.apache.commons.exec.DefaultExecutor.executeInternal(DefaultExecutor.java:404)
	at org.apache.commons.exec.DefaultExecutor.execute(DefaultExecutor.java:166)
	at com.github.vbauer.apkmaster.util.SysUtils.execute(SysUtils.java:67)
	at com.github.vbauer.apkmaster.util.SysUtils.executeSimple(SysUtils.java:43)
	at com.github.vbauer.apkmaster.service.assembly.ProjectBuildService.buildProject(ProjectBuildService.java:78)
	at com.github.vbauer.apkmaster.service.assembly.ProjectBuildService.buildProject(ProjectBuildService.java:64)
	at com.github.vbauer.apkmaster.service.assembly.ProjectBuildService.buildProject(ProjectBuildService.java:43)
	at com.github.vbauer.apkmaster.service.FullProcessService.build(FullProcessService.java:84)
	at com.github.vbauer.apkmaster.service.FullProcessService.process(FullProcessService.java:34)
	at com.github.vbauer.apkmaster.app.MainApplication.process(MainApplication.java:38)
	at com.github.vbauer.apkmaster.app.MainApplication.main(MainApplication.java:20)
	at sun.reflect.GeneratedMethodAccessor8.invoke(Unknown Source)
	at sun.reflect.DelegatingMethodAccessorImpl.invoke(DelegatingMethodAccessorImpl.java:43)
	at java.lang.reflect.Method.invoke(Method.java:498)
	at com.android.arsenal.util.ReflectionUtils.invoke(ReflectionUtils.java:42)
	at com.android.arsenal.util.ApkMasterUtils.main(ApkMasterUtils.java:30)
	at com.android.arsenal.service.processor.impl.BuildProcessorServiceImpl.buildProject(BuildProcessorServiceImpl.java:197)
	at com.android.arsenal.service.processor.impl.BuildProcessorServiceImpl.build(BuildProcessorServiceImpl.java:131)
	at com.android.arsenal.service.processor.impl.BuildProcessorServiceImpl.lambda$null$1(BuildProcessorServiceImpl.java:114)
	at java.util.concurrent.FutureTask.run(FutureTask.java:266)
	at java.util.concurrent.Executors$RunnableAdapter.call(Executors.java:511)
	at java.util.concurrent.FutureTask.run(FutureTask.java:266)
	at java.util.concurrent.ThreadPoolExecutor.runWorker(ThreadPoolExecutor.java:1149)
	at java.util.concurrent.ThreadPoolExecutor$Worker.run(ThreadPoolExecutor.java:624)
	at java.lang.Thread.run(Thread.java:748)
2018-04-08 15:30:44,901 INFO  SysUtils - Configuration on demand is an incubating feature.

FAILURE: Build failed with an exception.

* What went wrong:
Task 'androidJavadocs' not found in project ':sample'.

* Try:
Run gradlew tasks to get a list of available tasks. Run with --info or --debug option to get more log output.

* Exception is:
org.gradle.execution.TaskSelectionException: Task 'androidJavadocs' not found in project ':sample'.
	at org.gradle.execution.TaskSelector.getSelection(TaskSelector.java:101)
	at org.gradle.execution.TaskSelector.getFilter(TaskSelector.java:64)
	at org.gradle.execution.ExcludedTaskFilteringBuildConfigurationAction.configure(ExcludedTaskFilteringBuildConfigurationAction.java:42)
	at org.gradle.execution.DefaultBuildExecuter.configure(DefaultBuildExecuter.java:42)
	at org.gradle.execution.DefaultBuildExecuter.access$100(DefaultBuildExecuter.java:23)
	at org.gradle.execution.DefaultBuildExecuter$1.proceed(DefaultBuildExecuter.java:48)
	at org.gradle.execution.DefaultTasksBuildExecutionAction.configure(DefaultTasksBuildExecutionAction.java:44)
	at org.gradle.execution.DefaultBuildExecuter.configure(DefaultBuildExecuter.java:42)
	at org.gradle.execution.DefaultBuildExecuter.select(DefaultBuildExecuter.java:35)
	at org.gradle.initialization.DefaultGradleLauncher.doBuildStages(DefaultGradleLauncher.java:142)
	at org.gradle.initialization.DefaultGradleLauncher.doBuild(DefaultGradleLauncher.java:106)
	at org.gradle.initialization.DefaultGradleLauncher.run(DefaultGradleLauncher.java:86)
	at org.gradle.launcher.exec.InProcessBuildActionExecuter$DefaultBuildController.run(InProcessBuildActionExecuter.java:80)
	at org.gradle.launcher.cli.ExecuteBuildAction.run(ExecuteBuildAction.java:33)
	at org.gradle.launcher.cli.ExecuteBuildAction.run(ExecuteBuildAction.java:24)
	at org.gradle.launcher.exec.InProcessBuildActionExecuter.execute(InProcessBuildActionExecuter.java:36)
	at org.gradle.launcher.exec.InProcessBuildActionExecuter.execute(InProcessBuildActionExecuter.java:26)
	at org.gradle.launcher.cli.RunBuildAction.run(RunBuildAction.java:51)
	at org.gradle.internal.Actions$RunnableActionAdapter.execute(Actions.java:171)
	at org.gradle.launcher.cli.CommandLineActionFactory$ParseAndBuildAction.execute(CommandLineActionFactory.java:237)
	at org.gradle.launcher.cli.CommandLineActionFactory$ParseAndBuildAction.execute(CommandLineActionFactory.java:210)
	at org.gradle.launcher.cli.JavaRuntimeValidationAction.execute(JavaRuntimeValidationAction.java:35)
	at org.gradle.launcher.cli.JavaRuntimeValidationAction.execute(JavaRuntimeValidationAction.java:24)
	at org.gradle.launcher.cli.CommandLineActionFactory$WithLogging.execute(CommandLineActionFactory.java:206)
	at org.gradle.launcher.cli.CommandLineActionFactory$WithLogging.execute(CommandLineActionFactory.java:169)
	at org.gradle.launcher.cli.ExceptionReportingAction.execute(ExceptionReportingAction.java:33)
	at org.gradle.launcher.cli.ExceptionReportingAction.execute(ExceptionReportingAction.java:22)
	at org.gradle.launcher.Main.doAction(Main.java:33)
	at org.gradle.launcher.bootstrap.EntryPoint.run(EntryPoint.java:45)
	at org.gradle.launcher.bootstrap.ProcessBootstrap.runNoExit(ProcessBootstrap.java:54)
	at org.gradle.launcher.bootstrap.ProcessBootstrap.run(ProcessBootstrap.java:35)
	at org.gradle.launcher.GradleMain.main(GradleMain.java:23)
	at org.gradle.wrapper.BootstrapMainStarter.start(BootstrapMainStarter.java:33)
	at org.gradle.wrapper.WrapperExecutor.execute(WrapperExecutor.java:130)
	at org.gradle.wrapper.GradleWrapperMain.main(GradleWrapperMain.java:48)


BUILD FAILED

Total time: 6.556 secs

2018-04-08 15:30:44,901 ERROR ProjectBuildService - Excluded tasks were detected wrong
2018-04-08 15:30:44,901 INFO  SysUtils - Execute command: [/tmp/rdisk/927/src/dspec-master/gradlew, -b, /tmp/rdisk/927/src/dspec-master/sample/build.gradle, -Dorg.gradle.daemon=false, -Dorg.gradle.daemon.performance.enable-monitoring=false, -Dorg.gradle.configureondemand=true, --stacktrace, build]
2018-04-08 15:31:10,384 INFO  SysUtils - Configuration on demand is an incubating feature.
:sample:preBuild
:sample:compileDebugNdk
:library:compileLint
:library:copyReleaseLint UP-TO-DATE
:library:mergeReleaseProguardFiles UP-TO-DATE
:library:preBuild
:library:preReleaseBuild
:library:checkReleaseManifest
:library:prepareReleaseDependencies
:library:compileReleaseAidl UP-TO-DATE
:library:compileReleaseRenderscript UP-TO-DATE
:library:generateReleaseBuildConfig UP-TO-DATE
:library:generateReleaseAssets UP-TO-DATE
:library:mergeReleaseAssets UP-TO-DATE
:library:generateReleaseResValues UP-TO-DATE
:library:generateReleaseResources UP-TO-DATE
:library:packageReleaseResources UP-TO-DATE
:library:processReleaseManifest UP-TO-DATE
:library:processReleaseResources UP-TO-DATE
:library:generateReleaseSources UP-TO-DATE
:library:compileReleaseJava UP-TO-DATE
:library:processReleaseJavaRes UP-TO-DATE
:library:packageReleaseJar UP-TO-DATE
:library:compileReleaseNdk UP-TO-DATE
:library:packageReleaseJniLibs UP-TO-DATE
:library:packageReleaseLocalJar UP-TO-DATE
:library:packageReleaseRenderscript UP-TO-DATE
:library:bundleRelease UP-TO-DATE
:sample:preDebugBuild
:sample:checkDebugManifest
:sample:preReleaseBuild
:sample:prepareComAndroidSupportAppcompatV72000Library
:sample:prepareComAndroidSupportSupportV42000Library
:sample:prepareDspecMasterLibraryUnspecifiedLibrary
:sample:prepareDebugDependencies
:sample:compileDebugAidl
:sample:compileDebugRenderscript
:sample:generateDebugBuildConfig
:sample:generateDebugAssets UP-TO-DATE
:sample:mergeDebugAssets
:sample:generateDebugResValues
:sample:generateDebugResources
:sample:mergeDebugResources/tmp/rdisk/927/src/dspec-master/sample/build/intermediates/exploded-aar/com.android.support/appcompat-v7/20.0.0/res/drawable-mdpi/abc_ic_search.png: libpng warning: iCCP: Not recognizing known sRGB profile that has been edited
/tmp/rdisk/927/src/dspec-master/sample/build/intermediates/exploded-aar/com.android.support/appcompat-v7/20.0.0/res/drawable-hdpi/abc_ab_share_pack_holo_light.9.png: libpng warning: iCCP: Not recognizing known sRGB profile that has been edited
/tmp/rdisk/927/src/dspec-master/sample/build/intermediates/exploded-aar/com.android.support/appcompat-v7/20.0.0/res/drawable-xxhdpi/abc_ic_voice_search.png: libpng warning: iCCP: profile 'icc': 'GRAY': Gray color space not permitted on RGB PNG
/tmp/rdisk/927/src/dspec-master/sample/build/intermediates/exploded-aar/com.android.support/appcompat-v7/20.0.0/res/drawable-hdpi/abc_ab_share_pack_holo_dark.9.png: libpng warning: iCCP: Not recognizing known sRGB profile that has been edited
/tmp/rdisk/927/src/dspec-master/sample/build/intermediates/exploded-aar/com.android.support/appcompat-v7/20.0.0/res/drawable-xxhdpi/abc_ic_clear_disabled.png: libpng warning: iCCP: profile 'icc': 'GRAY': Gray color space not permitted on RGB PNG
/tmp/rdisk/927/src/dspec-master/sample/build/intermediates/exploded-aar/com.android.support/appcompat-v7/20.0.0/res/drawable-hdpi/abc_ic_clear_disabled.png: libpng warning: iCCP: Not recognizing known sRGB profile that has been edited
/tmp/rdisk/927/src/dspec-master/sample/build/intermediates/exploded-aar/com.android.support/appcompat-v7/20.0.0/res/drawable-mdpi/abc_ic_voice_search.png: libpng warning: iCCP: Not recognizing known sRGB profile that has been edited
/tmp/rdisk/927/src/dspec-master/sample/build/intermediates/exploded-aar/com.android.support/appcompat-v7/20.0.0/res/drawable-xhdpi/abc_ic_clear_disabled.png: libpng warning: iCCP: Not recognizing known sRGB profile that has been edited
/tmp/rdisk/927/src/dspec-master/sample/build/intermediates/exploded-aar/com.android.support/appcompat-v7/20.0.0/res/drawable-mdpi/abc_ic_go.png: libpng warning: iCCP: Not recognizing known sRGB profile that has been edited
/tmp/rdisk/927/src/dspec-master/sample/build/intermediates/exploded-aar/com.android.support/appcompat-v7/20.0.0/res/drawable-xhdpi/abc_ic_search.png: libpng warning: iCCP: Not recognizing known sRGB profile that has been edited
/tmp/rdisk/927/src/dspec-master/sample/build/intermediates/exploded-aar/com.android.support/appcompat-v7/20.0.0/res/drawable-xxhdpi/abc_ic_go.png: libpng warning: iCCP: profile 'icc': 'GRAY': Gray color space not permitted on RGB PNG
/tmp/rdisk/927/src/dspec-master/sample/build/intermediates/exploded-aar/com.android.support/appcompat-v7/20.0.0/res/drawable-hdpi/abc_ic_go.png: libpng warning: iCCP: Not recognizing known sRGB profile that has been edited
/tmp/rdisk/927/src/dspec-master/sample/build/intermediates/exploded-aar/com.android.support/appcompat-v7/20.0.0/res/drawable-xhdpi/abc_ab_share_pack_holo_dark.9.png: libpng warning: iCCP: Not recognizing known sRGB profile that has been edited
/tmp/rdisk/927/src/dspec-master/sample/build/intermediates/exploded-aar/com.android.support/appcompat-v7/20.0.0/res/drawable-xhdpi/abc_ic_go.png: libpng warning: iCCP: Not recognizing known sRGB profile that has been edited
/tmp/rdisk/927/src/dspec-master/sample/build/intermediates/exploded-aar/com.android.support/appcompat-v7/20.0.0/res/drawable-xhdpi/abc_ic_voice_search.png: libpng warning: iCCP: Not recognizing known sRGB profile that has been edited
/tmp/rdisk/927/src/dspec-master/sample/build/intermediates/exploded-aar/com.android.support/appcompat-v7/20.0.0/res/drawable-xxhdpi/abc_ic_search.png: libpng warning: iCCP: profile 'icc': 'GRAY': Gray color space not permitted on RGB PNG
/tmp/rdisk/927/src/dspec-master/sample/build/intermediates/exploded-aar/com.android.support/appcompat-v7/20.0.0/res/drawable-hdpi/abc_ic_clear_normal.png: libpng warning: iCCP: Not recognizing known sRGB profile that has been edited
/tmp/rdisk/927/src/dspec-master/sample/build/intermediates/exploded-aar/com.android.support/appcompat-v7/20.0.0/res/drawable-mdpi/abc_ab_share_pack_holo_dark.9.png: libpng warning: iCCP: Not recognizing known sRGB profile that has been edited
/tmp/rdisk/927/src/dspec-master/sample/build/intermediates/exploded-aar/com.android.support/appcompat-v7/20.0.0/res/drawable-xxhdpi/abc_ic_clear_normal.png: libpng warning: iCCP: profile 'icc': 'GRAY': Gray color space not permitted on RGB PNG
/tmp/rdisk/927/src/dspec-master/sample/build/intermediates/exploded-aar/com.android.support/appcompat-v7/20.0.0/res/drawable-mdpi/abc_ic_clear_disabled.png: libpng warning: iCCP: Not recognizing known sRGB profile that has been edited
/tmp/rdisk/927/src/dspec-master/sample/build/intermediates/exploded-aar/com.android.support/appcompat-v7/20.0.0/res/drawable-hdpi/abc_ic_search.png: libpng warning: iCCP: Not recognizing known sRGB profile that has been edited
/tmp/rdisk/927/src/dspec-master/sample/build/intermediates/exploded-aar/com.android.support/appcompat-v7/20.0.0/res/drawable-xhdpi/abc_ab_share_pack_holo_light.9.png: libpng warning: iCCP: Not recognizing known sRGB profile that has been edited
/tmp/rdisk/927/src/dspec-master/sample/build/intermediates/exploded-aar/com.android.support/appcompat-v7/20.0.0/res/drawable-hdpi/abc_ic_voice_search.png: libpng warning: iCCP: Not recognizing known sRGB profile that has been edited

:sample:processDebugManifest
:sample:processDebugResources
:sample:generateDebugSources
:sample:compileDebugJava
:sample:preDexDebug
:sample:dexDebug
:sample:processDebugJavaRes UP-TO-DATE
:sample:validateDebugSigning
:sample:packageDebug
:sample:zipalignDebug
:sample:assembleDebug
:sample:checkReleaseManifest
:sample:prepareReleaseDependencies
:sample:compileReleaseAidl
:sample:compileReleaseRenderscript
:sample:generateReleaseBuildConfig
:sample:generateReleaseAssets UP-TO-DATE
:sample:mergeReleaseAssets
:sample:generateReleaseResValues
:sample:generateReleaseResources
:sample:mergeReleaseResources/tmp/rdisk/927/src/dspec-master/sample/build/intermediates/exploded-aar/com.android.support/appcompat-v7/20.0.0/res/drawable-mdpi/abc_ic_search.png: libpng warning: iCCP: Not recognizing known sRGB profile that has been edited
/tmp/rdisk/927/src/dspec-master/sample/build/intermediates/exploded-aar/com.android.support/appcompat-v7/20.0.0/res/drawable-hdpi/abc_ab_share_pack_holo_light.9.png: libpng warning: iCCP: Not recognizing known sRGB profile that has been edited
/tmp/rdisk/927/src/dspec-master/sample/build/intermediates/exploded-aar/com.android.support/appcompat-v7/20.0.0/res/drawable-xxhdpi/abc_ic_voice_search.png: libpng warning: iCCP: profile 'icc': 'GRAY': Gray color space not permitted on RGB PNG
/tmp/rdisk/927/src/dspec-master/sample/build/intermediates/exploded-aar/com.android.support/appcompat-v7/20.0.0/res/drawable-xxhdpi/abc_ic_clear_disabled.png: libpng warning: iCCP: profile 'icc': 'GRAY': Gray color space not permitted on RGB PNG
/tmp/rdisk/927/src/dspec-master/sample/build/intermediates/exploded-aar/com.android.support/appcompat-v7/20.0.0/res/drawable-hdpi/abc_ab_share_pack_holo_dark.9.png: libpng warning: iCCP: Not recognizing known sRGB profile that has been edited
/tmp/rdisk/927/src/dspec-master/sample/build/intermediates/exploded-aar/com.android.support/appcompat-v7/20.0.0/res/drawable-mdpi/abc_ic_voice_search.png: libpng warning: iCCP: Not recognizing known sRGB profile that has been edited
/tmp/rdisk/927/src/dspec-master/sample/build/intermediates/exploded-aar/com.android.support/appcompat-v7/20.0.0/res/drawable-hdpi/abc_ic_clear_disabled.png: libpng warning: iCCP: Not recognizing known sRGB profile that has been edited
/tmp/rdisk/927/src/dspec-master/sample/build/intermediates/exploded-aar/com.android.support/appcompat-v7/20.0.0/res/drawable-mdpi/abc_ic_go.png: libpng warning: iCCP: Not recognizing known sRGB profile that has been edited
/tmp/rdisk/927/src/dspec-master/sample/build/intermediates/exploded-aar/com.android.support/appcompat-v7/20.0.0/res/drawable-xhdpi/abc_ic_clear_disabled.png: libpng warning: iCCP: Not recognizing known sRGB profile that has been edited
/tmp/rdisk/927/src/dspec-master/sample/build/intermediates/exploded-aar/com.android.support/appcompat-v7/20.0.0/res/drawable-xhdpi/abc_ic_search.png: libpng warning: iCCP: Not recognizing known sRGB profile that has been edited
/tmp/rdisk/927/src/dspec-master/sample/build/intermediates/exploded-aar/com.android.support/appcompat-v7/20.0.0/res/drawable-xxhdpi/abc_ic_go.png: libpng warning: iCCP: profile 'icc': 'GRAY': Gray color space not permitted on RGB PNG
/tmp/rdisk/927/src/dspec-master/sample/build/intermediates/exploded-aar/com.android.support/appcompat-v7/20.0.0/res/drawable-hdpi/abc_ic_go.png: libpng warning: iCCP: Not recognizing known sRGB profile that has been edited
/tmp/rdisk/927/src/dspec-master/sample/build/intermediates/exploded-aar/com.android.support/appcompat-v7/20.0.0/res/drawable-xhdpi/abc_ab_share_pack_holo_dark.9.png: libpng warning: iCCP: Not recognizing known sRGB profile that has been edited
/tmp/rdisk/927/src/dspec-master/sample/build/intermediates/exploded-aar/com.android.support/appcompat-v7/20.0.0/res/drawable-xhdpi/abc_ic_go.png: libpng warning: iCCP: Not recognizing known sRGB profile that has been edited
/tmp/rdisk/927/src/dspec-master/sample/build/intermediates/exploded-aar/com.android.support/appcompat-v7/20.0.0/res/drawable-xhdpi/abc_ic_voice_search.png: libpng warning: iCCP: Not recognizing known sRGB profile that has been edited
/tmp/rdisk/927/src/dspec-master/sample/build/intermediates/exploded-aar/com.android.support/appcompat-v7/20.0.0/res/drawable-xxhdpi/abc_ic_search.png: libpng warning: iCCP: profile 'icc': 'GRAY': Gray color space not permitted on RGB PNG
/tmp/rdisk/927/src/dspec-master/sample/build/intermediates/exploded-aar/com.android.support/appcompat-v7/20.0.0/res/drawable-mdpi/abc_ab_share_pack_holo_dark.9.png: libpng warning: iCCP: Not recognizing known sRGB profile that has been edited
/tmp/rdisk/927/src/dspec-master/sample/build/intermediates/exploded-aar/com.android.support/appcompat-v7/20.0.0/res/drawable-hdpi/abc_ic_clear_normal.png: libpng warning: iCCP: Not recognizing known sRGB profile that has been edited
/tmp/rdisk/927/src/dspec-master/sample/build/intermediates/exploded-aar/com.android.support/appcompat-v7/20.0.0/res/drawable-xxhdpi/abc_ic_clear_normal.png: libpng warning: iCCP: profile 'icc': 'GRAY': Gray color space not permitted on RGB PNG
/tmp/rdisk/927/src/dspec-master/sample/build/intermediates/exploded-aar/com.android.support/appcompat-v7/20.0.0/res/drawable-mdpi/abc_ic_clear_disabled.png: libpng warning: iCCP: Not recognizing known sRGB profile that has been edited
/tmp/rdisk/927/src/dspec-master/sample/build/intermediates/exploded-aar/com.android.support/appcompat-v7/20.0.0/res/drawable-hdpi/abc_ic_search.png: libpng warning: iCCP: Not recognizing known sRGB profile that has been edited
/tmp/rdisk/927/src/dspec-master/sample/build/intermediates/exploded-aar/com.android.support/appcompat-v7/20.0.0/res/drawable-xhdpi/abc_ab_share_pack_holo_light.9.png: libpng warning: iCCP: Not recognizing known sRGB profile that has been edited
/tmp/rdisk/927/src/dspec-master/sample/build/intermediates/exploded-aar/com.android.support/appcompat-v7/20.0.0/res/drawable-hdpi/abc_ic_voice_search.png: libpng warning: iCCP: Not recognizing known sRGB profile that has been edited

:sample:processReleaseManifest
:sample:processReleaseResources
:sample:generateReleaseSources
:sample:compileReleaseJava
:sample:lintVitalRelease SKIPPED
:sample:compileReleaseNdk
:sample:preDexRelease
:sample:dexRelease
:sample:processReleaseJavaRes UP-TO-DATE
:sample:packageRelease
:sample:assembleRelease
:sample:assemble
:sample:compileLint
:sample:lint
Ran lint on variant debug: 6 issues found
Ran lint on variant release: 6 issues found
Wrote HTML report to file:/tmp/rdisk/927/src/dspec-master/sample/build/outputs/lint-results.html
Wrote XML report to /tmp/rdisk/927/src/dspec-master/sample/build/outputs/lint-results.xml
:sample:check
:sample:build

BUILD SUCCESSFUL

Total time: 25.042 secs

2018-04-08 15:31:10,420 INFO  FullProcessService - Found APK file: /tmp/rdisk/927/src/dspec-master/sample/build/outputs/apk/sample-release-unsigned.apk
