2018-04-09 09:36:44,165 INFO  DownloadService - Downloading "https://github.com/Arasthel/SwissKnife/archive/master.zip", attempt 3
2018-04-09 09:36:45,994 INFO  DownloadService - Downloaded https://github.com/Arasthel/SwissKnife/archive/master.zip, attempt 3
2018-04-09 09:36:45,994 INFO  DownloadService - Size of file "/tmp/rdisk/852/master.zip": 1 MB
2018-04-09 09:36:45,994 INFO  ArchiveUtils - Checking entries [.gradle] in ZIP file...
2018-04-09 09:36:45,994 INFO  ArchiveUtils - Has entries [.gradle] in ZIP file /tmp/rdisk/852/master.zip: true
2018-04-09 09:36:45,994 DEBUG ZipUtil - Extracting '/tmp/rdisk/852/master.zip' into '/tmp/rdisk/852/src'.
2018-04-09 09:36:46,025 INFO  FullProcessService - Size of directory with sources: 1 MB
2018-04-09 09:36:46,025 INFO  SysUtils - Execute command: [git, init, /tmp/rdisk/852/src]
2018-04-09 09:36:46,030 INFO  SysUtils - Initialized empty Git repository in /tmp/rdisk/852/src/.git/

2018-04-09 09:36:46,034 INFO  ProjectBuildService - Gradle wrapper(s): /tmp/rdisk/852/src/SwissKnife-master/gradlew
2018-04-09 09:36:46,038 INFO  ProjectBuildService - Build script(s): /tmp/rdisk/852/src/SwissKnife-master/build.gradle
2018-04-09 09:36:46,042 INFO  ProjectBuildService - All script(s): /tmp/rdisk/852/src/SwissKnife-master/wear/wear.gradle /tmp/rdisk/852/src/SwissKnife-master/settings.gradle /tmp/rdisk/852/src/SwissKnife-master/sample/sample.gradle /tmp/rdisk/852/src/SwissKnife-master/gradle/maven_push.gradle /tmp/rdisk/852/src/SwissKnife-master/build.gradle /tmp/rdisk/852/src/SwissKnife-master/SwissKnife/swissknife.gradle
2018-04-09 09:36:46,051 INFO  ProjectBuildService - Remote scripts: none
2018-04-09 09:36:46,051 INFO  ProjectFixService - Fixing project...
2018-04-09 09:36:46,063 INFO  LocalPropertiesFixService - Created fake /tmp/rdisk/852/src/SwissKnife-master/local.properties
2018-04-09 09:36:46,064 INFO  WrapperPropertiesFixService - Gradle wrapper: https://services.gradle.org/distributions/gradle-2.4-all.zip
2018-04-09 09:36:46,064 INFO  WrapperPropertiesFixService - Gradle wrapper was changed from "-all.zip" to "-bin.zip" (https://services.gradle.org/distributions/gradle-2.4-bin.zip)
2018-04-09 09:36:46,066 INFO  ProjectFixService - Build info for "/tmp/rdisk/852/src/SwissKnife-master/build.gradle": [buildToolsVersion=<null>,compileSdkVersion=<null>,minSdkVersion=8,targetSdkVersion=22]
2018-04-09 09:36:46,066 INFO  ProjectFixService - Fixed build info for "/tmp/rdisk/852/src/SwissKnife-master/build.gradle": [buildToolsVersion=28.0.0-rc1,compileSdkVersion=27,minSdkVersion=8,targetSdkVersion=22]
2018-04-09 09:36:46,067 INFO  ProjectFixService - Project was maybe fixed
2018-04-09 09:36:46,067 INFO  ProjectTaskService - Detecting possible tasks...
2018-04-09 09:36:46,067 INFO  SysUtils - Execute command: [/tmp/rdisk/852/src/SwissKnife-master/gradlew, -b, /tmp/rdisk/852/src/SwissKnife-master/build.gradle, -Dorg.gradle.daemon=false, -Dorg.gradle.daemon.performance.enable-monitoring=false, -Dorg.gradle.configureondemand=true, tasks]
2018-04-09 09:37:26,875 INFO  ProjectTaskService - Detected possible tasks: 92
2018-04-09 09:37:26,875 INFO  ProjectTaskService - Excluded tasks (20): lintDebug mockableAndroidJar deviceCheck lint uninstallRelease deviceAndroidTest uninstallDebugAndroidTest installDebugAndroidTest connectedCheck uninstallAll androidJavadocsJar testRelease test check connectedAndroidTest installDebug lintRelease testDebug connectedAndroidTestDebug uninstallDebug
2018-04-09 09:37:26,875 INFO  SysUtils - Execute command: [/tmp/rdisk/852/src/SwissKnife-master/gradlew, -b, /tmp/rdisk/852/src/SwissKnife-master/build.gradle, -Dorg.gradle.daemon=false, -Dorg.gradle.daemon.performance.enable-monitoring=false, -Dorg.gradle.configureondemand=true, --stacktrace, -x, lintDebug, -x, mockableAndroidJar, -x, deviceCheck, -x, lint, -x, uninstallRelease, -x, deviceAndroidTest, -x, uninstallDebugAndroidTest, -x, installDebugAndroidTest, -x, connectedCheck, -x, uninstallAll, -x, androidJavadocsJar, -x, testRelease, -x, test, -x, check, -x, connectedAndroidTest, -x, installDebug, -x, lintRelease, -x, testDebug, -x, connectedAndroidTestDebug, -x, uninstallDebug, build]
2018-04-09 09:37:40,451 ERROR SysUtils - Could not process external command
org.apache.commons.exec.ExecuteException: Process exited with an error: 1 (Exit value: 1)
	at org.apache.commons.exec.DefaultExecutor.executeInternal(DefaultExecutor.java:404)
	at org.apache.commons.exec.DefaultExecutor.execute(DefaultExecutor.java:166)
	at com.github.vbauer.apkmaster.util.SysUtils.execute(SysUtils.java:67)
	at com.github.vbauer.apkmaster.util.SysUtils.executeSimple(SysUtils.java:43)
	at com.github.vbauer.apkmaster.service.assembly.ProjectBuildService.buildProject(ProjectBuildService.java:78)
	at com.github.vbauer.apkmaster.service.assembly.ProjectBuildService.buildProject(ProjectBuildService.java:64)
	at com.github.vbauer.apkmaster.service.assembly.ProjectBuildService.buildProject(ProjectBuildService.java:43)
	at com.github.vbauer.apkmaster.service.FullProcessService.build(FullProcessService.java:84)
	at com.github.vbauer.apkmaster.service.FullProcessService.process(FullProcessService.java:34)
	at com.github.vbauer.apkmaster.app.MainApplication.process(MainApplication.java:38)
	at com.github.vbauer.apkmaster.app.MainApplication.main(MainApplication.java:20)
	at sun.reflect.GeneratedMethodAccessor9.invoke(Unknown Source)
	at sun.reflect.DelegatingMethodAccessorImpl.invoke(DelegatingMethodAccessorImpl.java:43)
	at java.lang.reflect.Method.invoke(Method.java:498)
	at com.android.arsenal.util.ReflectionUtils.invoke(ReflectionUtils.java:42)
	at com.android.arsenal.util.ApkMasterUtils.main(ApkMasterUtils.java:30)
	at com.android.arsenal.service.processor.impl.BuildProcessorServiceImpl.buildProject(BuildProcessorServiceImpl.java:197)
	at com.android.arsenal.service.processor.impl.BuildProcessorServiceImpl.build(BuildProcessorServiceImpl.java:131)
	at com.android.arsenal.service.processor.impl.BuildProcessorServiceImpl.lambda$null$1(BuildProcessorServiceImpl.java:114)
	at java.util.concurrent.FutureTask.run(FutureTask.java:266)
	at java.util.concurrent.Executors$RunnableAdapter.call(Executors.java:511)
	at java.util.concurrent.FutureTask.run(FutureTask.java:266)
	at java.util.concurrent.ThreadPoolExecutor.runWorker(ThreadPoolExecutor.java:1149)
	at java.util.concurrent.ThreadPoolExecutor$Worker.run(ThreadPoolExecutor.java:624)
	at java.lang.Thread.run(Thread.java:748)
2018-04-09 09:37:40,451 INFO  SysUtils - Configuration on demand is an incubating feature.
Task task ':SwissKnife:compileDebugAndroidTestGroovy'
Task task ':SwissKnife:compileDebugGroovy'
Task task ':SwissKnife:compileDebugUnitTestGroovy'
Task task ':SwissKnife:compileReleaseGroovy'
Task task ':SwissKnife:compileReleaseUnitTestGroovy'
Task task ':sample:compileDebugAndroidTestGroovy'
Task task ':sample:compileDebugGroovy'
Task task ':sample:compileDebugUnitTestGroovy'
Task task ':sample:compileReleaseGroovy'
Task task ':sample:compileReleaseUnitTestGroovy'
Task task ':wear:compileDebugAndroidTestGroovy'
Task task ':wear:compileDebugGroovy'
Task task ':wear:compileDebugUnitTestGroovy'
Task task ':wear:compileReleaseGroovy'
Task task ':wear:compileReleaseUnitTestGroovy'
Task task ':sample:compileDebugAndroidTestGroovy'
Task task ':sample:compileDebugGroovy'
Task task ':sample:compileDebugUnitTestGroovy'
Task task ':sample:compileReleaseGroovy'
Task task ':sample:compileReleaseUnitTestGroovy'
:assemble UP-TO-DATE
:build
:SwissKnife:androidSourcesJar
:SwissKnife:compileLint
:SwissKnife:copyDebugLint UP-TO-DATE
:SwissKnife:preBuild UP-TO-DATE
:SwissKnife:preDebugBuild UP-TO-DATE
:SwissKnife:checkDebugManifest
:SwissKnife:preDebugAndroidTestBuild UP-TO-DATE
:SwissKnife:preDebugUnitTestBuild UP-TO-DATE
:SwissKnife:preReleaseBuild UP-TO-DATE
:SwissKnife:preReleaseUnitTestBuild UP-TO-DATE
:SwissKnife:prepareComAndroidSupportAppcompatV72220Library
:SwissKnife:prepareComAndroidSupportSupportV42220Library
:SwissKnife:prepareDebugDependencies
:SwissKnife:compileDebugAidl
:SwissKnife:compileDebugRenderscript
:SwissKnife:generateDebugBuildConfig
:SwissKnife:generateDebugAssets UP-TO-DATE
:SwissKnife:mergeDebugAssets
:SwissKnife:generateDebugResValues
:SwissKnife:generateDebugResources
:SwissKnife:mergeDebugResources
:SwissKnife:processDebugManifest
:SwissKnife:processDebugResources
:SwissKnife:generateDebugSources
:SwissKnife:processDebugJavaRes
:SwissKnife:compileDebugJava
:SwissKnife:compileDebugGroovystartup failed:
General error during semantic analysis: java.lang.NoClassDefFoundError: Unable to load class android.support.v4.app.FragmentActivity due to missing dependency android/support/v4/view/LayoutInflaterFactory

java.lang.RuntimeException: java.lang.NoClassDefFoundError: Unable to load class android.support.v4.app.FragmentActivity due to missing dependency android/support/v4/view/LayoutInflaterFactory
	at org.codehaus.groovy.control.CompilationUnit.convertUncaughtExceptionToCompilationError(CompilationUnit.java:1088)
	at org.codehaus.groovy.control.CompilationUnit.applyToPrimaryClassNodes(CompilationUnit.java:1066)
	at org.codehaus.groovy.control.CompilationUnit.doPhaseOperation(CompilationUnit.java:588)
	at org.codehaus.groovy.control.CompilationUnit.processPhaseOperations(CompilationUnit.java:566)
	at org.codehaus.groovy.control.CompilationUnit.compile(CompilationUnit.java:543)
	at org.codehaus.groovy.control.CompilationUnit.compile(CompilationUnit.java:522)
	at org.gradle.api.internal.tasks.compile.ApiGroovyCompiler.execute(ApiGroovyCompiler.java:156)
	at org.gradle.api.internal.tasks.compile.ApiGroovyCompiler.execute(ApiGroovyCompiler.java:56)
	at org.gradle.api.internal.tasks.compile.daemon.CompilerDaemonServer.execute(CompilerDaemonServer.java:53)
	at sun.reflect.NativeMethodAccessorImpl.invoke0(Native Method)
	at sun.reflect.NativeMethodAccessorImpl.invoke(NativeMethodAccessorImpl.java:62)
	at sun.reflect.DelegatingMethodAccessorImpl.invoke(DelegatingMethodAccessorImpl.java:43)
	at java.lang.reflect.Method.invoke(Method.java:498)
	at org.gradle.messaging.dispatch.ReflectionDispatch.dispatch(ReflectionDispatch.java:35)
	at org.gradle.messaging.dispatch.ReflectionDispatch.dispatch(ReflectionDispatch.java:24)
	at org.gradle.messaging.remote.internal.hub.MessageHub$Handler.run(MessageHub.java:360)
	at org.gradle.internal.concurrent.ExecutorPolicy$CatchAndRecordFailures.onExecute(ExecutorPolicy.java:54)
	at org.gradle.internal.concurrent.StoppableExecutorImpl$1.run(StoppableExecutorImpl.java:40)
	at java.util.concurrent.ThreadPoolExecutor.runWorker(ThreadPoolExecutor.java:1149)
	at java.util.concurrent.ThreadPoolExecutor$Worker.run(ThreadPoolExecutor.java:624)
	at java.lang.Thread.run(Thread.java:748)
Caused by: java.lang.NoClassDefFoundError: Unable to load class android.support.v4.app.FragmentActivity due to missing dependency android/support/v4/view/LayoutInflaterFactory
	at org.codehaus.groovy.vmplugin.v5.Java5.configureClassNode(Java5.java:389)
	at org.codehaus.groovy.ast.ClassNode.lazyClassInit(ClassNode.java:262)
	at org.codehaus.groovy.ast.ClassNode.getUnresolvedSuperClass(ClassNode.java:1001)
	at org.codehaus.groovy.ast.ClassNode.getUnresolvedSuperClass(ClassNode.java:996)
	at org.codehaus.groovy.ast.ClassNode.getSuperClass(ClassNode.java:990)
	at org.codehaus.groovy.ast.ClassNode.isDerivedFrom(ClassNode.java:933)
	at org.codehaus.groovy.transform.stc.StaticTypeCheckingSupport.implementsInterfaceOrIsSubclassOf(StaticTypeCheckingSupport.java:769)
	at org.codehaus.groovy.ast.tools.GenericsUtils.extractSuperClassGenerics(GenericsUtils.java:433)
	at groovy.transform.builder.DefaultStrategy.getCorrectedType(DefaultStrategy.java:210)
	at groovy.transform.builder.DefaultStrategy.buildClass(DefaultStrategy.java:200)
	at groovy.transform.builder.DefaultStrategy.build(DefaultStrategy.java:170)
	at org.codehaus.groovy.transform.BuilderASTTransformation.visit(BuilderASTTransformation.java:70)
	at org.codehaus.groovy.transform.ASTTransformationVisitor.visitClass(ASTTransformationVisitor.java:132)
	at org.codehaus.groovy.transform.ASTTransformationVisitor$2.call(ASTTransformationVisitor.java:176)
	at org.codehaus.groovy.control.CompilationUnit.applyToPrimaryClassNodes(CompilationUnit.java:1052)
	... 19 more

1 error

 FAILED

FAILURE: Build failed with an exception.

* What went wrong:
Execution failed for task ':SwissKnife:compileDebugGroovy'.
> Compilation failed; see the compiler error output for details.

* Try:
Run with --info or --debug option to get more log output.

* Exception is:
org.gradle.api.tasks.TaskExecutionException: Execution failed for task ':SwissKnife:compileDebugGroovy'.
	at org.gradle.api.internal.tasks.execution.ExecuteActionsTaskExecuter.executeActions(ExecuteActionsTaskExecuter.java:69)
	at org.gradle.api.internal.tasks.execution.ExecuteActionsTaskExecuter.execute(ExecuteActionsTaskExecuter.java:46)
	at org.gradle.api.internal.tasks.execution.PostExecutionAnalysisTaskExecuter.execute(PostExecutionAnalysisTaskExecuter.java:35)
	at org.gradle.api.internal.tasks.execution.SkipUpToDateTaskExecuter.execute(SkipUpToDateTaskExecuter.java:64)
	at org.gradle.api.internal.tasks.execution.ValidatingTaskExecuter.execute(ValidatingTaskExecuter.java:58)
	at org.gradle.api.internal.tasks.execution.SkipEmptySourceFilesTaskExecuter.execute(SkipEmptySourceFilesTaskExecuter.java:42)
	at org.gradle.api.internal.tasks.execution.SkipTaskWithNoActionsExecuter.execute(SkipTaskWithNoActionsExecuter.java:52)
	at org.gradle.api.internal.tasks.execution.SkipOnlyIfTaskExecuter.execute(SkipOnlyIfTaskExecuter.java:53)
	at org.gradle.api.internal.tasks.execution.ExecuteAtMostOnceTaskExecuter.execute(ExecuteAtMostOnceTaskExecuter.java:43)
	at org.gradle.api.internal.AbstractTask.executeWithoutThrowingTaskFailure(AbstractTask.java:310)
	at org.gradle.execution.taskgraph.AbstractTaskPlanExecutor$TaskExecutorWorker.executeTask(AbstractTaskPlanExecutor.java:79)
	at org.gradle.execution.taskgraph.AbstractTaskPlanExecutor$TaskExecutorWorker.processTask(AbstractTaskPlanExecutor.java:63)
	at org.gradle.execution.taskgraph.AbstractTaskPlanExecutor$TaskExecutorWorker.run(AbstractTaskPlanExecutor.java:51)
	at org.gradle.execution.taskgraph.DefaultTaskPlanExecutor.process(DefaultTaskPlanExecutor.java:23)
	at org.gradle.execution.taskgraph.DefaultTaskGraphExecuter.execute(DefaultTaskGraphExecuter.java:88)
	at org.gradle.execution.SelectedTaskExecutionAction.execute(SelectedTaskExecutionAction.java:37)
	at org.gradle.execution.DefaultBuildExecuter.execute(DefaultBuildExecuter.java:62)
	at org.gradle.execution.DefaultBuildExecuter.access$200(DefaultBuildExecuter.java:23)
	at org.gradle.execution.DefaultBuildExecuter$2.proceed(DefaultBuildExecuter.java:68)
	at org.gradle.execution.DryRunBuildExecutionAction.execute(DryRunBuildExecutionAction.java:32)
	at org.gradle.execution.DefaultBuildExecuter.execute(DefaultBuildExecuter.java:62)
	at org.gradle.execution.DefaultBuildExecuter.execute(DefaultBuildExecuter.java:55)
	at org.gradle.initialization.DefaultGradleLauncher.doBuildStages(DefaultGradleLauncher.java:149)
	at org.gradle.initialization.DefaultGradleLauncher.doBuild(DefaultGradleLauncher.java:106)
	at org.gradle.initialization.DefaultGradleLauncher.run(DefaultGradleLauncher.java:86)
	at org.gradle.launcher.exec.InProcessBuildActionExecuter$DefaultBuildController.run(InProcessBuildActionExecuter.java:90)
	at org.gradle.tooling.internal.provider.ExecuteBuildActionRunner.run(ExecuteBuildActionRunner.java:28)
	at org.gradle.launcher.exec.ChainingBuildActionRunner.run(ChainingBuildActionRunner.java:35)
	at org.gradle.launcher.exec.InProcessBuildActionExecuter.execute(InProcessBuildActionExecuter.java:41)
	at org.gradle.launcher.exec.InProcessBuildActionExecuter.execute(InProcessBuildActionExecuter.java:28)
	at org.gradle.launcher.exec.DaemonUsageSuggestingBuildActionExecuter.execute(DaemonUsageSuggestingBuildActionExecuter.java:50)
	at org.gradle.launcher.exec.DaemonUsageSuggestingBuildActionExecuter.execute(DaemonUsageSuggestingBuildActionExecuter.java:27)
	at org.gradle.launcher.cli.RunBuildAction.run(RunBuildAction.java:40)
	at org.gradle.internal.Actions$RunnableActionAdapter.execute(Actions.java:169)
	at org.gradle.launcher.cli.CommandLineActionFactory$ParseAndBuildAction.execute(CommandLineActionFactory.java:237)
	at org.gradle.launcher.cli.CommandLineActionFactory$ParseAndBuildAction.execute(CommandLineActionFactory.java:210)
	at org.gradle.launcher.cli.JavaRuntimeValidationAction.execute(JavaRuntimeValidationAction.java:35)
	at org.gradle.launcher.cli.JavaRuntimeValidationAction.execute(JavaRuntimeValidationAction.java:24)
	at org.gradle.launcher.cli.CommandLineActionFactory$WithLogging.execute(CommandLineActionFactory.java:206)
	at org.gradle.launcher.cli.CommandLineActionFactory$WithLogging.execute(CommandLineActionFactory.java:169)
	at org.gradle.launcher.cli.ExceptionReportingAction.execute(ExceptionReportingAction.java:33)
	at org.gradle.launcher.cli.ExceptionReportingAction.execute(ExceptionReportingAction.java:22)
	at org.gradle.launcher.Main.doAction(Main.java:33)
	at org.gradle.launcher.bootstrap.EntryPoint.run(EntryPoint.java:45)
	at org.gradle.launcher.bootstrap.ProcessBootstrap.runNoExit(ProcessBootstrap.java:54)
	at org.gradle.launcher.bootstrap.ProcessBootstrap.run(ProcessBootstrap.java:35)
	at org.gradle.launcher.GradleMain.main(GradleMain.java:23)
	at org.gradle.wrapper.BootstrapMainStarter.start(BootstrapMainStarter.java:30)
	at org.gradle.wrapper.WrapperExecutor.execute(WrapperExecutor.java:127)
	at org.gradle.wrapper.GradleWrapperMain.main(GradleWrapperMain.java:61)
Caused by: org.gradle.api.internal.tasks.compile.CompilationFailedException: Compilation failed; see the compiler error output for details.
	at org.gradle.api.internal.tasks.compile.ApiGroovyCompiler.execute(ApiGroovyCompiler.java:159)
	at org.gradle.api.internal.tasks.compile.ApiGroovyCompiler.execute(ApiGroovyCompiler.java:56)
	at org.gradle.api.internal.tasks.compile.daemon.CompilerDaemonServer.execute(CompilerDaemonServer.java:53)
	at org.gradle.messaging.dispatch.ReflectionDispatch.dispatch(ReflectionDispatch.java:35)
	at org.gradle.messaging.dispatch.ReflectionDispatch.dispatch(ReflectionDispatch.java:24)
	at org.gradle.messaging.remote.internal.hub.MessageHub$Handler.run(MessageHub.java:360)
	at org.gradle.internal.concurrent.ExecutorPolicy$CatchAndRecordFailures.onExecute(ExecutorPolicy.java:54)
	at org.gradle.internal.concurrent.StoppableExecutorImpl$1.run(StoppableExecutorImpl.java:40)


BUILD FAILED

Total time: 13.053 secs

2018-04-09 09:37:40,474 ERROR FullProcessService - Project build has not produced APK file
2018-04-09 09:37:40,495 ERROR FullProcessService - Could not find generated or existed APK file
