2018-05-11 15:45:02,014 INFO  DownloadService - Downloading "https://github.com/splitwise/TokenAutoComplete/archive/master.zip", attempt 3
2018-05-11 15:45:02,426 INFO  DownloadService - Downloaded https://github.com/splitwise/TokenAutoComplete/archive/master.zip, attempt 3
2018-05-11 15:45:02,426 INFO  DownloadService - Size of file "/tmp/rdisk/903/master.zip": 199 KB
2018-05-11 15:45:02,426 INFO  ArchiveUtils - Checking entries [.gradle] in ZIP file...
2018-05-11 15:45:02,427 INFO  ArchiveUtils - Has entries [.gradle] in ZIP file /tmp/rdisk/903/master.zip: true
2018-05-11 15:45:02,427 DEBUG ZipUtil - Extracting '/tmp/rdisk/903/master.zip' into '/tmp/rdisk/903/src'.
2018-05-11 15:45:02,437 INFO  FullProcessService - Size of directory with sources: 290 KB
2018-05-11 15:45:02,437 INFO  SysUtils - Execute command: [git, init, /tmp/rdisk/903/src]
2018-05-11 15:45:02,442 INFO  SysUtils - Initialized empty Git repository in /tmp/rdisk/903/src/.git/

2018-05-11 15:45:02,444 INFO  ProjectBuildService - Gradle wrapper(s): /tmp/rdisk/903/src/TokenAutoComplete-master/gradlew
2018-05-11 15:45:02,447 INFO  ProjectBuildService - Build script(s): /tmp/rdisk/903/src/TokenAutoComplete-master/example/build.gradle /tmp/rdisk/903/src/TokenAutoComplete-master/library/build.gradle /tmp/rdisk/903/src/TokenAutoComplete-master/build.gradle
2018-05-11 15:45:02,449 INFO  ProjectBuildService - All script(s): /tmp/rdisk/903/src/TokenAutoComplete-master/settings.gradle /tmp/rdisk/903/src/TokenAutoComplete-master/library/build.gradle /tmp/rdisk/903/src/TokenAutoComplete-master/example/build.gradle /tmp/rdisk/903/src/TokenAutoComplete-master/build.gradle
2018-05-11 15:45:02,449 INFO  DownloadService - Downloading "https://raw.github.com/chrisbanes/gradle-mvn-push/master/gradle-mvn-push.gradle", attempt 3
2018-05-11 15:45:02,614 INFO  DownloadService - Downloaded https://raw.github.com/chrisbanes/gradle-mvn-push/master/gradle-mvn-push.gradle, attempt 3
2018-05-11 15:45:02,614 INFO  ProjectBuildService - Remote scripts: https://raw.github.com/chrisbanes/gradle-mvn-push/master/gradle-mvn-push.gradle
2018-05-11 15:45:02,614 INFO  ProjectFixService - Fixing project...
2018-05-11 15:45:02,622 INFO  LocalPropertiesFixService - Created fake /tmp/rdisk/903/src/TokenAutoComplete-master/example/local.properties
2018-05-11 15:45:02,623 INFO  ProjectFixService - Build info for "/tmp/rdisk/903/src/TokenAutoComplete-master/example/build.gradle": [buildToolsVersion=<null>,compileSdkVersion=<null>,minSdkVersion=<null>,targetSdkVersion=<null>]
2018-05-11 15:45:02,623 INFO  ProjectFixService - Fixed build info for "/tmp/rdisk/903/src/TokenAutoComplete-master/example/build.gradle": [buildToolsVersion=28.0.0-rc1,compileSdkVersion=27,minSdkVersion=27,targetSdkVersion=27]
2018-05-11 15:45:02,624 INFO  LocalPropertiesFixService - Created fake /tmp/rdisk/903/src/TokenAutoComplete-master/library/local.properties
2018-05-11 15:45:02,625 INFO  ProjectFixService - Build info for "/tmp/rdisk/903/src/TokenAutoComplete-master/library/build.gradle": [buildToolsVersion=<null>,compileSdkVersion=<null>,minSdkVersion=<null>,targetSdkVersion=<null>]
2018-05-11 15:45:02,625 INFO  ProjectFixService - Fixed build info for "/tmp/rdisk/903/src/TokenAutoComplete-master/library/build.gradle": [buildToolsVersion=28.0.0-rc1,compileSdkVersion=27,minSdkVersion=27,targetSdkVersion=27]
2018-05-11 15:45:02,626 INFO  LocalPropertiesFixService - Created fake /tmp/rdisk/903/src/TokenAutoComplete-master/local.properties
2018-05-11 15:45:02,626 INFO  WrapperPropertiesFixService - Gradle wrapper: https://services.gradle.org/distributions/gradle-4.1-all.zip
2018-05-11 15:45:02,626 INFO  WrapperPropertiesFixService - Gradle wrapper was changed from "-all.zip" to "-bin.zip" (https://services.gradle.org/distributions/gradle-4.1-bin.zip)
2018-05-11 15:45:02,628 INFO  ProjectFixService - Build info for "/tmp/rdisk/903/src/TokenAutoComplete-master/build.gradle": [buildToolsVersion=<null>,compileSdkVersion=<null>,minSdkVersion=<null>,targetSdkVersion=<null>]
2018-05-11 15:45:02,628 INFO  ProjectFixService - Fixed build info for "/tmp/rdisk/903/src/TokenAutoComplete-master/build.gradle": [buildToolsVersion=28.0.0-rc1,compileSdkVersion=27,minSdkVersion=27,targetSdkVersion=27]
2018-05-11 15:45:02,628 INFO  ProjectFixService - Project was maybe fixed
2018-05-11 15:45:02,628 INFO  ProjectTaskService - Detecting possible tasks...
2018-05-11 15:45:02,628 INFO  SysUtils - Execute command: [/tmp/rdisk/903/src/TokenAutoComplete-master/gradlew, -b, /tmp/rdisk/903/src/TokenAutoComplete-master/example/build.gradle, -Dorg.gradle.daemon=false, -Dorg.gradle.daemon.performance.enable-monitoring=false, -Dorg.gradle.configureondemand=true, tasks]
2018-05-11 15:45:09,833 INFO  ProjectTaskService - Detected possible tasks: 70
2018-05-11 15:45:09,833 INFO  ProjectTaskService - Excluded tasks (22): lintDebug mockableAndroidJar androidJavadocs deviceCheck lint androidSourcesJar testReleaseUnitTest uninstallRelease deviceAndroidTest uninstallDebugAndroidTest installDebugAndroidTest connectedCheck connectedDebugAndroidTest uninstallAll androidJavadocsJar test check testDebugUnitTest connectedAndroidTest installDebug lintRelease uninstallDebug
2018-05-11 15:45:09,834 INFO  SysUtils - Execute command: [/tmp/rdisk/903/src/TokenAutoComplete-master/gradlew, -b, /tmp/rdisk/903/src/TokenAutoComplete-master/example/build.gradle, -Dorg.gradle.daemon=false, -Dorg.gradle.daemon.performance.enable-monitoring=false, -Dorg.gradle.configureondemand=true, --stacktrace, -x, lintDebug, -x, mockableAndroidJar, -x, androidJavadocs, -x, deviceCheck, -x, lint, -x, androidSourcesJar, -x, testReleaseUnitTest, -x, uninstallRelease, -x, deviceAndroidTest, -x, uninstallDebugAndroidTest, -x, installDebugAndroidTest, -x, connectedCheck, -x, connectedDebugAndroidTest, -x, uninstallAll, -x, androidJavadocsJar, -x, test, -x, check, -x, testDebugUnitTest, -x, connectedAndroidTest, -x, installDebug, -x, lintRelease, -x, uninstallDebug, build]
2018-05-11 15:45:16,538 ERROR SysUtils - Could not process external command
org.apache.commons.exec.ExecuteException: Process exited with an error: 1 (Exit value: 1)
	at org.apache.commons.exec.DefaultExecutor.executeInternal(DefaultExecutor.java:404)
	at org.apache.commons.exec.DefaultExecutor.execute(DefaultExecutor.java:166)
	at com.github.vbauer.apkmaster.util.SysUtils.execute(SysUtils.java:67)
	at com.github.vbauer.apkmaster.util.SysUtils.executeSimple(SysUtils.java:43)
	at com.github.vbauer.apkmaster.service.assembly.ProjectBuildService.buildProject(ProjectBuildService.java:78)
	at com.github.vbauer.apkmaster.service.assembly.ProjectBuildService.buildProject(ProjectBuildService.java:64)
	at com.github.vbauer.apkmaster.service.assembly.ProjectBuildService.buildProject(ProjectBuildService.java:43)
	at com.github.vbauer.apkmaster.service.FullProcessService.build(FullProcessService.java:84)
	at com.github.vbauer.apkmaster.service.FullProcessService.process(FullProcessService.java:34)
	at com.github.vbauer.apkmaster.app.MainApplication.process(MainApplication.java:38)
	at com.github.vbauer.apkmaster.app.MainApplication.main(MainApplication.java:20)
	at sun.reflect.GeneratedMethodAccessor8.invoke(Unknown Source)
	at sun.reflect.DelegatingMethodAccessorImpl.invoke(DelegatingMethodAccessorImpl.java:43)
	at java.lang.reflect.Method.invoke(Method.java:498)
	at com.android.arsenal.util.ReflectionUtils.invoke(ReflectionUtils.java:42)
	at com.android.arsenal.util.ApkMasterUtils.main(ApkMasterUtils.java:30)
	at com.android.arsenal.service.processor.impl.BuildProcessorServiceImpl.buildProject(BuildProcessorServiceImpl.java:197)
	at com.android.arsenal.service.processor.impl.BuildProcessorServiceImpl.build(BuildProcessorServiceImpl.java:131)
	at com.android.arsenal.service.processor.impl.BuildProcessorServiceImpl.lambda$null$1(BuildProcessorServiceImpl.java:114)
	at java.util.concurrent.FutureTask.run(FutureTask.java:266)
	at java.util.concurrent.Executors$RunnableAdapter.call(Executors.java:511)
	at java.util.concurrent.FutureTask.run(FutureTask.java:266)
	at java.util.concurrent.ThreadPoolExecutor.runWorker(ThreadPoolExecutor.java:1149)
	at java.util.concurrent.ThreadPoolExecutor$Worker.run(ThreadPoolExecutor.java:624)
	at java.lang.Thread.run(Thread.java:748)
2018-05-11 15:45:16,539 INFO  SysUtils - Configuration on demand is an incubating feature.
Configuration 'androidTestCompile' in project ':example' is deprecated. Use 'androidTestImplementation' instead.
Configuration 'compile' in project ':example' is deprecated. Use 'implementation' instead.

FAILURE: Build failed with an exception.

* What went wrong:
Task 'androidJavadocs' not found in project ':example'.

* Try:
Run gradlew tasks to get a list of available tasks. Run with --info or --debug option to get more log output.

* Exception is:
org.gradle.execution.TaskSelectionException: Task 'androidJavadocs' not found in project ':example'.
	at org.gradle.execution.TaskSelector.getSelection(TaskSelector.java:116)
	at org.gradle.execution.TaskSelector.getFilter(TaskSelector.java:66)
	at org.gradle.execution.ExcludedTaskFilteringBuildConfigurationAction.configure(ExcludedTaskFilteringBuildConfigurationAction.java:42)
	at org.gradle.execution.DefaultBuildConfigurationActionExecuter.configure(DefaultBuildConfigurationActionExecuter.java:48)
	at org.gradle.execution.DefaultBuildConfigurationActionExecuter.select(DefaultBuildConfigurationActionExecuter.java:36)
	at org.gradle.initialization.DefaultGradleLauncher$CalculateTaskGraph.run(DefaultGradleLauncher.java:265)
	at org.gradle.internal.progress.DefaultBuildOperationExecutor$RunnableBuildOperationWorker.execute(DefaultBuildOperationExecutor.java:336)
	at org.gradle.internal.progress.DefaultBuildOperationExecutor$RunnableBuildOperationWorker.execute(DefaultBuildOperationExecutor.java:328)
	at org.gradle.internal.progress.DefaultBuildOperationExecutor.execute(DefaultBuildOperationExecutor.java:197)
	at org.gradle.internal.progress.DefaultBuildOperationExecutor.run(DefaultBuildOperationExecutor.java:107)
	at org.gradle.initialization.DefaultGradleLauncher.constructTaskGraph(DefaultGradleLauncher.java:173)
	at org.gradle.initialization.DefaultGradleLauncher.doBuildStages(DefaultGradleLauncher.java:128)
	at org.gradle.initialization.DefaultGradleLauncher.executeTasks(DefaultGradleLauncher.java:107)
	at org.gradle.internal.invocation.GradleBuildController$1.call(GradleBuildController.java:78)
	at org.gradle.internal.invocation.GradleBuildController$1.call(GradleBuildController.java:75)
	at org.gradle.internal.work.DefaultWorkerLeaseService.withLocks(DefaultWorkerLeaseService.java:152)
	at org.gradle.internal.invocation.GradleBuildController.doBuild(GradleBuildController.java:100)
	at org.gradle.internal.invocation.GradleBuildController.run(GradleBuildController.java:75)
	at org.gradle.tooling.internal.provider.ExecuteBuildActionRunner.run(ExecuteBuildActionRunner.java:28)
	at org.gradle.launcher.exec.ChainingBuildActionRunner.run(ChainingBuildActionRunner.java:35)
	at org.gradle.tooling.internal.provider.ValidatingBuildActionRunner.run(ValidatingBuildActionRunner.java:32)
	at org.gradle.launcher.exec.RunAsBuildOperationBuildActionRunner$1.run(RunAsBuildOperationBuildActionRunner.java:43)
	at org.gradle.internal.progress.DefaultBuildOperationExecutor$RunnableBuildOperationWorker.execute(DefaultBuildOperationExecutor.java:336)
	at org.gradle.internal.progress.DefaultBuildOperationExecutor$RunnableBuildOperationWorker.execute(DefaultBuildOperationExecutor.java:328)
	at org.gradle.internal.progress.DefaultBuildOperationExecutor.execute(DefaultBuildOperationExecutor.java:197)
	at org.gradle.internal.progress.DefaultBuildOperationExecutor.run(DefaultBuildOperationExecutor.java:107)
	at org.gradle.launcher.exec.RunAsBuildOperationBuildActionRunner.run(RunAsBuildOperationBuildActionRunner.java:40)
	at org.gradle.tooling.internal.provider.SubscribableBuildActionRunner.run(SubscribableBuildActionRunner.java:51)
	at org.gradle.launcher.exec.InProcessBuildActionExecuter.execute(InProcessBuildActionExecuter.java:45)
	at org.gradle.launcher.exec.InProcessBuildActionExecuter.execute(InProcessBuildActionExecuter.java:29)
	at org.gradle.launcher.exec.BuildTreeScopeBuildActionExecuter.execute(BuildTreeScopeBuildActionExecuter.java:39)
	at org.gradle.launcher.exec.BuildTreeScopeBuildActionExecuter.execute(BuildTreeScopeBuildActionExecuter.java:25)
	at org.gradle.tooling.internal.provider.ContinuousBuildActionExecuter.execute(ContinuousBuildActionExecuter.java:71)
	at org.gradle.tooling.internal.provider.ContinuousBuildActionExecuter.execute(ContinuousBuildActionExecuter.java:45)
	at org.gradle.tooling.internal.provider.ServicesSetupBuildActionExecuter.execute(ServicesSetupBuildActionExecuter.java:51)
	at org.gradle.tooling.internal.provider.ServicesSetupBuildActionExecuter.execute(ServicesSetupBuildActionExecuter.java:32)
	at org.gradle.tooling.internal.provider.GradleThreadBuildActionExecuter.execute(GradleThreadBuildActionExecuter.java:36)
	at org.gradle.tooling.internal.provider.GradleThreadBuildActionExecuter.execute(GradleThreadBuildActionExecuter.java:25)
	at org.gradle.tooling.internal.provider.ParallelismConfigurationBuildActionExecuter.execute(ParallelismConfigurationBuildActionExecuter.java:43)
	at org.gradle.tooling.internal.provider.ParallelismConfigurationBuildActionExecuter.execute(ParallelismConfigurationBuildActionExecuter.java:29)
	at org.gradle.tooling.internal.provider.StartParamsValidatingActionExecuter.execute(StartParamsValidatingActionExecuter.java:64)
	at org.gradle.tooling.internal.provider.StartParamsValidatingActionExecuter.execute(StartParamsValidatingActionExecuter.java:29)
	at org.gradle.tooling.internal.provider.SessionFailureReportingActionExecuter.execute(SessionFailureReportingActionExecuter.java:55)
	at org.gradle.tooling.internal.provider.SessionFailureReportingActionExecuter.execute(SessionFailureReportingActionExecuter.java:42)
	at org.gradle.tooling.internal.provider.SetupLoggingActionExecuter.execute(SetupLoggingActionExecuter.java:58)
	at org.gradle.tooling.internal.provider.SetupLoggingActionExecuter.execute(SetupLoggingActionExecuter.java:33)
	at org.gradle.launcher.cli.RunBuildAction.run(RunBuildAction.java:51)
	at org.gradle.internal.Actions$RunnableActionAdapter.execute(Actions.java:173)
	at org.gradle.launcher.cli.CommandLineActionFactory$ParseAndBuildAction.execute(CommandLineActionFactory.java:287)
	at org.gradle.launcher.cli.CommandLineActionFactory$ParseAndBuildAction.execute(CommandLineActionFactory.java:260)
	at org.gradle.launcher.cli.JavaRuntimeValidationAction.execute(JavaRuntimeValidationAction.java:33)
	at org.gradle.launcher.cli.JavaRuntimeValidationAction.execute(JavaRuntimeValidationAction.java:24)
	at org.gradle.launcher.cli.ExceptionReportingAction.execute(ExceptionReportingAction.java:33)
	at org.gradle.launcher.cli.ExceptionReportingAction.execute(ExceptionReportingAction.java:22)
	at org.gradle.launcher.cli.CommandLineActionFactory$WithLogging.execute(CommandLineActionFactory.java:253)
	at org.gradle.launcher.cli.CommandLineActionFactory$WithLogging.execute(CommandLineActionFactory.java:182)
	at org.gradle.launcher.Main.doAction(Main.java:33)
	at org.gradle.launcher.bootstrap.EntryPoint.run(EntryPoint.java:45)
	at org.gradle.launcher.bootstrap.ProcessBootstrap.runNoExit(ProcessBootstrap.java:60)
	at org.gradle.launcher.bootstrap.ProcessBootstrap.run(ProcessBootstrap.java:37)
	at org.gradle.launcher.GradleMain.main(GradleMain.java:23)
	at org.gradle.wrapper.BootstrapMainStarter.start(BootstrapMainStarter.java:30)
	at org.gradle.wrapper.WrapperExecutor.execute(WrapperExecutor.java:127)
	at org.gradle.wrapper.GradleWrapperMain.main(GradleWrapperMain.java:58)


* Get more help at https://help.gradle.org

BUILD FAILED in 6s

2018-05-11 15:45:16,539 ERROR ProjectBuildService - Excluded tasks were detected wrong
2018-05-11 15:45:16,539 INFO  SysUtils - Execute command: [/tmp/rdisk/903/src/TokenAutoComplete-master/gradlew, -b, /tmp/rdisk/903/src/TokenAutoComplete-master/example/build.gradle, -Dorg.gradle.daemon=false, -Dorg.gradle.daemon.performance.enable-monitoring=false, -Dorg.gradle.configureondemand=true, --stacktrace, build]
2018-05-11 15:45:38,242 INFO  SysUtils - Configuration on demand is an incubating feature.
Configuration 'androidTestCompile' in project ':example' is deprecated. Use 'androidTestImplementation' instead.
Configuration 'compile' in project ':example' is deprecated. Use 'implementation' instead.
Configuration 'testCompile' in project ':library' is deprecated. Use 'testImplementation' instead.
Configuration 'compile' in project ':library' is deprecated. Use 'implementation' instead.
:example:preBuild UP-TO-DATE
:library:preBuild UP-TO-DATE
:library:preDebugBuild UP-TO-DATE
:library:checkDebugManifest
:library:processDebugManifest
:example:preDebugBuild
:library:compileDebugAidl
:example:compileDebugAidl
:library:packageDebugRenderscript NO-SOURCE
:example:compileDebugRenderscript
:example:checkDebugManifest
:example:generateDebugBuildConfig
:example:prepareLintJar
:example:generateDebugResValues
:example:generateDebugResources
:library:compileDebugRenderscript
:library:generateDebugResValues
:library:generateDebugResources
:library:packageDebugResources
:example:mergeDebugResources
:example:createDebugCompatibleScreenManifests
:example:processDebugManifest
:example:splitsDiscoveryTaskDebug
:library:platformAttrExtractor
:library:generateDebugBuildConfig
:library:prepareLintJar
:library:javaPreCompileDebug
:library:processDebugJavaRes NO-SOURCE
:example:compileDebugNdk NO-SOURCE
:example:mergeDebugShaders
:example:compileDebugShaders
:example:generateDebugAssets
:library:mergeDebugShaders
:library:compileDebugShaders
:library:generateDebugAssets
:library:mergeDebugAssets
:example:mergeDebugAssets
:example:mergeDebugJniLibFolders
:library:compileDebugNdk NO-SOURCE
:library:mergeDebugJniLibFolders
:library:transformNativeLibsWithMergeJniLibsForDebug
:library:transformNativeLibsWithStripDebugSymbolForDebug
:library:transformNativeLibsWithIntermediateJniLibsForDebug
:example:processDebugJavaRes NO-SOURCE
:example:validateSigningDebug
:library:preReleaseBuild UP-TO-DATE
:library:checkReleaseManifest
:library:processReleaseManifest
:example:preReleaseBuild
:library:compileReleaseAidl
:example:compileReleaseAidl
:library:packageReleaseRenderscript NO-SOURCE
:example:compileReleaseRenderscript
:example:checkReleaseManifest
:example:generateReleaseBuildConfig
:example:generateReleaseResValues
:example:generateReleaseResources
:library:compileReleaseRenderscript
:library:generateReleaseResValues
:library:generateReleaseResources
:library:packageReleaseResources
:example:mergeReleaseResources
:example:createReleaseCompatibleScreenManifests
:example:processReleaseManifest
:example:splitsDiscoveryTaskRelease
:library:generateReleaseBuildConfig
:library:processDebugResources
:example:processDebugResources
:example:generateDebugSources
:library:generateDebugSources
:library:compileDebugJavaWithJavacNote: /tmp/rdisk/903/src/TokenAutoComplete-master/library/src/main/java/com/tokenautocomplete/TokenCompleteTextView.java uses unchecked or unsafe operations.
Note: Recompile with -Xlint:unchecked for details.

:library:transformClassesAndResourcesWithPrepareIntermediateJarsForDebug
:example:javaPreCompileDebug
:example:compileDebugJavaWithJavac
:example:compileDebugSources
:example:transformClassesWithDexBuilderForDebug
:example:transformDexArchiveWithExternalLibsDexMergerForDebug
:example:transformDexArchiveWithDexMergerForDebug
:example:transformNativeLibsWithMergeJniLibsForDebug
:example:transformNativeLibsWithStripDebugSymbolForDebug
:example:transformResourcesWithMergeJavaResForDebug
:example:packageDebug
:example:assembleDebug
:library:processReleaseResources
:example:processReleaseResources
:example:generateReleaseSources
:library:generateReleaseSources
:library:javaPreCompileRelease
:library:compileReleaseJavaWithJavacNote: /tmp/rdisk/903/src/TokenAutoComplete-master/library/src/main/java/com/tokenautocomplete/TokenCompleteTextView.java uses unchecked or unsafe operations.
Note: Recompile with -Xlint:unchecked for details.

:library:processReleaseJavaRes NO-SOURCE
:library:transformClassesAndResourcesWithPrepareIntermediateJarsForRelease
:example:javaPreCompileRelease
:example:compileReleaseJavaWithJavac
:example:compileReleaseNdk NO-SOURCE
:example:compileReleaseSources
:example:lintVitalRelease SKIPPED
:example:mergeReleaseShaders
:example:compileReleaseShaders
:example:generateReleaseAssets
:library:mergeReleaseShaders
:library:compileReleaseShaders
:library:generateReleaseAssets
:library:mergeReleaseAssets
:example:mergeReleaseAssets
:example:transformClassesWithPreDexForRelease
:example:transformDexWithDexForRelease
:example:mergeReleaseJniLibFolders
:library:compileReleaseNdk NO-SOURCE
:library:mergeReleaseJniLibFolders
:library:transformNativeLibsWithMergeJniLibsForRelease
:library:transformNativeLibsWithStripDebugSymbolForRelease
:library:transformNativeLibsWithIntermediateJniLibsForRelease
:example:transformNativeLibsWithMergeJniLibsForRelease
:example:transformNativeLibsWithStripDebugSymbolForRelease
:example:processReleaseJavaRes NO-SOURCE
:example:transformResourcesWithMergeJavaResForRelease
:example:packageRelease
:example:assembleRelease
:example:assemble
:example:lint
Ran lint on variant release: 26 issues found
Ran lint on variant debug: 26 issues found
Wrote HTML report to file:///tmp/rdisk/903/src/TokenAutoComplete-master/example/build/reports/lint-results.html
Wrote XML report to file:///tmp/rdisk/903/src/TokenAutoComplete-master/example/build/reports/lint-results.xml
:example:preDebugUnitTestBuild UP-TO-DATE
:example:javaPreCompileDebugUnitTest
:example:compileDebugUnitTestJavaWithJavac NO-SOURCE
:example:mockableAndroidJar
:example:processDebugUnitTestJavaRes NO-SOURCE
:example:testDebugUnitTest NO-SOURCE
:example:preReleaseUnitTestBuild UP-TO-DATE
:example:javaPreCompileReleaseUnitTest
:example:compileReleaseUnitTestJavaWithJavac NO-SOURCE
:example:processReleaseUnitTestJavaRes NO-SOURCE
:example:testReleaseUnitTest NO-SOURCE
:example:test UP-TO-DATE
:example:check
:example:build

BUILD SUCCESSFUL in 21s
91 actionable tasks: 91 executed

2018-05-11 15:45:38,260 INFO  FullProcessService - Found APK file: /tmp/rdisk/903/src/TokenAutoComplete-master/example/build/outputs/apk/release/example-release-unsigned.apk
