2018-05-11 15:42:26,181 INFO  DownloadService - Downloading "https://github.com/Frank-Zhu/PullZoomView/archive/master.zip", attempt 3
2018-05-11 15:42:32,835 INFO  DownloadService - Downloaded https://github.com/Frank-Zhu/PullZoomView/archive/master.zip, attempt 3
2018-05-11 15:42:32,836 INFO  DownloadService - Size of file "/tmp/rdisk/918/master.zip": 8 MB
2018-05-11 15:42:32,836 INFO  ArchiveUtils - Checking entries [.gradle] in ZIP file...
2018-05-11 15:42:32,836 INFO  ArchiveUtils - Has entries [.gradle] in ZIP file /tmp/rdisk/918/master.zip: true
2018-05-11 15:42:32,836 DEBUG ZipUtil - Extracting '/tmp/rdisk/918/master.zip' into '/tmp/rdisk/918/src'.
2018-05-11 15:42:32,914 INFO  FullProcessService - Size of directory with sources: 9 MB
2018-05-11 15:42:32,915 INFO  SysUtils - Execute command: [git, init, /tmp/rdisk/918/src]
2018-05-11 15:42:32,926 INFO  SysUtils - Initialized empty Git repository in /tmp/rdisk/918/src/.git/

2018-05-11 15:42:32,929 INFO  ProjectBuildService - Gradle wrapper(s): /tmp/rdisk/918/src/PullZoomView-master/PullToZoomView/gradlew
2018-05-11 15:42:32,931 INFO  ProjectBuildService - Build script(s): /tmp/rdisk/918/src/PullZoomView-master/PullToZoomView/app/build.gradle /tmp/rdisk/918/src/PullZoomView-master/PullToZoomView/library/build.gradle /tmp/rdisk/918/src/PullZoomView-master/PullToZoomView/build.gradle
2018-05-11 15:42:32,934 INFO  ProjectBuildService - All script(s): /tmp/rdisk/918/src/PullZoomView-master/PullToZoomView/settings.gradle /tmp/rdisk/918/src/PullZoomView-master/PullToZoomView/library/build.gradle /tmp/rdisk/918/src/PullZoomView-master/PullToZoomView/build.gradle /tmp/rdisk/918/src/PullZoomView-master/PullToZoomView/app/build.gradle
2018-05-11 15:42:32,935 INFO  DownloadService - Downloading "https://raw.github.com/chrisbanes/gradle-mvn-push/master/gradle-mvn-push.gradle", attempt 3
2018-05-11 15:42:33,378 INFO  DownloadService - Downloaded https://raw.github.com/chrisbanes/gradle-mvn-push/master/gradle-mvn-push.gradle, attempt 3
2018-05-11 15:42:33,378 INFO  ProjectBuildService - Remote scripts: https://raw.github.com/chrisbanes/gradle-mvn-push/master/gradle-mvn-push.gradle
2018-05-11 15:42:33,378 INFO  ProjectFixService - Fixing project...
2018-05-11 15:42:33,388 INFO  LocalPropertiesFixService - Created fake /tmp/rdisk/918/src/PullZoomView-master/PullToZoomView/app/local.properties
2018-05-11 15:42:33,388 INFO  ProjectFixService - Build info for "/tmp/rdisk/918/src/PullZoomView-master/PullToZoomView/app/build.gradle": [buildToolsVersion=20.0.0,compileSdkVersion=23,minSdkVersion=14,targetSdkVersion=23]
2018-05-11 15:42:33,389 INFO  LocalPropertiesFixService - Created fake /tmp/rdisk/918/src/PullZoomView-master/PullToZoomView/library/local.properties
2018-05-11 15:42:33,390 INFO  ProjectFixService - Build info for "/tmp/rdisk/918/src/PullZoomView-master/PullToZoomView/library/build.gradle": [buildToolsVersion=20.0.0,compileSdkVersion=23,minSdkVersion=14,targetSdkVersion=23]
2018-05-11 15:42:33,390 INFO  LocalPropertiesFixService - Created fake /tmp/rdisk/918/src/PullZoomView-master/PullToZoomView/local.properties
2018-05-11 15:42:33,390 INFO  WrapperPropertiesFixService - Gradle wrapper: https://services.gradle.org/distributions/gradle-2.2.1-all.zip
2018-05-11 15:42:33,391 INFO  WrapperPropertiesFixService - Gradle wrapper was changed from "-all.zip" to "-bin.zip" (https://services.gradle.org/distributions/gradle-2.2.1-bin.zip)
2018-05-11 15:42:33,392 INFO  ProjectFixService - Build info for "/tmp/rdisk/918/src/PullZoomView-master/PullToZoomView/build.gradle": [buildToolsVersion=20.0.0,compileSdkVersion=23,minSdkVersion=14,targetSdkVersion=23]
2018-05-11 15:42:33,392 INFO  ProjectFixService - Project was maybe fixed
2018-05-11 15:42:33,393 INFO  ProjectTaskService - Detecting possible tasks...
2018-05-11 15:42:33,393 INFO  SysUtils - Execute command: [/tmp/rdisk/918/src/PullZoomView-master/PullToZoomView/gradlew, -b, /tmp/rdisk/918/src/PullZoomView-master/PullToZoomView/app/build.gradle, -Dorg.gradle.daemon=false, -Dorg.gradle.daemon.performance.enable-monitoring=false, -Dorg.gradle.configureondemand=true, tasks]
2018-05-11 15:42:39,579 ERROR ProjectTaskService - Could not detect possible Gradle tasks: Process exited with an error: 1 (Exit value: 1)
2018-05-11 15:42:39,579 INFO  ProjectTaskService - Detected possible tasks: 4
2018-05-11 15:42:39,579 INFO  ProjectTaskService - Excluded tasks (3): androidJavadocsJar androidJavadocs androidSourcesJar
2018-05-11 15:42:39,579 INFO  SysUtils - Execute command: [/tmp/rdisk/918/src/PullZoomView-master/PullToZoomView/gradlew, -b, /tmp/rdisk/918/src/PullZoomView-master/PullToZoomView/app/build.gradle, -Dorg.gradle.daemon=false, -Dorg.gradle.daemon.performance.enable-monitoring=false, -Dorg.gradle.configureondemand=true, --stacktrace, -x, androidJavadocsJar, -x, androidJavadocs, -x, androidSourcesJar, build]
2018-05-11 15:42:48,049 ERROR SysUtils - Could not process external command
org.apache.commons.exec.ExecuteException: Process exited with an error: 1 (Exit value: 1)
	at org.apache.commons.exec.DefaultExecutor.executeInternal(DefaultExecutor.java:404)
	at org.apache.commons.exec.DefaultExecutor.execute(DefaultExecutor.java:166)
	at com.github.vbauer.apkmaster.util.SysUtils.execute(SysUtils.java:67)
	at com.github.vbauer.apkmaster.util.SysUtils.executeSimple(SysUtils.java:43)
	at com.github.vbauer.apkmaster.service.assembly.ProjectBuildService.buildProject(ProjectBuildService.java:78)
	at com.github.vbauer.apkmaster.service.assembly.ProjectBuildService.buildProject(ProjectBuildService.java:64)
	at com.github.vbauer.apkmaster.service.assembly.ProjectBuildService.buildProject(ProjectBuildService.java:43)
	at com.github.vbauer.apkmaster.service.FullProcessService.build(FullProcessService.java:84)
	at com.github.vbauer.apkmaster.service.FullProcessService.process(FullProcessService.java:34)
	at com.github.vbauer.apkmaster.app.MainApplication.process(MainApplication.java:38)
	at com.github.vbauer.apkmaster.app.MainApplication.main(MainApplication.java:20)
	at sun.reflect.GeneratedMethodAccessor8.invoke(Unknown Source)
	at sun.reflect.DelegatingMethodAccessorImpl.invoke(DelegatingMethodAccessorImpl.java:43)
	at java.lang.reflect.Method.invoke(Method.java:498)
	at com.android.arsenal.util.ReflectionUtils.invoke(ReflectionUtils.java:42)
	at com.android.arsenal.util.ApkMasterUtils.main(ApkMasterUtils.java:30)
	at com.android.arsenal.service.processor.impl.BuildProcessorServiceImpl.buildProject(BuildProcessorServiceImpl.java:197)
	at com.android.arsenal.service.processor.impl.BuildProcessorServiceImpl.build(BuildProcessorServiceImpl.java:131)
	at com.android.arsenal.service.processor.impl.BuildProcessorServiceImpl.lambda$null$1(BuildProcessorServiceImpl.java:114)
	at java.util.concurrent.FutureTask.run(FutureTask.java:266)
	at java.util.concurrent.Executors$RunnableAdapter.call(Executors.java:511)
	at java.util.concurrent.FutureTask.run(FutureTask.java:266)
	at java.util.concurrent.ThreadPoolExecutor.runWorker(ThreadPoolExecutor.java:1149)
	at java.util.concurrent.ThreadPoolExecutor$Worker.run(ThreadPoolExecutor.java:624)
	at java.lang.Thread.run(Thread.java:748)
2018-05-11 15:42:48,049 INFO  SysUtils - Configuration on demand is an incubating feature.

FAILURE: Build failed with an exception.

* What went wrong:
A problem occurred configuring project ':app'.
> A problem occurred configuring project ':library'.
   > Failed to notify project evaluation listener.
      > failed to find Build Tools revision 23.0.0
      > failed to find Build Tools revision 23.0.0

* Try:
Run with --info or --debug option to get more log output.

* Exception is:
org.gradle.api.ProjectConfigurationException: A problem occurred configuring project ':app'.
	at org.gradle.configuration.project.LifecycleProjectEvaluator.addConfigurationFailure(LifecycleProjectEvaluator.java:91)
	at org.gradle.configuration.project.LifecycleProjectEvaluator.notifyAfterEvaluate(LifecycleProjectEvaluator.java:86)
	at org.gradle.configuration.project.LifecycleProjectEvaluator.evaluate(LifecycleProjectEvaluator.java:65)
	at org.gradle.api.internal.project.AbstractProject.evaluate(AbstractProject.java:504)
	at org.gradle.api.internal.project.AbstractProject.evaluate(AbstractProject.java:83)
	at org.gradle.execution.TaskPathProjectEvaluator.configure(TaskPathProjectEvaluator.java:35)
	at org.gradle.execution.TaskSelector.getFilter(TaskSelector.java:56)
	at org.gradle.execution.ExcludedTaskFilteringBuildConfigurationAction.configure(ExcludedTaskFilteringBuildConfigurationAction.java:42)
	at org.gradle.execution.DefaultBuildExecuter.configure(DefaultBuildExecuter.java:42)
	at org.gradle.execution.DefaultBuildExecuter.access$100(DefaultBuildExecuter.java:23)
	at org.gradle.execution.DefaultBuildExecuter$1.proceed(DefaultBuildExecuter.java:48)
	at org.gradle.execution.DefaultTasksBuildExecutionAction.configure(DefaultTasksBuildExecutionAction.java:44)
	at org.gradle.execution.DefaultBuildExecuter.configure(DefaultBuildExecuter.java:42)
	at org.gradle.execution.DefaultBuildExecuter.select(DefaultBuildExecuter.java:35)
	at org.gradle.initialization.DefaultGradleLauncher.doBuildStages(DefaultGradleLauncher.java:142)
	at org.gradle.initialization.DefaultGradleLauncher.doBuild(DefaultGradleLauncher.java:106)
	at org.gradle.initialization.DefaultGradleLauncher.run(DefaultGradleLauncher.java:86)
	at org.gradle.launcher.exec.InProcessBuildActionExecuter$DefaultBuildController.run(InProcessBuildActionExecuter.java:80)
	at org.gradle.launcher.cli.ExecuteBuildAction.run(ExecuteBuildAction.java:33)
	at org.gradle.launcher.cli.ExecuteBuildAction.run(ExecuteBuildAction.java:24)
	at org.gradle.launcher.exec.InProcessBuildActionExecuter.execute(InProcessBuildActionExecuter.java:36)
	at org.gradle.launcher.exec.InProcessBuildActionExecuter.execute(InProcessBuildActionExecuter.java:26)
	at org.gradle.launcher.cli.RunBuildAction.run(RunBuildAction.java:51)
	at org.gradle.internal.Actions$RunnableActionAdapter.execute(Actions.java:171)
	at org.gradle.launcher.cli.CommandLineActionFactory$ParseAndBuildAction.execute(CommandLineActionFactory.java:237)
	at org.gradle.launcher.cli.CommandLineActionFactory$ParseAndBuildAction.execute(CommandLineActionFactory.java:210)
	at org.gradle.launcher.cli.JavaRuntimeValidationAction.execute(JavaRuntimeValidationAction.java:35)
	at org.gradle.launcher.cli.JavaRuntimeValidationAction.execute(JavaRuntimeValidationAction.java:24)
	at org.gradle.launcher.cli.CommandLineActionFactory$WithLogging.execute(CommandLineActionFactory.java:206)
	at org.gradle.launcher.cli.CommandLineActionFactory$WithLogging.execute(CommandLineActionFactory.java:169)
	at org.gradle.launcher.cli.ExceptionReportingAction.execute(ExceptionReportingAction.java:33)
	at org.gradle.launcher.cli.ExceptionReportingAction.execute(ExceptionReportingAction.java:22)
	at org.gradle.launcher.Main.doAction(Main.java:33)
	at org.gradle.launcher.bootstrap.EntryPoint.run(EntryPoint.java:45)
	at org.gradle.launcher.bootstrap.ProcessBootstrap.runNoExit(ProcessBootstrap.java:54)
	at org.gradle.launcher.bootstrap.ProcessBootstrap.run(ProcessBootstrap.java:35)
	at org.gradle.launcher.GradleMain.main(GradleMain.java:23)
	at org.gradle.wrapper.BootstrapMainStarter.start(BootstrapMainStarter.java:33)
	at org.gradle.wrapper.WrapperExecutor.execute(WrapperExecutor.java:130)
	at org.gradle.wrapper.GradleWrapperMain.main(GradleWrapperMain.java:48)
Caused by: org.gradle.api.ProjectConfigurationException: A problem occurred configuring project ':library'.
	at org.gradle.configuration.project.LifecycleProjectEvaluator.addConfigurationFailure(LifecycleProjectEvaluator.java:91)
	at org.gradle.configuration.project.LifecycleProjectEvaluator.notifyAfterEvaluate(LifecycleProjectEvaluator.java:86)
	at org.gradle.configuration.project.LifecycleProjectEvaluator.evaluate(LifecycleProjectEvaluator.java:65)
	at org.gradle.api.internal.project.AbstractProject.evaluate(AbstractProject.java:504)
	at org.gradle.api.internal.project.AbstractProject.evaluationDependsOn(AbstractProject.java:562)
	at org.gradle.api.internal.project.AbstractProject.evaluationDependsOn(AbstractProject.java:554)
	at com.android.build.gradle.internal.DependencyManager.ensureConfigured(DependencyManager.java:641)
	at com.android.build.gradle.internal.DependencyManager.resolveDependencyForConfig(DependencyManager.java:232)
	at com.android.build.gradle.internal.DependencyManager.resolveDependencies(DependencyManager.java:133)
	at com.android.build.gradle.internal.TaskManager.resolveDependencies(TaskManager.groovy:272)
	at com.android.build.gradle.internal.VariantManager$8.call(VariantManager.java:591)
	at com.android.build.gradle.internal.VariantManager$8.call(VariantManager.java:588)
	at com.android.builder.profile.ThreadRecorder$1.record(ThreadRecorder.java:48)
	at com.android.builder.profile.Recorder$record.call(Unknown Source)
	at com.android.build.gradle.internal.profile.SpanRecorders.record(SpanRecorders.groovy:69)
	at com.android.build.gradle.internal.VariantManager.createVariantData(VariantManager.java:587)
	at com.android.build.gradle.internal.VariantManager.createVariantDataForProductFlavors(VariantManager.java:690)
	at com.android.build.gradle.internal.VariantManager.populateVariantDataList(VariantManager.java:452)
	at com.android.build.gradle.internal.VariantManager.createAndroidTasks(VariantManager.java:271)
	at com.android.build.gradle.BasePlugin$_createAndroidTasks_closure15.doCall(BasePlugin.groovy:448)
	at com.android.build.gradle.BasePlugin$_createAndroidTasks_closure15.doCall(BasePlugin.groovy)
	at com.android.build.gradle.internal.profile.SpanRecorders$2.call(SpanRecorders.groovy:52)
	at com.android.builder.profile.ThreadRecorder$1.record(ThreadRecorder.java:48)
	at com.android.build.gradle.internal.profile.SpanRecorders.record(SpanRecorders.groovy:54)
	at com.android.build.gradle.BasePlugin.createAndroidTasks(BasePlugin.groovy:447)
	at com.android.build.gradle.BasePlugin$_createTasks_closure13_closure17.doCall(BasePlugin.groovy:388)
	at com.android.build.gradle.BasePlugin$_createTasks_closure13_closure17.doCall(BasePlugin.groovy)
	at com.android.build.gradle.internal.profile.SpanRecorders$2.call(SpanRecorders.groovy:52)
	at com.android.builder.profile.ThreadRecorder$1.record(ThreadRecorder.java:48)
	at com.android.build.gradle.internal.profile.SpanRecorders.record(SpanRecorders.groovy:54)
	at com.android.build.gradle.BasePlugin$_createTasks_closure13.doCall(BasePlugin.groovy:387)
	at org.gradle.listener.ClosureBackedMethodInvocationDispatch.dispatch(ClosureBackedMethodInvocationDispatch.java:40)
	at org.gradle.listener.ClosureBackedMethodInvocationDispatch.dispatch(ClosureBackedMethodInvocationDispatch.java:25)
	at org.gradle.listener.BroadcastDispatch.dispatch(BroadcastDispatch.java:83)
	at org.gradle.listener.BroadcastDispatch.dispatch(BroadcastDispatch.java:31)
	at org.gradle.messaging.dispatch.ProxyDispatchAdapter$DispatchingInvocationHandler.invoke(ProxyDispatchAdapter.java:93)
	at com.sun.proxy.$Proxy13.afterEvaluate(Unknown Source)
	at org.gradle.configuration.project.LifecycleProjectEvaluator.notifyAfterEvaluate(LifecycleProjectEvaluator.java:79)
	... 38 more
Caused by: org.gradle.listener.ListenerNotificationException: Failed to notify project evaluation listener.
	at org.gradle.listener.BroadcastDispatch.dispatch(BroadcastDispatch.java:94)
	at org.gradle.listener.BroadcastDispatch.dispatch(BroadcastDispatch.java:31)
	at org.gradle.messaging.dispatch.ProxyDispatchAdapter$DispatchingInvocationHandler.invoke(ProxyDispatchAdapter.java:93)
	at com.sun.proxy.$Proxy13.afterEvaluate(Unknown Source)
	at org.gradle.configuration.project.LifecycleProjectEvaluator.notifyAfterEvaluate(LifecycleProjectEvaluator.java:79)
	... 74 more
Caused by: java.lang.IllegalStateException: failed to find Build Tools revision 23.0.0
	at com.android.builder.sdk.DefaultSdkLoader.getTargetInfo(DefaultSdkLoader.java:93)
	at com.android.build.gradle.internal.SdkHandler.initTarget(SdkHandler.java:90)
	at com.android.build.gradle.BasePlugin.ensureTargetSetup(BasePlugin.groovy:462)
	at com.android.build.gradle.BasePlugin.access$2(BasePlugin.groovy)
	at com.android.build.gradle.BasePlugin$_createTasks_closure13.doCall(BasePlugin.groovy:386)
	at org.gradle.listener.ClosureBackedMethodInvocationDispatch.dispatch(ClosureBackedMethodInvocationDispatch.java:40)
	at org.gradle.listener.ClosureBackedMethodInvocationDispatch.dispatch(ClosureBackedMethodInvocationDispatch.java:25)
	at org.gradle.listener.BroadcastDispatch.dispatch(BroadcastDispatch.java:83)
	... 78 more


BUILD FAILED

Total time: 8.043 secs

2018-05-11 15:42:48,052 INFO  ProjectTaskService - Detecting possible tasks...
2018-05-11 15:42:48,052 INFO  SysUtils - Execute command: [/tmp/rdisk/918/src/PullZoomView-master/PullToZoomView/gradlew, -b, /tmp/rdisk/918/src/PullZoomView-master/PullToZoomView/library/build.gradle, -Dorg.gradle.daemon=false, -Dorg.gradle.daemon.performance.enable-monitoring=false, -Dorg.gradle.configureondemand=true, tasks]
2018-05-11 15:42:54,408 ERROR ProjectTaskService - Could not detect possible Gradle tasks: Process exited with an error: 1 (Exit value: 1)
2018-05-11 15:42:54,408 INFO  ProjectTaskService - Detected possible tasks: 4
2018-05-11 15:42:54,408 INFO  ProjectTaskService - Excluded tasks (3): androidJavadocsJar androidJavadocs androidSourcesJar
2018-05-11 15:42:54,408 INFO  SysUtils - Execute command: [/tmp/rdisk/918/src/PullZoomView-master/PullToZoomView/gradlew, -b, /tmp/rdisk/918/src/PullZoomView-master/PullToZoomView/library/build.gradle, -Dorg.gradle.daemon=false, -Dorg.gradle.daemon.performance.enable-monitoring=false, -Dorg.gradle.configureondemand=true, --stacktrace, -x, androidJavadocsJar, -x, androidJavadocs, -x, androidSourcesJar, build]
2018-05-11 15:42:59,900 ERROR SysUtils - Could not process external command
org.apache.commons.exec.ExecuteException: Process exited with an error: 1 (Exit value: 1)
	at org.apache.commons.exec.DefaultExecutor.executeInternal(DefaultExecutor.java:404)
	at org.apache.commons.exec.DefaultExecutor.execute(DefaultExecutor.java:166)
	at com.github.vbauer.apkmaster.util.SysUtils.execute(SysUtils.java:67)
	at com.github.vbauer.apkmaster.util.SysUtils.executeSimple(SysUtils.java:43)
	at com.github.vbauer.apkmaster.service.assembly.ProjectBuildService.buildProject(ProjectBuildService.java:78)
	at com.github.vbauer.apkmaster.service.assembly.ProjectBuildService.buildProject(ProjectBuildService.java:64)
	at com.github.vbauer.apkmaster.service.assembly.ProjectBuildService.buildProject(ProjectBuildService.java:43)
	at com.github.vbauer.apkmaster.service.FullProcessService.build(FullProcessService.java:84)
	at com.github.vbauer.apkmaster.service.FullProcessService.process(FullProcessService.java:34)
	at com.github.vbauer.apkmaster.app.MainApplication.process(MainApplication.java:38)
	at com.github.vbauer.apkmaster.app.MainApplication.main(MainApplication.java:20)
	at sun.reflect.GeneratedMethodAccessor8.invoke(Unknown Source)
	at sun.reflect.DelegatingMethodAccessorImpl.invoke(DelegatingMethodAccessorImpl.java:43)
	at java.lang.reflect.Method.invoke(Method.java:498)
	at com.android.arsenal.util.ReflectionUtils.invoke(ReflectionUtils.java:42)
	at com.android.arsenal.util.ApkMasterUtils.main(ApkMasterUtils.java:30)
	at com.android.arsenal.service.processor.impl.BuildProcessorServiceImpl.buildProject(BuildProcessorServiceImpl.java:197)
	at com.android.arsenal.service.processor.impl.BuildProcessorServiceImpl.build(BuildProcessorServiceImpl.java:131)
	at com.android.arsenal.service.processor.impl.BuildProcessorServiceImpl.lambda$null$1(BuildProcessorServiceImpl.java:114)
	at java.util.concurrent.FutureTask.run(FutureTask.java:266)
	at java.util.concurrent.Executors$RunnableAdapter.call(Executors.java:511)
	at java.util.concurrent.FutureTask.run(FutureTask.java:266)
	at java.util.concurrent.ThreadPoolExecutor.runWorker(ThreadPoolExecutor.java:1149)
	at java.util.concurrent.ThreadPoolExecutor$Worker.run(ThreadPoolExecutor.java:624)
	at java.lang.Thread.run(Thread.java:748)
2018-05-11 15:42:59,900 INFO  SysUtils - Configuration on demand is an incubating feature.

FAILURE: Build failed with an exception.

* What went wrong:
A problem occurred configuring project ':library'.
> Failed to notify project evaluation listener.
   > failed to find Build Tools revision 23.0.0
   > failed to find Build Tools revision 23.0.0

* Try:
Run with --info or --debug option to get more log output.

* Exception is:
org.gradle.api.ProjectConfigurationException: A problem occurred configuring project ':library'.
	at org.gradle.configuration.project.LifecycleProjectEvaluator.addConfigurationFailure(LifecycleProjectEvaluator.java:91)
	at org.gradle.configuration.project.LifecycleProjectEvaluator.notifyAfterEvaluate(LifecycleProjectEvaluator.java:86)
	at org.gradle.configuration.project.LifecycleProjectEvaluator.evaluate(LifecycleProjectEvaluator.java:65)
	at org.gradle.api.internal.project.AbstractProject.evaluate(AbstractProject.java:504)
	at org.gradle.api.internal.project.AbstractProject.evaluate(AbstractProject.java:83)
	at org.gradle.execution.TaskPathProjectEvaluator.configure(TaskPathProjectEvaluator.java:35)
	at org.gradle.execution.TaskSelector.getFilter(TaskSelector.java:56)
	at org.gradle.execution.ExcludedTaskFilteringBuildConfigurationAction.configure(ExcludedTaskFilteringBuildConfigurationAction.java:42)
	at org.gradle.execution.DefaultBuildExecuter.configure(DefaultBuildExecuter.java:42)
	at org.gradle.execution.DefaultBuildExecuter.access$100(DefaultBuildExecuter.java:23)
	at org.gradle.execution.DefaultBuildExecuter$1.proceed(DefaultBuildExecuter.java:48)
	at org.gradle.execution.DefaultTasksBuildExecutionAction.configure(DefaultTasksBuildExecutionAction.java:44)
	at org.gradle.execution.DefaultBuildExecuter.configure(DefaultBuildExecuter.java:42)
	at org.gradle.execution.DefaultBuildExecuter.select(DefaultBuildExecuter.java:35)
	at org.gradle.initialization.DefaultGradleLauncher.doBuildStages(DefaultGradleLauncher.java:142)
	at org.gradle.initialization.DefaultGradleLauncher.doBuild(DefaultGradleLauncher.java:106)
	at org.gradle.initialization.DefaultGradleLauncher.run(DefaultGradleLauncher.java:86)
	at org.gradle.launcher.exec.InProcessBuildActionExecuter$DefaultBuildController.run(InProcessBuildActionExecuter.java:80)
	at org.gradle.launcher.cli.ExecuteBuildAction.run(ExecuteBuildAction.java:33)
	at org.gradle.launcher.cli.ExecuteBuildAction.run(ExecuteBuildAction.java:24)
	at org.gradle.launcher.exec.InProcessBuildActionExecuter.execute(InProcessBuildActionExecuter.java:36)
	at org.gradle.launcher.exec.InProcessBuildActionExecuter.execute(InProcessBuildActionExecuter.java:26)
	at org.gradle.launcher.cli.RunBuildAction.run(RunBuildAction.java:51)
	at org.gradle.internal.Actions$RunnableActionAdapter.execute(Actions.java:171)
	at org.gradle.launcher.cli.CommandLineActionFactory$ParseAndBuildAction.execute(CommandLineActionFactory.java:237)
	at org.gradle.launcher.cli.CommandLineActionFactory$ParseAndBuildAction.execute(CommandLineActionFactory.java:210)
	at org.gradle.launcher.cli.JavaRuntimeValidationAction.execute(JavaRuntimeValidationAction.java:35)
	at org.gradle.launcher.cli.JavaRuntimeValidationAction.execute(JavaRuntimeValidationAction.java:24)
	at org.gradle.launcher.cli.CommandLineActionFactory$WithLogging.execute(CommandLineActionFactory.java:206)
	at org.gradle.launcher.cli.CommandLineActionFactory$WithLogging.execute(CommandLineActionFactory.java:169)
	at org.gradle.launcher.cli.ExceptionReportingAction.execute(ExceptionReportingAction.java:33)
	at org.gradle.launcher.cli.ExceptionReportingAction.execute(ExceptionReportingAction.java:22)
	at org.gradle.launcher.Main.doAction(Main.java:33)
	at org.gradle.launcher.bootstrap.EntryPoint.run(EntryPoint.java:45)
	at org.gradle.launcher.bootstrap.ProcessBootstrap.runNoExit(ProcessBootstrap.java:54)
	at org.gradle.launcher.bootstrap.ProcessBootstrap.run(ProcessBootstrap.java:35)
	at org.gradle.launcher.GradleMain.main(GradleMain.java:23)
	at org.gradle.wrapper.BootstrapMainStarter.start(BootstrapMainStarter.java:33)
	at org.gradle.wrapper.WrapperExecutor.execute(WrapperExecutor.java:130)
	at org.gradle.wrapper.GradleWrapperMain.main(GradleWrapperMain.java:48)
Caused by: org.gradle.listener.ListenerNotificationException: Failed to notify project evaluation listener.
	at org.gradle.listener.BroadcastDispatch.dispatch(BroadcastDispatch.java:94)
	at org.gradle.listener.BroadcastDispatch.dispatch(BroadcastDispatch.java:31)
	at org.gradle.messaging.dispatch.ProxyDispatchAdapter$DispatchingInvocationHandler.invoke(ProxyDispatchAdapter.java:93)
	at com.sun.proxy.$Proxy13.afterEvaluate(Unknown Source)
	at org.gradle.configuration.project.LifecycleProjectEvaluator.notifyAfterEvaluate(LifecycleProjectEvaluator.java:79)
	... 38 more
Caused by: java.lang.IllegalStateException: failed to find Build Tools revision 23.0.0
	at com.android.builder.sdk.DefaultSdkLoader.getTargetInfo(DefaultSdkLoader.java:93)
	at com.android.build.gradle.internal.SdkHandler.initTarget(SdkHandler.java:90)
	at com.android.build.gradle.BasePlugin.ensureTargetSetup(BasePlugin.groovy:462)
	at com.android.build.gradle.BasePlugin.access$2(BasePlugin.groovy)
	at com.android.build.gradle.BasePlugin$_createTasks_closure13.doCall(BasePlugin.groovy:386)
	at org.gradle.listener.ClosureBackedMethodInvocationDispatch.dispatch(ClosureBackedMethodInvocationDispatch.java:40)
	at org.gradle.listener.ClosureBackedMethodInvocationDispatch.dispatch(ClosureBackedMethodInvocationDispatch.java:25)
	at org.gradle.listener.BroadcastDispatch.dispatch(BroadcastDispatch.java:83)
	... 42 more


BUILD FAILED

Total time: 5.058 secs

2018-05-11 15:42:59,903 INFO  ProjectTaskService - Detecting possible tasks...
2018-05-11 15:42:59,903 INFO  SysUtils - Execute command: [/tmp/rdisk/918/src/PullZoomView-master/PullToZoomView/gradlew, -b, /tmp/rdisk/918/src/PullZoomView-master/PullToZoomView/build.gradle, -Dorg.gradle.daemon=false, -Dorg.gradle.daemon.performance.enable-monitoring=false, -Dorg.gradle.configureondemand=true, tasks]
2018-05-11 15:43:05,411 ERROR ProjectTaskService - Could not detect possible Gradle tasks: Process exited with an error: 1 (Exit value: 1)
2018-05-11 15:43:05,411 INFO  ProjectTaskService - Detected possible tasks: 4
2018-05-11 15:43:05,411 INFO  ProjectTaskService - Excluded tasks (3): androidJavadocsJar androidJavadocs androidSourcesJar
2018-05-11 15:43:05,411 INFO  SysUtils - Execute command: [/tmp/rdisk/918/src/PullZoomView-master/PullToZoomView/gradlew, -b, /tmp/rdisk/918/src/PullZoomView-master/PullToZoomView/build.gradle, -Dorg.gradle.daemon=false, -Dorg.gradle.daemon.performance.enable-monitoring=false, -Dorg.gradle.configureondemand=true, --stacktrace, -x, androidJavadocsJar, -x, androidJavadocs, -x, androidSourcesJar, build]
2018-05-11 15:43:11,925 ERROR SysUtils - Could not process external command
org.apache.commons.exec.ExecuteException: Process exited with an error: 1 (Exit value: 1)
	at org.apache.commons.exec.DefaultExecutor.executeInternal(DefaultExecutor.java:404)
	at org.apache.commons.exec.DefaultExecutor.execute(DefaultExecutor.java:166)
	at com.github.vbauer.apkmaster.util.SysUtils.execute(SysUtils.java:67)
	at com.github.vbauer.apkmaster.util.SysUtils.executeSimple(SysUtils.java:43)
	at com.github.vbauer.apkmaster.service.assembly.ProjectBuildService.buildProject(ProjectBuildService.java:78)
	at com.github.vbauer.apkmaster.service.assembly.ProjectBuildService.buildProject(ProjectBuildService.java:64)
	at com.github.vbauer.apkmaster.service.assembly.ProjectBuildService.buildProject(ProjectBuildService.java:43)
	at com.github.vbauer.apkmaster.service.FullProcessService.build(FullProcessService.java:84)
	at com.github.vbauer.apkmaster.service.FullProcessService.process(FullProcessService.java:34)
	at com.github.vbauer.apkmaster.app.MainApplication.process(MainApplication.java:38)
	at com.github.vbauer.apkmaster.app.MainApplication.main(MainApplication.java:20)
	at sun.reflect.GeneratedMethodAccessor8.invoke(Unknown Source)
	at sun.reflect.DelegatingMethodAccessorImpl.invoke(DelegatingMethodAccessorImpl.java:43)
	at java.lang.reflect.Method.invoke(Method.java:498)
	at com.android.arsenal.util.ReflectionUtils.invoke(ReflectionUtils.java:42)
	at com.android.arsenal.util.ApkMasterUtils.main(ApkMasterUtils.java:30)
	at com.android.arsenal.service.processor.impl.BuildProcessorServiceImpl.buildProject(BuildProcessorServiceImpl.java:197)
	at com.android.arsenal.service.processor.impl.BuildProcessorServiceImpl.build(BuildProcessorServiceImpl.java:131)
	at com.android.arsenal.service.processor.impl.BuildProcessorServiceImpl.lambda$null$1(BuildProcessorServiceImpl.java:114)
	at java.util.concurrent.FutureTask.run(FutureTask.java:266)
	at java.util.concurrent.Executors$RunnableAdapter.call(Executors.java:511)
	at java.util.concurrent.FutureTask.run(FutureTask.java:266)
	at java.util.concurrent.ThreadPoolExecutor.runWorker(ThreadPoolExecutor.java:1149)
	at java.util.concurrent.ThreadPoolExecutor$Worker.run(ThreadPoolExecutor.java:624)
	at java.lang.Thread.run(Thread.java:748)
2018-05-11 15:43:11,925 INFO  SysUtils - Configuration on demand is an incubating feature.

FAILURE: Build failed with an exception.

* What went wrong:
A problem occurred configuring project ':app'.
> A problem occurred configuring project ':library'.
   > Failed to notify project evaluation listener.
      > failed to find Build Tools revision 23.0.0
      > failed to find Build Tools revision 23.0.0

* Try:
Run with --info or --debug option to get more log output.

* Exception is:
org.gradle.api.ProjectConfigurationException: A problem occurred configuring project ':app'.
	at org.gradle.configuration.project.LifecycleProjectEvaluator.addConfigurationFailure(LifecycleProjectEvaluator.java:91)
	at org.gradle.configuration.project.LifecycleProjectEvaluator.notifyAfterEvaluate(LifecycleProjectEvaluator.java:86)
	at org.gradle.configuration.project.LifecycleProjectEvaluator.evaluate(LifecycleProjectEvaluator.java:65)
	at org.gradle.api.internal.project.AbstractProject.evaluate(AbstractProject.java:504)
	at org.gradle.api.internal.project.AbstractProject.evaluate(AbstractProject.java:83)
	at org.gradle.execution.TaskPathProjectEvaluator.configureHierarchy(TaskPathProjectEvaluator.java:47)
	at org.gradle.execution.TaskSelector.getSelection(TaskSelector.java:85)
	at org.gradle.execution.TaskSelector.getFilter(TaskSelector.java:64)
	at org.gradle.execution.ExcludedTaskFilteringBuildConfigurationAction.configure(ExcludedTaskFilteringBuildConfigurationAction.java:42)
	at org.gradle.execution.DefaultBuildExecuter.configure(DefaultBuildExecuter.java:42)
	at org.gradle.execution.DefaultBuildExecuter.access$100(DefaultBuildExecuter.java:23)
	at org.gradle.execution.DefaultBuildExecuter$1.proceed(DefaultBuildExecuter.java:48)
	at org.gradle.execution.DefaultTasksBuildExecutionAction.configure(DefaultTasksBuildExecutionAction.java:44)
	at org.gradle.execution.DefaultBuildExecuter.configure(DefaultBuildExecuter.java:42)
	at org.gradle.execution.DefaultBuildExecuter.select(DefaultBuildExecuter.java:35)
	at org.gradle.initialization.DefaultGradleLauncher.doBuildStages(DefaultGradleLauncher.java:142)
	at org.gradle.initialization.DefaultGradleLauncher.doBuild(DefaultGradleLauncher.java:106)
	at org.gradle.initialization.DefaultGradleLauncher.run(DefaultGradleLauncher.java:86)
	at org.gradle.launcher.exec.InProcessBuildActionExecuter$DefaultBuildController.run(InProcessBuildActionExecuter.java:80)
	at org.gradle.launcher.cli.ExecuteBuildAction.run(ExecuteBuildAction.java:33)
	at org.gradle.launcher.cli.ExecuteBuildAction.run(ExecuteBuildAction.java:24)
	at org.gradle.launcher.exec.InProcessBuildActionExecuter.execute(InProcessBuildActionExecuter.java:36)
	at org.gradle.launcher.exec.InProcessBuildActionExecuter.execute(InProcessBuildActionExecuter.java:26)
	at org.gradle.launcher.cli.RunBuildAction.run(RunBuildAction.java:51)
	at org.gradle.internal.Actions$RunnableActionAdapter.execute(Actions.java:171)
	at org.gradle.launcher.cli.CommandLineActionFactory$ParseAndBuildAction.execute(CommandLineActionFactory.java:237)
	at org.gradle.launcher.cli.CommandLineActionFactory$ParseAndBuildAction.execute(CommandLineActionFactory.java:210)
	at org.gradle.launcher.cli.JavaRuntimeValidationAction.execute(JavaRuntimeValidationAction.java:35)
	at org.gradle.launcher.cli.JavaRuntimeValidationAction.execute(JavaRuntimeValidationAction.java:24)
	at org.gradle.launcher.cli.CommandLineActionFactory$WithLogging.execute(CommandLineActionFactory.java:206)
	at org.gradle.launcher.cli.CommandLineActionFactory$WithLogging.execute(CommandLineActionFactory.java:169)
	at org.gradle.launcher.cli.ExceptionReportingAction.execute(ExceptionReportingAction.java:33)
	at org.gradle.launcher.cli.ExceptionReportingAction.execute(ExceptionReportingAction.java:22)
	at org.gradle.launcher.Main.doAction(Main.java:33)
	at org.gradle.launcher.bootstrap.EntryPoint.run(EntryPoint.java:45)
	at org.gradle.launcher.bootstrap.ProcessBootstrap.runNoExit(ProcessBootstrap.java:54)
	at org.gradle.launcher.bootstrap.ProcessBootstrap.run(ProcessBootstrap.java:35)
	at org.gradle.launcher.GradleMain.main(GradleMain.java:23)
	at org.gradle.wrapper.BootstrapMainStarter.start(BootstrapMainStarter.java:33)
	at org.gradle.wrapper.WrapperExecutor.execute(WrapperExecutor.java:130)
	at org.gradle.wrapper.GradleWrapperMain.main(GradleWrapperMain.java:48)
Caused by: org.gradle.api.ProjectConfigurationException: A problem occurred configuring project ':library'.
	at org.gradle.configuration.project.LifecycleProjectEvaluator.addConfigurationFailure(LifecycleProjectEvaluator.java:91)
	at org.gradle.configuration.project.LifecycleProjectEvaluator.notifyAfterEvaluate(LifecycleProjectEvaluator.java:86)
	at org.gradle.configuration.project.LifecycleProjectEvaluator.evaluate(LifecycleProjectEvaluator.java:65)
	at org.gradle.api.internal.project.AbstractProject.evaluate(AbstractProject.java:504)
	at org.gradle.api.internal.project.AbstractProject.evaluationDependsOn(AbstractProject.java:562)
	at org.gradle.api.internal.project.AbstractProject.evaluationDependsOn(AbstractProject.java:554)
	at com.android.build.gradle.internal.DependencyManager.ensureConfigured(DependencyManager.java:641)
	at com.android.build.gradle.internal.DependencyManager.resolveDependencyForConfig(DependencyManager.java:232)
	at com.android.build.gradle.internal.DependencyManager.resolveDependencies(DependencyManager.java:133)
	at com.android.build.gradle.internal.TaskManager.resolveDependencies(TaskManager.groovy:272)
	at com.android.build.gradle.internal.VariantManager$8.call(VariantManager.java:591)
	at com.android.build.gradle.internal.VariantManager$8.call(VariantManager.java:588)
	at com.android.builder.profile.ThreadRecorder$1.record(ThreadRecorder.java:48)
	at com.android.builder.profile.Recorder$record.call(Unknown Source)
	at com.android.build.gradle.internal.profile.SpanRecorders.record(SpanRecorders.groovy:69)
	at com.android.build.gradle.internal.VariantManager.createVariantData(VariantManager.java:587)
	at com.android.build.gradle.internal.VariantManager.createVariantDataForProductFlavors(VariantManager.java:690)
	at com.android.build.gradle.internal.VariantManager.populateVariantDataList(VariantManager.java:452)
	at com.android.build.gradle.internal.VariantManager.createAndroidTasks(VariantManager.java:271)
	at com.android.build.gradle.BasePlugin$_createAndroidTasks_closure15.doCall(BasePlugin.groovy:448)
	at com.android.build.gradle.BasePlugin$_createAndroidTasks_closure15.doCall(BasePlugin.groovy)
	at com.android.build.gradle.internal.profile.SpanRecorders$2.call(SpanRecorders.groovy:52)
	at com.android.builder.profile.ThreadRecorder$1.record(ThreadRecorder.java:48)
	at com.android.build.gradle.internal.profile.SpanRecorders.record(SpanRecorders.groovy:54)
	at com.android.build.gradle.BasePlugin.createAndroidTasks(BasePlugin.groovy:447)
	at com.android.build.gradle.BasePlugin$_createTasks_closure13_closure17.doCall(BasePlugin.groovy:388)
	at com.android.build.gradle.BasePlugin$_createTasks_closure13_closure17.doCall(BasePlugin.groovy)
	at com.android.build.gradle.internal.profile.SpanRecorders$2.call(SpanRecorders.groovy:52)
	at com.android.builder.profile.ThreadRecorder$1.record(ThreadRecorder.java:48)
	at com.android.build.gradle.internal.profile.SpanRecorders.record(SpanRecorders.groovy:54)
	at com.android.build.gradle.BasePlugin$_createTasks_closure13.doCall(BasePlugin.groovy:387)
	at org.gradle.listener.ClosureBackedMethodInvocationDispatch.dispatch(ClosureBackedMethodInvocationDispatch.java:40)
	at org.gradle.listener.ClosureBackedMethodInvocationDispatch.dispatch(ClosureBackedMethodInvocationDispatch.java:25)
	at org.gradle.listener.BroadcastDispatch.dispatch(BroadcastDispatch.java:83)
	at org.gradle.listener.BroadcastDispatch.dispatch(BroadcastDispatch.java:31)
	at org.gradle.messaging.dispatch.ProxyDispatchAdapter$DispatchingInvocationHandler.invoke(ProxyDispatchAdapter.java:93)
	at com.sun.proxy.$Proxy13.afterEvaluate(Unknown Source)
	at org.gradle.configuration.project.LifecycleProjectEvaluator.notifyAfterEvaluate(LifecycleProjectEvaluator.java:79)
	... 39 more
Caused by: org.gradle.listener.ListenerNotificationException: Failed to notify project evaluation listener.
	at org.gradle.listener.BroadcastDispatch.dispatch(BroadcastDispatch.java:94)
	at org.gradle.listener.BroadcastDispatch.dispatch(BroadcastDispatch.java:31)
	at org.gradle.messaging.dispatch.ProxyDispatchAdapter$DispatchingInvocationHandler.invoke(ProxyDispatchAdapter.java:93)
	at com.sun.proxy.$Proxy13.afterEvaluate(Unknown Source)
	at org.gradle.configuration.project.LifecycleProjectEvaluator.notifyAfterEvaluate(LifecycleProjectEvaluator.java:79)
	... 75 more
Caused by: java.lang.IllegalStateException: failed to find Build Tools revision 23.0.0
	at com.android.builder.sdk.DefaultSdkLoader.getTargetInfo(DefaultSdkLoader.java:93)
	at com.android.build.gradle.internal.SdkHandler.initTarget(SdkHandler.java:90)
	at com.android.build.gradle.BasePlugin.ensureTargetSetup(BasePlugin.groovy:462)
	at com.android.build.gradle.BasePlugin.access$2(BasePlugin.groovy)
	at com.android.build.gradle.BasePlugin$_createTasks_closure13.doCall(BasePlugin.groovy:386)
	at org.gradle.listener.ClosureBackedMethodInvocationDispatch.dispatch(ClosureBackedMethodInvocationDispatch.java:40)
	at org.gradle.listener.ClosureBackedMethodInvocationDispatch.dispatch(ClosureBackedMethodInvocationDispatch.java:25)
	at org.gradle.listener.BroadcastDispatch.dispatch(BroadcastDispatch.java:83)
	... 79 more


BUILD FAILED

Total time: 6.102 secs

2018-05-11 15:43:11,928 ERROR FullProcessService - Project build has not produced APK file
2018-05-11 15:43:11,931 ERROR FullProcessService - Could not find generated or existed APK file
