2018-04-08 15:40:46,918 INFO  DownloadService - Downloading "https://github.com/alahammad/ShowEdittextPassword/archive/master.zip", attempt 3
2018-04-08 15:40:48,249 INFO  DownloadService - Downloaded https://github.com/alahammad/ShowEdittextPassword/archive/master.zip, attempt 3
2018-04-08 15:40:48,249 INFO  DownloadService - Size of file "/tmp/rdisk/906/master.zip": 182 KB
2018-04-08 15:40:48,249 INFO  ArchiveUtils - Checking entries [.gradle] in ZIP file...
2018-04-08 15:40:48,250 INFO  ArchiveUtils - Has entries [.gradle] in ZIP file /tmp/rdisk/906/master.zip: true
2018-04-08 15:40:48,250 DEBUG ZipUtil - Extracting '/tmp/rdisk/906/master.zip' into '/tmp/rdisk/906/src'.
2018-04-08 15:40:48,261 INFO  FullProcessService - Size of directory with sources: 191 KB
2018-04-08 15:40:48,261 INFO  SysUtils - Execute command: [git, init, /tmp/rdisk/906/src]
2018-04-08 15:40:48,270 INFO  SysUtils - Initialized empty Git repository in /tmp/rdisk/906/src/.git/

2018-04-08 15:40:48,273 INFO  ProjectBuildService - Gradle wrapper(s): /tmp/rdisk/906/src/ShowEdittextPassword-master/gradlew
2018-04-08 15:40:48,276 INFO  ProjectBuildService - Build script(s): /tmp/rdisk/906/src/ShowEdittextPassword-master/app/build.gradle /tmp/rdisk/906/src/ShowEdittextPassword-master/library/build.gradle /tmp/rdisk/906/src/ShowEdittextPassword-master/build.gradle
2018-04-08 15:40:48,279 INFO  ProjectBuildService - All script(s): /tmp/rdisk/906/src/ShowEdittextPassword-master/settings.gradle /tmp/rdisk/906/src/ShowEdittextPassword-master/library/build.gradle /tmp/rdisk/906/src/ShowEdittextPassword-master/build.gradle /tmp/rdisk/906/src/ShowEdittextPassword-master/app/build.gradle
2018-04-08 15:40:48,279 INFO  ProjectBuildService - Remote scripts: none
2018-04-08 15:40:48,279 INFO  ProjectFixService - Fixing project...
2018-04-08 15:40:48,286 INFO  LocalPropertiesFixService - Created fake /tmp/rdisk/906/src/ShowEdittextPassword-master/app/local.properties
2018-04-08 15:40:48,287 INFO  ProjectFixService - Build info for "/tmp/rdisk/906/src/ShowEdittextPassword-master/app/build.gradle": [buildToolsVersion=23.0.2,compileSdkVersion=23,minSdkVersion=8,targetSdkVersion=19]
2018-04-08 15:40:48,287 INFO  LocalPropertiesFixService - Created fake /tmp/rdisk/906/src/ShowEdittextPassword-master/library/local.properties
2018-04-08 15:40:48,288 INFO  ProjectFixService - Build info for "/tmp/rdisk/906/src/ShowEdittextPassword-master/library/build.gradle": [buildToolsVersion=23.0.2,compileSdkVersion=23,minSdkVersion=8,targetSdkVersion=19]
2018-04-08 15:40:48,288 INFO  LocalPropertiesFixService - Created fake /tmp/rdisk/906/src/ShowEdittextPassword-master/local.properties
2018-04-08 15:40:48,289 INFO  WrapperPropertiesFixService - Gradle wrapper: https://services.gradle.org/distributions/gradle-2.2.1-all.zip
2018-04-08 15:40:48,289 INFO  WrapperPropertiesFixService - Gradle wrapper was changed from "-all.zip" to "-bin.zip" (https://services.gradle.org/distributions/gradle-2.2.1-bin.zip)
2018-04-08 15:40:48,290 INFO  ProjectFixService - Build info for "/tmp/rdisk/906/src/ShowEdittextPassword-master/build.gradle": [buildToolsVersion=23.0.2,compileSdkVersion=23,minSdkVersion=8,targetSdkVersion=19]
2018-04-08 15:40:48,290 INFO  ProjectFixService - Project was maybe fixed
2018-04-08 15:40:48,290 INFO  ProjectTaskService - Detecting possible tasks...
2018-04-08 15:40:48,290 INFO  SysUtils - Execute command: [/tmp/rdisk/906/src/ShowEdittextPassword-master/gradlew, -b, /tmp/rdisk/906/src/ShowEdittextPassword-master/app/build.gradle, -Dorg.gradle.daemon=false, -Dorg.gradle.daemon.performance.enable-monitoring=false, -Dorg.gradle.configureondemand=true, tasks]
2018-04-08 15:40:56,611 INFO  ProjectTaskService - Detected possible tasks: 65
2018-04-08 15:40:56,611 INFO  ProjectTaskService - Excluded tasks (19): lintDebug mockableAndroidJar deviceCheck lint testReleaseUnitTest uninstallRelease deviceAndroidTest uninstallDebugAndroidTest installDebugAndroidTest connectedCheck connectedDebugAndroidTest uninstallAll test check testDebugUnitTest connectedAndroidTest installDebug lintRelease uninstallDebug
2018-04-08 15:40:56,611 INFO  SysUtils - Execute command: [/tmp/rdisk/906/src/ShowEdittextPassword-master/gradlew, -b, /tmp/rdisk/906/src/ShowEdittextPassword-master/app/build.gradle, -Dorg.gradle.daemon=false, -Dorg.gradle.daemon.performance.enable-monitoring=false, -Dorg.gradle.configureondemand=true, --stacktrace, -x, lintDebug, -x, mockableAndroidJar, -x, deviceCheck, -x, lint, -x, testReleaseUnitTest, -x, uninstallRelease, -x, deviceAndroidTest, -x, uninstallDebugAndroidTest, -x, installDebugAndroidTest, -x, connectedCheck, -x, connectedDebugAndroidTest, -x, uninstallAll, -x, test, -x, check, -x, testDebugUnitTest, -x, connectedAndroidTest, -x, installDebug, -x, lintRelease, -x, uninstallDebug, build]
2018-04-08 15:41:06,195 ERROR SysUtils - Could not process external command
org.apache.commons.exec.ExecuteException: Process exited with an error: 1 (Exit value: 1)
	at org.apache.commons.exec.DefaultExecutor.executeInternal(DefaultExecutor.java:404)
	at org.apache.commons.exec.DefaultExecutor.execute(DefaultExecutor.java:166)
	at com.github.vbauer.apkmaster.util.SysUtils.execute(SysUtils.java:67)
	at com.github.vbauer.apkmaster.util.SysUtils.executeSimple(SysUtils.java:43)
	at com.github.vbauer.apkmaster.service.assembly.ProjectBuildService.buildProject(ProjectBuildService.java:78)
	at com.github.vbauer.apkmaster.service.assembly.ProjectBuildService.buildProject(ProjectBuildService.java:64)
	at com.github.vbauer.apkmaster.service.assembly.ProjectBuildService.buildProject(ProjectBuildService.java:43)
	at com.github.vbauer.apkmaster.service.FullProcessService.build(FullProcessService.java:84)
	at com.github.vbauer.apkmaster.service.FullProcessService.process(FullProcessService.java:34)
	at com.github.vbauer.apkmaster.app.MainApplication.process(MainApplication.java:38)
	at com.github.vbauer.apkmaster.app.MainApplication.main(MainApplication.java:20)
	at sun.reflect.GeneratedMethodAccessor8.invoke(Unknown Source)
	at sun.reflect.DelegatingMethodAccessorImpl.invoke(DelegatingMethodAccessorImpl.java:43)
	at java.lang.reflect.Method.invoke(Method.java:498)
	at com.android.arsenal.util.ReflectionUtils.invoke(ReflectionUtils.java:42)
	at com.android.arsenal.util.ApkMasterUtils.main(ApkMasterUtils.java:30)
	at com.android.arsenal.service.processor.impl.BuildProcessorServiceImpl.buildProject(BuildProcessorServiceImpl.java:197)
	at com.android.arsenal.service.processor.impl.BuildProcessorServiceImpl.build(BuildProcessorServiceImpl.java:131)
	at com.android.arsenal.service.processor.impl.BuildProcessorServiceImpl.lambda$null$1(BuildProcessorServiceImpl.java:114)
	at java.util.concurrent.FutureTask.run(FutureTask.java:266)
	at java.util.concurrent.Executors$RunnableAdapter.call(Executors.java:511)
	at java.util.concurrent.FutureTask.run(FutureTask.java:266)
	at java.util.concurrent.ThreadPoolExecutor.runWorker(ThreadPoolExecutor.java:1149)
	at java.util.concurrent.ThreadPoolExecutor$Worker.run(ThreadPoolExecutor.java:624)
	at java.lang.Thread.run(Thread.java:748)
2018-04-08 15:41:06,195 INFO  SysUtils - Configuration on demand is an incubating feature.
:app:preBuild UP-TO-DATE
:app:preDebugBuild UP-TO-DATE
:app:checkDebugManifest
:app:preReleaseBuild UP-TO-DATE
:library:compileLint
:library:copyReleaseLint UP-TO-DATE
:library:mergeReleaseProguardFiles
:library:preBuild UP-TO-DATE
:library:preReleaseBuild UP-TO-DATE
:library:checkReleaseManifest
:library:preDebugAndroidTestBuild UP-TO-DATE
:library:preDebugBuild UP-TO-DATE
:library:preDebugUnitTestBuild UP-TO-DATE
:library:preReleaseUnitTestBuild UP-TO-DATE
:library:prepareComAndroidSupportAppcompatV71910Library
:library:prepareReleaseDependencies
:library:compileReleaseAidl
:library:compileReleaseRenderscript
:library:generateReleaseBuildConfig
:library:generateReleaseAssets UP-TO-DATE
:library:mergeReleaseAssets
:library:generateReleaseResValues
:library:generateReleaseResources
:library:mergeReleaseResources
AAPT: /tmp/rdisk/906/src/ShowEdittextPassword-master/library/build/intermediates/exploded-aar/com.android.support/appcompat-v7/19.1.0/res/drawable-mdpi/abc_ab_share_pack_holo_dark.9.png: libpng warning: iCCP: Not recognizing known sRGB profile that has been edited
AAPT: /tmp/rdisk/906/src/ShowEdittextPassword-master/library/build/intermediates/exploded-aar/com.android.support/appcompat-v7/19.1.0/res/drawable-mdpi/abc_ic_clear_disabled.png: libpng warning: iCCP: Not recognizing known sRGB profile that has been edited
AAPT: /tmp/rdisk/906/src/ShowEdittextPassword-master/library/build/intermediates/exploded-aar/com.android.support/appcompat-v7/19.1.0/res/drawable-xxhdpi/abc_ic_clear_disabled.png: libpng warning: iCCP: profile 'icc': 'GRAY': Gray color space not permitted on RGB PNG
AAPT: /tmp/rdisk/906/src/ShowEdittextPassword-master/library/build/intermediates/exploded-aar/com.android.support/appcompat-v7/19.1.0/res/drawable-hdpi/abc_ab_share_pack_holo_light.9.png: libpng warning: iCCP: Not recognizing known sRGB profile that has been edited
AAPT: /tmp/rdisk/906/src/ShowEdittextPassword-master/library/build/intermediates/exploded-aar/com.android.support/appcompat-v7/19.1.0/res/drawable-xhdpi/abc_ab_share_pack_holo_dark.9.png: libpng warning: iCCP: Not recognizing known sRGB profile that has been edited
AAPT: /tmp/rdisk/906/src/ShowEdittextPassword-master/library/build/intermediates/exploded-aar/com.android.support/appcompat-v7/19.1.0/res/drawable-hdpi/abc_ic_clear_disabled.png: libpng warning: iCCP: Not recognizing known sRGB profile that has been edited
AAPT: /tmp/rdisk/906/src/ShowEdittextPassword-master/library/build/intermediates/exploded-aar/com.android.support/appcompat-v7/19.1.0/res/drawable-mdpi/abc_ic_go.png: libpng warning: iCCP: Not recognizing known sRGB profile that has been edited
AAPT: /tmp/rdisk/906/src/ShowEdittextPassword-master/library/build/intermediates/exploded-aar/com.android.support/appcompat-v7/19.1.0/res/drawable-hdpi/abc_ic_voice_search.png: libpng warning: iCCP: Not recognizing known sRGB profile that has been edited
AAPT: /tmp/rdisk/906/src/ShowEdittextPassword-master/library/build/intermediates/exploded-aar/com.android.support/appcompat-v7/19.1.0/res/drawable-xxhdpi/abc_ic_search.png: libpng warning: iCCP: profile 'icc': 'GRAY': Gray color space not permitted on RGB PNG
AAPT: /tmp/rdisk/906/src/ShowEdittextPassword-master/library/build/intermediates/exploded-aar/com.android.support/appcompat-v7/19.1.0/res/drawable-mdpi/abc_ic_voice_search.png: libpng warning: iCCP: Not recognizing known sRGB profile that has been edited
AAPT: /tmp/rdisk/906/src/ShowEdittextPassword-master/library/build/intermediates/exploded-aar/com.android.support/appcompat-v7/19.1.0/res/drawable-xxhdpi/abc_ic_voice_search.png: libpng warning: iCCP: profile 'icc': 'GRAY': Gray color space not permitted on RGB PNG
AAPT: /tmp/rdisk/906/src/ShowEdittextPassword-master/library/build/intermediates/exploded-aar/com.android.support/appcompat-v7/19.1.0/res/drawable-xhdpi/abc_ic_go.png: libpng warning: iCCP: Not recognizing known sRGB profile that has been edited
AAPT: /tmp/rdisk/906/src/ShowEdittextPassword-master/library/build/intermediates/exploded-aar/com.android.support/appcompat-v7/19.1.0/res/drawable-xhdpi/abc_ic_clear_disabled.png: libpng warning: iCCP: Not recognizing known sRGB profile that has been edited
AAPT: /tmp/rdisk/906/src/ShowEdittextPassword-master/library/build/intermediates/exploded-aar/com.android.support/appcompat-v7/19.1.0/res/drawable-xhdpi/abc_ic_search.png: libpng warning: iCCP: Not recognizing known sRGB profile that has been edited
AAPT: /tmp/rdisk/906/src/ShowEdittextPassword-master/library/build/intermediates/exploded-aar/com.android.support/appcompat-v7/19.1.0/res/drawable-xxhdpi/abc_ic_go.png: libpng warning: iCCP: profile 'icc': 'GRAY': Gray color space not permitted on RGB PNG
AAPT: /tmp/rdisk/906/src/ShowEdittextPassword-master/library/build/intermediates/exploded-aar/com.android.support/appcompat-v7/19.1.0/res/drawable-hdpi/abc_ic_search.png: libpng warning: iCCP: Not recognizing known sRGB profile that has been edited
AAPT: /tmp/rdisk/906/src/ShowEdittextPassword-master/library/build/intermediates/exploded-aar/com.android.support/appcompat-v7/19.1.0/res/drawable-hdpi/abc_ic_clear_normal.png: libpng warning: iCCP: Not recognizing known sRGB profile that has been edited
AAPT: /tmp/rdisk/906/src/ShowEdittextPassword-master/library/build/intermediates/exploded-aar/com.android.support/appcompat-v7/19.1.0/res/drawable-xhdpi/abc_ic_voice_search.png: libpng warning: iCCP: Not recognizing known sRGB profile that has been edited
AAPT: /tmp/rdisk/906/src/ShowEdittextPassword-master/library/build/intermediates/exploded-aar/com.android.support/appcompat-v7/19.1.0/res/drawable-hdpi/abc_ic_go.png: libpng warning: iCCP: Not recognizing known sRGB profile that has been edited
AAPT: /tmp/rdisk/906/src/ShowEdittextPassword-master/library/src/main/res/drawable-hdpi/show_pass.png: libpng warning: iCCP: Not recognizing known sRGB profile that has been edited
AAPT: /tmp/rdisk/906/src/ShowEdittextPassword-master/library/build/intermediates/exploded-aar/com.android.support/appcompat-v7/19.1.0/res/drawable-hdpi/abc_ab_share_pack_holo_dark.9.png: libpng warning: iCCP: Not recognizing known sRGB profile that has been edited
AAPT: /tmp/rdisk/906/src/ShowEdittextPassword-master/library/build/intermediates/exploded-aar/com.android.support/appcompat-v7/19.1.0/res/drawable-mdpi/abc_ic_search.png: libpng warning: iCCP: Not recognizing known sRGB profile that has been edited
AAPT err(876027068) : No Delegate set : lost message:/tmp/rdisk/906/src/ShowEdittextPassword-master/library/build/intermediates/exploded-aar/com.android.support/appcompat-v7/19.1.0/res/drawable-xhdpi/abc_ab_share_pack_holo_light.9.png: libpng warning: iCCP: Not recognizing known sRGB profile that has been edited
AAPT err(876027068) : No Delegate set : lost message:/tmp/rdisk/906/src/ShowEdittextPassword-master/library/build/intermediates/exploded-aar/com.android.support/appcompat-v7/19.1.0/res/drawable-xxhdpi/abc_ic_clear_normal.png: libpng warning: iCCP: profile 'icc': 'GRAY': Gray color space not permitted on RGB PNG
:library:processReleaseManifest
:library:processReleaseResources
:library:generateReleaseSources
:library:processReleaseJavaRes UP-TO-DATE
:library:compileReleaseJavaWithJavac
:library:packageReleaseJar
:library:compileReleaseNdk UP-TO-DATE
:library:packageReleaseJniLibs UP-TO-DATE
:library:packageReleaseLocalJar UP-TO-DATE
:library:packageReleaseRenderscript UP-TO-DATE
:library:packageReleaseResources
:library:bundleRelease
:app:prepareComAndroidSupportAppcompatV71910Library
:app:prepareShowEdittextPasswordMasterLibraryUnspecifiedLibrary
:app:prepareDebugDependencies
:app:compileDebugAidl
:app:compileDebugRenderscript
:app:generateDebugBuildConfig
:app:generateDebugAssets UP-TO-DATE
:app:mergeDebugAssets
:app:generateDebugResValues
:app:generateDebugResources
:app:mergeDebugResources
AAPT: /tmp/rdisk/906/src/ShowEdittextPassword-master/app/build/intermediates/exploded-aar/com.android.support/appcompat-v7/19.1.0/res/drawable-mdpi/abc_ab_share_pack_holo_dark.9.png: libpng warning: iCCP: Not recognizing known sRGB profile that has been edited
AAPT: /tmp/rdisk/906/src/ShowEdittextPassword-master/app/build/intermediates/exploded-aar/com.android.support/appcompat-v7/19.1.0/res/drawable-mdpi/abc_ic_clear_disabled.png: libpng warning: iCCP: Not recognizing known sRGB profile that has been edited
AAPT: /tmp/rdisk/906/src/ShowEdittextPassword-master/app/build/intermediates/exploded-aar/com.android.support/appcompat-v7/19.1.0/res/drawable-xxhdpi/abc_ic_clear_disabled.png: libpng warning: iCCP: profile 'icc': 'GRAY': Gray color space not permitted on RGB PNG
AAPT: /tmp/rdisk/906/src/ShowEdittextPassword-master/app/build/intermediates/exploded-aar/com.android.support/appcompat-v7/19.1.0/res/drawable-mdpi/abc_ic_voice_search.png: libpng warning: iCCP: Not recognizing known sRGB profile that has been edited
AAPT: /tmp/rdisk/906/src/ShowEdittextPassword-master/app/build/intermediates/exploded-aar/com.android.support/appcompat-v7/19.1.0/res/drawable-hdpi/abc_ab_share_pack_holo_light.9.png: libpng warning: iCCP: Not recognizing known sRGB profile that has been edited
AAPT: /tmp/rdisk/906/src/ShowEdittextPassword-master/app/build/intermediates/exploded-aar/com.android.support/appcompat-v7/19.1.0/res/drawable-xxhdpi/abc_ic_search.png: libpng warning: iCCP: profile 'icc': 'GRAY': Gray color space not permitted on RGB PNG
AAPT: /tmp/rdisk/906/src/ShowEdittextPassword-master/app/build/intermediates/exploded-aar/com.android.support/appcompat-v7/19.1.0/res/drawable-xxhdpi/abc_ic_voice_search.png: libpng warning: iCCP: profile 'icc': 'GRAY': Gray color space not permitted on RGB PNG
AAPT err(313948611) : No Delegate set : lost message:/tmp/rdisk/906/src/ShowEdittextPassword-master/app/build/intermediates/exploded-aar/com.android.support/appcompat-v7/19.1.0/res/drawable-hdpi/abc_ic_clear_disabled.png: libpng warning: iCCP: Not recognizing known sRGB profile that has been edited
AAPT: /tmp/rdisk/906/src/ShowEdittextPassword-master/app/build/intermediates/exploded-aar/com.android.support/appcompat-v7/19.1.0/res/drawable-hdpi/abc_ic_voice_search.png: libpng warning: iCCP: Not recognizing known sRGB profile that has been edited
AAPT: /tmp/rdisk/906/src/ShowEdittextPassword-master/app/build/intermediates/exploded-aar/com.android.support/appcompat-v7/19.1.0/res/drawable-xhdpi/abc_ic_go.png: libpng warning: iCCP: Not recognizing known sRGB profile that has been edited
AAPT: /tmp/rdisk/906/src/ShowEdittextPassword-master/app/build/intermediates/exploded-aar/com.android.support/appcompat-v7/19.1.0/res/drawable-mdpi/abc_ic_go.png: libpng warning: iCCP: Not recognizing known sRGB profile that has been edited
AAPT: /tmp/rdisk/906/src/ShowEdittextPassword-master/app/build/intermediates/exploded-aar/com.android.support/appcompat-v7/19.1.0/res/drawable-xxhdpi/abc_ic_go.png: libpng warning: iCCP: profile 'icc': 'GRAY': Gray color space not permitted on RGB PNG
AAPT: /tmp/rdisk/906/src/ShowEdittextPassword-master/app/build/intermediates/exploded-aar/com.android.support/appcompat-v7/19.1.0/res/drawable-xhdpi/abc_ic_clear_disabled.png: libpng warning: iCCP: Not recognizing known sRGB profile that has been edited
AAPT: /tmp/rdisk/906/src/ShowEdittextPassword-master/app/build/intermediates/exploded-aar/com.android.support/appcompat-v7/19.1.0/res/drawable-xhdpi/abc_ab_share_pack_holo_light.9.png: libpng warning: iCCP: Not recognizing known sRGB profile that has been edited
AAPT: /tmp/rdisk/906/src/ShowEdittextPassword-master/app/build/intermediates/exploded-aar/com.android.support/appcompat-v7/19.1.0/res/drawable-xxhdpi/abc_ic_clear_normal.png: libpng warning: iCCP: profile 'icc': 'GRAY': Gray color space not permitted on RGB PNG
AAPT: /tmp/rdisk/906/src/ShowEdittextPassword-master/app/build/intermediates/exploded-aar/com.android.support/appcompat-v7/19.1.0/res/drawable-hdpi/abc_ic_search.png: libpng warning: iCCP: Not recognizing known sRGB profile that has been edited
AAPT: /tmp/rdisk/906/src/ShowEdittextPassword-master/app/build/intermediates/exploded-aar/com.android.support/appcompat-v7/19.1.0/res/drawable-hdpi/abc_ic_clear_normal.png: libpng warning: iCCP: Not recognizing known sRGB profile that has been edited
AAPT: /tmp/rdisk/906/src/ShowEdittextPassword-master/app/build/intermediates/exploded-aar/com.android.support/appcompat-v7/19.1.0/res/drawable-xhdpi/abc_ab_share_pack_holo_dark.9.png: libpng warning: iCCP: Not recognizing known sRGB profile that has been edited
AAPT: /tmp/rdisk/906/src/ShowEdittextPassword-master/app/build/intermediates/exploded-aar/com.android.support/appcompat-v7/19.1.0/res/drawable-xhdpi/abc_ic_search.png: libpng warning: iCCP: Not recognizing known sRGB profile that has been edited
AAPT: /tmp/rdisk/906/src/ShowEdittextPassword-master/app/build/intermediates/exploded-aar/com.android.support/appcompat-v7/19.1.0/res/drawable-hdpi/abc_ic_go.png: libpng warning: iCCP: Not recognizing known sRGB profile that has been edited
AAPT: /tmp/rdisk/906/src/ShowEdittextPassword-master/app/build/intermediates/exploded-aar/com.android.support/appcompat-v7/19.1.0/res/drawable-xhdpi/abc_ic_voice_search.png: libpng warning: iCCP: Not recognizing known sRGB profile that has been edited
AAPT err(1774087132) : No Delegate set : lost message:/tmp/rdisk/906/src/ShowEdittextPassword-master/app/build/intermediates/exploded-aar/com.android.support/appcompat-v7/19.1.0/res/drawable-hdpi/abc_ab_share_pack_holo_dark.9.png: libpng warning: iCCP: Not recognizing known sRGB profile that has been edited
AAPT: /tmp/rdisk/906/src/ShowEdittextPassword-master/app/build/intermediates/exploded-aar/com.android.support/appcompat-v7/19.1.0/res/drawable-mdpi/abc_ic_search.png: libpng warning: iCCP: Not recognizing known sRGB profile that has been edited
AAPT: /tmp/rdisk/906/src/ShowEdittextPassword-master/app/src/main/res/drawable-hdpi/show_pass.png: libpng warning: iCCP: Not recognizing known sRGB profile that has been edited
:app:processDebugManifest/tmp/rdisk/906/src/ShowEdittextPassword-master/app/src/main/AndroidManifest.xml Error:
	uses-sdk:minSdkVersion 8 cannot be smaller than version 16 declared in library [ShowEdittextPassword-master:library:unspecified] /tmp/rdisk/906/src/ShowEdittextPassword-master/app/build/intermediates/exploded-aar/ShowEdittextPassword-master/library/unspecified/AndroidManifest.xml
	Suggestion: use tools:overrideLibrary="net.ahammad.showhiddenpassword" to force usage
 FAILED

FAILURE: Build failed with an exception.

* What went wrong:
Execution failed for task ':app:processDebugManifest'.
> Manifest merger failed : uses-sdk:minSdkVersion 8 cannot be smaller than version 16 declared in library [ShowEdittextPassword-master:library:unspecified] /tmp/rdisk/906/src/ShowEdittextPassword-master/app/build/intermediates/exploded-aar/ShowEdittextPassword-master/library/unspecified/AndroidManifest.xml
  	Suggestion: use tools:overrideLibrary="net.ahammad.showhiddenpassword" to force usage

* Try:
Run with --info or --debug option to get more log output.

* Exception is:
org.gradle.api.tasks.TaskExecutionException: Execution failed for task ':app:processDebugManifest'.
	at org.gradle.api.internal.tasks.execution.ExecuteActionsTaskExecuter.executeActions(ExecuteActionsTaskExecuter.java:69)
	at org.gradle.api.internal.tasks.execution.ExecuteActionsTaskExecuter.execute(ExecuteActionsTaskExecuter.java:46)
	at org.gradle.api.internal.tasks.execution.PostExecutionAnalysisTaskExecuter.execute(PostExecutionAnalysisTaskExecuter.java:35)
	at org.gradle.api.internal.tasks.execution.SkipUpToDateTaskExecuter.execute(SkipUpToDateTaskExecuter.java:64)
	at org.gradle.api.internal.tasks.execution.ValidatingTaskExecuter.execute(ValidatingTaskExecuter.java:58)
	at org.gradle.api.internal.tasks.execution.SkipEmptySourceFilesTaskExecuter.execute(SkipEmptySourceFilesTaskExecuter.java:42)
	at org.gradle.api.internal.tasks.execution.SkipTaskWithNoActionsExecuter.execute(SkipTaskWithNoActionsExecuter.java:52)
	at org.gradle.api.internal.tasks.execution.SkipOnlyIfTaskExecuter.execute(SkipOnlyIfTaskExecuter.java:53)
	at org.gradle.api.internal.tasks.execution.ExecuteAtMostOnceTaskExecuter.execute(ExecuteAtMostOnceTaskExecuter.java:43)
	at org.gradle.api.internal.AbstractTask.executeWithoutThrowingTaskFailure(AbstractTask.java:305)
	at org.gradle.execution.taskgraph.AbstractTaskPlanExecutor$TaskExecutorWorker.executeTask(AbstractTaskPlanExecutor.java:79)
	at org.gradle.execution.taskgraph.AbstractTaskPlanExecutor$TaskExecutorWorker.processTask(AbstractTaskPlanExecutor.java:63)
	at org.gradle.execution.taskgraph.AbstractTaskPlanExecutor$TaskExecutorWorker.run(AbstractTaskPlanExecutor.java:51)
	at org.gradle.execution.taskgraph.DefaultTaskPlanExecutor.process(DefaultTaskPlanExecutor.java:23)
	at org.gradle.execution.taskgraph.DefaultTaskGraphExecuter.execute(DefaultTaskGraphExecuter.java:88)
	at org.gradle.execution.SelectedTaskExecutionAction.execute(SelectedTaskExecutionAction.java:29)
	at org.gradle.execution.DefaultBuildExecuter.execute(DefaultBuildExecuter.java:62)
	at org.gradle.execution.DefaultBuildExecuter.access$200(DefaultBuildExecuter.java:23)
	at org.gradle.execution.DefaultBuildExecuter$2.proceed(DefaultBuildExecuter.java:68)
	at org.gradle.execution.DryRunBuildExecutionAction.execute(DryRunBuildExecutionAction.java:32)
	at org.gradle.execution.DefaultBuildExecuter.execute(DefaultBuildExecuter.java:62)
	at org.gradle.execution.DefaultBuildExecuter.execute(DefaultBuildExecuter.java:55)
	at org.gradle.initialization.DefaultGradleLauncher.doBuildStages(DefaultGradleLauncher.java:149)
	at org.gradle.initialization.DefaultGradleLauncher.doBuild(DefaultGradleLauncher.java:106)
	at org.gradle.initialization.DefaultGradleLauncher.run(DefaultGradleLauncher.java:86)
	at org.gradle.launcher.exec.InProcessBuildActionExecuter$DefaultBuildController.run(InProcessBuildActionExecuter.java:80)
	at org.gradle.launcher.cli.ExecuteBuildAction.run(ExecuteBuildAction.java:33)
	at org.gradle.launcher.cli.ExecuteBuildAction.run(ExecuteBuildAction.java:24)
	at org.gradle.launcher.exec.InProcessBuildActionExecuter.execute(InProcessBuildActionExecuter.java:36)
	at org.gradle.launcher.exec.InProcessBuildActionExecuter.execute(InProcessBuildActionExecuter.java:26)
	at org.gradle.launcher.cli.RunBuildAction.run(RunBuildAction.java:51)
	at org.gradle.internal.Actions$RunnableActionAdapter.execute(Actions.java:171)
	at org.gradle.launcher.cli.CommandLineActionFactory$ParseAndBuildAction.execute(CommandLineActionFactory.java:237)
	at org.gradle.launcher.cli.CommandLineActionFactory$ParseAndBuildAction.execute(CommandLineActionFactory.java:210)
	at org.gradle.launcher.cli.JavaRuntimeValidationAction.execute(JavaRuntimeValidationAction.java:35)
	at org.gradle.launcher.cli.JavaRuntimeValidationAction.execute(JavaRuntimeValidationAction.java:24)
	at org.gradle.launcher.cli.CommandLineActionFactory$WithLogging.execute(CommandLineActionFactory.java:206)
	at org.gradle.launcher.cli.CommandLineActionFactory$WithLogging.execute(CommandLineActionFactory.java:169)
	at org.gradle.launcher.cli.ExceptionReportingAction.execute(ExceptionReportingAction.java:33)
	at org.gradle.launcher.cli.ExceptionReportingAction.execute(ExceptionReportingAction.java:22)
	at org.gradle.launcher.Main.doAction(Main.java:33)
	at org.gradle.launcher.bootstrap.EntryPoint.run(EntryPoint.java:45)
	at org.gradle.launcher.bootstrap.ProcessBootstrap.runNoExit(ProcessBootstrap.java:54)
	at org.gradle.launcher.bootstrap.ProcessBootstrap.run(ProcessBootstrap.java:35)
	at org.gradle.launcher.GradleMain.main(GradleMain.java:23)
	at org.gradle.wrapper.BootstrapMainStarter.start(BootstrapMainStarter.java:33)
	at org.gradle.wrapper.WrapperExecutor.execute(WrapperExecutor.java:130)
	at org.gradle.wrapper.GradleWrapperMain.main(GradleWrapperMain.java:48)
Caused by: java.lang.RuntimeException: Manifest merger failed : uses-sdk:minSdkVersion 8 cannot be smaller than version 16 declared in library [ShowEdittextPassword-master:library:unspecified] /tmp/rdisk/906/src/ShowEdittextPassword-master/app/build/intermediates/exploded-aar/ShowEdittextPassword-master/library/unspecified/AndroidManifest.xml
	Suggestion: use tools:overrideLibrary="net.ahammad.showhiddenpassword" to force usage
	at com.android.builder.core.AndroidBuilder.mergeManifests(AndroidBuilder.java:587)
	at com.android.builder.core.AndroidBuilder$mergeManifests$3.call(Unknown Source)
	at com.android.build.gradle.tasks.MergeManifests.doFullTaskAction(MergeManifests.groovy:144)
	at com.android.build.gradle.internal.tasks.IncrementalTask.taskAction(IncrementalTask.java:79)
	at org.gradle.internal.reflect.JavaMethod.invoke(JavaMethod.java:63)
	at org.gradle.api.internal.project.taskfactory.AnnotationProcessingTaskFactory$IncrementalTaskAction.doExecute(AnnotationProcessingTaskFactory.java:235)
	at org.gradle.api.internal.project.taskfactory.AnnotationProcessingTaskFactory$StandardTaskAction.execute(AnnotationProcessingTaskFactory.java:211)
	at org.gradle.api.internal.project.taskfactory.AnnotationProcessingTaskFactory$IncrementalTaskAction.execute(AnnotationProcessingTaskFactory.java:222)
	at org.gradle.api.internal.project.taskfactory.AnnotationProcessingTaskFactory$StandardTaskAction.execute(AnnotationProcessingTaskFactory.java:200)
	at org.gradle.api.internal.tasks.execution.ExecuteActionsTaskExecuter.executeAction(ExecuteActionsTaskExecuter.java:80)
	at org.gradle.api.internal.tasks.execution.ExecuteActionsTaskExecuter.executeActions(ExecuteActionsTaskExecuter.java:61)
	... 47 more


BUILD FAILED

Total time: 9.161 secs

2018-04-08 15:41:06,232 INFO  ProjectTaskService - Detecting possible tasks...
2018-04-08 15:41:06,232 INFO  SysUtils - Execute command: [/tmp/rdisk/906/src/ShowEdittextPassword-master/gradlew, -b, /tmp/rdisk/906/src/ShowEdittextPassword-master/library/build.gradle, -Dorg.gradle.daemon=false, -Dorg.gradle.daemon.performance.enable-monitoring=false, -Dorg.gradle.configureondemand=true, tasks]
2018-04-08 15:41:12,333 ERROR ProjectTaskService - Could not detect possible Gradle tasks: Process exited with an error: 1 (Exit value: 1)
2018-04-08 15:41:12,333 INFO  ProjectTaskService - Detected possible tasks: 0
2018-04-08 15:41:12,333 INFO  ProjectTaskService - Excluded tasks (0): none
2018-04-08 15:41:12,333 INFO  SysUtils - Execute command: [/tmp/rdisk/906/src/ShowEdittextPassword-master/gradlew, -b, /tmp/rdisk/906/src/ShowEdittextPassword-master/library/build.gradle, -Dorg.gradle.daemon=false, -Dorg.gradle.daemon.performance.enable-monitoring=false, -Dorg.gradle.configureondemand=true, --stacktrace, build]
2018-04-08 15:41:30,084 INFO  SysUtils - Configuration on demand is an incubating feature.
:library:compileLint
:library:copyDebugLint UP-TO-DATE
:library:mergeDebugProguardFiles
:library:preBuild UP-TO-DATE
:library:preDebugBuild UP-TO-DATE
:library:checkDebugManifest
:library:preDebugAndroidTestBuild UP-TO-DATE
:library:preDebugUnitTestBuild UP-TO-DATE
:library:preReleaseBuild UP-TO-DATE
:library:preReleaseUnitTestBuild UP-TO-DATE
:library:prepareComAndroidSupportAppcompatV71910Library UP-TO-DATE
:library:prepareDebugDependencies
:library:compileDebugAidl
:library:compileDebugRenderscript
:library:generateDebugBuildConfig
:library:generateDebugAssets UP-TO-DATE
:library:mergeDebugAssets
:library:generateDebugResValues
:library:generateDebugResources
:library:mergeDebugResources
AAPT: /tmp/rdisk/906/src/ShowEdittextPassword-master/library/build/intermediates/exploded-aar/com.android.support/appcompat-v7/19.1.0/res/drawable-mdpi/abc_ab_share_pack_holo_dark.9.png: libpng warning: iCCP: Not recognizing known sRGB profile that has been edited
AAPT: /tmp/rdisk/906/src/ShowEdittextPassword-master/library/build/intermediates/exploded-aar/com.android.support/appcompat-v7/19.1.0/res/drawable-mdpi/abc_ic_clear_disabled.png: libpng warning: iCCP: Not recognizing known sRGB profile that has been edited
AAPT: /tmp/rdisk/906/src/ShowEdittextPassword-master/library/build/intermediates/exploded-aar/com.android.support/appcompat-v7/19.1.0/res/drawable-xxhdpi/abc_ic_clear_disabled.png: libpng warning: iCCP: profile 'icc': 'GRAY': Gray color space not permitted on RGB PNG
AAPT: /tmp/rdisk/906/src/ShowEdittextPassword-master/library/build/intermediates/exploded-aar/com.android.support/appcompat-v7/19.1.0/res/drawable-hdpi/abc_ab_share_pack_holo_light.9.png: libpng warning: iCCP: Not recognizing known sRGB profile that has been edited
AAPT err(1037914871) : No Delegate set : lost message:/tmp/rdisk/906/src/ShowEdittextPassword-master/library/build/intermediates/exploded-aar/com.android.support/appcompat-v7/19.1.0/res/drawable-mdpi/abc_ic_voice_search.png: libpng warning: iCCP: Not recognizing known sRGB profile that has been edited
AAPT: /tmp/rdisk/906/src/ShowEdittextPassword-master/library/build/intermediates/exploded-aar/com.android.support/appcompat-v7/19.1.0/res/drawable-xxhdpi/abc_ic_search.png: libpng warning: iCCP: profile 'icc': 'GRAY': Gray color space not permitted on RGB PNG
AAPT: /tmp/rdisk/906/src/ShowEdittextPassword-master/library/build/intermediates/exploded-aar/com.android.support/appcompat-v7/19.1.0/res/drawable-xhdpi/abc_ab_share_pack_holo_dark.9.png: libpng warning: iCCP: Not recognizing known sRGB profile that has been edited
AAPT: /tmp/rdisk/906/src/ShowEdittextPassword-master/library/build/intermediates/exploded-aar/com.android.support/appcompat-v7/19.1.0/res/drawable-xxhdpi/abc_ic_voice_search.png: libpng warning: iCCP: profile 'icc': 'GRAY': Gray color space not permitted on RGB PNG
AAPT: /tmp/rdisk/906/src/ShowEdittextPassword-master/library/build/intermediates/exploded-aar/com.android.support/appcompat-v7/19.1.0/res/drawable-hdpi/abc_ic_clear_disabled.png: libpng warning: iCCP: Not recognizing known sRGB profile that has been edited
AAPT: /tmp/rdisk/906/src/ShowEdittextPassword-master/library/build/intermediates/exploded-aar/com.android.support/appcompat-v7/19.1.0/res/drawable-hdpi/abc_ic_voice_search.png: libpng warning: iCCP: Not recognizing known sRGB profile that has been edited
AAPT: /tmp/rdisk/906/src/ShowEdittextPassword-master/library/build/intermediates/exploded-aar/com.android.support/appcompat-v7/19.1.0/res/drawable-xhdpi/abc_ic_go.png: libpng warning: iCCP: Not recognizing known sRGB profile that has been edited
AAPT: /tmp/rdisk/906/src/ShowEdittextPassword-master/library/build/intermediates/exploded-aar/com.android.support/appcompat-v7/19.1.0/res/drawable-mdpi/abc_ic_go.png: libpng warning: iCCP: Not recognizing known sRGB profile that has been edited
AAPT: /tmp/rdisk/906/src/ShowEdittextPassword-master/library/build/intermediates/exploded-aar/com.android.support/appcompat-v7/19.1.0/res/drawable-xhdpi/abc_ic_clear_disabled.png: libpng warning: iCCP: Not recognizing known sRGB profile that has been edited
AAPT: /tmp/rdisk/906/src/ShowEdittextPassword-master/library/build/intermediates/exploded-aar/com.android.support/appcompat-v7/19.1.0/res/drawable-xxhdpi/abc_ic_go.png: libpng warning: iCCP: profile 'icc': 'GRAY': Gray color space not permitted on RGB PNG
AAPT: /tmp/rdisk/906/src/ShowEdittextPassword-master/library/build/intermediates/exploded-aar/com.android.support/appcompat-v7/19.1.0/res/drawable-xhdpi/abc_ic_search.png: libpng warning: iCCP: Not recognizing known sRGB profile that has been edited
AAPT: /tmp/rdisk/906/src/ShowEdittextPassword-master/library/build/intermediates/exploded-aar/com.android.support/appcompat-v7/19.1.0/res/drawable-xhdpi/abc_ab_share_pack_holo_light.9.png: libpng warning: iCCP: Not recognizing known sRGB profile that has been edited
AAPT: /tmp/rdisk/906/src/ShowEdittextPassword-master/library/build/intermediates/exploded-aar/com.android.support/appcompat-v7/19.1.0/res/drawable-hdpi/abc_ic_search.png: libpng warning: iCCP: Not recognizing known sRGB profile that has been edited
AAPT: /tmp/rdisk/906/src/ShowEdittextPassword-master/library/build/intermediates/exploded-aar/com.android.support/appcompat-v7/19.1.0/res/drawable-hdpi/abc_ic_clear_normal.png: libpng warning: iCCP: Not recognizing known sRGB profile that has been edited
AAPT: /tmp/rdisk/906/src/ShowEdittextPassword-master/library/build/intermediates/exploded-aar/com.android.support/appcompat-v7/19.1.0/res/drawable-xxhdpi/abc_ic_clear_normal.png: libpng warning: iCCP: profile 'icc': 'GRAY': Gray color space not permitted on RGB PNG
AAPT: /tmp/rdisk/906/src/ShowEdittextPassword-master/library/build/intermediates/exploded-aar/com.android.support/appcompat-v7/19.1.0/res/drawable-xhdpi/abc_ic_voice_search.png: libpng warning: iCCP: Not recognizing known sRGB profile that has been edited
AAPT err(2094441267) : No Delegate set : lost message:/tmp/rdisk/906/src/ShowEdittextPassword-master/library/src/main/res/drawable-hdpi/show_pass.png: libpng warning: iCCP: Not recognizing known sRGB profile that has been edited
AAPT: /tmp/rdisk/906/src/ShowEdittextPassword-master/library/build/intermediates/exploded-aar/com.android.support/appcompat-v7/19.1.0/res/drawable-hdpi/abc_ab_share_pack_holo_dark.9.png: libpng warning: iCCP: Not recognizing known sRGB profile that has been edited
AAPT err(1750431026) : No Delegate set : lost message:/tmp/rdisk/906/src/ShowEdittextPassword-master/library/build/intermediates/exploded-aar/com.android.support/appcompat-v7/19.1.0/res/drawable-hdpi/abc_ic_go.png: libpng warning: iCCP: Not recognizing known sRGB profile that has been edited
AAPT: /tmp/rdisk/906/src/ShowEdittextPassword-master/library/build/intermediates/exploded-aar/com.android.support/appcompat-v7/19.1.0/res/drawable-mdpi/abc_ic_search.png: libpng warning: iCCP: Not recognizing known sRGB profile that has been edited
:library:processDebugManifest
:library:processDebugResources
:library:generateDebugSources
:library:processDebugJavaRes UP-TO-DATE
:library:compileDebugJavaWithJavac
:library:packageDebugJar
:library:compileDebugNdk UP-TO-DATE
:library:packageDebugJniLibs UP-TO-DATE
:library:packageDebugLocalJar UP-TO-DATE
:library:packageDebugRenderscript UP-TO-DATE
:library:packageDebugResources
:library:bundleDebug
:library:compileDebugSources
:library:assembleDebug
:library:copyReleaseLint UP-TO-DATE
:library:mergeReleaseProguardFiles UP-TO-DATE
:library:checkReleaseManifest
:library:prepareReleaseDependencies
:library:compileReleaseAidl UP-TO-DATE
:library:compileReleaseRenderscript UP-TO-DATE
:library:generateReleaseBuildConfig UP-TO-DATE
:library:generateReleaseAssets UP-TO-DATE
:library:mergeReleaseAssets UP-TO-DATE
:library:generateReleaseResValues UP-TO-DATE
:library:generateReleaseResources UP-TO-DATE
:library:mergeReleaseResources UP-TO-DATE
:library:processReleaseManifest UP-TO-DATE
:library:processReleaseResources UP-TO-DATE
:library:generateReleaseSources UP-TO-DATE
:library:processReleaseJavaRes UP-TO-DATE
:library:compileReleaseJavaWithJavac UP-TO-DATE
:library:packageReleaseJar UP-TO-DATE
:library:compileReleaseNdk UP-TO-DATE
:library:packageReleaseJniLibs UP-TO-DATE
:library:packageReleaseLocalJar UP-TO-DATE
:library:packageReleaseRenderscript UP-TO-DATE
:library:packageReleaseResources UP-TO-DATE
:library:bundleRelease UP-TO-DATE
:library:compileReleaseSources UP-TO-DATE
:library:assembleRelease UP-TO-DATE
:library:assemble
:library:lint
Ran lint on variant debug: 15 issues found
Ran lint on variant release: 15 issues found
Wrote HTML report to file:/tmp/rdisk/906/src/ShowEdittextPassword-master/library/build/outputs/lint-results.html
Wrote XML report to /tmp/rdisk/906/src/ShowEdittextPassword-master/library/build/outputs/lint-results.xml
:library:prepareDebugUnitTestDependencies
:library:processDebugUnitTestJavaRes UP-TO-DATE
:library:compileDebugUnitTestJavaWithJavac UP-TO-DATE
:library:compileDebugUnitTestSources UP-TO-DATE
:library:mockableAndroidJar
:library:assembleDebugUnitTest
:library:testDebugUnitTest
:library:prepareReleaseUnitTestDependencies
:library:processReleaseUnitTestJavaRes UP-TO-DATE
:library:compileReleaseUnitTestJavaWithJavac UP-TO-DATE
:library:compileReleaseUnitTestSources UP-TO-DATE
:library:assembleReleaseUnitTest
:library:testReleaseUnitTest
:library:test
:library:check
:library:build

BUILD SUCCESSFUL

Total time: 17.334 secs

2018-04-08 15:41:30,131 INFO  ProjectTaskService - Detecting possible tasks...
2018-04-08 15:41:30,132 INFO  SysUtils - Execute command: [/tmp/rdisk/906/src/ShowEdittextPassword-master/gradlew, -b, /tmp/rdisk/906/src/ShowEdittextPassword-master/build.gradle, -Dorg.gradle.daemon=false, -Dorg.gradle.daemon.performance.enable-monitoring=false, -Dorg.gradle.configureondemand=true, tasks]
2018-04-08 15:41:36,412 INFO  ProjectTaskService - Detected possible tasks: 66
2018-04-08 15:41:36,413 INFO  ProjectTaskService - Excluded tasks (19): lintDebug mockableAndroidJar deviceCheck lint testReleaseUnitTest uninstallRelease deviceAndroidTest uninstallDebugAndroidTest installDebugAndroidTest connectedCheck connectedDebugAndroidTest uninstallAll test check testDebugUnitTest connectedAndroidTest installDebug lintRelease uninstallDebug
2018-04-08 15:41:36,413 INFO  SysUtils - Execute command: [/tmp/rdisk/906/src/ShowEdittextPassword-master/gradlew, -b, /tmp/rdisk/906/src/ShowEdittextPassword-master/build.gradle, -Dorg.gradle.daemon=false, -Dorg.gradle.daemon.performance.enable-monitoring=false, -Dorg.gradle.configureondemand=true, --stacktrace, -x, lintDebug, -x, mockableAndroidJar, -x, deviceCheck, -x, lint, -x, testReleaseUnitTest, -x, uninstallRelease, -x, deviceAndroidTest, -x, uninstallDebugAndroidTest, -x, installDebugAndroidTest, -x, connectedCheck, -x, connectedDebugAndroidTest, -x, uninstallAll, -x, test, -x, check, -x, testDebugUnitTest, -x, connectedAndroidTest, -x, installDebug, -x, lintRelease, -x, uninstallDebug, build]
2018-04-08 15:41:43,107 ERROR SysUtils - Could not process external command
org.apache.commons.exec.ExecuteException: Process exited with an error: 1 (Exit value: 1)
	at org.apache.commons.exec.DefaultExecutor.executeInternal(DefaultExecutor.java:404)
	at org.apache.commons.exec.DefaultExecutor.execute(DefaultExecutor.java:166)
	at com.github.vbauer.apkmaster.util.SysUtils.execute(SysUtils.java:67)
	at com.github.vbauer.apkmaster.util.SysUtils.executeSimple(SysUtils.java:43)
	at com.github.vbauer.apkmaster.service.assembly.ProjectBuildService.buildProject(ProjectBuildService.java:78)
	at com.github.vbauer.apkmaster.service.assembly.ProjectBuildService.buildProject(ProjectBuildService.java:64)
	at com.github.vbauer.apkmaster.service.assembly.ProjectBuildService.buildProject(ProjectBuildService.java:43)
	at com.github.vbauer.apkmaster.service.FullProcessService.build(FullProcessService.java:84)
	at com.github.vbauer.apkmaster.service.FullProcessService.process(FullProcessService.java:34)
	at com.github.vbauer.apkmaster.app.MainApplication.process(MainApplication.java:38)
	at com.github.vbauer.apkmaster.app.MainApplication.main(MainApplication.java:20)
	at sun.reflect.GeneratedMethodAccessor8.invoke(Unknown Source)
	at sun.reflect.DelegatingMethodAccessorImpl.invoke(DelegatingMethodAccessorImpl.java:43)
	at java.lang.reflect.Method.invoke(Method.java:498)
	at com.android.arsenal.util.ReflectionUtils.invoke(ReflectionUtils.java:42)
	at com.android.arsenal.util.ApkMasterUtils.main(ApkMasterUtils.java:30)
	at com.android.arsenal.service.processor.impl.BuildProcessorServiceImpl.buildProject(BuildProcessorServiceImpl.java:197)
	at com.android.arsenal.service.processor.impl.BuildProcessorServiceImpl.build(BuildProcessorServiceImpl.java:131)
	at com.android.arsenal.service.processor.impl.BuildProcessorServiceImpl.lambda$null$1(BuildProcessorServiceImpl.java:114)
	at java.util.concurrent.FutureTask.run(FutureTask.java:266)
	at java.util.concurrent.Executors$RunnableAdapter.call(Executors.java:511)
	at java.util.concurrent.FutureTask.run(FutureTask.java:266)
	at java.util.concurrent.ThreadPoolExecutor.runWorker(ThreadPoolExecutor.java:1149)
	at java.util.concurrent.ThreadPoolExecutor$Worker.run(ThreadPoolExecutor.java:624)
	at java.lang.Thread.run(Thread.java:748)
2018-04-08 15:41:43,108 INFO  SysUtils - Configuration on demand is an incubating feature.
:app:preBuild UP-TO-DATE
:app:preDebugBuild UP-TO-DATE
:app:checkDebugManifest
:app:preReleaseBuild UP-TO-DATE
:library:compileLint
:library:copyReleaseLint UP-TO-DATE
:library:mergeReleaseProguardFiles UP-TO-DATE
:library:preBuild UP-TO-DATE
:library:preReleaseBuild UP-TO-DATE
:library:checkReleaseManifest
:library:preDebugAndroidTestBuild UP-TO-DATE
:library:preDebugBuild UP-TO-DATE
:library:preDebugUnitTestBuild UP-TO-DATE
:library:preReleaseUnitTestBuild UP-TO-DATE
:library:prepareComAndroidSupportAppcompatV71910Library UP-TO-DATE
:library:prepareReleaseDependencies
:library:compileReleaseAidl UP-TO-DATE
:library:compileReleaseRenderscript UP-TO-DATE
:library:generateReleaseBuildConfig UP-TO-DATE
:library:generateReleaseAssets UP-TO-DATE
:library:mergeReleaseAssets UP-TO-DATE
:library:generateReleaseResValues UP-TO-DATE
:library:generateReleaseResources UP-TO-DATE
:library:mergeReleaseResources UP-TO-DATE
:library:processReleaseManifest UP-TO-DATE
:library:processReleaseResources UP-TO-DATE
:library:generateReleaseSources UP-TO-DATE
:library:processReleaseJavaRes UP-TO-DATE
:library:compileReleaseJavaWithJavac UP-TO-DATE
:library:packageReleaseJar UP-TO-DATE
:library:compileReleaseNdk UP-TO-DATE
:library:packageReleaseJniLibs UP-TO-DATE
:library:packageReleaseLocalJar UP-TO-DATE
:library:packageReleaseRenderscript UP-TO-DATE
:library:packageReleaseResources UP-TO-DATE
:library:bundleRelease UP-TO-DATE
:app:prepareComAndroidSupportAppcompatV71910Library UP-TO-DATE
:app:prepareShowEdittextPasswordMasterLibraryUnspecifiedLibrary UP-TO-DATE
:app:prepareDebugDependencies
:app:compileDebugAidl UP-TO-DATE
:app:compileDebugRenderscript UP-TO-DATE
:app:generateDebugBuildConfig UP-TO-DATE
:app:generateDebugAssets UP-TO-DATE
:app:mergeDebugAssets UP-TO-DATE
:app:generateDebugResValues UP-TO-DATE
:app:generateDebugResources UP-TO-DATE
:app:mergeDebugResources UP-TO-DATE
:app:processDebugManifest/tmp/rdisk/906/src/ShowEdittextPassword-master/app/src/main/AndroidManifest.xml Error:
	uses-sdk:minSdkVersion 8 cannot be smaller than version 16 declared in library [ShowEdittextPassword-master:library:unspecified] /tmp/rdisk/906/src/ShowEdittextPassword-master/app/build/intermediates/exploded-aar/ShowEdittextPassword-master/library/unspecified/AndroidManifest.xml
	Suggestion: use tools:overrideLibrary="net.ahammad.showhiddenpassword" to force usage
 FAILED

FAILURE: Build failed with an exception.

* What went wrong:
Execution failed for task ':app:processDebugManifest'.
> Manifest merger failed : uses-sdk:minSdkVersion 8 cannot be smaller than version 16 declared in library [ShowEdittextPassword-master:library:unspecified] /tmp/rdisk/906/src/ShowEdittextPassword-master/app/build/intermediates/exploded-aar/ShowEdittextPassword-master/library/unspecified/AndroidManifest.xml
  	Suggestion: use tools:overrideLibrary="net.ahammad.showhiddenpassword" to force usage

* Try:
Run with --info or --debug option to get more log output.

* Exception is:
org.gradle.api.tasks.TaskExecutionException: Execution failed for task ':app:processDebugManifest'.
	at org.gradle.api.internal.tasks.execution.ExecuteActionsTaskExecuter.executeActions(ExecuteActionsTaskExecuter.java:69)
	at org.gradle.api.internal.tasks.execution.ExecuteActionsTaskExecuter.execute(ExecuteActionsTaskExecuter.java:46)
	at org.gradle.api.internal.tasks.execution.PostExecutionAnalysisTaskExecuter.execute(PostExecutionAnalysisTaskExecuter.java:35)
	at org.gradle.api.internal.tasks.execution.SkipUpToDateTaskExecuter.execute(SkipUpToDateTaskExecuter.java:64)
	at org.gradle.api.internal.tasks.execution.ValidatingTaskExecuter.execute(ValidatingTaskExecuter.java:58)
	at org.gradle.api.internal.tasks.execution.SkipEmptySourceFilesTaskExecuter.execute(SkipEmptySourceFilesTaskExecuter.java:42)
	at org.gradle.api.internal.tasks.execution.SkipTaskWithNoActionsExecuter.execute(SkipTaskWithNoActionsExecuter.java:52)
	at org.gradle.api.internal.tasks.execution.SkipOnlyIfTaskExecuter.execute(SkipOnlyIfTaskExecuter.java:53)
	at org.gradle.api.internal.tasks.execution.ExecuteAtMostOnceTaskExecuter.execute(ExecuteAtMostOnceTaskExecuter.java:43)
	at org.gradle.api.internal.AbstractTask.executeWithoutThrowingTaskFailure(AbstractTask.java:305)
	at org.gradle.execution.taskgraph.AbstractTaskPlanExecutor$TaskExecutorWorker.executeTask(AbstractTaskPlanExecutor.java:79)
	at org.gradle.execution.taskgraph.AbstractTaskPlanExecutor$TaskExecutorWorker.processTask(AbstractTaskPlanExecutor.java:63)
	at org.gradle.execution.taskgraph.AbstractTaskPlanExecutor$TaskExecutorWorker.run(AbstractTaskPlanExecutor.java:51)
	at org.gradle.execution.taskgraph.DefaultTaskPlanExecutor.process(DefaultTaskPlanExecutor.java:23)
	at org.gradle.execution.taskgraph.DefaultTaskGraphExecuter.execute(DefaultTaskGraphExecuter.java:88)
	at org.gradle.execution.SelectedTaskExecutionAction.execute(SelectedTaskExecutionAction.java:29)
	at org.gradle.execution.DefaultBuildExecuter.execute(DefaultBuildExecuter.java:62)
	at org.gradle.execution.DefaultBuildExecuter.access$200(DefaultBuildExecuter.java:23)
	at org.gradle.execution.DefaultBuildExecuter$2.proceed(DefaultBuildExecuter.java:68)
	at org.gradle.execution.DryRunBuildExecutionAction.execute(DryRunBuildExecutionAction.java:32)
	at org.gradle.execution.DefaultBuildExecuter.execute(DefaultBuildExecuter.java:62)
	at org.gradle.execution.DefaultBuildExecuter.execute(DefaultBuildExecuter.java:55)
	at org.gradle.initialization.DefaultGradleLauncher.doBuildStages(DefaultGradleLauncher.java:149)
	at org.gradle.initialization.DefaultGradleLauncher.doBuild(DefaultGradleLauncher.java:106)
	at org.gradle.initialization.DefaultGradleLauncher.run(DefaultGradleLauncher.java:86)
	at org.gradle.launcher.exec.InProcessBuildActionExecuter$DefaultBuildController.run(InProcessBuildActionExecuter.java:80)
	at org.gradle.launcher.cli.ExecuteBuildAction.run(ExecuteBuildAction.java:33)
	at org.gradle.launcher.cli.ExecuteBuildAction.run(ExecuteBuildAction.java:24)
	at org.gradle.launcher.exec.InProcessBuildActionExecuter.execute(InProcessBuildActionExecuter.java:36)
	at org.gradle.launcher.exec.InProcessBuildActionExecuter.execute(InProcessBuildActionExecuter.java:26)
	at org.gradle.launcher.cli.RunBuildAction.run(RunBuildAction.java:51)
	at org.gradle.internal.Actions$RunnableActionAdapter.execute(Actions.java:171)
	at org.gradle.launcher.cli.CommandLineActionFactory$ParseAndBuildAction.execute(CommandLineActionFactory.java:237)
	at org.gradle.launcher.cli.CommandLineActionFactory$ParseAndBuildAction.execute(CommandLineActionFactory.java:210)
	at org.gradle.launcher.cli.JavaRuntimeValidationAction.execute(JavaRuntimeValidationAction.java:35)
	at org.gradle.launcher.cli.JavaRuntimeValidationAction.execute(JavaRuntimeValidationAction.java:24)
	at org.gradle.launcher.cli.CommandLineActionFactory$WithLogging.execute(CommandLineActionFactory.java:206)
	at org.gradle.launcher.cli.CommandLineActionFactory$WithLogging.execute(CommandLineActionFactory.java:169)
	at org.gradle.launcher.cli.ExceptionReportingAction.execute(ExceptionReportingAction.java:33)
	at org.gradle.launcher.cli.ExceptionReportingAction.execute(ExceptionReportingAction.java:22)
	at org.gradle.launcher.Main.doAction(Main.java:33)
	at org.gradle.launcher.bootstrap.EntryPoint.run(EntryPoint.java:45)
	at org.gradle.launcher.bootstrap.ProcessBootstrap.runNoExit(ProcessBootstrap.java:54)
	at org.gradle.launcher.bootstrap.ProcessBootstrap.run(ProcessBootstrap.java:35)
	at org.gradle.launcher.GradleMain.main(GradleMain.java:23)
	at org.gradle.wrapper.BootstrapMainStarter.start(BootstrapMainStarter.java:33)
	at org.gradle.wrapper.WrapperExecutor.execute(WrapperExecutor.java:130)
	at org.gradle.wrapper.GradleWrapperMain.main(GradleWrapperMain.java:48)
Caused by: java.lang.RuntimeException: Manifest merger failed : uses-sdk:minSdkVersion 8 cannot be smaller than version 16 declared in library [ShowEdittextPassword-master:library:unspecified] /tmp/rdisk/906/src/ShowEdittextPassword-master/app/build/intermediates/exploded-aar/ShowEdittextPassword-master/library/unspecified/AndroidManifest.xml
	Suggestion: use tools:overrideLibrary="net.ahammad.showhiddenpassword" to force usage
	at com.android.builder.core.AndroidBuilder.mergeManifests(AndroidBuilder.java:587)
	at com.android.builder.core.AndroidBuilder$mergeManifests$1.call(Unknown Source)
	at com.android.build.gradle.tasks.MergeManifests.doFullTaskAction(MergeManifests.groovy:144)
	at com.android.build.gradle.internal.tasks.IncrementalTask.taskAction(IncrementalTask.java:79)
	at org.gradle.internal.reflect.JavaMethod.invoke(JavaMethod.java:63)
	at org.gradle.api.internal.project.taskfactory.AnnotationProcessingTaskFactory$IncrementalTaskAction.doExecute(AnnotationProcessingTaskFactory.java:235)
	at org.gradle.api.internal.project.taskfactory.AnnotationProcessingTaskFactory$StandardTaskAction.execute(AnnotationProcessingTaskFactory.java:211)
	at org.gradle.api.internal.project.taskfactory.AnnotationProcessingTaskFactory$IncrementalTaskAction.execute(AnnotationProcessingTaskFactory.java:222)
	at org.gradle.api.internal.project.taskfactory.AnnotationProcessingTaskFactory$StandardTaskAction.execute(AnnotationProcessingTaskFactory.java:200)
	at org.gradle.api.internal.tasks.execution.ExecuteActionsTaskExecuter.executeAction(ExecuteActionsTaskExecuter.java:80)
	at org.gradle.api.internal.tasks.execution.ExecuteActionsTaskExecuter.executeActions(ExecuteActionsTaskExecuter.java:61)
	... 47 more


BUILD FAILED

Total time: 6.234 secs

2018-04-08 15:41:43,155 ERROR FullProcessService - Project build has not produced APK file
2018-04-08 15:41:43,202 ERROR FullProcessService - Could not find generated or existed APK file
