2018-04-08 13:35:02,488 INFO  DownloadService - Downloading "https://github.com/alexrs/CircularButton/archive/master.zip", attempt 3
2018-04-08 13:35:02,885 INFO  DownloadService - Downloaded https://github.com/alexrs/CircularButton/archive/master.zip, attempt 3
2018-04-08 13:35:02,885 INFO  DownloadService - Size of file "/tmp/rdisk/980/master.zip": 179 KB
2018-04-08 13:35:02,885 INFO  ArchiveUtils - Checking entries [.gradle] in ZIP file...
2018-04-08 13:35:02,886 INFO  ArchiveUtils - Has entries [.gradle] in ZIP file /tmp/rdisk/980/master.zip: true
2018-04-08 13:35:02,886 DEBUG ZipUtil - Extracting '/tmp/rdisk/980/master.zip' into '/tmp/rdisk/980/src'.
2018-04-08 13:35:02,894 INFO  FullProcessService - Size of directory with sources: 192 KB
2018-04-08 13:35:02,894 INFO  SysUtils - Execute command: [git, init, /tmp/rdisk/980/src]
2018-04-08 13:35:02,900 INFO  SysUtils - Initialized empty Git repository in /tmp/rdisk/980/src/.git/

2018-04-08 13:35:02,902 INFO  ProjectBuildService - Gradle wrapper(s): /tmp/rdisk/980/src/CircularButton-master/gradlew
2018-04-08 13:35:02,905 INFO  ProjectBuildService - Build script(s): /tmp/rdisk/980/src/CircularButton-master/demo/build.gradle /tmp/rdisk/980/src/CircularButton-master/lib/build.gradle /tmp/rdisk/980/src/CircularButton-master/build.gradle
2018-04-08 13:35:02,907 INFO  ProjectBuildService - All script(s): /tmp/rdisk/980/src/CircularButton-master/settings.gradle /tmp/rdisk/980/src/CircularButton-master/lib/build.gradle /tmp/rdisk/980/src/CircularButton-master/demo/build.gradle /tmp/rdisk/980/src/CircularButton-master/build.gradle
2018-04-08 13:35:02,907 INFO  ProjectBuildService - Remote scripts: none
2018-04-08 13:35:02,907 INFO  ProjectFixService - Fixing project...
2018-04-08 13:35:02,913 INFO  LocalPropertiesFixService - Created fake /tmp/rdisk/980/src/CircularButton-master/demo/local.properties
2018-04-08 13:35:02,914 INFO  ProjectFixService - Build info for "/tmp/rdisk/980/src/CircularButton-master/demo/build.gradle": [buildToolsVersion=19.1.0,compileSdkVersion=19,minSdkVersion=10,targetSdkVersion=19]
2018-04-08 13:35:02,914 INFO  LocalPropertiesFixService - Created fake /tmp/rdisk/980/src/CircularButton-master/lib/local.properties
2018-04-08 13:35:02,914 INFO  ProjectFixService - Build info for "/tmp/rdisk/980/src/CircularButton-master/lib/build.gradle": [buildToolsVersion=19.1.0,compileSdkVersion=19,minSdkVersion=1,targetSdkVersion=19]
2018-04-08 13:35:02,915 INFO  ProjectFixService - Fixed build info for "/tmp/rdisk/980/src/CircularButton-master/lib/build.gradle": [buildToolsVersion=19.1.0,compileSdkVersion=19,minSdkVersion=7,targetSdkVersion=19]
2018-04-08 13:35:02,915 INFO  LocalPropertiesFixService - Created fake /tmp/rdisk/980/src/CircularButton-master/local.properties
2018-04-08 13:35:02,916 INFO  ProjectFixService - Build info for "/tmp/rdisk/980/src/CircularButton-master/build.gradle": [buildToolsVersion=19.1.0,compileSdkVersion=19,minSdkVersion=7,targetSdkVersion=19]
2018-04-08 13:35:02,917 INFO  ProjectFixService - Project was maybe fixed
2018-04-08 13:35:02,917 INFO  ProjectTaskService - Detecting possible tasks...
2018-04-08 13:35:02,917 INFO  SysUtils - Execute command: [/tmp/rdisk/980/src/CircularButton-master/gradlew, -b, /tmp/rdisk/980/src/CircularButton-master/demo/build.gradle, -Dorg.gradle.daemon=false, -Dorg.gradle.daemon.performance.enable-monitoring=false, -Dorg.gradle.configureondemand=true, tasks]
2018-04-08 13:35:03,024 ERROR ProjectTaskService - Could not detect possible Gradle tasks: Process exited with an error: 1 (Exit value: 1)
2018-04-08 13:35:03,024 INFO  ProjectTaskService - Detected possible tasks: 0
2018-04-08 13:35:03,024 INFO  ProjectTaskService - Excluded tasks (0): none
2018-04-08 13:35:03,025 INFO  SysUtils - Execute command: [/tmp/rdisk/980/src/CircularButton-master/gradlew, -b, /tmp/rdisk/980/src/CircularButton-master/demo/build.gradle, -Dorg.gradle.daemon=false, -Dorg.gradle.daemon.performance.enable-monitoring=false, -Dorg.gradle.configureondemand=true, --stacktrace, build]
2018-04-08 13:35:03,135 ERROR SysUtils - Could not process external command
org.apache.commons.exec.ExecuteException: Process exited with an error: 1 (Exit value: 1)
	at org.apache.commons.exec.DefaultExecutor.executeInternal(DefaultExecutor.java:404)
	at org.apache.commons.exec.DefaultExecutor.execute(DefaultExecutor.java:166)
	at com.github.vbauer.apkmaster.util.SysUtils.execute(SysUtils.java:67)
	at com.github.vbauer.apkmaster.util.SysUtils.executeSimple(SysUtils.java:43)
	at com.github.vbauer.apkmaster.service.assembly.ProjectBuildService.buildProject(ProjectBuildService.java:78)
	at com.github.vbauer.apkmaster.service.assembly.ProjectBuildService.buildProject(ProjectBuildService.java:64)
	at com.github.vbauer.apkmaster.service.assembly.ProjectBuildService.buildProject(ProjectBuildService.java:43)
	at com.github.vbauer.apkmaster.service.FullProcessService.build(FullProcessService.java:84)
	at com.github.vbauer.apkmaster.service.FullProcessService.process(FullProcessService.java:34)
	at com.github.vbauer.apkmaster.app.MainApplication.process(MainApplication.java:38)
	at com.github.vbauer.apkmaster.app.MainApplication.main(MainApplication.java:20)
	at sun.reflect.NativeMethodAccessorImpl.invoke0(Native Method)
	at sun.reflect.NativeMethodAccessorImpl.invoke(NativeMethodAccessorImpl.java:62)
	at sun.reflect.DelegatingMethodAccessorImpl.invoke(DelegatingMethodAccessorImpl.java:43)
	at java.lang.reflect.Method.invoke(Method.java:498)
	at com.android.arsenal.util.ReflectionUtils.invoke(ReflectionUtils.java:42)
	at com.android.arsenal.util.ApkMasterUtils.main(ApkMasterUtils.java:30)
	at com.android.arsenal.service.processor.impl.BuildProcessorServiceImpl.buildProject(BuildProcessorServiceImpl.java:197)
	at com.android.arsenal.service.processor.impl.BuildProcessorServiceImpl.build(BuildProcessorServiceImpl.java:131)
	at com.android.arsenal.service.processor.impl.BuildProcessorServiceImpl.lambda$null$1(BuildProcessorServiceImpl.java:114)
	at java.util.concurrent.FutureTask.run(FutureTask.java:266)
	at java.util.concurrent.Executors$RunnableAdapter.call(Executors.java:511)
	at java.util.concurrent.FutureTask.run(FutureTask.java:266)
	at java.util.concurrent.ThreadPoolExecutor.runWorker(ThreadPoolExecutor.java:1149)
	at java.util.concurrent.ThreadPoolExecutor$Worker.run(ThreadPoolExecutor.java:624)
	at java.lang.Thread.run(Thread.java:748)
2018-04-08 13:35:03,135 INFO  SysUtils - Error: Could not find or load main class org.gradle.wrapper.GradleWrapperMain

2018-04-08 13:35:03,137 INFO  ProjectTaskService - Detecting possible tasks...
2018-04-08 13:35:03,138 INFO  SysUtils - Execute command: [/tmp/rdisk/980/src/CircularButton-master/gradlew, -b, /tmp/rdisk/980/src/CircularButton-master/lib/build.gradle, -Dorg.gradle.daemon=false, -Dorg.gradle.daemon.performance.enable-monitoring=false, -Dorg.gradle.configureondemand=true, tasks]
2018-04-08 13:35:03,244 ERROR ProjectTaskService - Could not detect possible Gradle tasks: Process exited with an error: 1 (Exit value: 1)
2018-04-08 13:35:03,244 INFO  ProjectTaskService - Detected possible tasks: 0
2018-04-08 13:35:03,244 INFO  ProjectTaskService - Excluded tasks (0): none
2018-04-08 13:35:03,245 INFO  SysUtils - Execute command: [/tmp/rdisk/980/src/CircularButton-master/gradlew, -b, /tmp/rdisk/980/src/CircularButton-master/lib/build.gradle, -Dorg.gradle.daemon=false, -Dorg.gradle.daemon.performance.enable-monitoring=false, -Dorg.gradle.configureondemand=true, --stacktrace, build]
2018-04-08 13:35:03,353 ERROR SysUtils - Could not process external command
org.apache.commons.exec.ExecuteException: Process exited with an error: 1 (Exit value: 1)
	at org.apache.commons.exec.DefaultExecutor.executeInternal(DefaultExecutor.java:404)
	at org.apache.commons.exec.DefaultExecutor.execute(DefaultExecutor.java:166)
	at com.github.vbauer.apkmaster.util.SysUtils.execute(SysUtils.java:67)
	at com.github.vbauer.apkmaster.util.SysUtils.executeSimple(SysUtils.java:43)
	at com.github.vbauer.apkmaster.service.assembly.ProjectBuildService.buildProject(ProjectBuildService.java:78)
	at com.github.vbauer.apkmaster.service.assembly.ProjectBuildService.buildProject(ProjectBuildService.java:64)
	at com.github.vbauer.apkmaster.service.assembly.ProjectBuildService.buildProject(ProjectBuildService.java:43)
	at com.github.vbauer.apkmaster.service.FullProcessService.build(FullProcessService.java:84)
	at com.github.vbauer.apkmaster.service.FullProcessService.process(FullProcessService.java:34)
	at com.github.vbauer.apkmaster.app.MainApplication.process(MainApplication.java:38)
	at com.github.vbauer.apkmaster.app.MainApplication.main(MainApplication.java:20)
	at sun.reflect.NativeMethodAccessorImpl.invoke0(Native Method)
	at sun.reflect.NativeMethodAccessorImpl.invoke(NativeMethodAccessorImpl.java:62)
	at sun.reflect.DelegatingMethodAccessorImpl.invoke(DelegatingMethodAccessorImpl.java:43)
	at java.lang.reflect.Method.invoke(Method.java:498)
	at com.android.arsenal.util.ReflectionUtils.invoke(ReflectionUtils.java:42)
	at com.android.arsenal.util.ApkMasterUtils.main(ApkMasterUtils.java:30)
	at com.android.arsenal.service.processor.impl.BuildProcessorServiceImpl.buildProject(BuildProcessorServiceImpl.java:197)
	at com.android.arsenal.service.processor.impl.BuildProcessorServiceImpl.build(BuildProcessorServiceImpl.java:131)
	at com.android.arsenal.service.processor.impl.BuildProcessorServiceImpl.lambda$null$1(BuildProcessorServiceImpl.java:114)
	at java.util.concurrent.FutureTask.run(FutureTask.java:266)
	at java.util.concurrent.Executors$RunnableAdapter.call(Executors.java:511)
	at java.util.concurrent.FutureTask.run(FutureTask.java:266)
	at java.util.concurrent.ThreadPoolExecutor.runWorker(ThreadPoolExecutor.java:1149)
	at java.util.concurrent.ThreadPoolExecutor$Worker.run(ThreadPoolExecutor.java:624)
	at java.lang.Thread.run(Thread.java:748)
2018-04-08 13:35:03,353 INFO  SysUtils - Error: Could not find or load main class org.gradle.wrapper.GradleWrapperMain

2018-04-08 13:35:03,355 INFO  ProjectTaskService - Detecting possible tasks...
2018-04-08 13:35:03,355 INFO  SysUtils - Execute command: [/tmp/rdisk/980/src/CircularButton-master/gradlew, -b, /tmp/rdisk/980/src/CircularButton-master/build.gradle, -Dorg.gradle.daemon=false, -Dorg.gradle.daemon.performance.enable-monitoring=false, -Dorg.gradle.configureondemand=true, tasks]
2018-04-08 13:35:03,459 ERROR ProjectTaskService - Could not detect possible Gradle tasks: Process exited with an error: 1 (Exit value: 1)
2018-04-08 13:35:03,459 INFO  ProjectTaskService - Detected possible tasks: 0
2018-04-08 13:35:03,459 INFO  ProjectTaskService - Excluded tasks (0): none
2018-04-08 13:35:03,460 INFO  SysUtils - Execute command: [/tmp/rdisk/980/src/CircularButton-master/gradlew, -b, /tmp/rdisk/980/src/CircularButton-master/build.gradle, -Dorg.gradle.daemon=false, -Dorg.gradle.daemon.performance.enable-monitoring=false, -Dorg.gradle.configureondemand=true, --stacktrace, build]
2018-04-08 13:35:03,562 ERROR SysUtils - Could not process external command
org.apache.commons.exec.ExecuteException: Process exited with an error: 1 (Exit value: 1)
	at org.apache.commons.exec.DefaultExecutor.executeInternal(DefaultExecutor.java:404)
	at org.apache.commons.exec.DefaultExecutor.execute(DefaultExecutor.java:166)
	at com.github.vbauer.apkmaster.util.SysUtils.execute(SysUtils.java:67)
	at com.github.vbauer.apkmaster.util.SysUtils.executeSimple(SysUtils.java:43)
	at com.github.vbauer.apkmaster.service.assembly.ProjectBuildService.buildProject(ProjectBuildService.java:78)
	at com.github.vbauer.apkmaster.service.assembly.ProjectBuildService.buildProject(ProjectBuildService.java:64)
	at com.github.vbauer.apkmaster.service.assembly.ProjectBuildService.buildProject(ProjectBuildService.java:43)
	at com.github.vbauer.apkmaster.service.FullProcessService.build(FullProcessService.java:84)
	at com.github.vbauer.apkmaster.service.FullProcessService.process(FullProcessService.java:34)
	at com.github.vbauer.apkmaster.app.MainApplication.process(MainApplication.java:38)
	at com.github.vbauer.apkmaster.app.MainApplication.main(MainApplication.java:20)
	at sun.reflect.NativeMethodAccessorImpl.invoke0(Native Method)
	at sun.reflect.NativeMethodAccessorImpl.invoke(NativeMethodAccessorImpl.java:62)
	at sun.reflect.DelegatingMethodAccessorImpl.invoke(DelegatingMethodAccessorImpl.java:43)
	at java.lang.reflect.Method.invoke(Method.java:498)
	at com.android.arsenal.util.ReflectionUtils.invoke(ReflectionUtils.java:42)
	at com.android.arsenal.util.ApkMasterUtils.main(ApkMasterUtils.java:30)
	at com.android.arsenal.service.processor.impl.BuildProcessorServiceImpl.buildProject(BuildProcessorServiceImpl.java:197)
	at com.android.arsenal.service.processor.impl.BuildProcessorServiceImpl.build(BuildProcessorServiceImpl.java:131)
	at com.android.arsenal.service.processor.impl.BuildProcessorServiceImpl.lambda$null$1(BuildProcessorServiceImpl.java:114)
	at java.util.concurrent.FutureTask.run(FutureTask.java:266)
	at java.util.concurrent.Executors$RunnableAdapter.call(Executors.java:511)
	at java.util.concurrent.FutureTask.run(FutureTask.java:266)
	at java.util.concurrent.ThreadPoolExecutor.runWorker(ThreadPoolExecutor.java:1149)
	at java.util.concurrent.ThreadPoolExecutor$Worker.run(ThreadPoolExecutor.java:624)
	at java.lang.Thread.run(Thread.java:748)
2018-04-08 13:35:03,562 INFO  SysUtils - Error: Could not find or load main class org.gradle.wrapper.GradleWrapperMain

2018-04-08 13:35:03,564 ERROR FullProcessService - Project build has not produced APK file
2018-04-08 13:35:03,567 ERROR FullProcessService - Could not find generated or existed APK file
