2018-05-11 15:36:57,110 INFO  DownloadService - Downloading "https://github.com/traex/ExpandableLayout/archive/master.zip", attempt 3
2018-05-11 15:36:59,006 INFO  DownloadService - Downloaded https://github.com/traex/ExpandableLayout/archive/master.zip, attempt 3
2018-05-11 15:36:59,006 INFO  DownloadService - Size of file "/tmp/rdisk/969/master.zip": 389 KB
2018-05-11 15:36:59,006 INFO  ArchiveUtils - Checking entries [.gradle] in ZIP file...
2018-05-11 15:36:59,007 INFO  ArchiveUtils - Has entries [.gradle] in ZIP file /tmp/rdisk/969/master.zip: true
2018-05-11 15:36:59,007 DEBUG ZipUtil - Extracting '/tmp/rdisk/969/master.zip' into '/tmp/rdisk/969/src'.
2018-05-11 15:36:59,016 INFO  FullProcessService - Size of directory with sources: 505 KB
2018-05-11 15:36:59,016 INFO  SysUtils - Execute command: [git, init, /tmp/rdisk/969/src]
2018-05-11 15:36:59,022 INFO  SysUtils - Initialized empty Git repository in /tmp/rdisk/969/src/.git/

2018-05-11 15:36:59,024 INFO  ProjectBuildService - Gradle wrapper(s): /tmp/rdisk/969/src/ExpandableLayout-master/gradlew
2018-05-11 15:36:59,027 INFO  ProjectBuildService - Build script(s): /tmp/rdisk/969/src/ExpandableLayout-master/library/build.gradle /tmp/rdisk/969/src/ExpandableLayout-master/sample/build.gradle /tmp/rdisk/969/src/ExpandableLayout-master/build.gradle
2018-05-11 15:36:59,028 INFO  ProjectBuildService - All script(s): /tmp/rdisk/969/src/ExpandableLayout-master/settings.gradle /tmp/rdisk/969/src/ExpandableLayout-master/sample/build.gradle /tmp/rdisk/969/src/ExpandableLayout-master/library/build.gradle /tmp/rdisk/969/src/ExpandableLayout-master/build.gradle
2018-05-11 15:36:59,029 INFO  DownloadService - Downloading "https://raw.github.com/chrisbanes/gradle-mvn-push/master/gradle-mvn-push.gradle", attempt 3
2018-05-11 15:36:59,194 INFO  DownloadService - Downloaded https://raw.github.com/chrisbanes/gradle-mvn-push/master/gradle-mvn-push.gradle, attempt 3
2018-05-11 15:36:59,195 INFO  ProjectBuildService - Remote scripts: https://raw.github.com/chrisbanes/gradle-mvn-push/master/gradle-mvn-push.gradle
2018-05-11 15:36:59,195 INFO  ProjectFixService - Fixing project...
2018-05-11 15:36:59,200 INFO  LocalPropertiesFixService - Created fake /tmp/rdisk/969/src/ExpandableLayout-master/library/local.properties
2018-05-11 15:36:59,200 INFO  ProjectFixService - Build info for "/tmp/rdisk/969/src/ExpandableLayout-master/library/build.gradle": [buildToolsVersion=21.1.2,compileSdkVersion=21,minSdkVersion=14,targetSdkVersion=21]
2018-05-11 15:36:59,201 INFO  LocalPropertiesFixService - Created fake /tmp/rdisk/969/src/ExpandableLayout-master/sample/local.properties
2018-05-11 15:36:59,201 INFO  ProjectFixService - Build info for "/tmp/rdisk/969/src/ExpandableLayout-master/sample/build.gradle": [buildToolsVersion=21.1.2,compileSdkVersion=21,minSdkVersion=14,targetSdkVersion=21]
2018-05-11 15:36:59,201 INFO  LocalPropertiesFixService - Created fake /tmp/rdisk/969/src/ExpandableLayout-master/local.properties
2018-05-11 15:36:59,202 INFO  WrapperPropertiesFixService - Gradle wrapper: https://services.gradle.org/distributions/gradle-2.2.1-all.zip
2018-05-11 15:36:59,202 INFO  WrapperPropertiesFixService - Gradle wrapper was changed from "-all.zip" to "-bin.zip" (https://services.gradle.org/distributions/gradle-2.2.1-bin.zip)
2018-05-11 15:36:59,203 INFO  ProjectFixService - Build info for "/tmp/rdisk/969/src/ExpandableLayout-master/build.gradle": [buildToolsVersion=21.1.2,compileSdkVersion=21,minSdkVersion=14,targetSdkVersion=21]
2018-05-11 15:36:59,203 INFO  ProjectFixService - Project was maybe fixed
2018-05-11 15:36:59,203 INFO  ProjectTaskService - Detecting possible tasks...
2018-05-11 15:36:59,203 INFO  SysUtils - Execute command: [/tmp/rdisk/969/src/ExpandableLayout-master/gradlew, -b, /tmp/rdisk/969/src/ExpandableLayout-master/library/build.gradle, -Dorg.gradle.daemon=false, -Dorg.gradle.daemon.performance.enable-monitoring=false, -Dorg.gradle.configureondemand=true, tasks]
2018-05-11 15:37:02,218 ERROR ProjectTaskService - Could not detect possible Gradle tasks: Process exited with an error: 1 (Exit value: 1)
2018-05-11 15:37:02,218 INFO  ProjectTaskService - Detected possible tasks: 4
2018-05-11 15:37:02,218 INFO  ProjectTaskService - Excluded tasks (3): androidJavadocsJar androidJavadocs androidSourcesJar
2018-05-11 15:37:02,218 INFO  SysUtils - Execute command: [/tmp/rdisk/969/src/ExpandableLayout-master/gradlew, -b, /tmp/rdisk/969/src/ExpandableLayout-master/library/build.gradle, -Dorg.gradle.daemon=false, -Dorg.gradle.daemon.performance.enable-monitoring=false, -Dorg.gradle.configureondemand=true, --stacktrace, -x, androidJavadocsJar, -x, androidJavadocs, -x, androidSourcesJar, build]
2018-05-11 15:37:05,216 ERROR SysUtils - Could not process external command
org.apache.commons.exec.ExecuteException: Process exited with an error: 1 (Exit value: 1)
	at org.apache.commons.exec.DefaultExecutor.executeInternal(DefaultExecutor.java:404)
	at org.apache.commons.exec.DefaultExecutor.execute(DefaultExecutor.java:166)
	at com.github.vbauer.apkmaster.util.SysUtils.execute(SysUtils.java:67)
	at com.github.vbauer.apkmaster.util.SysUtils.executeSimple(SysUtils.java:43)
	at com.github.vbauer.apkmaster.service.assembly.ProjectBuildService.buildProject(ProjectBuildService.java:78)
	at com.github.vbauer.apkmaster.service.assembly.ProjectBuildService.buildProject(ProjectBuildService.java:64)
	at com.github.vbauer.apkmaster.service.assembly.ProjectBuildService.buildProject(ProjectBuildService.java:43)
	at com.github.vbauer.apkmaster.service.FullProcessService.build(FullProcessService.java:84)
	at com.github.vbauer.apkmaster.service.FullProcessService.process(FullProcessService.java:34)
	at com.github.vbauer.apkmaster.app.MainApplication.process(MainApplication.java:38)
	at com.github.vbauer.apkmaster.app.MainApplication.main(MainApplication.java:20)
	at sun.reflect.GeneratedMethodAccessor8.invoke(Unknown Source)
	at sun.reflect.DelegatingMethodAccessorImpl.invoke(DelegatingMethodAccessorImpl.java:43)
	at java.lang.reflect.Method.invoke(Method.java:498)
	at com.android.arsenal.util.ReflectionUtils.invoke(ReflectionUtils.java:42)
	at com.android.arsenal.util.ApkMasterUtils.main(ApkMasterUtils.java:30)
	at com.android.arsenal.service.processor.impl.BuildProcessorServiceImpl.buildProject(BuildProcessorServiceImpl.java:197)
	at com.android.arsenal.service.processor.impl.BuildProcessorServiceImpl.build(BuildProcessorServiceImpl.java:131)
	at com.android.arsenal.service.processor.impl.BuildProcessorServiceImpl.lambda$null$1(BuildProcessorServiceImpl.java:114)
	at java.util.concurrent.FutureTask.run(FutureTask.java:266)
	at java.util.concurrent.Executors$RunnableAdapter.call(Executors.java:511)
	at java.util.concurrent.FutureTask.run(FutureTask.java:266)
	at java.util.concurrent.ThreadPoolExecutor.runWorker(ThreadPoolExecutor.java:1149)
	at java.util.concurrent.ThreadPoolExecutor$Worker.run(ThreadPoolExecutor.java:624)
	at java.lang.Thread.run(Thread.java:748)
2018-05-11 15:37:05,216 INFO  SysUtils - Configuration on demand is an incubating feature.

FAILURE: Build failed with an exception.

* Where:
Build file '/tmp/rdisk/969/src/ExpandableLayout-master/build.gradle' line: 17

* What went wrong:
A problem occurred evaluating root project 'ExpandableLayout-master'.
> Could not find property 'VERSION_NAME' on root project 'ExpandableLayout-master'.

* Try:
Run with --info or --debug option to get more log output.

* Exception is:
org.gradle.api.GradleScriptException: A problem occurred evaluating root project 'ExpandableLayout-master'.
	at org.gradle.groovy.scripts.internal.DefaultScriptRunnerFactory$ScriptRunnerImpl.run(DefaultScriptRunnerFactory.java:54)
	at org.gradle.configuration.DefaultScriptPluginFactory$ScriptPluginImpl.apply(DefaultScriptPluginFactory.java:148)
	at org.gradle.configuration.project.BuildScriptProcessor.execute(BuildScriptProcessor.java:39)
	at org.gradle.configuration.project.BuildScriptProcessor.execute(BuildScriptProcessor.java:26)
	at org.gradle.configuration.project.ConfigureActionsProjectEvaluator.evaluate(ConfigureActionsProjectEvaluator.java:34)
	at org.gradle.configuration.project.LifecycleProjectEvaluator.evaluate(LifecycleProjectEvaluator.java:59)
	at org.gradle.api.internal.project.AbstractProject.evaluate(AbstractProject.java:504)
	at org.gradle.api.internal.project.AbstractProject.evaluate(AbstractProject.java:83)
	at org.gradle.execution.TaskPathProjectEvaluator.configure(TaskPathProjectEvaluator.java:35)
	at org.gradle.configuration.DefaultBuildConfigurer.configure(DefaultBuildConfigurer.java:33)
	at org.gradle.initialization.DefaultGradleLauncher.doBuildStages(DefaultGradleLauncher.java:129)
	at org.gradle.initialization.DefaultGradleLauncher.doBuild(DefaultGradleLauncher.java:106)
	at org.gradle.initialization.DefaultGradleLauncher.run(DefaultGradleLauncher.java:86)
	at org.gradle.launcher.exec.InProcessBuildActionExecuter$DefaultBuildController.run(InProcessBuildActionExecuter.java:80)
	at org.gradle.launcher.cli.ExecuteBuildAction.run(ExecuteBuildAction.java:33)
	at org.gradle.launcher.cli.ExecuteBuildAction.run(ExecuteBuildAction.java:24)
	at org.gradle.launcher.exec.InProcessBuildActionExecuter.execute(InProcessBuildActionExecuter.java:36)
	at org.gradle.launcher.exec.InProcessBuildActionExecuter.execute(InProcessBuildActionExecuter.java:26)
	at org.gradle.launcher.cli.RunBuildAction.run(RunBuildAction.java:51)
	at org.gradle.internal.Actions$RunnableActionAdapter.execute(Actions.java:171)
	at org.gradle.launcher.cli.CommandLineActionFactory$ParseAndBuildAction.execute(CommandLineActionFactory.java:237)
	at org.gradle.launcher.cli.CommandLineActionFactory$ParseAndBuildAction.execute(CommandLineActionFactory.java:210)
	at org.gradle.launcher.cli.JavaRuntimeValidationAction.execute(JavaRuntimeValidationAction.java:35)
	at org.gradle.launcher.cli.JavaRuntimeValidationAction.execute(JavaRuntimeValidationAction.java:24)
	at org.gradle.launcher.cli.CommandLineActionFactory$WithLogging.execute(CommandLineActionFactory.java:206)
	at org.gradle.launcher.cli.CommandLineActionFactory$WithLogging.execute(CommandLineActionFactory.java:169)
	at org.gradle.launcher.cli.ExceptionReportingAction.execute(ExceptionReportingAction.java:33)
	at org.gradle.launcher.cli.ExceptionReportingAction.execute(ExceptionReportingAction.java:22)
	at org.gradle.launcher.Main.doAction(Main.java:33)
	at org.gradle.launcher.bootstrap.EntryPoint.run(EntryPoint.java:45)
	at org.gradle.launcher.bootstrap.ProcessBootstrap.runNoExit(ProcessBootstrap.java:54)
	at org.gradle.launcher.bootstrap.ProcessBootstrap.run(ProcessBootstrap.java:35)
	at org.gradle.launcher.GradleMain.main(GradleMain.java:23)
	at org.gradle.wrapper.BootstrapMainStarter.start(BootstrapMainStarter.java:33)
	at org.gradle.wrapper.WrapperExecutor.execute(WrapperExecutor.java:130)
	at org.gradle.wrapper.GradleWrapperMain.main(GradleWrapperMain.java:48)
Caused by: groovy.lang.MissingPropertyException: Could not find property 'VERSION_NAME' on root project 'ExpandableLayout-master'.
	at org.gradle.api.internal.AbstractDynamicObject.propertyMissingException(AbstractDynamicObject.java:43)
	at org.gradle.api.internal.AbstractDynamicObject.getProperty(AbstractDynamicObject.java:35)
	at org.gradle.api.internal.CompositeDynamicObject.getProperty(CompositeDynamicObject.java:94)
	at org.gradle.api.internal.project.DefaultProject_Decorated.getProperty(Unknown Source)
	at build_3ydkwjkb0jp9oyodnnw4knra6$_run_closure1.doCall(/tmp/rdisk/969/src/ExpandableLayout-master/build.gradle:17)
	at org.gradle.api.internal.ClosureBackedAction.execute(ClosureBackedAction.java:63)
	at org.gradle.util.ConfigureUtil.configure(ConfigureUtil.java:130)
	at org.gradle.util.ConfigureUtil.configure(ConfigureUtil.java:91)
	at org.gradle.api.internal.project.AbstractProject.configure(AbstractProject.java:824)
	at org.gradle.api.internal.project.AbstractProject.configure(AbstractProject.java:829)
	at org.gradle.api.internal.project.AbstractProject.allprojects(AbstractProject.java:816)
	at org.gradle.api.internal.BeanDynamicObject$MetaClassAdapter.invokeMethod(BeanDynamicObject.java:225)
	at org.gradle.api.internal.BeanDynamicObject.invokeMethod(BeanDynamicObject.java:129)
	at org.gradle.api.internal.CompositeDynamicObject.invokeMethod(CompositeDynamicObject.java:147)
	at org.gradle.groovy.scripts.BasicScript.methodMissing(BasicScript.java:79)
	at build_3ydkwjkb0jp9oyodnnw4knra6.run(/tmp/rdisk/969/src/ExpandableLayout-master/build.gradle:15)
	at org.gradle.groovy.scripts.internal.DefaultScriptRunnerFactory$ScriptRunnerImpl.run(DefaultScriptRunnerFactory.java:52)
	... 35 more


BUILD FAILED

Total time: 2.573 secs

2018-05-11 15:37:05,218 INFO  ProjectTaskService - Detecting possible tasks...
2018-05-11 15:37:05,219 INFO  SysUtils - Execute command: [/tmp/rdisk/969/src/ExpandableLayout-master/gradlew, -b, /tmp/rdisk/969/src/ExpandableLayout-master/sample/build.gradle, -Dorg.gradle.daemon=false, -Dorg.gradle.daemon.performance.enable-monitoring=false, -Dorg.gradle.configureondemand=true, tasks]
2018-05-11 15:37:08,035 ERROR ProjectTaskService - Could not detect possible Gradle tasks: Process exited with an error: 1 (Exit value: 1)
2018-05-11 15:37:08,035 INFO  ProjectTaskService - Detected possible tasks: 4
2018-05-11 15:37:08,036 INFO  ProjectTaskService - Excluded tasks (3): androidJavadocsJar androidJavadocs androidSourcesJar
2018-05-11 15:37:08,036 INFO  SysUtils - Execute command: [/tmp/rdisk/969/src/ExpandableLayout-master/gradlew, -b, /tmp/rdisk/969/src/ExpandableLayout-master/sample/build.gradle, -Dorg.gradle.daemon=false, -Dorg.gradle.daemon.performance.enable-monitoring=false, -Dorg.gradle.configureondemand=true, --stacktrace, -x, androidJavadocsJar, -x, androidJavadocs, -x, androidSourcesJar, build]
2018-05-11 15:37:11,039 ERROR SysUtils - Could not process external command
org.apache.commons.exec.ExecuteException: Process exited with an error: 1 (Exit value: 1)
	at org.apache.commons.exec.DefaultExecutor.executeInternal(DefaultExecutor.java:404)
	at org.apache.commons.exec.DefaultExecutor.execute(DefaultExecutor.java:166)
	at com.github.vbauer.apkmaster.util.SysUtils.execute(SysUtils.java:67)
	at com.github.vbauer.apkmaster.util.SysUtils.executeSimple(SysUtils.java:43)
	at com.github.vbauer.apkmaster.service.assembly.ProjectBuildService.buildProject(ProjectBuildService.java:78)
	at com.github.vbauer.apkmaster.service.assembly.ProjectBuildService.buildProject(ProjectBuildService.java:64)
	at com.github.vbauer.apkmaster.service.assembly.ProjectBuildService.buildProject(ProjectBuildService.java:43)
	at com.github.vbauer.apkmaster.service.FullProcessService.build(FullProcessService.java:84)
	at com.github.vbauer.apkmaster.service.FullProcessService.process(FullProcessService.java:34)
	at com.github.vbauer.apkmaster.app.MainApplication.process(MainApplication.java:38)
	at com.github.vbauer.apkmaster.app.MainApplication.main(MainApplication.java:20)
	at sun.reflect.GeneratedMethodAccessor8.invoke(Unknown Source)
	at sun.reflect.DelegatingMethodAccessorImpl.invoke(DelegatingMethodAccessorImpl.java:43)
	at java.lang.reflect.Method.invoke(Method.java:498)
	at com.android.arsenal.util.ReflectionUtils.invoke(ReflectionUtils.java:42)
	at com.android.arsenal.util.ApkMasterUtils.main(ApkMasterUtils.java:30)
	at com.android.arsenal.service.processor.impl.BuildProcessorServiceImpl.buildProject(BuildProcessorServiceImpl.java:197)
	at com.android.arsenal.service.processor.impl.BuildProcessorServiceImpl.build(BuildProcessorServiceImpl.java:131)
	at com.android.arsenal.service.processor.impl.BuildProcessorServiceImpl.lambda$null$1(BuildProcessorServiceImpl.java:114)
	at java.util.concurrent.FutureTask.run(FutureTask.java:266)
	at java.util.concurrent.Executors$RunnableAdapter.call(Executors.java:511)
	at java.util.concurrent.FutureTask.run(FutureTask.java:266)
	at java.util.concurrent.ThreadPoolExecutor.runWorker(ThreadPoolExecutor.java:1149)
	at java.util.concurrent.ThreadPoolExecutor$Worker.run(ThreadPoolExecutor.java:624)
	at java.lang.Thread.run(Thread.java:748)
2018-05-11 15:37:11,039 INFO  SysUtils - Configuration on demand is an incubating feature.

FAILURE: Build failed with an exception.

* Where:
Build file '/tmp/rdisk/969/src/ExpandableLayout-master/build.gradle' line: 17

* What went wrong:
A problem occurred evaluating root project 'ExpandableLayout-master'.
> Could not find property 'VERSION_NAME' on root project 'ExpandableLayout-master'.

* Try:
Run with --info or --debug option to get more log output.

* Exception is:
org.gradle.api.GradleScriptException: A problem occurred evaluating root project 'ExpandableLayout-master'.
	at org.gradle.groovy.scripts.internal.DefaultScriptRunnerFactory$ScriptRunnerImpl.run(DefaultScriptRunnerFactory.java:54)
	at org.gradle.configuration.DefaultScriptPluginFactory$ScriptPluginImpl.apply(DefaultScriptPluginFactory.java:148)
	at org.gradle.configuration.project.BuildScriptProcessor.execute(BuildScriptProcessor.java:39)
	at org.gradle.configuration.project.BuildScriptProcessor.execute(BuildScriptProcessor.java:26)
	at org.gradle.configuration.project.ConfigureActionsProjectEvaluator.evaluate(ConfigureActionsProjectEvaluator.java:34)
	at org.gradle.configuration.project.LifecycleProjectEvaluator.evaluate(LifecycleProjectEvaluator.java:59)
	at org.gradle.api.internal.project.AbstractProject.evaluate(AbstractProject.java:504)
	at org.gradle.api.internal.project.AbstractProject.evaluate(AbstractProject.java:83)
	at org.gradle.execution.TaskPathProjectEvaluator.configure(TaskPathProjectEvaluator.java:35)
	at org.gradle.configuration.DefaultBuildConfigurer.configure(DefaultBuildConfigurer.java:33)
	at org.gradle.initialization.DefaultGradleLauncher.doBuildStages(DefaultGradleLauncher.java:129)
	at org.gradle.initialization.DefaultGradleLauncher.doBuild(DefaultGradleLauncher.java:106)
	at org.gradle.initialization.DefaultGradleLauncher.run(DefaultGradleLauncher.java:86)
	at org.gradle.launcher.exec.InProcessBuildActionExecuter$DefaultBuildController.run(InProcessBuildActionExecuter.java:80)
	at org.gradle.launcher.cli.ExecuteBuildAction.run(ExecuteBuildAction.java:33)
	at org.gradle.launcher.cli.ExecuteBuildAction.run(ExecuteBuildAction.java:24)
	at org.gradle.launcher.exec.InProcessBuildActionExecuter.execute(InProcessBuildActionExecuter.java:36)
	at org.gradle.launcher.exec.InProcessBuildActionExecuter.execute(InProcessBuildActionExecuter.java:26)
	at org.gradle.launcher.cli.RunBuildAction.run(RunBuildAction.java:51)
	at org.gradle.internal.Actions$RunnableActionAdapter.execute(Actions.java:171)
	at org.gradle.launcher.cli.CommandLineActionFactory$ParseAndBuildAction.execute(CommandLineActionFactory.java:237)
	at org.gradle.launcher.cli.CommandLineActionFactory$ParseAndBuildAction.execute(CommandLineActionFactory.java:210)
	at org.gradle.launcher.cli.JavaRuntimeValidationAction.execute(JavaRuntimeValidationAction.java:35)
	at org.gradle.launcher.cli.JavaRuntimeValidationAction.execute(JavaRuntimeValidationAction.java:24)
	at org.gradle.launcher.cli.CommandLineActionFactory$WithLogging.execute(CommandLineActionFactory.java:206)
	at org.gradle.launcher.cli.CommandLineActionFactory$WithLogging.execute(CommandLineActionFactory.java:169)
	at org.gradle.launcher.cli.ExceptionReportingAction.execute(ExceptionReportingAction.java:33)
	at org.gradle.launcher.cli.ExceptionReportingAction.execute(ExceptionReportingAction.java:22)
	at org.gradle.launcher.Main.doAction(Main.java:33)
	at org.gradle.launcher.bootstrap.EntryPoint.run(EntryPoint.java:45)
	at org.gradle.launcher.bootstrap.ProcessBootstrap.runNoExit(ProcessBootstrap.java:54)
	at org.gradle.launcher.bootstrap.ProcessBootstrap.run(ProcessBootstrap.java:35)
	at org.gradle.launcher.GradleMain.main(GradleMain.java:23)
	at org.gradle.wrapper.BootstrapMainStarter.start(BootstrapMainStarter.java:33)
	at org.gradle.wrapper.WrapperExecutor.execute(WrapperExecutor.java:130)
	at org.gradle.wrapper.GradleWrapperMain.main(GradleWrapperMain.java:48)
Caused by: groovy.lang.MissingPropertyException: Could not find property 'VERSION_NAME' on root project 'ExpandableLayout-master'.
	at org.gradle.api.internal.AbstractDynamicObject.propertyMissingException(AbstractDynamicObject.java:43)
	at org.gradle.api.internal.AbstractDynamicObject.getProperty(AbstractDynamicObject.java:35)
	at org.gradle.api.internal.CompositeDynamicObject.getProperty(CompositeDynamicObject.java:94)
	at org.gradle.api.internal.project.DefaultProject_Decorated.getProperty(Unknown Source)
	at build_3ydkwjkb0jp9oyodnnw4knra6$_run_closure1.doCall(/tmp/rdisk/969/src/ExpandableLayout-master/build.gradle:17)
	at org.gradle.api.internal.ClosureBackedAction.execute(ClosureBackedAction.java:63)
	at org.gradle.util.ConfigureUtil.configure(ConfigureUtil.java:130)
	at org.gradle.util.ConfigureUtil.configure(ConfigureUtil.java:91)
	at org.gradle.api.internal.project.AbstractProject.configure(AbstractProject.java:824)
	at org.gradle.api.internal.project.AbstractProject.configure(AbstractProject.java:829)
	at org.gradle.api.internal.project.AbstractProject.allprojects(AbstractProject.java:816)
	at org.gradle.api.internal.BeanDynamicObject$MetaClassAdapter.invokeMethod(BeanDynamicObject.java:225)
	at org.gradle.api.internal.BeanDynamicObject.invokeMethod(BeanDynamicObject.java:129)
	at org.gradle.api.internal.CompositeDynamicObject.invokeMethod(CompositeDynamicObject.java:147)
	at org.gradle.groovy.scripts.BasicScript.methodMissing(BasicScript.java:79)
	at build_3ydkwjkb0jp9oyodnnw4knra6.run(/tmp/rdisk/969/src/ExpandableLayout-master/build.gradle:15)
	at org.gradle.groovy.scripts.internal.DefaultScriptRunnerFactory$ScriptRunnerImpl.run(DefaultScriptRunnerFactory.java:52)
	... 35 more


BUILD FAILED

Total time: 2.575 secs

2018-05-11 15:37:11,042 INFO  ProjectTaskService - Detecting possible tasks...
2018-05-11 15:37:11,042 INFO  SysUtils - Execute command: [/tmp/rdisk/969/src/ExpandableLayout-master/gradlew, -b, /tmp/rdisk/969/src/ExpandableLayout-master/build.gradle, -Dorg.gradle.daemon=false, -Dorg.gradle.daemon.performance.enable-monitoring=false, -Dorg.gradle.configureondemand=true, tasks]
2018-05-11 15:37:14,070 ERROR ProjectTaskService - Could not detect possible Gradle tasks: Process exited with an error: 1 (Exit value: 1)
2018-05-11 15:37:14,070 INFO  ProjectTaskService - Detected possible tasks: 4
2018-05-11 15:37:14,070 INFO  ProjectTaskService - Excluded tasks (3): androidJavadocsJar androidJavadocs androidSourcesJar
2018-05-11 15:37:14,070 INFO  SysUtils - Execute command: [/tmp/rdisk/969/src/ExpandableLayout-master/gradlew, -b, /tmp/rdisk/969/src/ExpandableLayout-master/build.gradle, -Dorg.gradle.daemon=false, -Dorg.gradle.daemon.performance.enable-monitoring=false, -Dorg.gradle.configureondemand=true, --stacktrace, -x, androidJavadocsJar, -x, androidJavadocs, -x, androidSourcesJar, build]
2018-05-11 15:37:17,006 ERROR SysUtils - Could not process external command
org.apache.commons.exec.ExecuteException: Process exited with an error: 1 (Exit value: 1)
	at org.apache.commons.exec.DefaultExecutor.executeInternal(DefaultExecutor.java:404)
	at org.apache.commons.exec.DefaultExecutor.execute(DefaultExecutor.java:166)
	at com.github.vbauer.apkmaster.util.SysUtils.execute(SysUtils.java:67)
	at com.github.vbauer.apkmaster.util.SysUtils.executeSimple(SysUtils.java:43)
	at com.github.vbauer.apkmaster.service.assembly.ProjectBuildService.buildProject(ProjectBuildService.java:78)
	at com.github.vbauer.apkmaster.service.assembly.ProjectBuildService.buildProject(ProjectBuildService.java:64)
	at com.github.vbauer.apkmaster.service.assembly.ProjectBuildService.buildProject(ProjectBuildService.java:43)
	at com.github.vbauer.apkmaster.service.FullProcessService.build(FullProcessService.java:84)
	at com.github.vbauer.apkmaster.service.FullProcessService.process(FullProcessService.java:34)
	at com.github.vbauer.apkmaster.app.MainApplication.process(MainApplication.java:38)
	at com.github.vbauer.apkmaster.app.MainApplication.main(MainApplication.java:20)
	at sun.reflect.GeneratedMethodAccessor8.invoke(Unknown Source)
	at sun.reflect.DelegatingMethodAccessorImpl.invoke(DelegatingMethodAccessorImpl.java:43)
	at java.lang.reflect.Method.invoke(Method.java:498)
	at com.android.arsenal.util.ReflectionUtils.invoke(ReflectionUtils.java:42)
	at com.android.arsenal.util.ApkMasterUtils.main(ApkMasterUtils.java:30)
	at com.android.arsenal.service.processor.impl.BuildProcessorServiceImpl.buildProject(BuildProcessorServiceImpl.java:197)
	at com.android.arsenal.service.processor.impl.BuildProcessorServiceImpl.build(BuildProcessorServiceImpl.java:131)
	at com.android.arsenal.service.processor.impl.BuildProcessorServiceImpl.lambda$null$1(BuildProcessorServiceImpl.java:114)
	at java.util.concurrent.FutureTask.run(FutureTask.java:266)
	at java.util.concurrent.Executors$RunnableAdapter.call(Executors.java:511)
	at java.util.concurrent.FutureTask.run(FutureTask.java:266)
	at java.util.concurrent.ThreadPoolExecutor.runWorker(ThreadPoolExecutor.java:1149)
	at java.util.concurrent.ThreadPoolExecutor$Worker.run(ThreadPoolExecutor.java:624)
	at java.lang.Thread.run(Thread.java:748)
2018-05-11 15:37:17,007 INFO  SysUtils - Configuration on demand is an incubating feature.

FAILURE: Build failed with an exception.

* Where:
Build file '/tmp/rdisk/969/src/ExpandableLayout-master/build.gradle' line: 17

* What went wrong:
A problem occurred evaluating root project 'ExpandableLayout-master'.
> Could not find property 'VERSION_NAME' on root project 'ExpandableLayout-master'.

* Try:
Run with --info or --debug option to get more log output.

* Exception is:
org.gradle.api.GradleScriptException: A problem occurred evaluating root project 'ExpandableLayout-master'.
	at org.gradle.groovy.scripts.internal.DefaultScriptRunnerFactory$ScriptRunnerImpl.run(DefaultScriptRunnerFactory.java:54)
	at org.gradle.configuration.DefaultScriptPluginFactory$ScriptPluginImpl.apply(DefaultScriptPluginFactory.java:148)
	at org.gradle.configuration.project.BuildScriptProcessor.execute(BuildScriptProcessor.java:39)
	at org.gradle.configuration.project.BuildScriptProcessor.execute(BuildScriptProcessor.java:26)
	at org.gradle.configuration.project.ConfigureActionsProjectEvaluator.evaluate(ConfigureActionsProjectEvaluator.java:34)
	at org.gradle.configuration.project.LifecycleProjectEvaluator.evaluate(LifecycleProjectEvaluator.java:59)
	at org.gradle.api.internal.project.AbstractProject.evaluate(AbstractProject.java:504)
	at org.gradle.api.internal.project.AbstractProject.evaluate(AbstractProject.java:83)
	at org.gradle.execution.TaskPathProjectEvaluator.configure(TaskPathProjectEvaluator.java:35)
	at org.gradle.configuration.DefaultBuildConfigurer.configure(DefaultBuildConfigurer.java:33)
	at org.gradle.initialization.DefaultGradleLauncher.doBuildStages(DefaultGradleLauncher.java:129)
	at org.gradle.initialization.DefaultGradleLauncher.doBuild(DefaultGradleLauncher.java:106)
	at org.gradle.initialization.DefaultGradleLauncher.run(DefaultGradleLauncher.java:86)
	at org.gradle.launcher.exec.InProcessBuildActionExecuter$DefaultBuildController.run(InProcessBuildActionExecuter.java:80)
	at org.gradle.launcher.cli.ExecuteBuildAction.run(ExecuteBuildAction.java:33)
	at org.gradle.launcher.cli.ExecuteBuildAction.run(ExecuteBuildAction.java:24)
	at org.gradle.launcher.exec.InProcessBuildActionExecuter.execute(InProcessBuildActionExecuter.java:36)
	at org.gradle.launcher.exec.InProcessBuildActionExecuter.execute(InProcessBuildActionExecuter.java:26)
	at org.gradle.launcher.cli.RunBuildAction.run(RunBuildAction.java:51)
	at org.gradle.internal.Actions$RunnableActionAdapter.execute(Actions.java:171)
	at org.gradle.launcher.cli.CommandLineActionFactory$ParseAndBuildAction.execute(CommandLineActionFactory.java:237)
	at org.gradle.launcher.cli.CommandLineActionFactory$ParseAndBuildAction.execute(CommandLineActionFactory.java:210)
	at org.gradle.launcher.cli.JavaRuntimeValidationAction.execute(JavaRuntimeValidationAction.java:35)
	at org.gradle.launcher.cli.JavaRuntimeValidationAction.execute(JavaRuntimeValidationAction.java:24)
	at org.gradle.launcher.cli.CommandLineActionFactory$WithLogging.execute(CommandLineActionFactory.java:206)
	at org.gradle.launcher.cli.CommandLineActionFactory$WithLogging.execute(CommandLineActionFactory.java:169)
	at org.gradle.launcher.cli.ExceptionReportingAction.execute(ExceptionReportingAction.java:33)
	at org.gradle.launcher.cli.ExceptionReportingAction.execute(ExceptionReportingAction.java:22)
	at org.gradle.launcher.Main.doAction(Main.java:33)
	at org.gradle.launcher.bootstrap.EntryPoint.run(EntryPoint.java:45)
	at org.gradle.launcher.bootstrap.ProcessBootstrap.runNoExit(ProcessBootstrap.java:54)
	at org.gradle.launcher.bootstrap.ProcessBootstrap.run(ProcessBootstrap.java:35)
	at org.gradle.launcher.GradleMain.main(GradleMain.java:23)
	at org.gradle.wrapper.BootstrapMainStarter.start(BootstrapMainStarter.java:33)
	at org.gradle.wrapper.WrapperExecutor.execute(WrapperExecutor.java:130)
	at org.gradle.wrapper.GradleWrapperMain.main(GradleWrapperMain.java:48)
Caused by: groovy.lang.MissingPropertyException: Could not find property 'VERSION_NAME' on root project 'ExpandableLayout-master'.
	at org.gradle.api.internal.AbstractDynamicObject.propertyMissingException(AbstractDynamicObject.java:43)
	at org.gradle.api.internal.AbstractDynamicObject.getProperty(AbstractDynamicObject.java:35)
	at org.gradle.api.internal.CompositeDynamicObject.getProperty(CompositeDynamicObject.java:94)
	at org.gradle.api.internal.project.DefaultProject_Decorated.getProperty(Unknown Source)
	at build_3ydkwjkb0jp9oyodnnw4knra6$_run_closure1.doCall(/tmp/rdisk/969/src/ExpandableLayout-master/build.gradle:17)
	at org.gradle.api.internal.ClosureBackedAction.execute(ClosureBackedAction.java:63)
	at org.gradle.util.ConfigureUtil.configure(ConfigureUtil.java:130)
	at org.gradle.util.ConfigureUtil.configure(ConfigureUtil.java:91)
	at org.gradle.api.internal.project.AbstractProject.configure(AbstractProject.java:824)
	at org.gradle.api.internal.project.AbstractProject.configure(AbstractProject.java:829)
	at org.gradle.api.internal.project.AbstractProject.allprojects(AbstractProject.java:816)
	at org.gradle.api.internal.BeanDynamicObject$MetaClassAdapter.invokeMethod(BeanDynamicObject.java:225)
	at org.gradle.api.internal.BeanDynamicObject.invokeMethod(BeanDynamicObject.java:129)
	at org.gradle.api.internal.CompositeDynamicObject.invokeMethod(CompositeDynamicObject.java:147)
	at org.gradle.groovy.scripts.BasicScript.methodMissing(BasicScript.java:79)
	at build_3ydkwjkb0jp9oyodnnw4knra6.run(/tmp/rdisk/969/src/ExpandableLayout-master/build.gradle:15)
	at org.gradle.groovy.scripts.internal.DefaultScriptRunnerFactory$ScriptRunnerImpl.run(DefaultScriptRunnerFactory.java:52)
	... 35 more


BUILD FAILED

Total time: 2.507 secs

2018-05-11 15:37:17,009 ERROR FullProcessService - Project build has not produced APK file
2018-05-11 15:37:17,011 ERROR FullProcessService - Could not find generated or existed APK file
