2018-04-09 11:05:10,268 INFO  DownloadService - Downloading "https://github.com/mattprecious/telescope/archive/master.zip", attempt 3
2018-04-09 11:05:11,981 INFO  DownloadService - Downloaded https://github.com/mattprecious/telescope/archive/master.zip, attempt 3
2018-04-09 11:05:11,982 INFO  DownloadService - Size of file "/tmp/rdisk/835/master.zip": 563 KB
2018-04-09 11:05:11,982 INFO  ArchiveUtils - Checking entries [.gradle] in ZIP file...
2018-04-09 11:05:11,982 INFO  ArchiveUtils - Has entries [.gradle] in ZIP file /tmp/rdisk/835/master.zip: true
2018-04-09 11:05:11,982 DEBUG ZipUtil - Extracting '/tmp/rdisk/835/master.zip' into '/tmp/rdisk/835/src'.
2018-04-09 11:05:11,997 INFO  FullProcessService - Size of directory with sources: 689 KB
2018-04-09 11:05:11,997 INFO  SysUtils - Execute command: [git, init, /tmp/rdisk/835/src]
2018-04-09 11:05:12,003 INFO  SysUtils - Initialized empty Git repository in /tmp/rdisk/835/src/.git/

2018-04-09 11:05:12,005 INFO  ProjectBuildService - Gradle wrapper(s): /tmp/rdisk/835/src/telescope-master/gradlew
2018-04-09 11:05:12,008 INFO  ProjectBuildService - Build script(s): /tmp/rdisk/835/src/telescope-master/telescope-sample/build.gradle /tmp/rdisk/835/src/telescope-master/telescope/build.gradle /tmp/rdisk/835/src/telescope-master/build.gradle
2018-04-09 11:05:12,011 INFO  ProjectBuildService - All script(s): /tmp/rdisk/835/src/telescope-master/telescope/gradle-mvn-push.gradle /tmp/rdisk/835/src/telescope-master/telescope/build.gradle /tmp/rdisk/835/src/telescope-master/telescope-sample/build.gradle /tmp/rdisk/835/src/telescope-master/settings.gradle /tmp/rdisk/835/src/telescope-master/build.gradle
2018-04-09 11:05:12,011 INFO  ProjectBuildService - Remote scripts: none
2018-04-09 11:05:12,011 INFO  ProjectFixService - Fixing project...
2018-04-09 11:05:12,021 INFO  LocalPropertiesFixService - Created fake /tmp/rdisk/835/src/telescope-master/telescope-sample/local.properties
2018-04-09 11:05:12,024 INFO  ProjectFixService - Build info for "/tmp/rdisk/835/src/telescope-master/telescope-sample/build.gradle": [buildToolsVersion=25.0.2,compileSdkVersion=25,minSdkVersion=<null>,targetSdkVersion=<null>]
2018-04-09 11:05:12,025 INFO  ProjectFixService - Fixed build info for "/tmp/rdisk/835/src/telescope-master/telescope-sample/build.gradle": [buildToolsVersion=25.0.2,compileSdkVersion=25,minSdkVersion=27,targetSdkVersion=27]
2018-04-09 11:05:12,025 INFO  LocalPropertiesFixService - Created fake /tmp/rdisk/835/src/telescope-master/telescope/local.properties
2018-04-09 11:05:12,028 INFO  ProjectFixService - Build info for "/tmp/rdisk/835/src/telescope-master/telescope/build.gradle": [buildToolsVersion=25.0.2,compileSdkVersion=25,minSdkVersion=<null>,targetSdkVersion=<null>]
2018-04-09 11:05:12,029 INFO  ProjectFixService - Fixed build info for "/tmp/rdisk/835/src/telescope-master/telescope/build.gradle": [buildToolsVersion=25.0.2,compileSdkVersion=25,minSdkVersion=27,targetSdkVersion=27]
2018-04-09 11:05:12,029 INFO  LocalPropertiesFixService - Created fake /tmp/rdisk/835/src/telescope-master/local.properties
2018-04-09 11:05:12,030 INFO  WrapperPropertiesFixService - Gradle wrapper: https://services.gradle.org/distributions/gradle-3.3-all.zip
2018-04-09 11:05:12,030 INFO  WrapperPropertiesFixService - Gradle wrapper was changed from "-all.zip" to "-bin.zip" (https://services.gradle.org/distributions/gradle-3.3-bin.zip)
2018-04-09 11:05:12,032 INFO  ProjectFixService - Build info for "/tmp/rdisk/835/src/telescope-master/build.gradle": [buildToolsVersion=25.0.2,compileSdkVersion=25,minSdkVersion=<null>,targetSdkVersion=<null>]
2018-04-09 11:05:12,032 INFO  ProjectFixService - Fixed build info for "/tmp/rdisk/835/src/telescope-master/build.gradle": [buildToolsVersion=25.0.2,compileSdkVersion=25,minSdkVersion=27,targetSdkVersion=27]
2018-04-09 11:05:12,032 INFO  ProjectFixService - Project was maybe fixed
2018-04-09 11:05:12,032 INFO  ProjectTaskService - Detecting possible tasks...
2018-04-09 11:05:12,032 INFO  SysUtils - Execute command: [/tmp/rdisk/835/src/telescope-master/gradlew, -b, /tmp/rdisk/835/src/telescope-master/telescope-sample/build.gradle, -Dorg.gradle.daemon=false, -Dorg.gradle.daemon.performance.enable-monitoring=false, -Dorg.gradle.configureondemand=true, tasks]
2018-04-09 11:05:21,286 INFO  ProjectTaskService - Detected possible tasks: 66
2018-04-09 11:05:21,286 INFO  ProjectTaskService - Excluded tasks (19): lintDebug mockableAndroidJar deviceCheck lint testReleaseUnitTest uninstallRelease deviceAndroidTest uninstallDebugAndroidTest installDebugAndroidTest connectedCheck connectedDebugAndroidTest uninstallAll test check testDebugUnitTest connectedAndroidTest installDebug lintRelease uninstallDebug
2018-04-09 11:05:21,286 INFO  SysUtils - Execute command: [/tmp/rdisk/835/src/telescope-master/gradlew, -b, /tmp/rdisk/835/src/telescope-master/telescope-sample/build.gradle, -Dorg.gradle.daemon=false, -Dorg.gradle.daemon.performance.enable-monitoring=false, -Dorg.gradle.configureondemand=true, --stacktrace, -x, lintDebug, -x, mockableAndroidJar, -x, deviceCheck, -x, lint, -x, testReleaseUnitTest, -x, uninstallRelease, -x, deviceAndroidTest, -x, uninstallDebugAndroidTest, -x, installDebugAndroidTest, -x, connectedCheck, -x, connectedDebugAndroidTest, -x, uninstallAll, -x, test, -x, check, -x, testDebugUnitTest, -x, connectedAndroidTest, -x, installDebug, -x, lintRelease, -x, uninstallDebug, build]
2018-04-09 11:05:37,711 ERROR SysUtils - Could not process external command
org.apache.commons.exec.ExecuteException: Process exited with an error: 1 (Exit value: 1)
	at org.apache.commons.exec.DefaultExecutor.executeInternal(DefaultExecutor.java:404)
	at org.apache.commons.exec.DefaultExecutor.execute(DefaultExecutor.java:166)
	at com.github.vbauer.apkmaster.util.SysUtils.execute(SysUtils.java:67)
	at com.github.vbauer.apkmaster.util.SysUtils.executeSimple(SysUtils.java:43)
	at com.github.vbauer.apkmaster.service.assembly.ProjectBuildService.buildProject(ProjectBuildService.java:78)
	at com.github.vbauer.apkmaster.service.assembly.ProjectBuildService.buildProject(ProjectBuildService.java:64)
	at com.github.vbauer.apkmaster.service.assembly.ProjectBuildService.buildProject(ProjectBuildService.java:43)
	at com.github.vbauer.apkmaster.service.FullProcessService.build(FullProcessService.java:84)
	at com.github.vbauer.apkmaster.service.FullProcessService.process(FullProcessService.java:34)
	at com.github.vbauer.apkmaster.app.MainApplication.process(MainApplication.java:38)
	at com.github.vbauer.apkmaster.app.MainApplication.main(MainApplication.java:20)
	at sun.reflect.NativeMethodAccessorImpl.invoke0(Native Method)
	at sun.reflect.NativeMethodAccessorImpl.invoke(NativeMethodAccessorImpl.java:62)
	at sun.reflect.DelegatingMethodAccessorImpl.invoke(DelegatingMethodAccessorImpl.java:43)
	at java.lang.reflect.Method.invoke(Method.java:498)
	at com.android.arsenal.util.ReflectionUtils.invoke(ReflectionUtils.java:42)
	at com.android.arsenal.util.ApkMasterUtils.main(ApkMasterUtils.java:30)
	at com.android.arsenal.service.processor.impl.BuildProcessorServiceImpl.buildProject(BuildProcessorServiceImpl.java:197)
	at com.android.arsenal.service.processor.impl.BuildProcessorServiceImpl.build(BuildProcessorServiceImpl.java:131)
	at com.android.arsenal.service.processor.impl.BuildProcessorServiceImpl.lambda$null$1(BuildProcessorServiceImpl.java:114)
	at java.util.concurrent.FutureTask.run(FutureTask.java:266)
	at java.util.concurrent.Executors$RunnableAdapter.call(Executors.java:511)
	at java.util.concurrent.FutureTask.run(FutureTask.java:266)
	at java.util.concurrent.ThreadPoolExecutor.runWorker(ThreadPoolExecutor.java:1149)
	at java.util.concurrent.ThreadPoolExecutor$Worker.run(ThreadPoolExecutor.java:624)
	at java.lang.Thread.run(Thread.java:748)
2018-04-09 11:05:37,712 INFO  SysUtils - Configuration on demand is an incubating feature.
Incremental java compilation is an incubating feature.
:telescope:preBuild UP-TO-DATE
:telescope:preReleaseBuild UP-TO-DATE
:telescope:checkReleaseManifest
:telescope:prepareReleaseDependencies
:telescope:compileReleaseAidl
:telescope:compileReleaseNdk UP-TO-DATE
:telescope:compileLint
:telescope:copyReleaseLint UP-TO-DATE
:telescope:compileReleaseRenderscript
:telescope:generateReleaseBuildConfig
:telescope:generateReleaseResValues
:telescope:generateReleaseResources
:telescope:packageReleaseResources
:telescope:processReleaseManifest
:telescope:processReleaseResources
:telescope:generateReleaseSources
:telescope:incrementalReleaseJavaCompilationSafeguard
:telescope:javaPreCompileRelease
:telescope:compileReleaseJavaWithJavac
:telescope:compileReleaseJavaWithJavac - is not incremental (e.g. outputs have changed, no previous execution, etc.).
:telescope:extractReleaseAnnotations
:telescope:mergeReleaseShaders
:telescope:compileReleaseShaders
:telescope:generateReleaseAssets
:telescope:mergeReleaseAssets
:telescope:mergeReleaseProguardFiles
:telescope:packageReleaseRenderscript UP-TO-DATE
:telescope:processReleaseJavaRes UP-TO-DATE
:telescope:transformResourcesWithMergeJavaResForRelease
:telescope:transformClassesAndResourcesWithSyncLibJarsForRelease
:telescope:mergeReleaseJniLibFolders
:telescope:transformNativeLibsWithMergeJniLibsForRelease
:telescope:transformNativeLibsWithStripDebugSymbolForRelease
:telescope:transformNativeLibsWithSyncJniLibsForRelease
:telescope:bundleRelease
:telescope-sample:preBuild UP-TO-DATE
:telescope-sample:preDebugBuild UP-TO-DATE
:telescope-sample:checkDebugManifest
:telescope-sample:preReleaseBuild UP-TO-DATE
:telescope-sample:prepareComAndroidSupportAnimatedVectorDrawable2530Library
:telescope-sample:prepareComAndroidSupportAppcompatV72530Library
:telescope-sample:prepareComAndroidSupportDesign2530Library
:telescope-sample:prepareComAndroidSupportRecyclerviewV72530Library
:telescope-sample:prepareComAndroidSupportSupportCompat2530Library
:telescope-sample:prepareComAndroidSupportSupportCoreUi2530Library
:telescope-sample:prepareComAndroidSupportSupportCoreUtils2530Library
:telescope-sample:prepareComAndroidSupportSupportFragment2530Library
:telescope-sample:prepareComAndroidSupportSupportMediaCompat2530Library
:telescope-sample:prepareComAndroidSupportSupportV42530Library
:telescope-sample:prepareComAndroidSupportSupportVectorDrawable2530Library
:telescope-sample:prepareComAndroidSupportTransition2530Library
:telescope-sample:prepareComGoogleAndroidGmsPlayServicesBase1021Library
:telescope-sample:prepareComGoogleAndroidGmsPlayServicesBasement1021Library
:telescope-sample:prepareComGoogleAndroidGmsPlayServicesMaps1021Library
:telescope-sample:prepareComGoogleAndroidGmsPlayServicesTasks1021Library
:telescope-sample:prepareComJakewhartonButterknife851Library
:telescope-sample:prepareDebugDependencies
:telescope-sample:compileDebugAidl
:telescope-sample:compileDebugRenderscript
:telescope-sample:generateDebugBuildConfig
:telescope-sample:generateDebugResValues
:telescope-sample:generateDebugResources
:telescope-sample:mergeDebugResources
java.lang.NoClassDefFoundError: Could not initialize class sun.awt.X11GraphicsEnvironment
:telescope-sample:mergeDebugResources FAILED

FAILURE: Build failed with an exception.

* What went wrong:
Execution failed for task ':telescope-sample:mergeDebugResources'.
> java.lang.NoClassDefFoundError: Could not initialize class sun.awt.X11GraphicsEnvironment

* Try:
Run with --info or --debug option to get more log output.

* Exception is:
org.gradle.api.tasks.TaskExecutionException: Execution failed for task ':telescope-sample:mergeDebugResources'.
	at org.gradle.api.internal.tasks.execution.ExecuteActionsTaskExecuter.executeActions(ExecuteActionsTaskExecuter.java:84)
	at org.gradle.api.internal.tasks.execution.ExecuteActionsTaskExecuter.execute(ExecuteActionsTaskExecuter.java:55)
	at org.gradle.api.internal.tasks.execution.SkipUpToDateTaskExecuter.execute(SkipUpToDateTaskExecuter.java:62)
	at org.gradle.api.internal.tasks.execution.ValidatingTaskExecuter.execute(ValidatingTaskExecuter.java:58)
	at org.gradle.api.internal.tasks.execution.SkipEmptySourceFilesTaskExecuter.execute(SkipEmptySourceFilesTaskExecuter.java:88)
	at org.gradle.api.internal.tasks.execution.ResolveTaskArtifactStateTaskExecuter.execute(ResolveTaskArtifactStateTaskExecuter.java:46)
	at org.gradle.api.internal.tasks.execution.SkipTaskWithNoActionsExecuter.execute(SkipTaskWithNoActionsExecuter.java:51)
	at org.gradle.api.internal.tasks.execution.SkipOnlyIfTaskExecuter.execute(SkipOnlyIfTaskExecuter.java:54)
	at org.gradle.api.internal.tasks.execution.ExecuteAtMostOnceTaskExecuter.execute(ExecuteAtMostOnceTaskExecuter.java:43)
	at org.gradle.api.internal.tasks.execution.CatchExceptionTaskExecuter.execute(CatchExceptionTaskExecuter.java:34)
	at org.gradle.execution.taskgraph.DefaultTaskGraphExecuter$EventFiringTaskWorker$1.execute(DefaultTaskGraphExecuter.java:236)
	at org.gradle.execution.taskgraph.DefaultTaskGraphExecuter$EventFiringTaskWorker$1.execute(DefaultTaskGraphExecuter.java:228)
	at org.gradle.internal.Transformers$4.transform(Transformers.java:169)
	at org.gradle.internal.progress.DefaultBuildOperationExecutor.run(DefaultBuildOperationExecutor.java:106)
	at org.gradle.internal.progress.DefaultBuildOperationExecutor.run(DefaultBuildOperationExecutor.java:61)
	at org.gradle.execution.taskgraph.DefaultTaskGraphExecuter$EventFiringTaskWorker.execute(DefaultTaskGraphExecuter.java:228)
	at org.gradle.execution.taskgraph.DefaultTaskGraphExecuter$EventFiringTaskWorker.execute(DefaultTaskGraphExecuter.java:215)
	at org.gradle.execution.taskgraph.AbstractTaskPlanExecutor$TaskExecutorWorker.processTask(AbstractTaskPlanExecutor.java:77)
	at org.gradle.execution.taskgraph.AbstractTaskPlanExecutor$TaskExecutorWorker.run(AbstractTaskPlanExecutor.java:58)
	at org.gradle.execution.taskgraph.DefaultTaskPlanExecutor.process(DefaultTaskPlanExecutor.java:32)
	at org.gradle.execution.taskgraph.DefaultTaskGraphExecuter.execute(DefaultTaskGraphExecuter.java:113)
	at org.gradle.execution.SelectedTaskExecutionAction.execute(SelectedTaskExecutionAction.java:37)
	at org.gradle.execution.DefaultBuildExecuter.execute(DefaultBuildExecuter.java:37)
	at org.gradle.execution.DefaultBuildExecuter.access$000(DefaultBuildExecuter.java:23)
	at org.gradle.execution.DefaultBuildExecuter$1.proceed(DefaultBuildExecuter.java:43)
	at org.gradle.execution.DryRunBuildExecutionAction.execute(DryRunBuildExecutionAction.java:32)
	at org.gradle.execution.DefaultBuildExecuter.execute(DefaultBuildExecuter.java:37)
	at org.gradle.execution.DefaultBuildExecuter.execute(DefaultBuildExecuter.java:30)
	at org.gradle.initialization.DefaultGradleLauncher$3.execute(DefaultGradleLauncher.java:196)
	at org.gradle.initialization.DefaultGradleLauncher$3.execute(DefaultGradleLauncher.java:193)
	at org.gradle.internal.Transformers$4.transform(Transformers.java:169)
	at org.gradle.internal.progress.DefaultBuildOperationExecutor.run(DefaultBuildOperationExecutor.java:106)
	at org.gradle.internal.progress.DefaultBuildOperationExecutor.run(DefaultBuildOperationExecutor.java:56)
	at org.gradle.initialization.DefaultGradleLauncher.doBuildStages(DefaultGradleLauncher.java:193)
	at org.gradle.initialization.DefaultGradleLauncher.doBuild(DefaultGradleLauncher.java:119)
	at org.gradle.initialization.DefaultGradleLauncher.run(DefaultGradleLauncher.java:102)
	at org.gradle.launcher.exec.GradleBuildController.run(GradleBuildController.java:71)
	at org.gradle.tooling.internal.provider.ExecuteBuildActionRunner.run(ExecuteBuildActionRunner.java:28)
	at org.gradle.launcher.exec.ChainingBuildActionRunner.run(ChainingBuildActionRunner.java:35)
	at org.gradle.launcher.exec.InProcessBuildActionExecuter.execute(InProcessBuildActionExecuter.java:41)
	at org.gradle.launcher.exec.InProcessBuildActionExecuter.execute(InProcessBuildActionExecuter.java:26)
	at org.gradle.tooling.internal.provider.ContinuousBuildActionExecuter.execute(ContinuousBuildActionExecuter.java:75)
	at org.gradle.tooling.internal.provider.ContinuousBuildActionExecuter.execute(ContinuousBuildActionExecuter.java:49)
	at org.gradle.tooling.internal.provider.ServicesSetupBuildActionExecuter.execute(ServicesSetupBuildActionExecuter.java:44)
	at org.gradle.tooling.internal.provider.ServicesSetupBuildActionExecuter.execute(ServicesSetupBuildActionExecuter.java:29)
	at org.gradle.launcher.cli.RunBuildAction.run(RunBuildAction.java:51)
	at org.gradle.internal.Actions$RunnableActionAdapter.execute(Actions.java:173)
	at org.gradle.launcher.cli.CommandLineActionFactory$ParseAndBuildAction.execute(CommandLineActionFactory.java:244)
	at org.gradle.launcher.cli.CommandLineActionFactory$ParseAndBuildAction.execute(CommandLineActionFactory.java:217)
	at org.gradle.launcher.cli.JavaRuntimeValidationAction.execute(JavaRuntimeValidationAction.java:33)
	at org.gradle.launcher.cli.JavaRuntimeValidationAction.execute(JavaRuntimeValidationAction.java:24)
	at org.gradle.launcher.cli.ExceptionReportingAction.execute(ExceptionReportingAction.java:33)
	at org.gradle.launcher.cli.ExceptionReportingAction.execute(ExceptionReportingAction.java:22)
	at org.gradle.launcher.cli.CommandLineActionFactory$WithLogging.execute(CommandLineActionFactory.java:210)
	at org.gradle.launcher.cli.CommandLineActionFactory$WithLogging.execute(CommandLineActionFactory.java:174)
	at org.gradle.launcher.Main.doAction(Main.java:33)
	at org.gradle.launcher.bootstrap.EntryPoint.run(EntryPoint.java:45)
	at org.gradle.launcher.bootstrap.ProcessBootstrap.runNoExit(ProcessBootstrap.java:60)
	at org.gradle.launcher.bootstrap.ProcessBootstrap.run(ProcessBootstrap.java:37)
	at org.gradle.launcher.GradleMain.main(GradleMain.java:23)
	at org.gradle.wrapper.BootstrapMainStarter.start(BootstrapMainStarter.java:33)
	at org.gradle.wrapper.WrapperExecutor.execute(WrapperExecutor.java:130)
	at org.gradle.wrapper.GradleWrapperMain.main(GradleWrapperMain.java:48)
Caused by: com.android.build.gradle.tasks.ResourceException: java.lang.NoClassDefFoundError: Could not initialize class sun.awt.X11GraphicsEnvironment
	at com.android.build.gradle.tasks.MergeResources.doFullTaskAction(MergeResources.java:166)
	at com.android.build.gradle.internal.tasks.IncrementalTask.taskAction(IncrementalTask.java:88)
	at org.gradle.internal.reflect.JavaMethod.invoke(JavaMethod.java:73)
	at org.gradle.api.internal.project.taskfactory.DefaultTaskClassInfoStore$IncrementalTaskAction.doExecute(DefaultTaskClassInfoStore.java:163)
	at org.gradle.api.internal.project.taskfactory.DefaultTaskClassInfoStore$StandardTaskAction.execute(DefaultTaskClassInfoStore.java:134)
	at org.gradle.api.internal.project.taskfactory.DefaultTaskClassInfoStore$StandardTaskAction.execute(DefaultTaskClassInfoStore.java:123)
	at org.gradle.api.internal.tasks.execution.ExecuteActionsTaskExecuter.executeAction(ExecuteActionsTaskExecuter.java:95)
	at org.gradle.api.internal.tasks.execution.ExecuteActionsTaskExecuter.executeActions(ExecuteActionsTaskExecuter.java:76)
	... 62 more
Caused by: java.lang.NoClassDefFoundError: Could not initialize class sun.awt.X11GraphicsEnvironment
	at com.android.ide.common.res2.MergeWriter.end(MergeWriter.java:54)
	at com.android.ide.common.res2.MergedResourceWriter.end(MergedResourceWriter.java:220)
	at com.android.ide.common.res2.DataMerger.mergeData(DataMerger.java:301)
	at com.android.ide.common.res2.ResourceMerger.mergeData(ResourceMerger.java:410)
	at com.android.build.gradle.tasks.MergeResources.doFullTaskAction(MergeResources.java:159)
	... 69 more
Caused by: java.lang.RuntimeException: java.lang.NoClassDefFoundError: Could not initialize class sun.awt.X11GraphicsEnvironment
	at com.android.ide.common.internal.WaitableExecutor.waitForTasksWithQuickFail(WaitableExecutor.java:147)
	at com.android.ide.common.res2.MergeWriter.end(MergeWriter.java:50)
	... 73 more
Caused by: java.lang.NoClassDefFoundError: Could not initialize class sun.awt.X11GraphicsEnvironment
	at com.android.ide.common.vectordrawable.VdTree.drawIntoImage(VdTree.java:87)
	at com.android.ide.common.vectordrawable.VdPreview.getPreviewFromVectorTree(VdPreview.java:349)
	at com.android.ide.common.vectordrawable.VdPreview.getPreviewFromVectorXml(VdPreview.java:285)
	at com.android.builder.png.VectorDrawableRenderer.generateFile(VectorDrawableRenderer.java:152)
	at com.android.ide.common.res2.MergedResourceWriter.lambda$addItem$1(MergedResourceWriter.java:333)


BUILD FAILED

Total time: 16.177 secs

2018-04-09 11:05:37,735 INFO  ProjectTaskService - Detecting possible tasks...
2018-04-09 11:05:37,735 INFO  SysUtils - Execute command: [/tmp/rdisk/835/src/telescope-master/gradlew, -b, /tmp/rdisk/835/src/telescope-master/telescope/build.gradle, -Dorg.gradle.daemon=false, -Dorg.gradle.daemon.performance.enable-monitoring=false, -Dorg.gradle.configureondemand=true, tasks]
2018-04-09 11:05:44,998 INFO  ProjectTaskService - Detected possible tasks: 68
2018-04-09 11:05:44,998 INFO  ProjectTaskService - Excluded tasks (16): lintDebug mockableAndroidJar deviceCheck lint testReleaseUnitTest deviceAndroidTest uninstallDebugAndroidTest installDebugAndroidTest connectedCheck connectedDebugAndroidTest uninstallAll test check testDebugUnitTest connectedAndroidTest lintRelease
2018-04-09 11:05:44,999 INFO  SysUtils - Execute command: [/tmp/rdisk/835/src/telescope-master/gradlew, -b, /tmp/rdisk/835/src/telescope-master/telescope/build.gradle, -Dorg.gradle.daemon=false, -Dorg.gradle.daemon.performance.enable-monitoring=false, -Dorg.gradle.configureondemand=true, --stacktrace, -x, lintDebug, -x, mockableAndroidJar, -x, deviceCheck, -x, lint, -x, testReleaseUnitTest, -x, deviceAndroidTest, -x, uninstallDebugAndroidTest, -x, installDebugAndroidTest, -x, connectedCheck, -x, connectedDebugAndroidTest, -x, uninstallAll, -x, test, -x, check, -x, testDebugUnitTest, -x, connectedAndroidTest, -x, lintRelease, build]
2018-04-09 11:05:57,143 INFO  SysUtils - Configuration on demand is an incubating feature.
Incremental java compilation is an incubating feature.
:telescope:androidJavadocs/tmp/rdisk/835/src/telescope-master/telescope/src/main/java/com/mattprecious/telescope/TelescopeLayout.java:28: error: package android.support.annotation does not exist
import android.support.annotation.ColorInt;
                                 ^
/tmp/rdisk/835/src/telescope-master/telescope/src/main/java/com/mattprecious/telescope/TelescopeLayout.java:29: error: package android.support.annotation does not exist
import android.support.annotation.IntRange;
                                 ^
/tmp/rdisk/835/src/telescope-master/telescope/src/main/java/com/mattprecious/telescope/TelescopeLayout.java:30: error: package android.support.annotation does not exist
import android.support.annotation.NonNull;
                                 ^
/tmp/rdisk/835/src/telescope-master/telescope/src/main/java/com/mattprecious/telescope/Lens.java:4: error: package android.support.annotation does not exist
import android.support.annotation.NonNull;
                                 ^
/tmp/rdisk/835/src/telescope-master/telescope/src/main/java/com/mattprecious/telescope/Lens.java:5: error: package android.support.annotation does not exist
import android.support.annotation.Nullable;
                                 ^
/tmp/rdisk/835/src/telescope-master/telescope/src/main/java/com/mattprecious/telescope/BitmapProcessorListener.java:4: error: package android.support.annotation does not exist
import android.support.annotation.Nullable;
                                 ^
/tmp/rdisk/835/src/telescope-master/telescope/src/main/java/com/mattprecious/telescope/EmailLens.java:8: error: package android.support.annotation does not exist
import android.support.annotation.WorkerThread;
                                 ^
/tmp/rdisk/835/src/telescope-master/telescope/src/main/java/com/mattprecious/telescope/TelescopeLayout.java:234: error: cannot find symbol
  public void setLens(@NonNull Lens lens) {
                       ^
  symbol:   class NonNull
  location: class TelescopeLayout
/tmp/rdisk/835/src/telescope-master/telescope/src/main/java/com/mattprecious/telescope/TelescopeLayout.java:240: error: cannot find symbol
  public void setPointerCount(@IntRange(from = 1) int pointerCount) {
                               ^
  symbol:   class IntRange
  location: class TelescopeLayout
/tmp/rdisk/835/src/telescope-master/telescope/src/main/java/com/mattprecious/telescope/TelescopeLayout.java:249: error: cannot find symbol
  public void setProgressColor(@ColorInt int progressColor) {
                                ^
  symbol:   class ColorInt
  location: class TelescopeLayout
/tmp/rdisk/835/src/telescope-master/telescope/src/main/java/com/mattprecious/telescope/TelescopeLayout.java:254: error: cannot find symbol
  public void setScreenshotMode(@NonNull ScreenshotMode screenshotMode) {
                                 ^
  symbol:   class NonNull
  location: class TelescopeLayout
/tmp/rdisk/835/src/telescope-master/telescope/src/main/java/com/mattprecious/telescope/TelescopeLayout.java:268: error: cannot find symbol
  public void setScreenshotTarget(@NonNull View screenshotTarget) {
                                   ^
  symbol:   class NonNull
  location: class TelescopeLayout
/tmp/rdisk/835/src/telescope-master/telescope/src/main/java/com/mattprecious/telescope/Lens.java:24: error: cannot find symbol
  public void onCapture(@Nullable Bitmap screenshot, @NonNull BitmapProcessorListener listener) {
                         ^
  symbol:   class Nullable
  location: class Lens
/tmp/rdisk/835/src/telescope-master/telescope/src/main/java/com/mattprecious/telescope/Lens.java:24: error: cannot find symbol
  public void onCapture(@Nullable Bitmap screenshot, @NonNull BitmapProcessorListener listener) {
                                                      ^
  symbol:   class NonNull
  location: class Lens
/tmp/rdisk/835/src/telescope-master/telescope/src/main/java/com/mattprecious/telescope/Lens.java:34: error: cannot find symbol
  public abstract void onCapture(@Nullable File screenshot);
                                  ^
  symbol:   class Nullable
  location: class Lens
/tmp/rdisk/835/src/telescope-master/telescope/src/main/java/com/mattprecious/telescope/BitmapProcessorListener.java:12: error: cannot find symbol
  void onBitmapReady(@Nullable Bitmap screenshot);
                      ^
  symbol:   class Nullable
  location: interface BitmapProcessorListener
/tmp/rdisk/835/src/telescope-master/telescope/src/main/java/com/mattprecious/telescope/EmailLens.java:41: error: cannot find symbol
  @WorkerThread protected String getBody() {
   ^
  symbol:   class WorkerThread
  location: class EmailLens
/tmp/rdisk/835/src/telescope-master/telescope/src/main/java/com/mattprecious/telescope/EmailLens.java:49: error: cannot find symbol
  @WorkerThread protected Set<Uri> getAdditionalAttachments() {
   ^
  symbol:   class WorkerThread
  location: class EmailLens
javadoc: warning - Class Nullable not found.
javadoc: warning - Class WorkerThread not found.
javadoc: warning - Class WorkerThread not found.
javadoc: warning - Class WorkerThread not found.
javadoc: warning - Class WorkerThread not found.
javadoc: warning - Class WorkerThread not found.
javadoc: warning - Class WorkerThread not found.
javadoc: warning - Class WorkerThread not found.
javadoc: warning - Class WorkerThread not found.
javadoc: warning - Class Nullable not found.
javadoc: warning - Class NonNull not found.
javadoc: warning - Class Nullable not found.
javadoc: warning - Class NonNull not found.
javadoc: warning - Class IntRange not found.
javadoc: warning - Class ColorInt not found.
javadoc: warning - Class NonNull not found.
javadoc: warning - Class NonNull not found.
javadoc: warning - Class WorkerThread not found.
javadoc: warning - Class WorkerThread not found.
/tmp/rdisk/835/src/telescope-master/telescope/src/main/java/com/mattprecious/telescope/TelescopeFileProvider.java:12: warning - Tag @link: reference not accessible: com.mattprecious.telescope.FileProvider
javadoc: warning - Class WorkerThread not found.
javadoc: warning - Class WorkerThread not found.

40 warnings
:telescope:androidJavadocsJar
:telescope:androidSourcesJar
:telescope:preBuild UP-TO-DATE
:telescope:preDebugBuild UP-TO-DATE
:telescope:checkDebugManifest
:telescope:prepareDebugDependencies
:telescope:compileDebugAidl
:telescope:compileDebugNdk UP-TO-DATE
:telescope:compileLint UP-TO-DATE
:telescope:copyDebugLint UP-TO-DATE
:telescope:compileDebugRenderscript
:telescope:generateDebugBuildConfig
:telescope:generateDebugResValues
:telescope:generateDebugResources
:telescope:packageDebugResources
:telescope:processDebugManifest
:telescope:processDebugResources
:telescope:generateDebugSources
:telescope:incrementalDebugJavaCompilationSafeguard
:telescope:javaPreCompileDebug
:telescope:compileDebugJavaWithJavac
:telescope:compileDebugJavaWithJavac - is not incremental (e.g. outputs have changed, no previous execution, etc.).
:telescope:extractDebugAnnotations
:telescope:mergeDebugShaders
:telescope:compileDebugShaders
:telescope:generateDebugAssets
:telescope:mergeDebugAssets
:telescope:mergeDebugProguardFiles
:telescope:packageDebugRenderscript UP-TO-DATE
:telescope:processDebugJavaRes UP-TO-DATE
:telescope:transformResourcesWithMergeJavaResForDebug
:telescope:transformClassesAndResourcesWithSyncLibJarsForDebug
:telescope:mergeDebugJniLibFolders
:telescope:transformNativeLibsWithMergeJniLibsForDebug
:telescope:transformNativeLibsWithStripDebugSymbolForDebug
:telescope:transformNativeLibsWithSyncJniLibsForDebug
:telescope:bundleDebug
:telescope:compileDebugSources
:telescope:assembleDebug
:telescope:preReleaseBuild UP-TO-DATE
:telescope:checkReleaseManifest
:telescope:prepareReleaseDependencies
:telescope:compileReleaseAidl UP-TO-DATE
:telescope:compileReleaseNdk UP-TO-DATE
:telescope:copyReleaseLint UP-TO-DATE
:telescope:compileReleaseRenderscript UP-TO-DATE
:telescope:generateReleaseBuildConfig UP-TO-DATE
:telescope:generateReleaseResValues UP-TO-DATE
:telescope:generateReleaseResources UP-TO-DATE
:telescope:packageReleaseResources UP-TO-DATE
:telescope:processReleaseManifest UP-TO-DATE
:telescope:processReleaseResources UP-TO-DATE
:telescope:generateReleaseSources UP-TO-DATE
:telescope:incrementalReleaseJavaCompilationSafeguard UP-TO-DATE
:telescope:javaPreCompileRelease
:telescope:compileReleaseJavaWithJavac UP-TO-DATE
:telescope:extractReleaseAnnotations UP-TO-DATE
:telescope:mergeReleaseShaders UP-TO-DATE
:telescope:compileReleaseShaders UP-TO-DATE
:telescope:generateReleaseAssets UP-TO-DATE
:telescope:mergeReleaseAssets UP-TO-DATE
:telescope:mergeReleaseProguardFiles UP-TO-DATE
:telescope:packageReleaseRenderscript UP-TO-DATE
:telescope:processReleaseJavaRes UP-TO-DATE
:telescope:transformResourcesWithMergeJavaResForRelease UP-TO-DATE
:telescope:transformClassesAndResourcesWithSyncLibJarsForRelease UP-TO-DATE
:telescope:mergeReleaseJniLibFolders UP-TO-DATE
:telescope:transformNativeLibsWithMergeJniLibsForRelease UP-TO-DATE
:telescope:transformNativeLibsWithStripDebugSymbolForRelease UP-TO-DATE
:telescope:transformNativeLibsWithSyncJniLibsForRelease UP-TO-DATE
:telescope:bundleRelease UP-TO-DATE
:telescope:compileReleaseSources UP-TO-DATE
:telescope:assembleRelease UP-TO-DATE
:telescope:signArchives SKIPPED
:telescope:assemble
:telescope:build

BUILD SUCCESSFUL

Total time: 11.859 secs

2018-04-09 11:05:57,171 INFO  ProjectTaskService - Detecting possible tasks...
2018-04-09 11:05:57,171 INFO  SysUtils - Execute command: [/tmp/rdisk/835/src/telescope-master/gradlew, -b, /tmp/rdisk/835/src/telescope-master/build.gradle, -Dorg.gradle.daemon=false, -Dorg.gradle.daemon.performance.enable-monitoring=false, -Dorg.gradle.configureondemand=true, tasks]
2018-04-09 11:06:04,725 INFO  ProjectTaskService - Detected possible tasks: 74
2018-04-09 11:06:04,725 INFO  ProjectTaskService - Excluded tasks (19): lintDebug mockableAndroidJar deviceCheck lint testReleaseUnitTest uninstallRelease deviceAndroidTest uninstallDebugAndroidTest installDebugAndroidTest connectedCheck connectedDebugAndroidTest uninstallAll test check testDebugUnitTest connectedAndroidTest installDebug lintRelease uninstallDebug
2018-04-09 11:06:04,726 INFO  SysUtils - Execute command: [/tmp/rdisk/835/src/telescope-master/gradlew, -b, /tmp/rdisk/835/src/telescope-master/build.gradle, -Dorg.gradle.daemon=false, -Dorg.gradle.daemon.performance.enable-monitoring=false, -Dorg.gradle.configureondemand=true, --stacktrace, -x, lintDebug, -x, mockableAndroidJar, -x, deviceCheck, -x, lint, -x, testReleaseUnitTest, -x, uninstallRelease, -x, deviceAndroidTest, -x, uninstallDebugAndroidTest, -x, installDebugAndroidTest, -x, connectedCheck, -x, connectedDebugAndroidTest, -x, uninstallAll, -x, test, -x, check, -x, testDebugUnitTest, -x, connectedAndroidTest, -x, installDebug, -x, lintRelease, -x, uninstallDebug, build]
2018-04-09 11:06:14,019 ERROR SysUtils - Could not process external command
org.apache.commons.exec.ExecuteException: Process exited with an error: 1 (Exit value: 1)
	at org.apache.commons.exec.DefaultExecutor.executeInternal(DefaultExecutor.java:404)
	at org.apache.commons.exec.DefaultExecutor.execute(DefaultExecutor.java:166)
	at com.github.vbauer.apkmaster.util.SysUtils.execute(SysUtils.java:67)
	at com.github.vbauer.apkmaster.util.SysUtils.executeSimple(SysUtils.java:43)
	at com.github.vbauer.apkmaster.service.assembly.ProjectBuildService.buildProject(ProjectBuildService.java:78)
	at com.github.vbauer.apkmaster.service.assembly.ProjectBuildService.buildProject(ProjectBuildService.java:64)
	at com.github.vbauer.apkmaster.service.assembly.ProjectBuildService.buildProject(ProjectBuildService.java:43)
	at com.github.vbauer.apkmaster.service.FullProcessService.build(FullProcessService.java:84)
	at com.github.vbauer.apkmaster.service.FullProcessService.process(FullProcessService.java:34)
	at com.github.vbauer.apkmaster.app.MainApplication.process(MainApplication.java:38)
	at com.github.vbauer.apkmaster.app.MainApplication.main(MainApplication.java:20)
	at sun.reflect.NativeMethodAccessorImpl.invoke0(Native Method)
	at sun.reflect.NativeMethodAccessorImpl.invoke(NativeMethodAccessorImpl.java:62)
	at sun.reflect.DelegatingMethodAccessorImpl.invoke(DelegatingMethodAccessorImpl.java:43)
	at java.lang.reflect.Method.invoke(Method.java:498)
	at com.android.arsenal.util.ReflectionUtils.invoke(ReflectionUtils.java:42)
	at com.android.arsenal.util.ApkMasterUtils.main(ApkMasterUtils.java:30)
	at com.android.arsenal.service.processor.impl.BuildProcessorServiceImpl.buildProject(BuildProcessorServiceImpl.java:197)
	at com.android.arsenal.service.processor.impl.BuildProcessorServiceImpl.build(BuildProcessorServiceImpl.java:131)
	at com.android.arsenal.service.processor.impl.BuildProcessorServiceImpl.lambda$null$1(BuildProcessorServiceImpl.java:114)
	at java.util.concurrent.FutureTask.run(FutureTask.java:266)
	at java.util.concurrent.Executors$RunnableAdapter.call(Executors.java:511)
	at java.util.concurrent.FutureTask.run(FutureTask.java:266)
	at java.util.concurrent.ThreadPoolExecutor.runWorker(ThreadPoolExecutor.java:1149)
	at java.util.concurrent.ThreadPoolExecutor$Worker.run(ThreadPoolExecutor.java:624)
	at java.lang.Thread.run(Thread.java:748)
2018-04-09 11:06:14,019 INFO  SysUtils - Configuration on demand is an incubating feature.
Incremental java compilation is an incubating feature.
:assemble UP-TO-DATE
:build
:telescope:androidJavadocs UP-TO-DATE
:telescope:androidJavadocsJar UP-TO-DATE
:telescope:androidSourcesJar UP-TO-DATE
:telescope:preBuild UP-TO-DATE
:telescope:preDebugBuild UP-TO-DATE
:telescope:checkDebugManifest
:telescope:prepareDebugDependencies
:telescope:compileDebugAidl UP-TO-DATE
:telescope:compileDebugNdk UP-TO-DATE
:telescope:compileLint UP-TO-DATE
:telescope:copyDebugLint UP-TO-DATE
:telescope:compileDebugRenderscript UP-TO-DATE
:telescope:generateDebugBuildConfig UP-TO-DATE
:telescope:generateDebugResValues UP-TO-DATE
:telescope:generateDebugResources UP-TO-DATE
:telescope:packageDebugResources UP-TO-DATE
:telescope:processDebugManifest UP-TO-DATE
:telescope:processDebugResources UP-TO-DATE
:telescope:generateDebugSources UP-TO-DATE
:telescope:incrementalDebugJavaCompilationSafeguard UP-TO-DATE
:telescope:javaPreCompileDebug
:telescope:compileDebugJavaWithJavac UP-TO-DATE
:telescope:extractDebugAnnotations UP-TO-DATE
:telescope:mergeDebugShaders UP-TO-DATE
:telescope:compileDebugShaders UP-TO-DATE
:telescope:generateDebugAssets UP-TO-DATE
:telescope:mergeDebugAssets UP-TO-DATE
:telescope:mergeDebugProguardFiles UP-TO-DATE
:telescope:packageDebugRenderscript UP-TO-DATE
:telescope:processDebugJavaRes UP-TO-DATE
:telescope:transformResourcesWithMergeJavaResForDebug UP-TO-DATE
:telescope:transformClassesAndResourcesWithSyncLibJarsForDebug UP-TO-DATE
:telescope:mergeDebugJniLibFolders UP-TO-DATE
:telescope:transformNativeLibsWithMergeJniLibsForDebug UP-TO-DATE
:telescope:transformNativeLibsWithStripDebugSymbolForDebug UP-TO-DATE
:telescope:transformNativeLibsWithSyncJniLibsForDebug UP-TO-DATE
:telescope:bundleDebug UP-TO-DATE
:telescope:compileDebugSources UP-TO-DATE
:telescope:assembleDebug UP-TO-DATE
:telescope:preReleaseBuild UP-TO-DATE
:telescope:checkReleaseManifest
:telescope:prepareReleaseDependencies
:telescope:compileReleaseAidl UP-TO-DATE
:telescope:compileReleaseNdk UP-TO-DATE
:telescope:copyReleaseLint UP-TO-DATE
:telescope:compileReleaseRenderscript UP-TO-DATE
:telescope:generateReleaseBuildConfig UP-TO-DATE
:telescope:generateReleaseResValues UP-TO-DATE
:telescope:generateReleaseResources UP-TO-DATE
:telescope:packageReleaseResources UP-TO-DATE
:telescope:processReleaseManifest UP-TO-DATE
:telescope:processReleaseResources UP-TO-DATE
:telescope:generateReleaseSources UP-TO-DATE
:telescope:incrementalReleaseJavaCompilationSafeguard UP-TO-DATE
:telescope:javaPreCompileRelease
:telescope:compileReleaseJavaWithJavac UP-TO-DATE
:telescope:extractReleaseAnnotations UP-TO-DATE
:telescope:mergeReleaseShaders UP-TO-DATE
:telescope:compileReleaseShaders UP-TO-DATE
:telescope:generateReleaseAssets UP-TO-DATE
:telescope:mergeReleaseAssets UP-TO-DATE
:telescope:mergeReleaseProguardFiles UP-TO-DATE
:telescope:packageReleaseRenderscript UP-TO-DATE
:telescope:processReleaseJavaRes UP-TO-DATE
:telescope:transformResourcesWithMergeJavaResForRelease UP-TO-DATE
:telescope:transformClassesAndResourcesWithSyncLibJarsForRelease UP-TO-DATE
:telescope:mergeReleaseJniLibFolders UP-TO-DATE
:telescope:transformNativeLibsWithMergeJniLibsForRelease UP-TO-DATE
:telescope:transformNativeLibsWithStripDebugSymbolForRelease UP-TO-DATE
:telescope:transformNativeLibsWithSyncJniLibsForRelease UP-TO-DATE
:telescope:bundleRelease UP-TO-DATE
:telescope:compileReleaseSources UP-TO-DATE
:telescope:assembleRelease UP-TO-DATE
:telescope:signArchives SKIPPED
:telescope:assemble UP-TO-DATE
:telescope:build
:telescope-sample:preBuild UP-TO-DATE
:telescope-sample:preDebugBuild UP-TO-DATE
:telescope-sample:checkDebugManifest
:telescope-sample:preReleaseBuild UP-TO-DATE
:telescope-sample:prepareComAndroidSupportAnimatedVectorDrawable2530Library
:telescope-sample:prepareComAndroidSupportAppcompatV72530Library
:telescope-sample:prepareComAndroidSupportDesign2530Library
:telescope-sample:prepareComAndroidSupportRecyclerviewV72530Library
:telescope-sample:prepareComAndroidSupportSupportCompat2530Library
:telescope-sample:prepareComAndroidSupportSupportCoreUi2530Library
:telescope-sample:prepareComAndroidSupportSupportCoreUtils2530Library
:telescope-sample:prepareComAndroidSupportSupportFragment2530Library
:telescope-sample:prepareComAndroidSupportSupportMediaCompat2530Library
:telescope-sample:prepareComAndroidSupportSupportV42530Library
:telescope-sample:prepareComAndroidSupportSupportVectorDrawable2530Library
:telescope-sample:prepareComAndroidSupportTransition2530Library
:telescope-sample:prepareComGoogleAndroidGmsPlayServicesBase1021Library
:telescope-sample:prepareComGoogleAndroidGmsPlayServicesBasement1021Library
:telescope-sample:prepareComGoogleAndroidGmsPlayServicesMaps1021Library
:telescope-sample:prepareComGoogleAndroidGmsPlayServicesTasks1021Library
:telescope-sample:prepareComJakewhartonButterknife851Library
:telescope-sample:prepareDebugDependencies
:telescope-sample:compileDebugAidl UP-TO-DATE
:telescope-sample:compileDebugRenderscript UP-TO-DATE
:telescope-sample:generateDebugBuildConfig UP-TO-DATE
:telescope-sample:generateDebugResValues UP-TO-DATE
:telescope-sample:generateDebugResources UP-TO-DATE
:telescope-sample:mergeDebugResources
java.awt.AWTError: Can't connect to X11 window server using ':0.0' as the value of the DISPLAY variable.
:telescope-sample:mergeDebugResources FAILED

FAILURE: Build failed with an exception.

* What went wrong:
Execution failed for task ':telescope-sample:mergeDebugResources'.
> java.awt.AWTError: Can't connect to X11 window server using ':0.0' as the value of the DISPLAY variable.

* Try:
Run with --info or --debug option to get more log output.

* Exception is:
org.gradle.api.tasks.TaskExecutionException: Execution failed for task ':telescope-sample:mergeDebugResources'.
	at org.gradle.api.internal.tasks.execution.ExecuteActionsTaskExecuter.executeActions(ExecuteActionsTaskExecuter.java:84)
	at org.gradle.api.internal.tasks.execution.ExecuteActionsTaskExecuter.execute(ExecuteActionsTaskExecuter.java:55)
	at org.gradle.api.internal.tasks.execution.SkipUpToDateTaskExecuter.execute(SkipUpToDateTaskExecuter.java:62)
	at org.gradle.api.internal.tasks.execution.ValidatingTaskExecuter.execute(ValidatingTaskExecuter.java:58)
	at org.gradle.api.internal.tasks.execution.SkipEmptySourceFilesTaskExecuter.execute(SkipEmptySourceFilesTaskExecuter.java:88)
	at org.gradle.api.internal.tasks.execution.ResolveTaskArtifactStateTaskExecuter.execute(ResolveTaskArtifactStateTaskExecuter.java:46)
	at org.gradle.api.internal.tasks.execution.SkipTaskWithNoActionsExecuter.execute(SkipTaskWithNoActionsExecuter.java:51)
	at org.gradle.api.internal.tasks.execution.SkipOnlyIfTaskExecuter.execute(SkipOnlyIfTaskExecuter.java:54)
	at org.gradle.api.internal.tasks.execution.ExecuteAtMostOnceTaskExecuter.execute(ExecuteAtMostOnceTaskExecuter.java:43)
	at org.gradle.api.internal.tasks.execution.CatchExceptionTaskExecuter.execute(CatchExceptionTaskExecuter.java:34)
	at org.gradle.execution.taskgraph.DefaultTaskGraphExecuter$EventFiringTaskWorker$1.execute(DefaultTaskGraphExecuter.java:236)
	at org.gradle.execution.taskgraph.DefaultTaskGraphExecuter$EventFiringTaskWorker$1.execute(DefaultTaskGraphExecuter.java:228)
	at org.gradle.internal.Transformers$4.transform(Transformers.java:169)
	at org.gradle.internal.progress.DefaultBuildOperationExecutor.run(DefaultBuildOperationExecutor.java:106)
	at org.gradle.internal.progress.DefaultBuildOperationExecutor.run(DefaultBuildOperationExecutor.java:61)
	at org.gradle.execution.taskgraph.DefaultTaskGraphExecuter$EventFiringTaskWorker.execute(DefaultTaskGraphExecuter.java:228)
	at org.gradle.execution.taskgraph.DefaultTaskGraphExecuter$EventFiringTaskWorker.execute(DefaultTaskGraphExecuter.java:215)
	at org.gradle.execution.taskgraph.AbstractTaskPlanExecutor$TaskExecutorWorker.processTask(AbstractTaskPlanExecutor.java:77)
	at org.gradle.execution.taskgraph.AbstractTaskPlanExecutor$TaskExecutorWorker.run(AbstractTaskPlanExecutor.java:58)
	at org.gradle.execution.taskgraph.DefaultTaskPlanExecutor.process(DefaultTaskPlanExecutor.java:32)
	at org.gradle.execution.taskgraph.DefaultTaskGraphExecuter.execute(DefaultTaskGraphExecuter.java:113)
	at org.gradle.execution.SelectedTaskExecutionAction.execute(SelectedTaskExecutionAction.java:37)
	at org.gradle.execution.DefaultBuildExecuter.execute(DefaultBuildExecuter.java:37)
	at org.gradle.execution.DefaultBuildExecuter.access$000(DefaultBuildExecuter.java:23)
	at org.gradle.execution.DefaultBuildExecuter$1.proceed(DefaultBuildExecuter.java:43)
	at org.gradle.execution.DryRunBuildExecutionAction.execute(DryRunBuildExecutionAction.java:32)
	at org.gradle.execution.DefaultBuildExecuter.execute(DefaultBuildExecuter.java:37)
	at org.gradle.execution.DefaultBuildExecuter.execute(DefaultBuildExecuter.java:30)
	at org.gradle.initialization.DefaultGradleLauncher$3.execute(DefaultGradleLauncher.java:196)
	at org.gradle.initialization.DefaultGradleLauncher$3.execute(DefaultGradleLauncher.java:193)
	at org.gradle.internal.Transformers$4.transform(Transformers.java:169)
	at org.gradle.internal.progress.DefaultBuildOperationExecutor.run(DefaultBuildOperationExecutor.java:106)
	at org.gradle.internal.progress.DefaultBuildOperationExecutor.run(DefaultBuildOperationExecutor.java:56)
	at org.gradle.initialization.DefaultGradleLauncher.doBuildStages(DefaultGradleLauncher.java:193)
	at org.gradle.initialization.DefaultGradleLauncher.doBuild(DefaultGradleLauncher.java:119)
	at org.gradle.initialization.DefaultGradleLauncher.run(DefaultGradleLauncher.java:102)
	at org.gradle.launcher.exec.GradleBuildController.run(GradleBuildController.java:71)
	at org.gradle.tooling.internal.provider.ExecuteBuildActionRunner.run(ExecuteBuildActionRunner.java:28)
	at org.gradle.launcher.exec.ChainingBuildActionRunner.run(ChainingBuildActionRunner.java:35)
	at org.gradle.launcher.exec.InProcessBuildActionExecuter.execute(InProcessBuildActionExecuter.java:41)
	at org.gradle.launcher.exec.InProcessBuildActionExecuter.execute(InProcessBuildActionExecuter.java:26)
	at org.gradle.tooling.internal.provider.ContinuousBuildActionExecuter.execute(ContinuousBuildActionExecuter.java:75)
	at org.gradle.tooling.internal.provider.ContinuousBuildActionExecuter.execute(ContinuousBuildActionExecuter.java:49)
	at org.gradle.tooling.internal.provider.ServicesSetupBuildActionExecuter.execute(ServicesSetupBuildActionExecuter.java:44)
	at org.gradle.tooling.internal.provider.ServicesSetupBuildActionExecuter.execute(ServicesSetupBuildActionExecuter.java:29)
	at org.gradle.launcher.cli.RunBuildAction.run(RunBuildAction.java:51)
	at org.gradle.internal.Actions$RunnableActionAdapter.execute(Actions.java:173)
	at org.gradle.launcher.cli.CommandLineActionFactory$ParseAndBuildAction.execute(CommandLineActionFactory.java:244)
	at org.gradle.launcher.cli.CommandLineActionFactory$ParseAndBuildAction.execute(CommandLineActionFactory.java:217)
	at org.gradle.launcher.cli.JavaRuntimeValidationAction.execute(JavaRuntimeValidationAction.java:33)
	at org.gradle.launcher.cli.JavaRuntimeValidationAction.execute(JavaRuntimeValidationAction.java:24)
	at org.gradle.launcher.cli.ExceptionReportingAction.execute(ExceptionReportingAction.java:33)
	at org.gradle.launcher.cli.ExceptionReportingAction.execute(ExceptionReportingAction.java:22)
	at org.gradle.launcher.cli.CommandLineActionFactory$WithLogging.execute(CommandLineActionFactory.java:210)
	at org.gradle.launcher.cli.CommandLineActionFactory$WithLogging.execute(CommandLineActionFactory.java:174)
	at org.gradle.launcher.Main.doAction(Main.java:33)
	at org.gradle.launcher.bootstrap.EntryPoint.run(EntryPoint.java:45)
	at org.gradle.launcher.bootstrap.ProcessBootstrap.runNoExit(ProcessBootstrap.java:60)
	at org.gradle.launcher.bootstrap.ProcessBootstrap.run(ProcessBootstrap.java:37)
	at org.gradle.launcher.GradleMain.main(GradleMain.java:23)
	at org.gradle.wrapper.BootstrapMainStarter.start(BootstrapMainStarter.java:33)
	at org.gradle.wrapper.WrapperExecutor.execute(WrapperExecutor.java:130)
	at org.gradle.wrapper.GradleWrapperMain.main(GradleWrapperMain.java:48)
Caused by: com.android.build.gradle.tasks.ResourceException: java.awt.AWTError: Can't connect to X11 window server using ':0.0' as the value of the DISPLAY variable.
	at com.android.build.gradle.tasks.MergeResources.doFullTaskAction(MergeResources.java:166)
	at com.android.build.gradle.internal.tasks.IncrementalTask.taskAction(IncrementalTask.java:88)
	at org.gradle.internal.reflect.JavaMethod.invoke(JavaMethod.java:73)
	at org.gradle.api.internal.project.taskfactory.DefaultTaskClassInfoStore$IncrementalTaskAction.doExecute(DefaultTaskClassInfoStore.java:163)
	at org.gradle.api.internal.project.taskfactory.DefaultTaskClassInfoStore$StandardTaskAction.execute(DefaultTaskClassInfoStore.java:134)
	at org.gradle.api.internal.project.taskfactory.DefaultTaskClassInfoStore$StandardTaskAction.execute(DefaultTaskClassInfoStore.java:123)
	at org.gradle.api.internal.tasks.execution.ExecuteActionsTaskExecuter.executeAction(ExecuteActionsTaskExecuter.java:95)
	at org.gradle.api.internal.tasks.execution.ExecuteActionsTaskExecuter.executeActions(ExecuteActionsTaskExecuter.java:76)
	... 62 more
Caused by: java.awt.AWTError: Can't connect to X11 window server using ':0.0' as the value of the DISPLAY variable.
	at com.android.ide.common.res2.MergeWriter.end(MergeWriter.java:54)
	at com.android.ide.common.res2.MergedResourceWriter.end(MergedResourceWriter.java:220)
	at com.android.ide.common.res2.DataMerger.mergeData(DataMerger.java:301)
	at com.android.ide.common.res2.ResourceMerger.mergeData(ResourceMerger.java:410)
	at com.android.build.gradle.tasks.MergeResources.doFullTaskAction(MergeResources.java:159)
	... 69 more
Caused by: java.lang.RuntimeException: java.awt.AWTError: Can't connect to X11 window server using ':0.0' as the value of the DISPLAY variable.
	at com.android.ide.common.internal.WaitableExecutor.waitForTasksWithQuickFail(WaitableExecutor.java:147)
	at com.android.ide.common.res2.MergeWriter.end(MergeWriter.java:50)
	... 73 more
Caused by: java.awt.AWTError: Can't connect to X11 window server using ':0.0' as the value of the DISPLAY variable.
	at com.android.ide.common.vectordrawable.VdTree.drawIntoImage(VdTree.java:87)
	at com.android.ide.common.vectordrawable.VdPreview.getPreviewFromVectorTree(VdPreview.java:349)
	at com.android.ide.common.vectordrawable.VdPreview.getPreviewFromVectorXml(VdPreview.java:285)
	at com.android.builder.png.VectorDrawableRenderer.generateFile(VectorDrawableRenderer.java:152)
	at com.android.ide.common.res2.MergedResourceWriter.lambda$addItem$1(MergedResourceWriter.java:333)


BUILD FAILED

Total time: 9.05 secs

2018-04-09 11:06:14,043 ERROR FullProcessService - Project build has not produced APK file
2018-04-09 11:06:14,066 ERROR FullProcessService - Could not find generated or existed APK file
