2018-04-08 13:35:26,410 INFO  DownloadService - Downloading "https://github.com/takahirom/WearHttp/archive/master.zip", attempt 3
2018-04-08 13:35:26,845 INFO  DownloadService - Downloaded https://github.com/takahirom/WearHttp/archive/master.zip, attempt 3
2018-04-08 13:35:26,846 INFO  DownloadService - Size of file "/tmp/rdisk/976/master.zip": 333 KB
2018-04-08 13:35:26,846 INFO  ArchiveUtils - Checking entries [.gradle] in ZIP file...
2018-04-08 13:35:26,847 INFO  ArchiveUtils - Has entries [.gradle] in ZIP file /tmp/rdisk/976/master.zip: true
2018-04-08 13:35:26,847 DEBUG ZipUtil - Extracting '/tmp/rdisk/976/master.zip' into '/tmp/rdisk/976/src'.
2018-04-08 13:35:26,863 INFO  FullProcessService - Size of directory with sources: 369 KB
2018-04-08 13:35:26,863 INFO  SysUtils - Execute command: [git, init, /tmp/rdisk/976/src]
2018-04-08 13:35:26,874 INFO  SysUtils - Initialized empty Git repository in /tmp/rdisk/976/src/.git/

2018-04-08 13:35:26,878 INFO  ProjectBuildService - Gradle wrapper(s): /tmp/rdisk/976/src/WearHttp-master/gradlew
2018-04-08 13:35:26,882 INFO  ProjectBuildService - Build script(s): /tmp/rdisk/976/src/WearHttp-master/mobilesample/build.gradle /tmp/rdisk/976/src/WearHttp-master/wear-http/build.gradle /tmp/rdisk/976/src/WearHttp-master/wear/build.gradle /tmp/rdisk/976/src/WearHttp-master/wearsample/build.gradle /tmp/rdisk/976/src/WearHttp-master/build.gradle
2018-04-08 13:35:26,886 INFO  ProjectBuildService - All script(s): /tmp/rdisk/976/src/WearHttp-master/wearsample/build.gradle /tmp/rdisk/976/src/WearHttp-master/wear/build.gradle /tmp/rdisk/976/src/WearHttp-master/wear-http/build.gradle /tmp/rdisk/976/src/WearHttp-master/settings.gradle /tmp/rdisk/976/src/WearHttp-master/mobilesample/build.gradle /tmp/rdisk/976/src/WearHttp-master/build.gradle
2018-04-08 13:35:26,886 INFO  ProjectBuildService - Remote scripts: none
2018-04-08 13:35:26,886 INFO  ProjectFixService - Fixing project...
2018-04-08 13:35:26,896 INFO  LocalPropertiesFixService - Created fake /tmp/rdisk/976/src/WearHttp-master/mobilesample/local.properties
2018-04-08 13:35:26,896 INFO  ProjectFixService - Build info for "/tmp/rdisk/976/src/WearHttp-master/mobilesample/build.gradle": [buildToolsVersion=21.1.2,compileSdkVersion=21,minSdkVersion=18,targetSdkVersion=21]
2018-04-08 13:35:26,896 INFO  LocalPropertiesFixService - Created fake /tmp/rdisk/976/src/WearHttp-master/wear-http/local.properties
2018-04-08 13:35:26,897 INFO  ProjectFixService - Build info for "/tmp/rdisk/976/src/WearHttp-master/wear-http/build.gradle": [buildToolsVersion=23.0.1,compileSdkVersion=23,minSdkVersion=13,targetSdkVersion=21]
2018-04-08 13:35:26,898 INFO  LocalPropertiesFixService - Created fake /tmp/rdisk/976/src/WearHttp-master/wear/local.properties
2018-04-08 13:35:26,898 INFO  ProjectFixService - Build info for "/tmp/rdisk/976/src/WearHttp-master/wear/build.gradle": [buildToolsVersion=23.0.1,compileSdkVersion=23,minSdkVersion=20,targetSdkVersion=21]
2018-04-08 13:35:26,900 INFO  LocalPropertiesFixService - Created fake /tmp/rdisk/976/src/WearHttp-master/wearsample/local.properties
2018-04-08 13:35:26,901 INFO  ProjectFixService - Build info for "/tmp/rdisk/976/src/WearHttp-master/wearsample/build.gradle": [buildToolsVersion=21.1.2,compileSdkVersion=21,minSdkVersion=20,targetSdkVersion=21]
2018-04-08 13:35:26,907 INFO  LocalPropertiesFixService - Created fake /tmp/rdisk/976/src/WearHttp-master/local.properties
2018-04-08 13:35:26,908 INFO  WrapperPropertiesFixService - Gradle wrapper: https://services.gradle.org/distributions/gradle-2.2.1-all.zip
2018-04-08 13:35:26,908 INFO  WrapperPropertiesFixService - Gradle wrapper was changed from "-all.zip" to "-bin.zip" (https://services.gradle.org/distributions/gradle-2.2.1-bin.zip)
2018-04-08 13:35:26,909 INFO  ProjectFixService - Build info for "/tmp/rdisk/976/src/WearHttp-master/build.gradle": [buildToolsVersion=21.1.2,compileSdkVersion=21,minSdkVersion=20,targetSdkVersion=21]
2018-04-08 13:35:26,909 INFO  ProjectFixService - Project was maybe fixed
2018-04-08 13:35:26,909 INFO  ProjectTaskService - Detecting possible tasks...
2018-04-08 13:35:26,910 INFO  SysUtils - Execute command: [/tmp/rdisk/976/src/WearHttp-master/gradlew, -b, /tmp/rdisk/976/src/WearHttp-master/mobilesample/build.gradle, -Dorg.gradle.daemon=false, -Dorg.gradle.daemon.performance.enable-monitoring=false, -Dorg.gradle.configureondemand=true, tasks]
2018-04-08 13:35:47,038 ERROR ProjectTaskService - Could not detect possible Gradle tasks: Process exited with an error: 1 (Exit value: 1)
2018-04-08 13:35:47,038 INFO  ProjectTaskService - Detected possible tasks: 0
2018-04-08 13:35:47,038 INFO  ProjectTaskService - Excluded tasks (0): none
2018-04-08 13:35:47,039 INFO  SysUtils - Execute command: [/tmp/rdisk/976/src/WearHttp-master/gradlew, -b, /tmp/rdisk/976/src/WearHttp-master/mobilesample/build.gradle, -Dorg.gradle.daemon=false, -Dorg.gradle.daemon.performance.enable-monitoring=false, -Dorg.gradle.configureondemand=true, --stacktrace, build]
2018-04-08 13:36:00,994 ERROR SysUtils - Could not process external command
org.apache.commons.exec.ExecuteException: Process exited with an error: 1 (Exit value: 1)
	at org.apache.commons.exec.DefaultExecutor.executeInternal(DefaultExecutor.java:404)
	at org.apache.commons.exec.DefaultExecutor.execute(DefaultExecutor.java:166)
	at com.github.vbauer.apkmaster.util.SysUtils.execute(SysUtils.java:67)
	at com.github.vbauer.apkmaster.util.SysUtils.executeSimple(SysUtils.java:43)
	at com.github.vbauer.apkmaster.service.assembly.ProjectBuildService.buildProject(ProjectBuildService.java:78)
	at com.github.vbauer.apkmaster.service.assembly.ProjectBuildService.buildProject(ProjectBuildService.java:64)
	at com.github.vbauer.apkmaster.service.assembly.ProjectBuildService.buildProject(ProjectBuildService.java:43)
	at com.github.vbauer.apkmaster.service.FullProcessService.build(FullProcessService.java:84)
	at com.github.vbauer.apkmaster.service.FullProcessService.process(FullProcessService.java:34)
	at com.github.vbauer.apkmaster.app.MainApplication.process(MainApplication.java:38)
	at com.github.vbauer.apkmaster.app.MainApplication.main(MainApplication.java:20)
	at sun.reflect.NativeMethodAccessorImpl.invoke0(Native Method)
	at sun.reflect.NativeMethodAccessorImpl.invoke(NativeMethodAccessorImpl.java:62)
	at sun.reflect.DelegatingMethodAccessorImpl.invoke(DelegatingMethodAccessorImpl.java:43)
	at java.lang.reflect.Method.invoke(Method.java:498)
	at com.android.arsenal.util.ReflectionUtils.invoke(ReflectionUtils.java:42)
	at com.android.arsenal.util.ApkMasterUtils.main(ApkMasterUtils.java:30)
	at com.android.arsenal.service.processor.impl.BuildProcessorServiceImpl.buildProject(BuildProcessorServiceImpl.java:197)
	at com.android.arsenal.service.processor.impl.BuildProcessorServiceImpl.build(BuildProcessorServiceImpl.java:131)
	at com.android.arsenal.service.processor.impl.BuildProcessorServiceImpl.lambda$null$1(BuildProcessorServiceImpl.java:114)
	at java.util.concurrent.FutureTask.run(FutureTask.java:266)
	at java.util.concurrent.Executors$RunnableAdapter.call(Executors.java:511)
	at java.util.concurrent.FutureTask.run(FutureTask.java:266)
	at java.util.concurrent.ThreadPoolExecutor.runWorker(ThreadPoolExecutor.java:1149)
	at java.util.concurrent.ThreadPoolExecutor$Worker.run(ThreadPoolExecutor.java:624)
	at java.lang.Thread.run(Thread.java:748)
2018-04-08 13:36:00,995 INFO  SysUtils - Configuration on demand is an incubating feature.

FAILURE: Build failed with an exception.

* What went wrong:
A problem occurred configuring project ':mobilesample'.
> Could not resolve all dependencies for configuration ':mobilesample:_debugCompile'.
   > A problem occurred configuring project ':wearsample'.
      > Could not resolve all dependencies for configuration ':wearsample:_debugCompile'.
         > Could not find com.android.support:percent:26.0.0.
           Searched in the following locations:
               https://jcenter.bintray.com/com/android/support/percent/26.0.0/percent-26.0.0.pom
               https://jcenter.bintray.com/com/android/support/percent/26.0.0/percent-26.0.0.jar
               file:/root/Applications/android-sdk/extras/android/m2repository/com/android/support/percent/26.0.0/percent-26.0.0.pom
               file:/root/Applications/android-sdk/extras/android/m2repository/com/android/support/percent/26.0.0/percent-26.0.0.jar
               file:/root/Applications/android-sdk/extras/google/m2repository/com/android/support/percent/26.0.0/percent-26.0.0.pom
               file:/root/Applications/android-sdk/extras/google/m2repository/com/android/support/percent/26.0.0/percent-26.0.0.jar
           Required by:
               WearHttp-master:wearsample:unspecified > com.google.android.support:wearable:2.0.5
         > Could not find com.android.support:support-v4:26.0.0.
           Searched in the following locations:
               https://jcenter.bintray.com/com/android/support/support-v4/26.0.0/support-v4-26.0.0.pom
               https://jcenter.bintray.com/com/android/support/support-v4/26.0.0/support-v4-26.0.0.jar
               file:/root/Applications/android-sdk/extras/android/m2repository/com/android/support/support-v4/26.0.0/support-v4-26.0.0.pom
               file:/root/Applications/android-sdk/extras/android/m2repository/com/android/support/support-v4/26.0.0/support-v4-26.0.0.jar
               file:/root/Applications/android-sdk/extras/google/m2repository/com/android/support/support-v4/26.0.0/support-v4-26.0.0.pom
               file:/root/Applications/android-sdk/extras/google/m2repository/com/android/support/support-v4/26.0.0/support-v4-26.0.0.jar
           Required by:
               WearHttp-master:wearsample:unspecified > com.google.android.support:wearable:2.0.5
         > Could not find com.android.support:support-annotations:26.0.0.
           Searched in the following locations:
               https://jcenter.bintray.com/com/android/support/support-annotations/26.0.0/support-annotations-26.0.0.pom
               https://jcenter.bintray.com/com/android/support/support-annotations/26.0.0/support-annotations-26.0.0.jar
               file:/root/Applications/android-sdk/extras/android/m2repository/com/android/support/support-annotations/26.0.0/support-annotations-26.0.0.pom
               file:/root/Applications/android-sdk/extras/android/m2repository/com/android/support/support-annotations/26.0.0/support-annotations-26.0.0.jar
               file:/root/Applications/android-sdk/extras/google/m2repository/com/android/support/support-annotations/26.0.0/support-annotations-26.0.0.pom
               file:/root/Applications/android-sdk/extras/google/m2repository/com/android/support/support-annotations/26.0.0/support-annotations-26.0.0.jar
           Required by:
               WearHttp-master:wearsample:unspecified > com.google.android.support:wearable:2.0.5
         > Could not find com.android.support:recyclerview-v7:26.0.0.
           Searched in the following locations:
               https://jcenter.bintray.com/com/android/support/recyclerview-v7/26.0.0/recyclerview-v7-26.0.0.pom
               https://jcenter.bintray.com/com/android/support/recyclerview-v7/26.0.0/recyclerview-v7-26.0.0.jar
               file:/root/Applications/android-sdk/extras/android/m2repository/com/android/support/recyclerview-v7/26.0.0/recyclerview-v7-26.0.0.pom
               file:/root/Applications/android-sdk/extras/android/m2repository/com/android/support/recyclerview-v7/26.0.0/recyclerview-v7-26.0.0.jar
               file:/root/Applications/android-sdk/extras/google/m2repository/com/android/support/recyclerview-v7/26.0.0/recyclerview-v7-26.0.0.pom
               file:/root/Applications/android-sdk/extras/google/m2repository/com/android/support/recyclerview-v7/26.0.0/recyclerview-v7-26.0.0.jar
           Required by:
               WearHttp-master:wearsample:unspecified > com.google.android.support:wearable:2.0.5
         > Could not find com.android.support:support-v4:26.0.0.
           Searched in the following locations:
               https://jcenter.bintray.com/com/android/support/support-v4/26.0.0/support-v4-26.0.0.pom
               https://jcenter.bintray.com/com/android/support/support-v4/26.0.0/support-v4-26.0.0.jar
               file:/root/Applications/android-sdk/extras/android/m2repository/com/android/support/support-v4/26.0.0/support-v4-26.0.0.pom
               file:/root/Applications/android-sdk/extras/android/m2repository/com/android/support/support-v4/26.0.0/support-v4-26.0.0.jar
               file:/root/Applications/android-sdk/extras/google/m2repository/com/android/support/support-v4/26.0.0/support-v4-26.0.0.pom
               file:/root/Applications/android-sdk/extras/google/m2repository/com/android/support/support-v4/26.0.0/support-v4-26.0.0.jar
           Required by:
               WearHttp-master:wearsample:unspecified > com.android.support:appcompat-v7:21.0.3
         > Could not find com.android.support:support-v4:26.0.0.
           Searched in the following locations:
               https://jcenter.bintray.com/com/android/support/support-v4/26.0.0/support-v4-26.0.0.pom
               https://jcenter.bintray.com/com/android/support/support-v4/26.0.0/support-v4-26.0.0.jar
               file:/root/Applications/android-sdk/extras/android/m2repository/com/android/support/support-v4/26.0.0/support-v4-26.0.0.pom
               file:/root/Applications/android-sdk/extras/android/m2repository/com/android/support/support-v4/26.0.0/support-v4-26.0.0.jar
               file:/root/Applications/android-sdk/extras/google/m2repository/com/android/support/support-v4/26.0.0/support-v4-26.0.0.pom
               file:/root/Applications/android-sdk/extras/google/m2repository/com/android/support/support-v4/26.0.0/support-v4-26.0.0.jar
           Required by:
               WearHttp-master:wearsample:unspecified > com.google.android.gms:play-services-wearable:11.0.4 > com.google.android.gms:play-services-basement:11.0.4

* Try:
Run with --info or --debug option to get more log output.

* Exception is:
org.gradle.api.ProjectConfigurationException: A problem occurred configuring project ':mobilesample'.
	at org.gradle.configuration.project.LifecycleProjectEvaluator.addConfigurationFailure(LifecycleProjectEvaluator.java:91)
	at org.gradle.configuration.project.LifecycleProjectEvaluator.notifyAfterEvaluate(LifecycleProjectEvaluator.java:86)
	at org.gradle.configuration.project.LifecycleProjectEvaluator.evaluate(LifecycleProjectEvaluator.java:65)
	at org.gradle.api.internal.project.AbstractProject.evaluate(AbstractProject.java:504)
	at org.gradle.api.internal.project.AbstractProject.evaluate(AbstractProject.java:83)
	at org.gradle.execution.TaskPathProjectEvaluator.configureHierarchy(TaskPathProjectEvaluator.java:42)
	at org.gradle.execution.TaskSelector.getSelection(TaskSelector.java:85)
	at org.gradle.execution.TaskSelector.getSelection(TaskSelector.java:76)
	at org.gradle.execution.commandline.CommandLineTaskParser.parseTasks(CommandLineTaskParser.java:42)
	at org.gradle.execution.TaskNameResolvingBuildConfigurationAction.configure(TaskNameResolvingBuildConfigurationAction.java:44)
	at org.gradle.execution.DefaultBuildExecuter.configure(DefaultBuildExecuter.java:42)
	at org.gradle.execution.DefaultBuildExecuter.access$100(DefaultBuildExecuter.java:23)
	at org.gradle.execution.DefaultBuildExecuter$1.proceed(DefaultBuildExecuter.java:48)
	at org.gradle.execution.ExcludedTaskFilteringBuildConfigurationAction.configure(ExcludedTaskFilteringBuildConfigurationAction.java:47)
	at org.gradle.execution.DefaultBuildExecuter.configure(DefaultBuildExecuter.java:42)
	at org.gradle.execution.DefaultBuildExecuter.access$100(DefaultBuildExecuter.java:23)
	at org.gradle.execution.DefaultBuildExecuter$1.proceed(DefaultBuildExecuter.java:48)
	at org.gradle.execution.DefaultTasksBuildExecutionAction.configure(DefaultTasksBuildExecutionAction.java:44)
	at org.gradle.execution.DefaultBuildExecuter.configure(DefaultBuildExecuter.java:42)
	at org.gradle.execution.DefaultBuildExecuter.select(DefaultBuildExecuter.java:35)
	at org.gradle.initialization.DefaultGradleLauncher.doBuildStages(DefaultGradleLauncher.java:142)
	at org.gradle.initialization.DefaultGradleLauncher.doBuild(DefaultGradleLauncher.java:106)
	at org.gradle.initialization.DefaultGradleLauncher.run(DefaultGradleLauncher.java:86)
	at org.gradle.launcher.exec.InProcessBuildActionExecuter$DefaultBuildController.run(InProcessBuildActionExecuter.java:80)
	at org.gradle.launcher.cli.ExecuteBuildAction.run(ExecuteBuildAction.java:33)
	at org.gradle.launcher.cli.ExecuteBuildAction.run(ExecuteBuildAction.java:24)
	at org.gradle.launcher.exec.InProcessBuildActionExecuter.execute(InProcessBuildActionExecuter.java:36)
	at org.gradle.launcher.exec.InProcessBuildActionExecuter.execute(InProcessBuildActionExecuter.java:26)
	at org.gradle.launcher.cli.RunBuildAction.run(RunBuildAction.java:51)
	at org.gradle.internal.Actions$RunnableActionAdapter.execute(Actions.java:171)
	at org.gradle.launcher.cli.CommandLineActionFactory$ParseAndBuildAction.execute(CommandLineActionFactory.java:237)
	at org.gradle.launcher.cli.CommandLineActionFactory$ParseAndBuildAction.execute(CommandLineActionFactory.java:210)
	at org.gradle.launcher.cli.JavaRuntimeValidationAction.execute(JavaRuntimeValidationAction.java:35)
	at org.gradle.launcher.cli.JavaRuntimeValidationAction.execute(JavaRuntimeValidationAction.java:24)
	at org.gradle.launcher.cli.CommandLineActionFactory$WithLogging.execute(CommandLineActionFactory.java:206)
	at org.gradle.launcher.cli.CommandLineActionFactory$WithLogging.execute(CommandLineActionFactory.java:169)
	at org.gradle.launcher.cli.ExceptionReportingAction.execute(ExceptionReportingAction.java:33)
	at org.gradle.launcher.cli.ExceptionReportingAction.execute(ExceptionReportingAction.java:22)
	at org.gradle.launcher.Main.doAction(Main.java:33)
	at org.gradle.launcher.bootstrap.EntryPoint.run(EntryPoint.java:45)
	at org.gradle.launcher.bootstrap.ProcessBootstrap.runNoExit(ProcessBootstrap.java:54)
	at org.gradle.launcher.bootstrap.ProcessBootstrap.run(ProcessBootstrap.java:35)
	at org.gradle.launcher.GradleMain.main(GradleMain.java:23)
	at org.gradle.wrapper.BootstrapMainStarter.start(BootstrapMainStarter.java:33)
	at org.gradle.wrapper.WrapperExecutor.execute(WrapperExecutor.java:130)
	at org.gradle.wrapper.GradleWrapperMain.main(GradleWrapperMain.java:48)
Caused by: org.gradle.api.artifacts.ResolveException: Could not resolve all dependencies for configuration ':mobilesample:_debugCompile'.
	at org.gradle.api.internal.artifacts.ivyservice.ErrorHandlingArtifactDependencyResolver.wrapException(ErrorHandlingArtifactDependencyResolver.java:61)
	at org.gradle.api.internal.artifacts.ivyservice.ErrorHandlingArtifactDependencyResolver.access$000(ErrorHandlingArtifactDependencyResolver.java:35)
	at org.gradle.api.internal.artifacts.ivyservice.ErrorHandlingArtifactDependencyResolver$BrokenResolvedConfiguration.getResolvedArtifacts(ErrorHandlingArtifactDependencyResolver.java:253)
	at com.android.build.gradle.internal.DependencyManager.collectArtifacts(DependencyManager.java:685)
	at com.android.build.gradle.internal.DependencyManager.resolveDependencyForConfig(DependencyManager.java:250)
	at com.android.build.gradle.internal.DependencyManager.resolveDependencies(DependencyManager.java:135)
	at com.android.build.gradle.internal.TaskManager.resolveDependencies(TaskManager.java:318)
	at com.android.build.gradle.internal.VariantManager$8.call(VariantManager.java:573)
	at com.android.build.gradle.internal.VariantManager$8.call(VariantManager.java:570)
	at com.android.builder.profile.ThreadRecorder$1.record(ThreadRecorder.java:48)
	at com.android.builder.profile.Recorder$record.call(Unknown Source)
	at com.android.build.gradle.internal.profile.SpanRecorders.record(SpanRecorders.groovy:69)
	at com.android.build.gradle.internal.VariantManager.createVariantData(VariantManager.java:569)
	at com.android.build.gradle.internal.VariantManager.createVariantDataForProductFlavors(VariantManager.java:722)
	at com.android.build.gradle.internal.VariantManager.populateVariantDataList(VariantManager.java:442)
	at com.android.build.gradle.internal.VariantManager.createAndroidTasks(VariantManager.java:258)
	at com.android.build.gradle.BasePlugin$_createAndroidTasks_closure15.doCall(BasePlugin.groovy:483)
	at com.android.build.gradle.BasePlugin$_createAndroidTasks_closure15.doCall(BasePlugin.groovy)
	at com.android.build.gradle.internal.profile.SpanRecorders$2.call(SpanRecorders.groovy:52)
	at com.android.builder.profile.ThreadRecorder$1.record(ThreadRecorder.java:48)
	at com.android.build.gradle.internal.profile.SpanRecorders.record(SpanRecorders.groovy:54)
	at com.android.build.gradle.BasePlugin.createAndroidTasks(BasePlugin.groovy:482)
	at com.android.build.gradle.BasePlugin$_createTasks_closure13_closure17.doCall(BasePlugin.groovy:415)
	at com.android.build.gradle.BasePlugin$_createTasks_closure13_closure17.doCall(BasePlugin.groovy)
	at com.android.build.gradle.internal.profile.SpanRecorders$2.call(SpanRecorders.groovy:52)
	at com.android.builder.profile.ThreadRecorder$1.record(ThreadRecorder.java:48)
	at com.android.build.gradle.internal.profile.SpanRecorders.record(SpanRecorders.groovy:54)
	at com.android.build.gradle.BasePlugin$_createTasks_closure13.doCall(BasePlugin.groovy:414)
	at org.gradle.listener.ClosureBackedMethodInvocationDispatch.dispatch(ClosureBackedMethodInvocationDispatch.java:40)
	at org.gradle.listener.ClosureBackedMethodInvocationDispatch.dispatch(ClosureBackedMethodInvocationDispatch.java:25)
	at org.gradle.listener.BroadcastDispatch.dispatch(BroadcastDispatch.java:83)
	at org.gradle.listener.BroadcastDispatch.dispatch(BroadcastDispatch.java:31)
	at org.gradle.messaging.dispatch.ProxyDispatchAdapter$DispatchingInvocationHandler.invoke(ProxyDispatchAdapter.java:93)
	at com.sun.proxy.$Proxy13.afterEvaluate(Unknown Source)
	at org.gradle.configuration.project.LifecycleProjectEvaluator.notifyAfterEvaluate(LifecycleProjectEvaluator.java:79)
	... 44 more
Caused by: org.gradle.api.ProjectConfigurationException: A problem occurred configuring project ':wearsample'.
	at org.gradle.configuration.project.LifecycleProjectEvaluator.addConfigurationFailure(LifecycleProjectEvaluator.java:91)
	at org.gradle.configuration.project.LifecycleProjectEvaluator.notifyAfterEvaluate(LifecycleProjectEvaluator.java:86)
	at org.gradle.configuration.project.LifecycleProjectEvaluator.evaluate(LifecycleProjectEvaluator.java:65)
	at org.gradle.api.internal.project.AbstractProject.evaluate(AbstractProject.java:504)
	at org.gradle.api.internal.project.AbstractProject.evaluate(AbstractProject.java:83)
	at org.gradle.api.internal.project.DefaultProjectAccessListener.beforeResolvingProjectDependency(DefaultProjectAccessListener.java:28)
	at org.gradle.api.internal.artifacts.dependencies.DefaultProjectDependency.beforeResolved(DefaultProjectDependency.java:90)
	at org.gradle.api.internal.artifacts.ivyservice.moduleconverter.dependencies.ProjectIvyDependencyDescriptorFactory.createDependencyDescriptor(ProjectIvyDependencyDescriptorFactory.java:38)
	at org.gradle.api.internal.artifacts.ivyservice.moduleconverter.dependencies.ProjectIvyDependencyDescriptorFactory.createDependencyDescriptor(ProjectIvyDependencyDescriptorFactory.java:31)
	at org.gradle.api.internal.artifacts.ivyservice.moduleconverter.dependencies.DefaultDependencyDescriptorFactory.createDependencyDescriptor(DefaultDependencyDescriptorFactory.java:36)
	at org.gradle.api.internal.artifacts.ivyservice.moduleconverter.dependencies.DefaultDependenciesToModuleDescriptorConverter.addDependencies(DefaultDependenciesToModuleDescriptorConverter.java:45)
	at org.gradle.api.internal.artifacts.ivyservice.moduleconverter.dependencies.DefaultDependenciesToModuleDescriptorConverter.addDependencyDescriptors(DefaultDependenciesToModuleDescriptorConverter.java:38)
	at org.gradle.api.internal.artifacts.ivyservice.moduleconverter.ResolveLocalComponentFactory.convert(ResolveLocalComponentFactory.java:58)
	at org.gradle.api.internal.artifacts.ivyservice.projectmodule.ProjectDependencyResolver.resolve(ProjectDependencyResolver.java:53)
	at org.gradle.api.internal.artifacts.ivyservice.resolveengine.graph.DependencyGraphBuilder.resolveDependencyGraph(DependencyGraphBuilder.java:89)
	at org.gradle.api.internal.artifacts.ivyservice.resolveengine.graph.DependencyGraphBuilder.resolve(DependencyGraphBuilder.java:84)
	at org.gradle.api.internal.artifacts.ivyservice.resolveengine.DefaultDependencyResolver$1.execute(DefaultDependencyResolver.java:122)
	at org.gradle.api.internal.artifacts.ivyservice.resolveengine.DefaultDependencyResolver$1.execute(DefaultDependencyResolver.java:88)
	at org.gradle.internal.Transformers$4.transform(Transformers.java:136)
	at org.gradle.api.internal.artifacts.ivyservice.DefaultIvyContextManager.withIvy(DefaultIvyContextManager.java:61)
	at org.gradle.api.internal.artifacts.ivyservice.DefaultIvyContextManager.withIvy(DefaultIvyContextManager.java:39)
	at org.gradle.api.internal.artifacts.ivyservice.resolveengine.DefaultDependencyResolver.resolve(DefaultDependencyResolver.java:88)
	at org.gradle.api.internal.artifacts.ivyservice.CacheLockingArtifactDependencyResolver$1.run(CacheLockingArtifactDependencyResolver.java:42)
	at org.gradle.internal.Factories$1.create(Factories.java:22)
	at org.gradle.cache.internal.DefaultCacheAccess.useCache(DefaultCacheAccess.java:187)
	at org.gradle.cache.internal.DefaultCacheAccess.useCache(DefaultCacheAccess.java:175)
	at org.gradle.cache.internal.DefaultPersistentDirectoryStore.useCache(DefaultPersistentDirectoryStore.java:106)
	at org.gradle.cache.internal.DefaultCacheFactory$ReferenceTrackingCache.useCache(DefaultCacheFactory.java:187)
	at org.gradle.api.internal.artifacts.ivyservice.DefaultCacheLockingManager.useCache(DefaultCacheLockingManager.java:64)
	at org.gradle.api.internal.artifacts.ivyservice.CacheLockingArtifactDependencyResolver.resolve(CacheLockingArtifactDependencyResolver.java:40)
	at org.gradle.api.internal.artifacts.ivyservice.SelfResolvingDependencyResolver.resolve(SelfResolvingDependencyResolver.java:45)
	at org.gradle.api.internal.artifacts.ivyservice.ShortcircuitEmptyConfigsArtifactDependencyResolver.resolve(ShortcircuitEmptyConfigsArtifactDependencyResolver.java:55)
	at org.gradle.api.internal.artifacts.ivyservice.ErrorHandlingArtifactDependencyResolver.resolve(ErrorHandlingArtifactDependencyResolver.java:47)
	at org.gradle.api.internal.artifacts.ivyservice.DefaultConfigurationResolver.resolve(DefaultConfigurationResolver.java:46)
	at org.gradle.api.internal.artifacts.configurations.DefaultConfiguration.resolveNow(DefaultConfiguration.java:250)
	at org.gradle.api.internal.artifacts.configurations.DefaultConfiguration.getResolvedConfiguration(DefaultConfiguration.java:240)
	at org.gradle.api.internal.artifacts.configurations.DefaultConfiguration_Decorated.getResolvedConfiguration(Unknown Source)
	... 76 more
Caused by: org.gradle.api.artifacts.ResolveException: Could not resolve all dependencies for configuration ':wearsample:_debugCompile'.
	at org.gradle.api.internal.artifacts.ivyservice.DefaultLenientConfiguration.rethrowFailure(DefaultLenientConfiguration.java:52)
	at org.gradle.api.internal.artifacts.ivyservice.DefaultResolvedConfiguration.rethrowFailure(DefaultResolvedConfiguration.java:36)
	at org.gradle.api.internal.artifacts.ivyservice.DefaultResolvedConfiguration.getResolvedArtifacts(DefaultResolvedConfiguration.java:59)
	at org.gradle.api.internal.artifacts.ivyservice.SelfResolvingDependencyResolver$FilesAggregatingResolvedConfiguration.getResolvedArtifacts(SelfResolvingDependencyResolver.java:90)
	at org.gradle.api.internal.artifacts.ivyservice.ErrorHandlingArtifactDependencyResolver$ErrorHandlingResolvedConfiguration.getResolvedArtifacts(ErrorHandlingArtifactDependencyResolver.java:212)
	at com.android.build.gradle.internal.DependencyManager.collectArtifacts(DependencyManager.java:685)
	at com.android.build.gradle.internal.DependencyManager.resolveDependencyForConfig(DependencyManager.java:250)
	at com.android.build.gradle.internal.DependencyManager.resolveDependencies(DependencyManager.java:135)
	at com.android.build.gradle.internal.TaskManager.resolveDependencies(TaskManager.java:318)
	at com.android.build.gradle.internal.VariantManager$8.call(VariantManager.java:573)
	at com.android.build.gradle.internal.VariantManager$8.call(VariantManager.java:570)
	at com.android.builder.profile.ThreadRecorder$1.record(ThreadRecorder.java:48)
	at com.android.builder.profile.Recorder$record.call(Unknown Source)
	at com.android.builder.profile.Recorder$record.call(Unknown Source)
	at com.android.build.gradle.internal.profile.SpanRecorders.record(SpanRecorders.groovy:69)
	at com.android.build.gradle.internal.VariantManager.createVariantData(VariantManager.java:569)
	at com.android.build.gradle.internal.VariantManager.createVariantDataForProductFlavors(VariantManager.java:722)
	at com.android.build.gradle.internal.VariantManager.populateVariantDataList(VariantManager.java:442)
	at com.android.build.gradle.internal.VariantManager.createAndroidTasks(VariantManager.java:258)
	at com.android.build.gradle.BasePlugin$_createAndroidTasks_closure15.doCall(BasePlugin.groovy:483)
	at com.android.build.gradle.BasePlugin$_createAndroidTasks_closure15.doCall(BasePlugin.groovy)
	at com.android.build.gradle.internal.profile.SpanRecorders$2.call(SpanRecorders.groovy:52)
	at com.android.builder.profile.ThreadRecorder$1.record(ThreadRecorder.java:48)
	at com.android.build.gradle.internal.profile.SpanRecorders.record(SpanRecorders.groovy:54)
	at com.android.build.gradle.BasePlugin.createAndroidTasks(BasePlugin.groovy:482)
	at com.android.build.gradle.BasePlugin$_createTasks_closure13_closure17.doCall(BasePlugin.groovy:415)
	at com.android.build.gradle.BasePlugin$_createTasks_closure13_closure17.doCall(BasePlugin.groovy)
	at com.android.build.gradle.internal.profile.SpanRecorders$2.call(SpanRecorders.groovy:52)
	at com.android.builder.profile.ThreadRecorder$1.record(ThreadRecorder.java:48)
	at com.android.build.gradle.internal.profile.SpanRecorders.record(SpanRecorders.groovy:54)
	at com.android.build.gradle.BasePlugin$_createTasks_closure13.doCall(BasePlugin.groovy:414)
	at org.gradle.listener.ClosureBackedMethodInvocationDispatch.dispatch(ClosureBackedMethodInvocationDispatch.java:40)
	at org.gradle.listener.ClosureBackedMethodInvocationDispatch.dispatch(ClosureBackedMethodInvocationDispatch.java:25)
	at org.gradle.listener.BroadcastDispatch.dispatch(BroadcastDispatch.java:83)
	at org.gradle.listener.BroadcastDispatch.dispatch(BroadcastDispatch.java:31)
	at org.gradle.messaging.dispatch.ProxyDispatchAdapter$DispatchingInvocationHandler.invoke(ProxyDispatchAdapter.java:93)
	at com.sun.proxy.$Proxy13.afterEvaluate(Unknown Source)
	at org.gradle.configuration.project.LifecycleProjectEvaluator.notifyAfterEvaluate(LifecycleProjectEvaluator.java:79)
	... 111 more
Caused by: org.gradle.internal.resolve.ModuleVersionNotFoundException: Could not find com.android.support:percent:26.0.0.
Searched in the following locations:
    https://jcenter.bintray.com/com/android/support/percent/26.0.0/percent-26.0.0.pom
    https://jcenter.bintray.com/com/android/support/percent/26.0.0/percent-26.0.0.jar
    file:/root/Applications/android-sdk/extras/android/m2repository/com/android/support/percent/26.0.0/percent-26.0.0.pom
    file:/root/Applications/android-sdk/extras/android/m2repository/com/android/support/percent/26.0.0/percent-26.0.0.jar
    file:/root/Applications/android-sdk/extras/google/m2repository/com/android/support/percent/26.0.0/percent-26.0.0.pom
    file:/root/Applications/android-sdk/extras/google/m2repository/com/android/support/percent/26.0.0/percent-26.0.0.jar
Required by:
    WearHttp-master:wearsample:unspecified > com.google.android.support:wearable:2.0.5
	at org.gradle.internal.resolve.result.DefaultBuildableComponentResolveResult.notFound(DefaultBuildableComponentResolveResult.java:40)
	at org.gradle.api.internal.artifacts.ivyservice.ivyresolve.RepositoryChainDependencyResolver.resolve(RepositoryChainDependencyResolver.java:86)
	at org.gradle.api.internal.artifacts.ivyservice.ivyresolve.RepositoryChainAdapter.resolve(RepositoryChainAdapter.java:69)
	at org.gradle.api.internal.artifacts.ivyservice.clientmodule.ClientModuleResolver.resolve(ClientModuleResolver.java:44)
	at org.gradle.api.internal.artifacts.ivyservice.resolveengine.graph.DependencyGraphBuilder$ModuleVersionResolveState.resolve(DependencyGraphBuilder.java:577)
	at org.gradle.api.internal.artifacts.ivyservice.resolveengine.graph.DependencyGraphBuilder$ModuleVersionResolveState.getMetaData(DependencyGraphBuilder.java:587)
	at org.gradle.api.internal.artifacts.ivyservice.resolveengine.graph.DependencyGraphBuilder$DependencyEdge.calculateTargetConfigurations(DependencyGraphBuilder.java:272)
	at org.gradle.api.internal.artifacts.ivyservice.resolveengine.graph.DependencyGraphBuilder$DependencyEdge.attachToTargetConfigurations(DependencyGraphBuilder.java:246)
	at org.gradle.api.internal.artifacts.ivyservice.resolveengine.graph.DependencyGraphBuilder.traverseGraph(DependencyGraphBuilder.java:156)
	at org.gradle.api.internal.artifacts.ivyservice.resolveengine.graph.DependencyGraphBuilder.resolveDependencyGraph(DependencyGraphBuilder.java:94)
	at org.gradle.api.internal.artifacts.ivyservice.resolveengine.graph.DependencyGraphBuilder.resolve(DependencyGraphBuilder.java:84)
	at org.gradle.api.internal.artifacts.ivyservice.resolveengine.DefaultDependencyResolver$1.execute(DefaultDependencyResolver.java:122)
	at org.gradle.api.internal.artifacts.ivyservice.resolveengine.DefaultDependencyResolver$1.execute(DefaultDependencyResolver.java:88)
	at org.gradle.internal.Transformers$4.transform(Transformers.java:136)
	at org.gradle.api.internal.artifacts.ivyservice.DefaultIvyContextManager.withIvy(DefaultIvyContextManager.java:48)
	at org.gradle.api.internal.artifacts.ivyservice.DefaultIvyContextManager.withIvy(DefaultIvyContextManager.java:39)
	at org.gradle.api.internal.artifacts.ivyservice.resolveengine.DefaultDependencyResolver.resolve(DefaultDependencyResolver.java:88)
	at org.gradle.api.internal.artifacts.ivyservice.CacheLockingArtifactDependencyResolver$1.run(CacheLockingArtifactDependencyResolver.java:42)
	at org.gradle.internal.Factories$1.create(Factories.java:22)
	at org.gradle.cache.internal.DefaultCacheAccess.useCache(DefaultCacheAccess.java:187)
	at org.gradle.cache.internal.DefaultCacheAccess.useCache(DefaultCacheAccess.java:175)
	at org.gradle.cache.internal.DefaultPersistentDirectoryStore.useCache(DefaultPersistentDirectoryStore.java:106)
	at org.gradle.cache.internal.DefaultCacheFactory$ReferenceTrackingCache.useCache(DefaultCacheFactory.java:187)
	at org.gradle.api.internal.artifacts.ivyservice.DefaultCacheLockingManager.useCache(DefaultCacheLockingManager.java:64)
	at org.gradle.api.internal.artifacts.ivyservice.CacheLockingArtifactDependencyResolver.resolve(CacheLockingArtifactDependencyResolver.java:40)
	at org.gradle.api.internal.artifacts.ivyservice.SelfResolvingDependencyResolver.resolve(SelfResolvingDependencyResolver.java:45)
	at org.gradle.api.internal.artifacts.ivyservice.ShortcircuitEmptyConfigsArtifactDependencyResolver.resolve(ShortcircuitEmptyConfigsArtifactDependencyResolver.java:55)
	at org.gradle.api.internal.artifacts.ivyservice.ErrorHandlingArtifactDependencyResolver.resolve(ErrorHandlingArtifactDependencyResolver.java:47)
	at org.gradle.api.internal.artifacts.ivyservice.DefaultConfigurationResolver.resolve(DefaultConfigurationResolver.java:46)
	at org.gradle.api.internal.artifacts.configurations.DefaultConfiguration.resolveNow(DefaultConfiguration.java:250)
	at org.gradle.api.internal.artifacts.configurations.DefaultConfiguration.getResolvedConfiguration(DefaultConfiguration.java:240)
	at org.gradle.api.internal.artifacts.configurations.DefaultConfiguration_Decorated.getResolvedConfiguration(Unknown Source)
	... 144 more


BUILD FAILED

Total time: 13.468 secs

2018-04-08 13:36:01,000 INFO  ProjectTaskService - Detecting possible tasks...
2018-04-08 13:36:01,000 INFO  SysUtils - Execute command: [/tmp/rdisk/976/src/WearHttp-master/gradlew, -b, /tmp/rdisk/976/src/WearHttp-master/wear-http/build.gradle, -Dorg.gradle.daemon=false, -Dorg.gradle.daemon.performance.enable-monitoring=false, -Dorg.gradle.configureondemand=true, tasks]
2018-04-08 13:36:14,934 ERROR ProjectTaskService - Could not detect possible Gradle tasks: Process exited with an error: 1 (Exit value: 1)
2018-04-08 13:36:14,934 INFO  ProjectTaskService - Detected possible tasks: 0
2018-04-08 13:36:14,934 INFO  ProjectTaskService - Excluded tasks (0): none
2018-04-08 13:36:14,934 INFO  SysUtils - Execute command: [/tmp/rdisk/976/src/WearHttp-master/gradlew, -b, /tmp/rdisk/976/src/WearHttp-master/wear-http/build.gradle, -Dorg.gradle.daemon=false, -Dorg.gradle.daemon.performance.enable-monitoring=false, -Dorg.gradle.configureondemand=true, --stacktrace, build]
2018-04-08 13:36:35,991 INFO  SysUtils - Configuration on demand is an incubating feature.
:wear-http:compileLint
:wear-http:copyDebugLint UP-TO-DATE
:wear-http:preBuild UP-TO-DATE
:wear-http:preDebugBuild UP-TO-DATE
:wear-http:checkDebugManifest
:wear-http:preDebugAndroidTestBuild UP-TO-DATE
:wear-http:preDebugUnitTestBuild UP-TO-DATE
:wear-http:preReleaseBuild UP-TO-DATE
:wear-http:preReleaseUnitTestBuild UP-TO-DATE
:wear-http:prepareComAndroidSupportSupportCompat2520Library
:wear-http:prepareComAndroidSupportSupportCoreUi2520Library
:wear-http:prepareComAndroidSupportSupportCoreUtils2520Library
:wear-http:prepareComAndroidSupportSupportFragment2520Library
:wear-http:prepareComAndroidSupportSupportMediaCompat2520Library
:wear-http:prepareComAndroidSupportSupportV42520Library
:wear-http:prepareComGoogleAndroidGmsPlayServicesBase1104Library
:wear-http:prepareComGoogleAndroidGmsPlayServicesBasement1104Library
:wear-http:prepareComGoogleAndroidGmsPlayServicesTasks1104Library
:wear-http:prepareComGoogleAndroidGmsPlayServicesWearable1104Library
:wear-http:prepareComKogituneWearListenerServiceBroadcaster004Library
:wear-http:prepareDebugDependencies
:wear-http:compileDebugAidl
:wear-http:compileDebugRenderscript
:wear-http:generateDebugBuildConfig
:wear-http:generateDebugAssets UP-TO-DATE
:wear-http:mergeDebugAssets
:wear-http:generateDebugResValues
:wear-http:generateDebugResources
:wear-http:mergeDebugResources
:wear-http:processDebugManifest
:wear-http:processDebugResources
:wear-http:generateDebugSources
:wear-http:processDebugJavaRes UP-TO-DATE
:wear-http:compileDebugJavaWithJavacNote: /tmp/rdisk/976/src/WearHttp-master/wear-http/src/main/java/com/kogitune/wearhttp/JudgeAndroidWear.java uses unchecked or unsafe operations.
Note: Recompile with -Xlint:unchecked for details.

:wear-http:extractDebugAnnotations
:wear-http:mergeDebugProguardFiles
:wear-http:packageDebugJar
:wear-http:compileDebugNdk UP-TO-DATE
:wear-http:packageDebugJniLibs UP-TO-DATE
:wear-http:packageDebugLocalJar UP-TO-DATE
:wear-http:packageDebugRenderscript UP-TO-DATE
:wear-http:packageDebugResources
:wear-http:bundleDebug
:wear-http:compileDebugSources
:wear-http:assembleDebug
:wear-http:copyReleaseLint UP-TO-DATE
:wear-http:checkReleaseManifest
:wear-http:prepareReleaseDependencies
:wear-http:compileReleaseAidl
:wear-http:compileReleaseRenderscript
:wear-http:generateReleaseBuildConfig
:wear-http:generateReleaseAssets UP-TO-DATE
:wear-http:mergeReleaseAssets
:wear-http:generateReleaseResValues
:wear-http:generateReleaseResources
:wear-http:mergeReleaseResources
:wear-http:processReleaseManifest
:wear-http:processReleaseResources
:wear-http:generateReleaseSources
:wear-http:processReleaseJavaRes UP-TO-DATE
:wear-http:compileReleaseJavaWithJavacNote: /tmp/rdisk/976/src/WearHttp-master/wear-http/src/main/java/com/kogitune/wearhttp/JudgeAndroidWear.java uses unchecked or unsafe operations.
Note: Recompile with -Xlint:unchecked for details.

:wear-http:extractReleaseAnnotations
:wear-http:mergeReleaseProguardFiles
:wear-http:packageReleaseJar
:wear-http:compileReleaseNdk UP-TO-DATE
:wear-http:packageReleaseJniLibs UP-TO-DATE
:wear-http:packageReleaseLocalJar UP-TO-DATE
:wear-http:packageReleaseRenderscript UP-TO-DATE
:wear-http:packageReleaseResources
:wear-http:bundleRelease
:wear-http:compileReleaseSources
:wear-http:assembleRelease
:wear-http:javadoc/tmp/rdisk/976/src/WearHttp-master/wear-http/src/main/java/com/kogitune/wearhttp/WearHttpListenerService.java:9: error: package com.google.android.gms.common does not exist
import com.google.android.gms.common.ConnectionResult;
                                    ^
/tmp/rdisk/976/src/WearHttp-master/wear-http/src/main/java/com/kogitune/wearhttp/WearHttpListenerService.java:10: error: package com.google.android.gms.common.api does not exist
import com.google.android.gms.common.api.GoogleApiClient;
                                        ^
/tmp/rdisk/976/src/WearHttp-master/wear-http/src/main/java/com/kogitune/wearhttp/WearHttpListenerService.java:11: error: package com.google.android.gms.common.api does not exist
import com.google.android.gms.common.api.ResultCallback;
                                        ^
/tmp/rdisk/976/src/WearHttp-master/wear-http/src/main/java/com/kogitune/wearhttp/WearHttpListenerService.java:12: error: package com.google.android.gms.wearable does not exist
import com.google.android.gms.wearable.Asset;
                                      ^
/tmp/rdisk/976/src/WearHttp-master/wear-http/src/main/java/com/kogitune/wearhttp/WearHttpListenerService.java:13: error: package com.google.android.gms.wearable does not exist
import com.google.android.gms.wearable.DataApi;
                                      ^
/tmp/rdisk/976/src/WearHttp-master/wear-http/src/main/java/com/kogitune/wearhttp/WearHttpListenerService.java:14: error: package com.google.android.gms.wearable does not exist
import com.google.android.gms.wearable.DataMap;
                                      ^
/tmp/rdisk/976/src/WearHttp-master/wear-http/src/main/java/com/kogitune/wearhttp/WearHttpListenerService.java:15: error: package com.google.android.gms.wearable does not exist
import com.google.android.gms.wearable.PutDataMapRequest;
                                      ^
/tmp/rdisk/976/src/WearHttp-master/wear-http/src/main/java/com/kogitune/wearhttp/WearHttpListenerService.java:16: error: package com.google.android.gms.wearable does not exist
import com.google.android.gms.wearable.PutDataRequest;
                                      ^
/tmp/rdisk/976/src/WearHttp-master/wear-http/src/main/java/com/kogitune/wearhttp/WearHttpListenerService.java:17: error: package com.google.android.gms.wearable does not exist
import com.google.android.gms.wearable.Wearable;
                                      ^
/tmp/rdisk/976/src/WearHttp-master/wear-http/src/main/java/com/kogitune/wearhttp/WearHttpListenerService.java:38: error: cannot find symbol
    private GoogleApiClient mGoogleApiClient;
            ^
  symbol:   class GoogleApiClient
  location: class WearHttpListenerService
/tmp/rdisk/976/src/WearHttp-master/wear-http/src/main/java/com/kogitune/wearhttp/WearGet.java:7: error: package com.google.android.gms.common does not exist
import com.google.android.gms.common.ConnectionResult;
                                    ^
/tmp/rdisk/976/src/WearHttp-master/wear-http/src/main/java/com/kogitune/wearhttp/WearGet.java:8: error: package com.google.android.gms.common.api does not exist
import com.google.android.gms.common.api.GoogleApiClient;
                                        ^
/tmp/rdisk/976/src/WearHttp-master/wear-http/src/main/java/com/kogitune/wearhttp/WearGet.java:9: error: package com.google.android.gms.common.api does not exist
import com.google.android.gms.common.api.PendingResult;
                                        ^
/tmp/rdisk/976/src/WearHttp-master/wear-http/src/main/java/com/kogitune/wearhttp/WearGet.java:10: error: package com.google.android.gms.common.api does not exist
import com.google.android.gms.common.api.ResultCallback;
                                        ^
/tmp/rdisk/976/src/WearHttp-master/wear-http/src/main/java/com/kogitune/wearhttp/WearGet.java:11: error: package com.google.android.gms.wearable does not exist
import com.google.android.gms.wearable.Asset;
                                      ^
/tmp/rdisk/976/src/WearHttp-master/wear-http/src/main/java/com/kogitune/wearhttp/WearGet.java:12: error: package com.google.android.gms.wearable does not exist
import com.google.android.gms.wearable.DataApi;
                                      ^
/tmp/rdisk/976/src/WearHttp-master/wear-http/src/main/java/com/kogitune/wearhttp/WearGet.java:13: error: package com.google.android.gms.wearable does not exist
import com.google.android.gms.wearable.DataEvent;
                                      ^
/tmp/rdisk/976/src/WearHttp-master/wear-http/src/main/java/com/kogitune/wearhttp/WearGet.java:14: error: package com.google.android.gms.wearable does not exist
import com.google.android.gms.wearable.DataEventBuffer;
                                      ^
/tmp/rdisk/976/src/WearHttp-master/wear-http/src/main/java/com/kogitune/wearhttp/WearGet.java:15: error: package com.google.android.gms.wearable does not exist
import com.google.android.gms.wearable.DataMap;
                                      ^
/tmp/rdisk/976/src/WearHttp-master/wear-http/src/main/java/com/kogitune/wearhttp/WearGet.java:16: error: package com.google.android.gms.wearable does not exist
import com.google.android.gms.wearable.DataMapItem;
                                      ^
/tmp/rdisk/976/src/WearHttp-master/wear-http/src/main/java/com/kogitune/wearhttp/WearGet.java:17: error: package com.google.android.gms.wearable does not exist
import com.google.android.gms.wearable.MessageApi;
                                      ^
/tmp/rdisk/976/src/WearHttp-master/wear-http/src/main/java/com/kogitune/wearhttp/WearGet.java:18: error: package com.google.android.gms.wearable does not exist
import com.google.android.gms.wearable.Node;
                                      ^
/tmp/rdisk/976/src/WearHttp-master/wear-http/src/main/java/com/kogitune/wearhttp/WearGet.java:19: error: package com.google.android.gms.wearable does not exist
import com.google.android.gms.wearable.NodeApi;
                                      ^
/tmp/rdisk/976/src/WearHttp-master/wear-http/src/main/java/com/kogitune/wearhttp/WearGet.java:20: error: package com.google.android.gms.wearable does not exist
import com.google.android.gms.wearable.Wearable;
                                      ^
/tmp/rdisk/976/src/WearHttp-master/wear-http/src/main/java/com/kogitune/wearhttp/WearGet.java:33: error: package GoogleApiClient does not exist
abstract class WearGet implements GoogleApiClient.OnConnectionFailedListener, DataApi.DataListener {
                                                 ^
/tmp/rdisk/976/src/WearHttp-master/wear-http/src/main/java/com/kogitune/wearhttp/WearGet.java:33: error: package DataApi does not exist
abstract class WearGet implements GoogleApiClient.OnConnectionFailedListener, DataApi.DataListener {
                                                                                     ^
/tmp/rdisk/976/src/WearHttp-master/wear-http/src/main/java/com/kogitune/wearhttp/WearGet.java:36: error: cannot find symbol
    private PendingResult<MessageApi.SendMessageResult> mPendingResult;
            ^
  symbol:   class PendingResult
  location: class WearGet
/tmp/rdisk/976/src/WearHttp-master/wear-http/src/main/java/com/kogitune/wearhttp/WearGet.java:36: error: package MessageApi does not exist
    private PendingResult<MessageApi.SendMessageResult> mPendingResult;
                                    ^
/tmp/rdisk/976/src/WearHttp-master/wear-http/src/main/java/com/kogitune/wearhttp/WearGet.java:38: error: cannot find symbol
    DataMap mDataMap;
    ^
  symbol:   class DataMap
  location: class WearGet
/tmp/rdisk/976/src/WearHttp-master/wear-http/src/main/java/com/kogitune/wearhttp/WearGet.java:41: error: cannot find symbol
    private final GoogleApiClient mGoogleApiClient;
                  ^
  symbol:   class GoogleApiClient
  location: class WearGet
/tmp/rdisk/976/src/WearHttp-master/wear-http/src/main/java/com/kogitune/wearhttp/WearGet.java:115: error: cannot find symbol
    public void onDataChanged(DataEventBuffer dataEvents) {
                              ^
  symbol:   class DataEventBuffer
  location: class WearGet
/tmp/rdisk/976/src/WearHttp-master/wear-http/src/main/java/com/kogitune/wearhttp/WearGet.java:162: error: cannot find symbol
    public void onConnectionFailed(ConnectionResult result) {
                                   ^
  symbol:   class ConnectionResult
  location: class WearGet
/tmp/rdisk/976/src/WearHttp-master/wear-http/src/main/java/com/kogitune/wearhttp/HttpByteArrayUtil.java:3: error: package com.kogitune.wearablelistenerservicebroadcaster does not exist
import com.kogitune.wearablelistenerservicebroadcaster.*;
^

33 warnings
:wear-http:javadocJar
:wear-http:sourcesJar
:wear-http:assemble
:wear-http:lint
Ran lint on variant release: 4 issues found
Ran lint on variant debug: 4 issues found
Wrote HTML report to file:/tmp/rdisk/976/src/WearHttp-master/wear-http/build/outputs/lint-results.html
Wrote XML report to /tmp/rdisk/976/src/WearHttp-master/wear-http/build/outputs/lint-results.xml
:wear-http:prepareDebugUnitTestDependencies
:wear-http:processDebugUnitTestJavaRes UP-TO-DATE
:wear-http:compileDebugUnitTestJavaWithJavac UP-TO-DATE
:wear-http:compileDebugUnitTestSources UP-TO-DATE
:wear-http:mockableAndroidJar
:wear-http:assembleDebugUnitTest
:wear-http:testDebugUnitTest
:wear-http:prepareReleaseUnitTestDependencies
:wear-http:processReleaseUnitTestJavaRes UP-TO-DATE
:wear-http:compileReleaseUnitTestJavaWithJavac UP-TO-DATE
:wear-http:compileReleaseUnitTestSources UP-TO-DATE
:wear-http:assembleReleaseUnitTest
:wear-http:testReleaseUnitTest
:wear-http:test
:wear-http:check
:wear-http:build

BUILD SUCCESSFUL

Total time: 20.602 secs

2018-04-08 13:36:36,023 INFO  ProjectTaskService - Detecting possible tasks...
2018-04-08 13:36:36,024 INFO  SysUtils - Execute command: [/tmp/rdisk/976/src/WearHttp-master/gradlew, -b, /tmp/rdisk/976/src/WearHttp-master/wear/build.gradle, -Dorg.gradle.daemon=false, -Dorg.gradle.daemon.performance.enable-monitoring=false, -Dorg.gradle.configureondemand=true, tasks]
2018-04-08 13:36:39,164 ERROR ProjectTaskService - Could not detect possible Gradle tasks: Process exited with an error: 1 (Exit value: 1)
2018-04-08 13:36:39,165 INFO  ProjectTaskService - Detected possible tasks: 0
2018-04-08 13:36:39,165 INFO  ProjectTaskService - Excluded tasks (0): none
2018-04-08 13:36:39,165 INFO  SysUtils - Execute command: [/tmp/rdisk/976/src/WearHttp-master/gradlew, -b, /tmp/rdisk/976/src/WearHttp-master/wear/build.gradle, -Dorg.gradle.daemon=false, -Dorg.gradle.daemon.performance.enable-monitoring=false, -Dorg.gradle.configureondemand=true, --stacktrace, build]
2018-04-08 13:36:41,349 ERROR SysUtils - Could not process external command
org.apache.commons.exec.ExecuteException: Process exited with an error: 1 (Exit value: 1)
	at org.apache.commons.exec.DefaultExecutor.executeInternal(DefaultExecutor.java:404)
	at org.apache.commons.exec.DefaultExecutor.execute(DefaultExecutor.java:166)
	at com.github.vbauer.apkmaster.util.SysUtils.execute(SysUtils.java:67)
	at com.github.vbauer.apkmaster.util.SysUtils.executeSimple(SysUtils.java:43)
	at com.github.vbauer.apkmaster.service.assembly.ProjectBuildService.buildProject(ProjectBuildService.java:78)
	at com.github.vbauer.apkmaster.service.assembly.ProjectBuildService.buildProject(ProjectBuildService.java:64)
	at com.github.vbauer.apkmaster.service.assembly.ProjectBuildService.buildProject(ProjectBuildService.java:43)
	at com.github.vbauer.apkmaster.service.FullProcessService.build(FullProcessService.java:84)
	at com.github.vbauer.apkmaster.service.FullProcessService.process(FullProcessService.java:34)
	at com.github.vbauer.apkmaster.app.MainApplication.process(MainApplication.java:38)
	at com.github.vbauer.apkmaster.app.MainApplication.main(MainApplication.java:20)
	at sun.reflect.NativeMethodAccessorImpl.invoke0(Native Method)
	at sun.reflect.NativeMethodAccessorImpl.invoke(NativeMethodAccessorImpl.java:62)
	at sun.reflect.DelegatingMethodAccessorImpl.invoke(DelegatingMethodAccessorImpl.java:43)
	at java.lang.reflect.Method.invoke(Method.java:498)
	at com.android.arsenal.util.ReflectionUtils.invoke(ReflectionUtils.java:42)
	at com.android.arsenal.util.ApkMasterUtils.main(ApkMasterUtils.java:30)
	at com.android.arsenal.service.processor.impl.BuildProcessorServiceImpl.buildProject(BuildProcessorServiceImpl.java:197)
	at com.android.arsenal.service.processor.impl.BuildProcessorServiceImpl.build(BuildProcessorServiceImpl.java:131)
	at com.android.arsenal.service.processor.impl.BuildProcessorServiceImpl.lambda$null$1(BuildProcessorServiceImpl.java:114)
	at java.util.concurrent.FutureTask.run(FutureTask.java:266)
	at java.util.concurrent.Executors$RunnableAdapter.call(Executors.java:511)
	at java.util.concurrent.FutureTask.run(FutureTask.java:266)
	at java.util.concurrent.ThreadPoolExecutor.runWorker(ThreadPoolExecutor.java:1149)
	at java.util.concurrent.ThreadPoolExecutor$Worker.run(ThreadPoolExecutor.java:624)
	at java.lang.Thread.run(Thread.java:748)
2018-04-08 13:36:41,350 INFO  SysUtils - Configuration on demand is an incubating feature.

FAILURE: Build failed with an exception.

* Where:
Build file '/tmp/rdisk/976/src/WearHttp-master/wear/build.gradle' line: 1

* What went wrong:
A problem occurred evaluating root project 'wear'.
> Failed to apply plugin [id 'android-library']
   > Plugin with id 'android-library' not found.

* Try:
Run with --info or --debug option to get more log output.

* Exception is:
org.gradle.api.GradleScriptException: A problem occurred evaluating root project 'wear'.
	at org.gradle.groovy.scripts.internal.DefaultScriptRunnerFactory$ScriptRunnerImpl.run(DefaultScriptRunnerFactory.java:54)
	at org.gradle.configuration.DefaultScriptPluginFactory$ScriptPluginImpl.apply(DefaultScriptPluginFactory.java:148)
	at org.gradle.configuration.project.BuildScriptProcessor.execute(BuildScriptProcessor.java:39)
	at org.gradle.configuration.project.BuildScriptProcessor.execute(BuildScriptProcessor.java:26)
	at org.gradle.configuration.project.ConfigureActionsProjectEvaluator.evaluate(ConfigureActionsProjectEvaluator.java:34)
	at org.gradle.configuration.project.LifecycleProjectEvaluator.evaluate(LifecycleProjectEvaluator.java:59)
	at org.gradle.api.internal.project.AbstractProject.evaluate(AbstractProject.java:504)
	at org.gradle.api.internal.project.AbstractProject.evaluate(AbstractProject.java:83)
	at org.gradle.execution.TaskPathProjectEvaluator.configure(TaskPathProjectEvaluator.java:35)
	at org.gradle.configuration.DefaultBuildConfigurer.configure(DefaultBuildConfigurer.java:33)
	at org.gradle.initialization.DefaultGradleLauncher.doBuildStages(DefaultGradleLauncher.java:129)
	at org.gradle.initialization.DefaultGradleLauncher.doBuild(DefaultGradleLauncher.java:106)
	at org.gradle.initialization.DefaultGradleLauncher.run(DefaultGradleLauncher.java:86)
	at org.gradle.launcher.exec.InProcessBuildActionExecuter$DefaultBuildController.run(InProcessBuildActionExecuter.java:80)
	at org.gradle.launcher.cli.ExecuteBuildAction.run(ExecuteBuildAction.java:33)
	at org.gradle.launcher.cli.ExecuteBuildAction.run(ExecuteBuildAction.java:24)
	at org.gradle.launcher.exec.InProcessBuildActionExecuter.execute(InProcessBuildActionExecuter.java:36)
	at org.gradle.launcher.exec.InProcessBuildActionExecuter.execute(InProcessBuildActionExecuter.java:26)
	at org.gradle.launcher.cli.RunBuildAction.run(RunBuildAction.java:51)
	at org.gradle.internal.Actions$RunnableActionAdapter.execute(Actions.java:171)
	at org.gradle.launcher.cli.CommandLineActionFactory$ParseAndBuildAction.execute(CommandLineActionFactory.java:237)
	at org.gradle.launcher.cli.CommandLineActionFactory$ParseAndBuildAction.execute(CommandLineActionFactory.java:210)
	at org.gradle.launcher.cli.JavaRuntimeValidationAction.execute(JavaRuntimeValidationAction.java:35)
	at org.gradle.launcher.cli.JavaRuntimeValidationAction.execute(JavaRuntimeValidationAction.java:24)
	at org.gradle.launcher.cli.CommandLineActionFactory$WithLogging.execute(CommandLineActionFactory.java:206)
	at org.gradle.launcher.cli.CommandLineActionFactory$WithLogging.execute(CommandLineActionFactory.java:169)
	at org.gradle.launcher.cli.ExceptionReportingAction.execute(ExceptionReportingAction.java:33)
	at org.gradle.launcher.cli.ExceptionReportingAction.execute(ExceptionReportingAction.java:22)
	at org.gradle.launcher.Main.doAction(Main.java:33)
	at org.gradle.launcher.bootstrap.EntryPoint.run(EntryPoint.java:45)
	at org.gradle.launcher.bootstrap.ProcessBootstrap.runNoExit(ProcessBootstrap.java:54)
	at org.gradle.launcher.bootstrap.ProcessBootstrap.run(ProcessBootstrap.java:35)
	at org.gradle.launcher.GradleMain.main(GradleMain.java:23)
	at org.gradle.wrapper.BootstrapMainStarter.start(BootstrapMainStarter.java:33)
	at org.gradle.wrapper.WrapperExecutor.execute(WrapperExecutor.java:130)
	at org.gradle.wrapper.GradleWrapperMain.main(GradleWrapperMain.java:48)
Caused by: org.gradle.api.internal.plugins.PluginApplicationException: Failed to apply plugin [id 'android-library']
	at org.gradle.api.internal.plugins.DefaultObjectConfigurationAction.applyPlugin(DefaultObjectConfigurationAction.java:117)
	at org.gradle.api.internal.plugins.DefaultObjectConfigurationAction.access$200(DefaultObjectConfigurationAction.java:36)
	at org.gradle.api.internal.plugins.DefaultObjectConfigurationAction$3.run(DefaultObjectConfigurationAction.java:80)
	at org.gradle.api.internal.plugins.DefaultObjectConfigurationAction.execute(DefaultObjectConfigurationAction.java:131)
	at org.gradle.api.internal.project.AbstractPluginAware.apply(AbstractPluginAware.java:37)
	at org.gradle.api.Project$apply.call(Unknown Source)
	at org.gradle.api.internal.project.ProjectScript.apply(ProjectScript.groovy:34)
	at org.gradle.api.Script$apply.callCurrent(Unknown Source)
	at build_6njg4cd8xut43xis99v9xoff8.run(/tmp/rdisk/976/src/WearHttp-master/wear/build.gradle:1)
	at org.gradle.groovy.scripts.internal.DefaultScriptRunnerFactory$ScriptRunnerImpl.run(DefaultScriptRunnerFactory.java:52)
	... 35 more
Caused by: org.gradle.api.plugins.UnknownPluginException: Plugin with id 'android-library' not found.
	at org.gradle.api.internal.plugins.DefaultPluginRegistry.getTypeForId(DefaultPluginRegistry.java:94)
	at org.gradle.api.internal.plugins.DefaultPluginContainer.getTypeForId(DefaultPluginContainer.java:183)
	at org.gradle.api.internal.plugins.DefaultPluginContainer.apply(DefaultPluginContainer.java:103)
	at org.gradle.api.internal.plugins.DefaultObjectConfigurationAction.applyPlugin(DefaultObjectConfigurationAction.java:115)
	... 44 more


BUILD FAILED

Total time: 2.091 secs

2018-04-08 13:36:41,415 INFO  ProjectTaskService - Detecting possible tasks...
2018-04-08 13:36:41,416 INFO  SysUtils - Execute command: [/tmp/rdisk/976/src/WearHttp-master/gradlew, -b, /tmp/rdisk/976/src/WearHttp-master/wearsample/build.gradle, -Dorg.gradle.daemon=false, -Dorg.gradle.daemon.performance.enable-monitoring=false, -Dorg.gradle.configureondemand=true, tasks]
2018-04-08 13:36:54,883 ERROR ProjectTaskService - Could not detect possible Gradle tasks: Process exited with an error: 1 (Exit value: 1)
2018-04-08 13:36:54,883 INFO  ProjectTaskService - Detected possible tasks: 0
2018-04-08 13:36:54,883 INFO  ProjectTaskService - Excluded tasks (0): none
2018-04-08 13:36:54,883 INFO  SysUtils - Execute command: [/tmp/rdisk/976/src/WearHttp-master/gradlew, -b, /tmp/rdisk/976/src/WearHttp-master/wearsample/build.gradle, -Dorg.gradle.daemon=false, -Dorg.gradle.daemon.performance.enable-monitoring=false, -Dorg.gradle.configureondemand=true, --stacktrace, build]
2018-04-08 13:37:07,938 ERROR SysUtils - Could not process external command
org.apache.commons.exec.ExecuteException: Process exited with an error: 1 (Exit value: 1)
	at org.apache.commons.exec.DefaultExecutor.executeInternal(DefaultExecutor.java:404)
	at org.apache.commons.exec.DefaultExecutor.execute(DefaultExecutor.java:166)
	at com.github.vbauer.apkmaster.util.SysUtils.execute(SysUtils.java:67)
	at com.github.vbauer.apkmaster.util.SysUtils.executeSimple(SysUtils.java:43)
	at com.github.vbauer.apkmaster.service.assembly.ProjectBuildService.buildProject(ProjectBuildService.java:78)
	at com.github.vbauer.apkmaster.service.assembly.ProjectBuildService.buildProject(ProjectBuildService.java:64)
	at com.github.vbauer.apkmaster.service.assembly.ProjectBuildService.buildProject(ProjectBuildService.java:43)
	at com.github.vbauer.apkmaster.service.FullProcessService.build(FullProcessService.java:84)
	at com.github.vbauer.apkmaster.service.FullProcessService.process(FullProcessService.java:34)
	at com.github.vbauer.apkmaster.app.MainApplication.process(MainApplication.java:38)
	at com.github.vbauer.apkmaster.app.MainApplication.main(MainApplication.java:20)
	at sun.reflect.NativeMethodAccessorImpl.invoke0(Native Method)
	at sun.reflect.NativeMethodAccessorImpl.invoke(NativeMethodAccessorImpl.java:62)
	at sun.reflect.DelegatingMethodAccessorImpl.invoke(DelegatingMethodAccessorImpl.java:43)
	at java.lang.reflect.Method.invoke(Method.java:498)
	at com.android.arsenal.util.ReflectionUtils.invoke(ReflectionUtils.java:42)
	at com.android.arsenal.util.ApkMasterUtils.main(ApkMasterUtils.java:30)
	at com.android.arsenal.service.processor.impl.BuildProcessorServiceImpl.buildProject(BuildProcessorServiceImpl.java:197)
	at com.android.arsenal.service.processor.impl.BuildProcessorServiceImpl.build(BuildProcessorServiceImpl.java:131)
	at com.android.arsenal.service.processor.impl.BuildProcessorServiceImpl.lambda$null$1(BuildProcessorServiceImpl.java:114)
	at java.util.concurrent.FutureTask.run(FutureTask.java:266)
	at java.util.concurrent.Executors$RunnableAdapter.call(Executors.java:511)
	at java.util.concurrent.FutureTask.run(FutureTask.java:266)
	at java.util.concurrent.ThreadPoolExecutor.runWorker(ThreadPoolExecutor.java:1149)
	at java.util.concurrent.ThreadPoolExecutor$Worker.run(ThreadPoolExecutor.java:624)
	at java.lang.Thread.run(Thread.java:748)
2018-04-08 13:37:07,938 INFO  SysUtils - Configuration on demand is an incubating feature.

FAILURE: Build failed with an exception.

* What went wrong:
A problem occurred configuring project ':wearsample'.
> Could not resolve all dependencies for configuration ':wearsample:_debugCompile'.
   > Could not find com.android.support:percent:26.0.0.
     Searched in the following locations:
         https://jcenter.bintray.com/com/android/support/percent/26.0.0/percent-26.0.0.pom
         https://jcenter.bintray.com/com/android/support/percent/26.0.0/percent-26.0.0.jar
         file:/root/Applications/android-sdk/extras/android/m2repository/com/android/support/percent/26.0.0/percent-26.0.0.pom
         file:/root/Applications/android-sdk/extras/android/m2repository/com/android/support/percent/26.0.0/percent-26.0.0.jar
         file:/root/Applications/android-sdk/extras/google/m2repository/com/android/support/percent/26.0.0/percent-26.0.0.pom
         file:/root/Applications/android-sdk/extras/google/m2repository/com/android/support/percent/26.0.0/percent-26.0.0.jar
     Required by:
         WearHttp-master:wearsample:unspecified > com.google.android.support:wearable:2.0.5
   > Could not find com.android.support:support-v4:26.0.0.
     Searched in the following locations:
         https://jcenter.bintray.com/com/android/support/support-v4/26.0.0/support-v4-26.0.0.pom
         https://jcenter.bintray.com/com/android/support/support-v4/26.0.0/support-v4-26.0.0.jar
         file:/root/Applications/android-sdk/extras/android/m2repository/com/android/support/support-v4/26.0.0/support-v4-26.0.0.pom
         file:/root/Applications/android-sdk/extras/android/m2repository/com/android/support/support-v4/26.0.0/support-v4-26.0.0.jar
         file:/root/Applications/android-sdk/extras/google/m2repository/com/android/support/support-v4/26.0.0/support-v4-26.0.0.pom
         file:/root/Applications/android-sdk/extras/google/m2repository/com/android/support/support-v4/26.0.0/support-v4-26.0.0.jar
     Required by:
         WearHttp-master:wearsample:unspecified > com.google.android.support:wearable:2.0.5
   > Could not find com.android.support:support-annotations:26.0.0.
     Searched in the following locations:
         https://jcenter.bintray.com/com/android/support/support-annotations/26.0.0/support-annotations-26.0.0.pom
         https://jcenter.bintray.com/com/android/support/support-annotations/26.0.0/support-annotations-26.0.0.jar
         file:/root/Applications/android-sdk/extras/android/m2repository/com/android/support/support-annotations/26.0.0/support-annotations-26.0.0.pom
         file:/root/Applications/android-sdk/extras/android/m2repository/com/android/support/support-annotations/26.0.0/support-annotations-26.0.0.jar
         file:/root/Applications/android-sdk/extras/google/m2repository/com/android/support/support-annotations/26.0.0/support-annotations-26.0.0.pom
         file:/root/Applications/android-sdk/extras/google/m2repository/com/android/support/support-annotations/26.0.0/support-annotations-26.0.0.jar
     Required by:
         WearHttp-master:wearsample:unspecified > com.google.android.support:wearable:2.0.5
   > Could not find com.android.support:recyclerview-v7:26.0.0.
     Searched in the following locations:
         https://jcenter.bintray.com/com/android/support/recyclerview-v7/26.0.0/recyclerview-v7-26.0.0.pom
         https://jcenter.bintray.com/com/android/support/recyclerview-v7/26.0.0/recyclerview-v7-26.0.0.jar
         file:/root/Applications/android-sdk/extras/android/m2repository/com/android/support/recyclerview-v7/26.0.0/recyclerview-v7-26.0.0.pom
         file:/root/Applications/android-sdk/extras/android/m2repository/com/android/support/recyclerview-v7/26.0.0/recyclerview-v7-26.0.0.jar
         file:/root/Applications/android-sdk/extras/google/m2repository/com/android/support/recyclerview-v7/26.0.0/recyclerview-v7-26.0.0.pom
         file:/root/Applications/android-sdk/extras/google/m2repository/com/android/support/recyclerview-v7/26.0.0/recyclerview-v7-26.0.0.jar
     Required by:
         WearHttp-master:wearsample:unspecified > com.google.android.support:wearable:2.0.5
   > Could not find com.android.support:support-v4:26.0.0.
     Searched in the following locations:
         https://jcenter.bintray.com/com/android/support/support-v4/26.0.0/support-v4-26.0.0.pom
         https://jcenter.bintray.com/com/android/support/support-v4/26.0.0/support-v4-26.0.0.jar
         file:/root/Applications/android-sdk/extras/android/m2repository/com/android/support/support-v4/26.0.0/support-v4-26.0.0.pom
         file:/root/Applications/android-sdk/extras/android/m2repository/com/android/support/support-v4/26.0.0/support-v4-26.0.0.jar
         file:/root/Applications/android-sdk/extras/google/m2repository/com/android/support/support-v4/26.0.0/support-v4-26.0.0.pom
         file:/root/Applications/android-sdk/extras/google/m2repository/com/android/support/support-v4/26.0.0/support-v4-26.0.0.jar
     Required by:
         WearHttp-master:wearsample:unspecified > com.android.support:appcompat-v7:21.0.3
   > Could not find com.android.support:support-v4:26.0.0.
     Searched in the following locations:
         https://jcenter.bintray.com/com/android/support/support-v4/26.0.0/support-v4-26.0.0.pom
         https://jcenter.bintray.com/com/android/support/support-v4/26.0.0/support-v4-26.0.0.jar
         file:/root/Applications/android-sdk/extras/android/m2repository/com/android/support/support-v4/26.0.0/support-v4-26.0.0.pom
         file:/root/Applications/android-sdk/extras/android/m2repository/com/android/support/support-v4/26.0.0/support-v4-26.0.0.jar
         file:/root/Applications/android-sdk/extras/google/m2repository/com/android/support/support-v4/26.0.0/support-v4-26.0.0.pom
         file:/root/Applications/android-sdk/extras/google/m2repository/com/android/support/support-v4/26.0.0/support-v4-26.0.0.jar
     Required by:
         WearHttp-master:wearsample:unspecified > com.google.android.gms:play-services-wearable:11.0.4 > com.google.android.gms:play-services-basement:11.0.4

* Try:
Run with --info or --debug option to get more log output.

* Exception is:
org.gradle.api.ProjectConfigurationException: A problem occurred configuring project ':wearsample'.
	at org.gradle.configuration.project.LifecycleProjectEvaluator.addConfigurationFailure(LifecycleProjectEvaluator.java:91)
	at org.gradle.configuration.project.LifecycleProjectEvaluator.notifyAfterEvaluate(LifecycleProjectEvaluator.java:86)
	at org.gradle.configuration.project.LifecycleProjectEvaluator.evaluate(LifecycleProjectEvaluator.java:65)
	at org.gradle.api.internal.project.AbstractProject.evaluate(AbstractProject.java:504)
	at org.gradle.api.internal.project.AbstractProject.evaluate(AbstractProject.java:83)
	at org.gradle.execution.TaskPathProjectEvaluator.configureHierarchy(TaskPathProjectEvaluator.java:42)
	at org.gradle.execution.TaskSelector.getSelection(TaskSelector.java:85)
	at org.gradle.execution.TaskSelector.getSelection(TaskSelector.java:76)
	at org.gradle.execution.commandline.CommandLineTaskParser.parseTasks(CommandLineTaskParser.java:42)
	at org.gradle.execution.TaskNameResolvingBuildConfigurationAction.configure(TaskNameResolvingBuildConfigurationAction.java:44)
	at org.gradle.execution.DefaultBuildExecuter.configure(DefaultBuildExecuter.java:42)
	at org.gradle.execution.DefaultBuildExecuter.access$100(DefaultBuildExecuter.java:23)
	at org.gradle.execution.DefaultBuildExecuter$1.proceed(DefaultBuildExecuter.java:48)
	at org.gradle.execution.ExcludedTaskFilteringBuildConfigurationAction.configure(ExcludedTaskFilteringBuildConfigurationAction.java:47)
	at org.gradle.execution.DefaultBuildExecuter.configure(DefaultBuildExecuter.java:42)
	at org.gradle.execution.DefaultBuildExecuter.access$100(DefaultBuildExecuter.java:23)
	at org.gradle.execution.DefaultBuildExecuter$1.proceed(DefaultBuildExecuter.java:48)
	at org.gradle.execution.DefaultTasksBuildExecutionAction.configure(DefaultTasksBuildExecutionAction.java:44)
	at org.gradle.execution.DefaultBuildExecuter.configure(DefaultBuildExecuter.java:42)
	at org.gradle.execution.DefaultBuildExecuter.select(DefaultBuildExecuter.java:35)
	at org.gradle.initialization.DefaultGradleLauncher.doBuildStages(DefaultGradleLauncher.java:142)
	at org.gradle.initialization.DefaultGradleLauncher.doBuild(DefaultGradleLauncher.java:106)
	at org.gradle.initialization.DefaultGradleLauncher.run(DefaultGradleLauncher.java:86)
	at org.gradle.launcher.exec.InProcessBuildActionExecuter$DefaultBuildController.run(InProcessBuildActionExecuter.java:80)
	at org.gradle.launcher.cli.ExecuteBuildAction.run(ExecuteBuildAction.java:33)
	at org.gradle.launcher.cli.ExecuteBuildAction.run(ExecuteBuildAction.java:24)
	at org.gradle.launcher.exec.InProcessBuildActionExecuter.execute(InProcessBuildActionExecuter.java:36)
	at org.gradle.launcher.exec.InProcessBuildActionExecuter.execute(InProcessBuildActionExecuter.java:26)
	at org.gradle.launcher.cli.RunBuildAction.run(RunBuildAction.java:51)
	at org.gradle.internal.Actions$RunnableActionAdapter.execute(Actions.java:171)
	at org.gradle.launcher.cli.CommandLineActionFactory$ParseAndBuildAction.execute(CommandLineActionFactory.java:237)
	at org.gradle.launcher.cli.CommandLineActionFactory$ParseAndBuildAction.execute(CommandLineActionFactory.java:210)
	at org.gradle.launcher.cli.JavaRuntimeValidationAction.execute(JavaRuntimeValidationAction.java:35)
	at org.gradle.launcher.cli.JavaRuntimeValidationAction.execute(JavaRuntimeValidationAction.java:24)
	at org.gradle.launcher.cli.CommandLineActionFactory$WithLogging.execute(CommandLineActionFactory.java:206)
	at org.gradle.launcher.cli.CommandLineActionFactory$WithLogging.execute(CommandLineActionFactory.java:169)
	at org.gradle.launcher.cli.ExceptionReportingAction.execute(ExceptionReportingAction.java:33)
	at org.gradle.launcher.cli.ExceptionReportingAction.execute(ExceptionReportingAction.java:22)
	at org.gradle.launcher.Main.doAction(Main.java:33)
	at org.gradle.launcher.bootstrap.EntryPoint.run(EntryPoint.java:45)
	at org.gradle.launcher.bootstrap.ProcessBootstrap.runNoExit(ProcessBootstrap.java:54)
	at org.gradle.launcher.bootstrap.ProcessBootstrap.run(ProcessBootstrap.java:35)
	at org.gradle.launcher.GradleMain.main(GradleMain.java:23)
	at org.gradle.wrapper.BootstrapMainStarter.start(BootstrapMainStarter.java:33)
	at org.gradle.wrapper.WrapperExecutor.execute(WrapperExecutor.java:130)
	at org.gradle.wrapper.GradleWrapperMain.main(GradleWrapperMain.java:48)
Caused by: org.gradle.api.artifacts.ResolveException: Could not resolve all dependencies for configuration ':wearsample:_debugCompile'.
	at org.gradle.api.internal.artifacts.ivyservice.DefaultLenientConfiguration.rethrowFailure(DefaultLenientConfiguration.java:52)
	at org.gradle.api.internal.artifacts.ivyservice.DefaultResolvedConfiguration.rethrowFailure(DefaultResolvedConfiguration.java:36)
	at org.gradle.api.internal.artifacts.ivyservice.DefaultResolvedConfiguration.getResolvedArtifacts(DefaultResolvedConfiguration.java:59)
	at org.gradle.api.internal.artifacts.ivyservice.SelfResolvingDependencyResolver$FilesAggregatingResolvedConfiguration.getResolvedArtifacts(SelfResolvingDependencyResolver.java:90)
	at org.gradle.api.internal.artifacts.ivyservice.ErrorHandlingArtifactDependencyResolver$ErrorHandlingResolvedConfiguration.getResolvedArtifacts(ErrorHandlingArtifactDependencyResolver.java:212)
	at com.android.build.gradle.internal.DependencyManager.collectArtifacts(DependencyManager.java:685)
	at com.android.build.gradle.internal.DependencyManager.resolveDependencyForConfig(DependencyManager.java:250)
	at com.android.build.gradle.internal.DependencyManager.resolveDependencies(DependencyManager.java:135)
	at com.android.build.gradle.internal.TaskManager.resolveDependencies(TaskManager.java:318)
	at com.android.build.gradle.internal.VariantManager$8.call(VariantManager.java:573)
	at com.android.build.gradle.internal.VariantManager$8.call(VariantManager.java:570)
	at com.android.builder.profile.ThreadRecorder$1.record(ThreadRecorder.java:48)
	at com.android.builder.profile.Recorder$record.call(Unknown Source)
	at com.android.build.gradle.internal.profile.SpanRecorders.record(SpanRecorders.groovy:69)
	at com.android.build.gradle.internal.VariantManager.createVariantData(VariantManager.java:569)
	at com.android.build.gradle.internal.VariantManager.createVariantDataForProductFlavors(VariantManager.java:722)
	at com.android.build.gradle.internal.VariantManager.populateVariantDataList(VariantManager.java:442)
	at com.android.build.gradle.internal.VariantManager.createAndroidTasks(VariantManager.java:258)
	at com.android.build.gradle.BasePlugin$_createAndroidTasks_closure15.doCall(BasePlugin.groovy:483)
	at com.android.build.gradle.BasePlugin$_createAndroidTasks_closure15.doCall(BasePlugin.groovy)
	at com.android.build.gradle.internal.profile.SpanRecorders$2.call(SpanRecorders.groovy:52)
	at com.android.builder.profile.ThreadRecorder$1.record(ThreadRecorder.java:48)
	at com.android.build.gradle.internal.profile.SpanRecorders.record(SpanRecorders.groovy:54)
	at com.android.build.gradle.BasePlugin.createAndroidTasks(BasePlugin.groovy:482)
	at com.android.build.gradle.BasePlugin$_createTasks_closure13_closure17.doCall(BasePlugin.groovy:415)
	at com.android.build.gradle.BasePlugin$_createTasks_closure13_closure17.doCall(BasePlugin.groovy)
	at com.android.build.gradle.internal.profile.SpanRecorders$2.call(SpanRecorders.groovy:52)
	at com.android.builder.profile.ThreadRecorder$1.record(ThreadRecorder.java:48)
	at com.android.build.gradle.internal.profile.SpanRecorders.record(SpanRecorders.groovy:54)
	at com.android.build.gradle.BasePlugin$_createTasks_closure13.doCall(BasePlugin.groovy:414)
	at org.gradle.listener.ClosureBackedMethodInvocationDispatch.dispatch(ClosureBackedMethodInvocationDispatch.java:40)
	at org.gradle.listener.ClosureBackedMethodInvocationDispatch.dispatch(ClosureBackedMethodInvocationDispatch.java:25)
	at org.gradle.listener.BroadcastDispatch.dispatch(BroadcastDispatch.java:83)
	at org.gradle.listener.BroadcastDispatch.dispatch(BroadcastDispatch.java:31)
	at org.gradle.messaging.dispatch.ProxyDispatchAdapter$DispatchingInvocationHandler.invoke(ProxyDispatchAdapter.java:93)
	at com.sun.proxy.$Proxy13.afterEvaluate(Unknown Source)
	at org.gradle.configuration.project.LifecycleProjectEvaluator.notifyAfterEvaluate(LifecycleProjectEvaluator.java:79)
	... 44 more
Caused by: org.gradle.internal.resolve.ModuleVersionNotFoundException: Could not find com.android.support:percent:26.0.0.
Searched in the following locations:
    https://jcenter.bintray.com/com/android/support/percent/26.0.0/percent-26.0.0.pom
    https://jcenter.bintray.com/com/android/support/percent/26.0.0/percent-26.0.0.jar
    file:/root/Applications/android-sdk/extras/android/m2repository/com/android/support/percent/26.0.0/percent-26.0.0.pom
    file:/root/Applications/android-sdk/extras/android/m2repository/com/android/support/percent/26.0.0/percent-26.0.0.jar
    file:/root/Applications/android-sdk/extras/google/m2repository/com/android/support/percent/26.0.0/percent-26.0.0.pom
    file:/root/Applications/android-sdk/extras/google/m2repository/com/android/support/percent/26.0.0/percent-26.0.0.jar
Required by:
    WearHttp-master:wearsample:unspecified > com.google.android.support:wearable:2.0.5
	at org.gradle.internal.resolve.result.DefaultBuildableComponentResolveResult.notFound(DefaultBuildableComponentResolveResult.java:40)
	at org.gradle.api.internal.artifacts.ivyservice.ivyresolve.RepositoryChainDependencyResolver.resolve(RepositoryChainDependencyResolver.java:86)
	at org.gradle.api.internal.artifacts.ivyservice.ivyresolve.RepositoryChainAdapter.resolve(RepositoryChainAdapter.java:69)
	at org.gradle.api.internal.artifacts.ivyservice.clientmodule.ClientModuleResolver.resolve(ClientModuleResolver.java:44)
	at org.gradle.api.internal.artifacts.ivyservice.resolveengine.graph.DependencyGraphBuilder$ModuleVersionResolveState.resolve(DependencyGraphBuilder.java:577)
	at org.gradle.api.internal.artifacts.ivyservice.resolveengine.graph.DependencyGraphBuilder$ModuleVersionResolveState.getMetaData(DependencyGraphBuilder.java:587)
	at org.gradle.api.internal.artifacts.ivyservice.resolveengine.graph.DependencyGraphBuilder$DependencyEdge.calculateTargetConfigurations(DependencyGraphBuilder.java:272)
	at org.gradle.api.internal.artifacts.ivyservice.resolveengine.graph.DependencyGraphBuilder$DependencyEdge.attachToTargetConfigurations(DependencyGraphBuilder.java:246)
	at org.gradle.api.internal.artifacts.ivyservice.resolveengine.graph.DependencyGraphBuilder.traverseGraph(DependencyGraphBuilder.java:156)
	at org.gradle.api.internal.artifacts.ivyservice.resolveengine.graph.DependencyGraphBuilder.resolveDependencyGraph(DependencyGraphBuilder.java:94)
	at org.gradle.api.internal.artifacts.ivyservice.resolveengine.graph.DependencyGraphBuilder.resolve(DependencyGraphBuilder.java:84)
	at org.gradle.api.internal.artifacts.ivyservice.resolveengine.DefaultDependencyResolver$1.execute(DefaultDependencyResolver.java:122)
	at org.gradle.api.internal.artifacts.ivyservice.resolveengine.DefaultDependencyResolver$1.execute(DefaultDependencyResolver.java:88)
	at org.gradle.internal.Transformers$4.transform(Transformers.java:136)
	at org.gradle.api.internal.artifacts.ivyservice.DefaultIvyContextManager.withIvy(DefaultIvyContextManager.java:61)
	at org.gradle.api.internal.artifacts.ivyservice.DefaultIvyContextManager.withIvy(DefaultIvyContextManager.java:39)
	at org.gradle.api.internal.artifacts.ivyservice.resolveengine.DefaultDependencyResolver.resolve(DefaultDependencyResolver.java:88)
	at org.gradle.api.internal.artifacts.ivyservice.CacheLockingArtifactDependencyResolver$1.run(CacheLockingArtifactDependencyResolver.java:42)
	at org.gradle.internal.Factories$1.create(Factories.java:22)
	at org.gradle.cache.internal.DefaultCacheAccess.useCache(DefaultCacheAccess.java:187)
	at org.gradle.cache.internal.DefaultCacheAccess.useCache(DefaultCacheAccess.java:175)
	at org.gradle.cache.internal.DefaultPersistentDirectoryStore.useCache(DefaultPersistentDirectoryStore.java:106)
	at org.gradle.cache.internal.DefaultCacheFactory$ReferenceTrackingCache.useCache(DefaultCacheFactory.java:187)
	at org.gradle.api.internal.artifacts.ivyservice.DefaultCacheLockingManager.useCache(DefaultCacheLockingManager.java:64)
	at org.gradle.api.internal.artifacts.ivyservice.CacheLockingArtifactDependencyResolver.resolve(CacheLockingArtifactDependencyResolver.java:40)
	at org.gradle.api.internal.artifacts.ivyservice.SelfResolvingDependencyResolver.resolve(SelfResolvingDependencyResolver.java:45)
	at org.gradle.api.internal.artifacts.ivyservice.ShortcircuitEmptyConfigsArtifactDependencyResolver.resolve(ShortcircuitEmptyConfigsArtifactDependencyResolver.java:55)
	at org.gradle.api.internal.artifacts.ivyservice.ErrorHandlingArtifactDependencyResolver.resolve(ErrorHandlingArtifactDependencyResolver.java:47)
	at org.gradle.api.internal.artifacts.ivyservice.DefaultConfigurationResolver.resolve(DefaultConfigurationResolver.java:46)
	at org.gradle.api.internal.artifacts.configurations.DefaultConfiguration.resolveNow(DefaultConfiguration.java:250)
	at org.gradle.api.internal.artifacts.configurations.DefaultConfiguration.getResolvedConfiguration(DefaultConfiguration.java:240)
	at org.gradle.api.internal.artifacts.configurations.DefaultConfiguration_Decorated.getResolvedConfiguration(Unknown Source)
	... 76 more


BUILD FAILED

Total time: 12.612 secs

2018-04-08 13:37:07,970 INFO  ProjectTaskService - Detecting possible tasks...
2018-04-08 13:37:07,970 INFO  SysUtils - Execute command: [/tmp/rdisk/976/src/WearHttp-master/gradlew, -b, /tmp/rdisk/976/src/WearHttp-master/build.gradle, -Dorg.gradle.daemon=false, -Dorg.gradle.daemon.performance.enable-monitoring=false, -Dorg.gradle.configureondemand=true, tasks]
2018-04-08 13:37:21,468 ERROR ProjectTaskService - Could not detect possible Gradle tasks: Process exited with an error: 1 (Exit value: 1)
2018-04-08 13:37:21,468 INFO  ProjectTaskService - Detected possible tasks: 0
2018-04-08 13:37:21,468 INFO  ProjectTaskService - Excluded tasks (0): none
2018-04-08 13:37:21,468 INFO  SysUtils - Execute command: [/tmp/rdisk/976/src/WearHttp-master/gradlew, -b, /tmp/rdisk/976/src/WearHttp-master/build.gradle, -Dorg.gradle.daemon=false, -Dorg.gradle.daemon.performance.enable-monitoring=false, -Dorg.gradle.configureondemand=true, --stacktrace, build]
2018-04-08 13:37:34,951 ERROR SysUtils - Could not process external command
org.apache.commons.exec.ExecuteException: Process exited with an error: 1 (Exit value: 1)
	at org.apache.commons.exec.DefaultExecutor.executeInternal(DefaultExecutor.java:404)
	at org.apache.commons.exec.DefaultExecutor.execute(DefaultExecutor.java:166)
	at com.github.vbauer.apkmaster.util.SysUtils.execute(SysUtils.java:67)
	at com.github.vbauer.apkmaster.util.SysUtils.executeSimple(SysUtils.java:43)
	at com.github.vbauer.apkmaster.service.assembly.ProjectBuildService.buildProject(ProjectBuildService.java:78)
	at com.github.vbauer.apkmaster.service.assembly.ProjectBuildService.buildProject(ProjectBuildService.java:64)
	at com.github.vbauer.apkmaster.service.assembly.ProjectBuildService.buildProject(ProjectBuildService.java:43)
	at com.github.vbauer.apkmaster.service.FullProcessService.build(FullProcessService.java:84)
	at com.github.vbauer.apkmaster.service.FullProcessService.process(FullProcessService.java:34)
	at com.github.vbauer.apkmaster.app.MainApplication.process(MainApplication.java:38)
	at com.github.vbauer.apkmaster.app.MainApplication.main(MainApplication.java:20)
	at sun.reflect.NativeMethodAccessorImpl.invoke0(Native Method)
	at sun.reflect.NativeMethodAccessorImpl.invoke(NativeMethodAccessorImpl.java:62)
	at sun.reflect.DelegatingMethodAccessorImpl.invoke(DelegatingMethodAccessorImpl.java:43)
	at java.lang.reflect.Method.invoke(Method.java:498)
	at com.android.arsenal.util.ReflectionUtils.invoke(ReflectionUtils.java:42)
	at com.android.arsenal.util.ApkMasterUtils.main(ApkMasterUtils.java:30)
	at com.android.arsenal.service.processor.impl.BuildProcessorServiceImpl.buildProject(BuildProcessorServiceImpl.java:197)
	at com.android.arsenal.service.processor.impl.BuildProcessorServiceImpl.build(BuildProcessorServiceImpl.java:131)
	at com.android.arsenal.service.processor.impl.BuildProcessorServiceImpl.lambda$null$1(BuildProcessorServiceImpl.java:114)
	at java.util.concurrent.FutureTask.run(FutureTask.java:266)
	at java.util.concurrent.Executors$RunnableAdapter.call(Executors.java:511)
	at java.util.concurrent.FutureTask.run(FutureTask.java:266)
	at java.util.concurrent.ThreadPoolExecutor.runWorker(ThreadPoolExecutor.java:1149)
	at java.util.concurrent.ThreadPoolExecutor$Worker.run(ThreadPoolExecutor.java:624)
	at java.lang.Thread.run(Thread.java:748)
2018-04-08 13:37:34,951 INFO  SysUtils - Configuration on demand is an incubating feature.

FAILURE: Build failed with an exception.

* What went wrong:
A problem occurred configuring project ':mobilesample'.
> Could not resolve all dependencies for configuration ':mobilesample:_debugCompile'.
   > A problem occurred configuring project ':wearsample'.
      > Could not resolve all dependencies for configuration ':wearsample:_debugCompile'.
         > Could not find com.android.support:percent:26.0.0.
           Searched in the following locations:
               https://jcenter.bintray.com/com/android/support/percent/26.0.0/percent-26.0.0.pom
               https://jcenter.bintray.com/com/android/support/percent/26.0.0/percent-26.0.0.jar
               file:/root/Applications/android-sdk/extras/android/m2repository/com/android/support/percent/26.0.0/percent-26.0.0.pom
               file:/root/Applications/android-sdk/extras/android/m2repository/com/android/support/percent/26.0.0/percent-26.0.0.jar
               file:/root/Applications/android-sdk/extras/google/m2repository/com/android/support/percent/26.0.0/percent-26.0.0.pom
               file:/root/Applications/android-sdk/extras/google/m2repository/com/android/support/percent/26.0.0/percent-26.0.0.jar
           Required by:
               WearHttp-master:wearsample:unspecified > com.google.android.support:wearable:2.0.5
         > Could not find com.android.support:support-v4:26.0.0.
           Searched in the following locations:
               https://jcenter.bintray.com/com/android/support/support-v4/26.0.0/support-v4-26.0.0.pom
               https://jcenter.bintray.com/com/android/support/support-v4/26.0.0/support-v4-26.0.0.jar
               file:/root/Applications/android-sdk/extras/android/m2repository/com/android/support/support-v4/26.0.0/support-v4-26.0.0.pom
               file:/root/Applications/android-sdk/extras/android/m2repository/com/android/support/support-v4/26.0.0/support-v4-26.0.0.jar
               file:/root/Applications/android-sdk/extras/google/m2repository/com/android/support/support-v4/26.0.0/support-v4-26.0.0.pom
               file:/root/Applications/android-sdk/extras/google/m2repository/com/android/support/support-v4/26.0.0/support-v4-26.0.0.jar
           Required by:
               WearHttp-master:wearsample:unspecified > com.google.android.support:wearable:2.0.5
         > Could not find com.android.support:support-annotations:26.0.0.
           Searched in the following locations:
               https://jcenter.bintray.com/com/android/support/support-annotations/26.0.0/support-annotations-26.0.0.pom
               https://jcenter.bintray.com/com/android/support/support-annotations/26.0.0/support-annotations-26.0.0.jar
               file:/root/Applications/android-sdk/extras/android/m2repository/com/android/support/support-annotations/26.0.0/support-annotations-26.0.0.pom
               file:/root/Applications/android-sdk/extras/android/m2repository/com/android/support/support-annotations/26.0.0/support-annotations-26.0.0.jar
               file:/root/Applications/android-sdk/extras/google/m2repository/com/android/support/support-annotations/26.0.0/support-annotations-26.0.0.pom
               file:/root/Applications/android-sdk/extras/google/m2repository/com/android/support/support-annotations/26.0.0/support-annotations-26.0.0.jar
           Required by:
               WearHttp-master:wearsample:unspecified > com.google.android.support:wearable:2.0.5
         > Could not find com.android.support:recyclerview-v7:26.0.0.
           Searched in the following locations:
               https://jcenter.bintray.com/com/android/support/recyclerview-v7/26.0.0/recyclerview-v7-26.0.0.pom
               https://jcenter.bintray.com/com/android/support/recyclerview-v7/26.0.0/recyclerview-v7-26.0.0.jar
               file:/root/Applications/android-sdk/extras/android/m2repository/com/android/support/recyclerview-v7/26.0.0/recyclerview-v7-26.0.0.pom
               file:/root/Applications/android-sdk/extras/android/m2repository/com/android/support/recyclerview-v7/26.0.0/recyclerview-v7-26.0.0.jar
               file:/root/Applications/android-sdk/extras/google/m2repository/com/android/support/recyclerview-v7/26.0.0/recyclerview-v7-26.0.0.pom
               file:/root/Applications/android-sdk/extras/google/m2repository/com/android/support/recyclerview-v7/26.0.0/recyclerview-v7-26.0.0.jar
           Required by:
               WearHttp-master:wearsample:unspecified > com.google.android.support:wearable:2.0.5
         > Could not find com.android.support:support-v4:26.0.0.
           Searched in the following locations:
               https://jcenter.bintray.com/com/android/support/support-v4/26.0.0/support-v4-26.0.0.pom
               https://jcenter.bintray.com/com/android/support/support-v4/26.0.0/support-v4-26.0.0.jar
               file:/root/Applications/android-sdk/extras/android/m2repository/com/android/support/support-v4/26.0.0/support-v4-26.0.0.pom
               file:/root/Applications/android-sdk/extras/android/m2repository/com/android/support/support-v4/26.0.0/support-v4-26.0.0.jar
               file:/root/Applications/android-sdk/extras/google/m2repository/com/android/support/support-v4/26.0.0/support-v4-26.0.0.pom
               file:/root/Applications/android-sdk/extras/google/m2repository/com/android/support/support-v4/26.0.0/support-v4-26.0.0.jar
           Required by:
               WearHttp-master:wearsample:unspecified > com.android.support:appcompat-v7:21.0.3
         > Could not find com.android.support:support-v4:26.0.0.
           Searched in the following locations:
               https://jcenter.bintray.com/com/android/support/support-v4/26.0.0/support-v4-26.0.0.pom
               https://jcenter.bintray.com/com/android/support/support-v4/26.0.0/support-v4-26.0.0.jar
               file:/root/Applications/android-sdk/extras/android/m2repository/com/android/support/support-v4/26.0.0/support-v4-26.0.0.pom
               file:/root/Applications/android-sdk/extras/android/m2repository/com/android/support/support-v4/26.0.0/support-v4-26.0.0.jar
               file:/root/Applications/android-sdk/extras/google/m2repository/com/android/support/support-v4/26.0.0/support-v4-26.0.0.pom
               file:/root/Applications/android-sdk/extras/google/m2repository/com/android/support/support-v4/26.0.0/support-v4-26.0.0.jar
           Required by:
               WearHttp-master:wearsample:unspecified > com.google.android.gms:play-services-wearable:11.0.4 > com.google.android.gms:play-services-basement:11.0.4

* Try:
Run with --info or --debug option to get more log output.

* Exception is:
org.gradle.api.ProjectConfigurationException: A problem occurred configuring project ':mobilesample'.
	at org.gradle.configuration.project.LifecycleProjectEvaluator.addConfigurationFailure(LifecycleProjectEvaluator.java:91)
	at org.gradle.configuration.project.LifecycleProjectEvaluator.notifyAfterEvaluate(LifecycleProjectEvaluator.java:86)
	at org.gradle.configuration.project.LifecycleProjectEvaluator.evaluate(LifecycleProjectEvaluator.java:65)
	at org.gradle.api.internal.project.AbstractProject.evaluate(AbstractProject.java:504)
	at org.gradle.api.internal.project.AbstractProject.evaluate(AbstractProject.java:83)
	at org.gradle.execution.TaskPathProjectEvaluator.configureHierarchy(TaskPathProjectEvaluator.java:47)
	at org.gradle.execution.TaskSelector.getSelection(TaskSelector.java:85)
	at org.gradle.execution.TaskSelector.getSelection(TaskSelector.java:76)
	at org.gradle.execution.commandline.CommandLineTaskParser.parseTasks(CommandLineTaskParser.java:42)
	at org.gradle.execution.TaskNameResolvingBuildConfigurationAction.configure(TaskNameResolvingBuildConfigurationAction.java:44)
	at org.gradle.execution.DefaultBuildExecuter.configure(DefaultBuildExecuter.java:42)
	at org.gradle.execution.DefaultBuildExecuter.access$100(DefaultBuildExecuter.java:23)
	at org.gradle.execution.DefaultBuildExecuter$1.proceed(DefaultBuildExecuter.java:48)
	at org.gradle.execution.ExcludedTaskFilteringBuildConfigurationAction.configure(ExcludedTaskFilteringBuildConfigurationAction.java:47)
	at org.gradle.execution.DefaultBuildExecuter.configure(DefaultBuildExecuter.java:42)
	at org.gradle.execution.DefaultBuildExecuter.access$100(DefaultBuildExecuter.java:23)
	at org.gradle.execution.DefaultBuildExecuter$1.proceed(DefaultBuildExecuter.java:48)
	at org.gradle.execution.DefaultTasksBuildExecutionAction.configure(DefaultTasksBuildExecutionAction.java:44)
	at org.gradle.execution.DefaultBuildExecuter.configure(DefaultBuildExecuter.java:42)
	at org.gradle.execution.DefaultBuildExecuter.select(DefaultBuildExecuter.java:35)
	at org.gradle.initialization.DefaultGradleLauncher.doBuildStages(DefaultGradleLauncher.java:142)
	at org.gradle.initialization.DefaultGradleLauncher.doBuild(DefaultGradleLauncher.java:106)
	at org.gradle.initialization.DefaultGradleLauncher.run(DefaultGradleLauncher.java:86)
	at org.gradle.launcher.exec.InProcessBuildActionExecuter$DefaultBuildController.run(InProcessBuildActionExecuter.java:80)
	at org.gradle.launcher.cli.ExecuteBuildAction.run(ExecuteBuildAction.java:33)
	at org.gradle.launcher.cli.ExecuteBuildAction.run(ExecuteBuildAction.java:24)
	at org.gradle.launcher.exec.InProcessBuildActionExecuter.execute(InProcessBuildActionExecuter.java:36)
	at org.gradle.launcher.exec.InProcessBuildActionExecuter.execute(InProcessBuildActionExecuter.java:26)
	at org.gradle.launcher.cli.RunBuildAction.run(RunBuildAction.java:51)
	at org.gradle.internal.Actions$RunnableActionAdapter.execute(Actions.java:171)
	at org.gradle.launcher.cli.CommandLineActionFactory$ParseAndBuildAction.execute(CommandLineActionFactory.java:237)
	at org.gradle.launcher.cli.CommandLineActionFactory$ParseAndBuildAction.execute(CommandLineActionFactory.java:210)
	at org.gradle.launcher.cli.JavaRuntimeValidationAction.execute(JavaRuntimeValidationAction.java:35)
	at org.gradle.launcher.cli.JavaRuntimeValidationAction.execute(JavaRuntimeValidationAction.java:24)
	at org.gradle.launcher.cli.CommandLineActionFactory$WithLogging.execute(CommandLineActionFactory.java:206)
	at org.gradle.launcher.cli.CommandLineActionFactory$WithLogging.execute(CommandLineActionFactory.java:169)
	at org.gradle.launcher.cli.ExceptionReportingAction.execute(ExceptionReportingAction.java:33)
	at org.gradle.launcher.cli.ExceptionReportingAction.execute(ExceptionReportingAction.java:22)
	at org.gradle.launcher.Main.doAction(Main.java:33)
	at org.gradle.launcher.bootstrap.EntryPoint.run(EntryPoint.java:45)
	at org.gradle.launcher.bootstrap.ProcessBootstrap.runNoExit(ProcessBootstrap.java:54)
	at org.gradle.launcher.bootstrap.ProcessBootstrap.run(ProcessBootstrap.java:35)
	at org.gradle.launcher.GradleMain.main(GradleMain.java:23)
	at org.gradle.wrapper.BootstrapMainStarter.start(BootstrapMainStarter.java:33)
	at org.gradle.wrapper.WrapperExecutor.execute(WrapperExecutor.java:130)
	at org.gradle.wrapper.GradleWrapperMain.main(GradleWrapperMain.java:48)
Caused by: org.gradle.api.artifacts.ResolveException: Could not resolve all dependencies for configuration ':mobilesample:_debugCompile'.
	at org.gradle.api.internal.artifacts.ivyservice.ErrorHandlingArtifactDependencyResolver.wrapException(ErrorHandlingArtifactDependencyResolver.java:61)
	at org.gradle.api.internal.artifacts.ivyservice.ErrorHandlingArtifactDependencyResolver.access$000(ErrorHandlingArtifactDependencyResolver.java:35)
	at org.gradle.api.internal.artifacts.ivyservice.ErrorHandlingArtifactDependencyResolver$BrokenResolvedConfiguration.getResolvedArtifacts(ErrorHandlingArtifactDependencyResolver.java:253)
	at com.android.build.gradle.internal.DependencyManager.collectArtifacts(DependencyManager.java:685)
	at com.android.build.gradle.internal.DependencyManager.resolveDependencyForConfig(DependencyManager.java:250)
	at com.android.build.gradle.internal.DependencyManager.resolveDependencies(DependencyManager.java:135)
	at com.android.build.gradle.internal.TaskManager.resolveDependencies(TaskManager.java:318)
	at com.android.build.gradle.internal.VariantManager$8.call(VariantManager.java:573)
	at com.android.build.gradle.internal.VariantManager$8.call(VariantManager.java:570)
	at com.android.builder.profile.ThreadRecorder$1.record(ThreadRecorder.java:48)
	at com.android.builder.profile.Recorder$record.call(Unknown Source)
	at com.android.build.gradle.internal.profile.SpanRecorders.record(SpanRecorders.groovy:69)
	at com.android.build.gradle.internal.VariantManager.createVariantData(VariantManager.java:569)
	at com.android.build.gradle.internal.VariantManager.createVariantDataForProductFlavors(VariantManager.java:722)
	at com.android.build.gradle.internal.VariantManager.populateVariantDataList(VariantManager.java:442)
	at com.android.build.gradle.internal.VariantManager.createAndroidTasks(VariantManager.java:258)
	at com.android.build.gradle.BasePlugin$_createAndroidTasks_closure15.doCall(BasePlugin.groovy:483)
	at com.android.build.gradle.BasePlugin$_createAndroidTasks_closure15.doCall(BasePlugin.groovy)
	at com.android.build.gradle.internal.profile.SpanRecorders$2.call(SpanRecorders.groovy:52)
	at com.android.builder.profile.ThreadRecorder$1.record(ThreadRecorder.java:48)
	at com.android.build.gradle.internal.profile.SpanRecorders.record(SpanRecorders.groovy:54)
	at com.android.build.gradle.BasePlugin.createAndroidTasks(BasePlugin.groovy:482)
	at com.android.build.gradle.BasePlugin$_createTasks_closure13_closure17.doCall(BasePlugin.groovy:415)
	at com.android.build.gradle.BasePlugin$_createTasks_closure13_closure17.doCall(BasePlugin.groovy)
	at com.android.build.gradle.internal.profile.SpanRecorders$2.call(SpanRecorders.groovy:52)
	at com.android.builder.profile.ThreadRecorder$1.record(ThreadRecorder.java:48)
	at com.android.build.gradle.internal.profile.SpanRecorders.record(SpanRecorders.groovy:54)
	at com.android.build.gradle.BasePlugin$_createTasks_closure13.doCall(BasePlugin.groovy:414)
	at org.gradle.listener.ClosureBackedMethodInvocationDispatch.dispatch(ClosureBackedMethodInvocationDispatch.java:40)
	at org.gradle.listener.ClosureBackedMethodInvocationDispatch.dispatch(ClosureBackedMethodInvocationDispatch.java:25)
	at org.gradle.listener.BroadcastDispatch.dispatch(BroadcastDispatch.java:83)
	at org.gradle.listener.BroadcastDispatch.dispatch(BroadcastDispatch.java:31)
	at org.gradle.messaging.dispatch.ProxyDispatchAdapter$DispatchingInvocationHandler.invoke(ProxyDispatchAdapter.java:93)
	at com.sun.proxy.$Proxy13.afterEvaluate(Unknown Source)
	at org.gradle.configuration.project.LifecycleProjectEvaluator.notifyAfterEvaluate(LifecycleProjectEvaluator.java:79)
	... 44 more
Caused by: org.gradle.api.ProjectConfigurationException: A problem occurred configuring project ':wearsample'.
	at org.gradle.configuration.project.LifecycleProjectEvaluator.addConfigurationFailure(LifecycleProjectEvaluator.java:91)
	at org.gradle.configuration.project.LifecycleProjectEvaluator.notifyAfterEvaluate(LifecycleProjectEvaluator.java:86)
	at org.gradle.configuration.project.LifecycleProjectEvaluator.evaluate(LifecycleProjectEvaluator.java:65)
	at org.gradle.api.internal.project.AbstractProject.evaluate(AbstractProject.java:504)
	at org.gradle.api.internal.project.AbstractProject.evaluate(AbstractProject.java:83)
	at org.gradle.api.internal.project.DefaultProjectAccessListener.beforeResolvingProjectDependency(DefaultProjectAccessListener.java:28)
	at org.gradle.api.internal.artifacts.dependencies.DefaultProjectDependency.beforeResolved(DefaultProjectDependency.java:90)
	at org.gradle.api.internal.artifacts.ivyservice.moduleconverter.dependencies.ProjectIvyDependencyDescriptorFactory.createDependencyDescriptor(ProjectIvyDependencyDescriptorFactory.java:38)
	at org.gradle.api.internal.artifacts.ivyservice.moduleconverter.dependencies.ProjectIvyDependencyDescriptorFactory.createDependencyDescriptor(ProjectIvyDependencyDescriptorFactory.java:31)
	at org.gradle.api.internal.artifacts.ivyservice.moduleconverter.dependencies.DefaultDependencyDescriptorFactory.createDependencyDescriptor(DefaultDependencyDescriptorFactory.java:36)
	at org.gradle.api.internal.artifacts.ivyservice.moduleconverter.dependencies.DefaultDependenciesToModuleDescriptorConverter.addDependencies(DefaultDependenciesToModuleDescriptorConverter.java:45)
	at org.gradle.api.internal.artifacts.ivyservice.moduleconverter.dependencies.DefaultDependenciesToModuleDescriptorConverter.addDependencyDescriptors(DefaultDependenciesToModuleDescriptorConverter.java:38)
	at org.gradle.api.internal.artifacts.ivyservice.moduleconverter.ResolveLocalComponentFactory.convert(ResolveLocalComponentFactory.java:58)
	at org.gradle.api.internal.artifacts.ivyservice.projectmodule.ProjectDependencyResolver.resolve(ProjectDependencyResolver.java:53)
	at org.gradle.api.internal.artifacts.ivyservice.resolveengine.graph.DependencyGraphBuilder.resolveDependencyGraph(DependencyGraphBuilder.java:89)
	at org.gradle.api.internal.artifacts.ivyservice.resolveengine.graph.DependencyGraphBuilder.resolve(DependencyGraphBuilder.java:84)
	at org.gradle.api.internal.artifacts.ivyservice.resolveengine.DefaultDependencyResolver$1.execute(DefaultDependencyResolver.java:122)
	at org.gradle.api.internal.artifacts.ivyservice.resolveengine.DefaultDependencyResolver$1.execute(DefaultDependencyResolver.java:88)
	at org.gradle.internal.Transformers$4.transform(Transformers.java:136)
	at org.gradle.api.internal.artifacts.ivyservice.DefaultIvyContextManager.withIvy(DefaultIvyContextManager.java:61)
	at org.gradle.api.internal.artifacts.ivyservice.DefaultIvyContextManager.withIvy(DefaultIvyContextManager.java:39)
	at org.gradle.api.internal.artifacts.ivyservice.resolveengine.DefaultDependencyResolver.resolve(DefaultDependencyResolver.java:88)
	at org.gradle.api.internal.artifacts.ivyservice.CacheLockingArtifactDependencyResolver$1.run(CacheLockingArtifactDependencyResolver.java:42)
	at org.gradle.internal.Factories$1.create(Factories.java:22)
	at org.gradle.cache.internal.DefaultCacheAccess.useCache(DefaultCacheAccess.java:187)
	at org.gradle.cache.internal.DefaultCacheAccess.useCache(DefaultCacheAccess.java:175)
	at org.gradle.cache.internal.DefaultPersistentDirectoryStore.useCache(DefaultPersistentDirectoryStore.java:106)
	at org.gradle.cache.internal.DefaultCacheFactory$ReferenceTrackingCache.useCache(DefaultCacheFactory.java:187)
	at org.gradle.api.internal.artifacts.ivyservice.DefaultCacheLockingManager.useCache(DefaultCacheLockingManager.java:64)
	at org.gradle.api.internal.artifacts.ivyservice.CacheLockingArtifactDependencyResolver.resolve(CacheLockingArtifactDependencyResolver.java:40)
	at org.gradle.api.internal.artifacts.ivyservice.SelfResolvingDependencyResolver.resolve(SelfResolvingDependencyResolver.java:45)
	at org.gradle.api.internal.artifacts.ivyservice.ShortcircuitEmptyConfigsArtifactDependencyResolver.resolve(ShortcircuitEmptyConfigsArtifactDependencyResolver.java:55)
	at org.gradle.api.internal.artifacts.ivyservice.ErrorHandlingArtifactDependencyResolver.resolve(ErrorHandlingArtifactDependencyResolver.java:47)
	at org.gradle.api.internal.artifacts.ivyservice.DefaultConfigurationResolver.resolve(DefaultConfigurationResolver.java:46)
	at org.gradle.api.internal.artifacts.configurations.DefaultConfiguration.resolveNow(DefaultConfiguration.java:250)
	at org.gradle.api.internal.artifacts.configurations.DefaultConfiguration.getResolvedConfiguration(DefaultConfiguration.java:240)
	at org.gradle.api.internal.artifacts.configurations.DefaultConfiguration_Decorated.getResolvedConfiguration(Unknown Source)
	... 76 more
Caused by: org.gradle.api.artifacts.ResolveException: Could not resolve all dependencies for configuration ':wearsample:_debugCompile'.
	at org.gradle.api.internal.artifacts.ivyservice.DefaultLenientConfiguration.rethrowFailure(DefaultLenientConfiguration.java:52)
	at org.gradle.api.internal.artifacts.ivyservice.DefaultResolvedConfiguration.rethrowFailure(DefaultResolvedConfiguration.java:36)
	at org.gradle.api.internal.artifacts.ivyservice.DefaultResolvedConfiguration.getResolvedArtifacts(DefaultResolvedConfiguration.java:59)
	at org.gradle.api.internal.artifacts.ivyservice.SelfResolvingDependencyResolver$FilesAggregatingResolvedConfiguration.getResolvedArtifacts(SelfResolvingDependencyResolver.java:90)
	at org.gradle.api.internal.artifacts.ivyservice.ErrorHandlingArtifactDependencyResolver$ErrorHandlingResolvedConfiguration.getResolvedArtifacts(ErrorHandlingArtifactDependencyResolver.java:212)
	at com.android.build.gradle.internal.DependencyManager.collectArtifacts(DependencyManager.java:685)
	at com.android.build.gradle.internal.DependencyManager.resolveDependencyForConfig(DependencyManager.java:250)
	at com.android.build.gradle.internal.DependencyManager.resolveDependencies(DependencyManager.java:135)
	at com.android.build.gradle.internal.TaskManager.resolveDependencies(TaskManager.java:318)
	at com.android.build.gradle.internal.VariantManager$8.call(VariantManager.java:573)
	at com.android.build.gradle.internal.VariantManager$8.call(VariantManager.java:570)
	at com.android.builder.profile.ThreadRecorder$1.record(ThreadRecorder.java:48)
	at com.android.builder.profile.Recorder$record.call(Unknown Source)
	at com.android.builder.profile.Recorder$record.call(Unknown Source)
	at com.android.build.gradle.internal.profile.SpanRecorders.record(SpanRecorders.groovy:69)
	at com.android.build.gradle.internal.VariantManager.createVariantData(VariantManager.java:569)
	at com.android.build.gradle.internal.VariantManager.createVariantDataForProductFlavors(VariantManager.java:722)
	at com.android.build.gradle.internal.VariantManager.populateVariantDataList(VariantManager.java:442)
	at com.android.build.gradle.internal.VariantManager.createAndroidTasks(VariantManager.java:258)
	at com.android.build.gradle.BasePlugin$_createAndroidTasks_closure15.doCall(BasePlugin.groovy:483)
	at com.android.build.gradle.BasePlugin$_createAndroidTasks_closure15.doCall(BasePlugin.groovy)
	at com.android.build.gradle.internal.profile.SpanRecorders$2.call(SpanRecorders.groovy:52)
	at com.android.builder.profile.ThreadRecorder$1.record(ThreadRecorder.java:48)
	at com.android.build.gradle.internal.profile.SpanRecorders.record(SpanRecorders.groovy:54)
	at com.android.build.gradle.BasePlugin.createAndroidTasks(BasePlugin.groovy:482)
	at com.android.build.gradle.BasePlugin$_createTasks_closure13_closure17.doCall(BasePlugin.groovy:415)
	at com.android.build.gradle.BasePlugin$_createTasks_closure13_closure17.doCall(BasePlugin.groovy)
	at com.android.build.gradle.internal.profile.SpanRecorders$2.call(SpanRecorders.groovy:52)
	at com.android.builder.profile.ThreadRecorder$1.record(ThreadRecorder.java:48)
	at com.android.build.gradle.internal.profile.SpanRecorders.record(SpanRecorders.groovy:54)
	at com.android.build.gradle.BasePlugin$_createTasks_closure13.doCall(BasePlugin.groovy:414)
	at org.gradle.listener.ClosureBackedMethodInvocationDispatch.dispatch(ClosureBackedMethodInvocationDispatch.java:40)
	at org.gradle.listener.ClosureBackedMethodInvocationDispatch.dispatch(ClosureBackedMethodInvocationDispatch.java:25)
	at org.gradle.listener.BroadcastDispatch.dispatch(BroadcastDispatch.java:83)
	at org.gradle.listener.BroadcastDispatch.dispatch(BroadcastDispatch.java:31)
	at org.gradle.messaging.dispatch.ProxyDispatchAdapter$DispatchingInvocationHandler.invoke(ProxyDispatchAdapter.java:93)
	at com.sun.proxy.$Proxy13.afterEvaluate(Unknown Source)
	at org.gradle.configuration.project.LifecycleProjectEvaluator.notifyAfterEvaluate(LifecycleProjectEvaluator.java:79)
	... 111 more
Caused by: org.gradle.internal.resolve.ModuleVersionNotFoundException: Could not find com.android.support:percent:26.0.0.
Searched in the following locations:
    https://jcenter.bintray.com/com/android/support/percent/26.0.0/percent-26.0.0.pom
    https://jcenter.bintray.com/com/android/support/percent/26.0.0/percent-26.0.0.jar
    file:/root/Applications/android-sdk/extras/android/m2repository/com/android/support/percent/26.0.0/percent-26.0.0.pom
    file:/root/Applications/android-sdk/extras/android/m2repository/com/android/support/percent/26.0.0/percent-26.0.0.jar
    file:/root/Applications/android-sdk/extras/google/m2repository/com/android/support/percent/26.0.0/percent-26.0.0.pom
    file:/root/Applications/android-sdk/extras/google/m2repository/com/android/support/percent/26.0.0/percent-26.0.0.jar
Required by:
    WearHttp-master:wearsample:unspecified > com.google.android.support:wearable:2.0.5
	at org.gradle.internal.resolve.result.DefaultBuildableComponentResolveResult.notFound(DefaultBuildableComponentResolveResult.java:40)
	at org.gradle.api.internal.artifacts.ivyservice.ivyresolve.RepositoryChainDependencyResolver.resolve(RepositoryChainDependencyResolver.java:86)
	at org.gradle.api.internal.artifacts.ivyservice.ivyresolve.RepositoryChainAdapter.resolve(RepositoryChainAdapter.java:69)
	at org.gradle.api.internal.artifacts.ivyservice.clientmodule.ClientModuleResolver.resolve(ClientModuleResolver.java:44)
	at org.gradle.api.internal.artifacts.ivyservice.resolveengine.graph.DependencyGraphBuilder$ModuleVersionResolveState.resolve(DependencyGraphBuilder.java:577)
	at org.gradle.api.internal.artifacts.ivyservice.resolveengine.graph.DependencyGraphBuilder$ModuleVersionResolveState.getMetaData(DependencyGraphBuilder.java:587)
	at org.gradle.api.internal.artifacts.ivyservice.resolveengine.graph.DependencyGraphBuilder$DependencyEdge.calculateTargetConfigurations(DependencyGraphBuilder.java:272)
	at org.gradle.api.internal.artifacts.ivyservice.resolveengine.graph.DependencyGraphBuilder$DependencyEdge.attachToTargetConfigurations(DependencyGraphBuilder.java:246)
	at org.gradle.api.internal.artifacts.ivyservice.resolveengine.graph.DependencyGraphBuilder.traverseGraph(DependencyGraphBuilder.java:156)
	at org.gradle.api.internal.artifacts.ivyservice.resolveengine.graph.DependencyGraphBuilder.resolveDependencyGraph(DependencyGraphBuilder.java:94)
	at org.gradle.api.internal.artifacts.ivyservice.resolveengine.graph.DependencyGraphBuilder.resolve(DependencyGraphBuilder.java:84)
	at org.gradle.api.internal.artifacts.ivyservice.resolveengine.DefaultDependencyResolver$1.execute(DefaultDependencyResolver.java:122)
	at org.gradle.api.internal.artifacts.ivyservice.resolveengine.DefaultDependencyResolver$1.execute(DefaultDependencyResolver.java:88)
	at org.gradle.internal.Transformers$4.transform(Transformers.java:136)
	at org.gradle.api.internal.artifacts.ivyservice.DefaultIvyContextManager.withIvy(DefaultIvyContextManager.java:48)
	at org.gradle.api.internal.artifacts.ivyservice.DefaultIvyContextManager.withIvy(DefaultIvyContextManager.java:39)
	at org.gradle.api.internal.artifacts.ivyservice.resolveengine.DefaultDependencyResolver.resolve(DefaultDependencyResolver.java:88)
	at org.gradle.api.internal.artifacts.ivyservice.CacheLockingArtifactDependencyResolver$1.run(CacheLockingArtifactDependencyResolver.java:42)
	at org.gradle.internal.Factories$1.create(Factories.java:22)
	at org.gradle.cache.internal.DefaultCacheAccess.useCache(DefaultCacheAccess.java:187)
	at org.gradle.cache.internal.DefaultCacheAccess.useCache(DefaultCacheAccess.java:175)
	at org.gradle.cache.internal.DefaultPersistentDirectoryStore.useCache(DefaultPersistentDirectoryStore.java:106)
	at org.gradle.cache.internal.DefaultCacheFactory$ReferenceTrackingCache.useCache(DefaultCacheFactory.java:187)
	at org.gradle.api.internal.artifacts.ivyservice.DefaultCacheLockingManager.useCache(DefaultCacheLockingManager.java:64)
	at org.gradle.api.internal.artifacts.ivyservice.CacheLockingArtifactDependencyResolver.resolve(CacheLockingArtifactDependencyResolver.java:40)
	at org.gradle.api.internal.artifacts.ivyservice.SelfResolvingDependencyResolver.resolve(SelfResolvingDependencyResolver.java:45)
	at org.gradle.api.internal.artifacts.ivyservice.ShortcircuitEmptyConfigsArtifactDependencyResolver.resolve(ShortcircuitEmptyConfigsArtifactDependencyResolver.java:55)
	at org.gradle.api.internal.artifacts.ivyservice.ErrorHandlingArtifactDependencyResolver.resolve(ErrorHandlingArtifactDependencyResolver.java:47)
	at org.gradle.api.internal.artifacts.ivyservice.DefaultConfigurationResolver.resolve(DefaultConfigurationResolver.java:46)
	at org.gradle.api.internal.artifacts.configurations.DefaultConfiguration.resolveNow(DefaultConfiguration.java:250)
	at org.gradle.api.internal.artifacts.configurations.DefaultConfiguration.getResolvedConfiguration(DefaultConfiguration.java:240)
	at org.gradle.api.internal.artifacts.configurations.DefaultConfiguration_Decorated.getResolvedConfiguration(Unknown Source)
	... 144 more


BUILD FAILED

Total time: 13.017 secs

2018-04-08 13:37:34,983 ERROR FullProcessService - Project build has not produced APK file
2018-04-08 13:37:35,012 ERROR FullProcessService - Could not find generated or existed APK file
