2018-04-08 13:35:01,264 INFO  DownloadService - Downloading "https://github.com/alexrs/WaveDrawable/archive/master.zip", attempt 3
2018-04-08 13:35:01,725 INFO  DownloadService - Downloaded https://github.com/alexrs/WaveDrawable/archive/master.zip, attempt 3
2018-04-08 13:35:01,725 INFO  DownloadService - Size of file "/tmp/rdisk/981/master.zip": 657 KB
2018-04-08 13:35:01,726 INFO  ArchiveUtils - Checking entries [.gradle] in ZIP file...
2018-04-08 13:35:01,726 INFO  ArchiveUtils - Has entries [.gradle] in ZIP file /tmp/rdisk/981/master.zip: true
2018-04-08 13:35:01,726 DEBUG ZipUtil - Extracting '/tmp/rdisk/981/master.zip' into '/tmp/rdisk/981/src'.
2018-04-08 13:35:01,739 INFO  FullProcessService - Size of directory with sources: 724 KB
2018-04-08 13:35:01,739 INFO  SysUtils - Execute command: [git, init, /tmp/rdisk/981/src]
2018-04-08 13:35:01,744 INFO  SysUtils - Initialized empty Git repository in /tmp/rdisk/981/src/.git/

2018-04-08 13:35:01,746 INFO  ProjectBuildService - Gradle wrapper(s): /tmp/rdisk/981/src/WaveDrawable-master/gradlew
2018-04-08 13:35:01,749 INFO  ProjectBuildService - Build script(s): /tmp/rdisk/981/src/WaveDrawable-master/app/build.gradle /tmp/rdisk/981/src/WaveDrawable-master/lib/build.gradle /tmp/rdisk/981/src/WaveDrawable-master/build.gradle
2018-04-08 13:35:01,751 INFO  ProjectBuildService - All script(s): /tmp/rdisk/981/src/WaveDrawable-master/settings.gradle /tmp/rdisk/981/src/WaveDrawable-master/lib/build.gradle /tmp/rdisk/981/src/WaveDrawable-master/build.gradle /tmp/rdisk/981/src/WaveDrawable-master/app/build.gradle
2018-04-08 13:35:01,751 INFO  ProjectBuildService - Remote scripts: none
2018-04-08 13:35:01,751 INFO  ProjectFixService - Fixing project...
2018-04-08 13:35:01,758 INFO  LocalPropertiesFixService - Created fake /tmp/rdisk/981/src/WaveDrawable-master/app/local.properties
2018-04-08 13:35:01,758 INFO  ProjectFixService - Build info for "/tmp/rdisk/981/src/WaveDrawable-master/app/build.gradle": [buildToolsVersion=21.1.0,compileSdkVersion=21,minSdkVersion=14,targetSdkVersion=21]
2018-04-08 13:35:01,758 INFO  ProjectFixService - Fixed build info for "/tmp/rdisk/981/src/WaveDrawable-master/app/build.gradle": [buildToolsVersion=21.1.1,compileSdkVersion=21,minSdkVersion=14,targetSdkVersion=21]
2018-04-08 13:35:01,759 INFO  LocalPropertiesFixService - Created fake /tmp/rdisk/981/src/WaveDrawable-master/lib/local.properties
2018-04-08 13:35:01,760 INFO  ProjectFixService - Build info for "/tmp/rdisk/981/src/WaveDrawable-master/lib/build.gradle": [buildToolsVersion=21.1.0,compileSdkVersion=21,minSdkVersion=14,targetSdkVersion=21]
2018-04-08 13:35:01,760 INFO  ProjectFixService - Fixed build info for "/tmp/rdisk/981/src/WaveDrawable-master/lib/build.gradle": [buildToolsVersion=21.1.1,compileSdkVersion=21,minSdkVersion=14,targetSdkVersion=21]
2018-04-08 13:35:01,761 INFO  LocalPropertiesFixService - Created fake /tmp/rdisk/981/src/WaveDrawable-master/local.properties
2018-04-08 13:35:01,762 INFO  ProjectFixService - Build info for "/tmp/rdisk/981/src/WaveDrawable-master/build.gradle": [buildToolsVersion=21.1.1,compileSdkVersion=21,minSdkVersion=14,targetSdkVersion=21]
2018-04-08 13:35:01,762 INFO  ProjectFixService - Project was maybe fixed
2018-04-08 13:35:01,763 INFO  ProjectTaskService - Detecting possible tasks...
2018-04-08 13:35:01,763 INFO  SysUtils - Execute command: [/tmp/rdisk/981/src/WaveDrawable-master/gradlew, -b, /tmp/rdisk/981/src/WaveDrawable-master/app/build.gradle, -Dorg.gradle.daemon=false, -Dorg.gradle.daemon.performance.enable-monitoring=false, -Dorg.gradle.configureondemand=true, tasks]
2018-04-08 13:35:01,871 ERROR ProjectTaskService - Could not detect possible Gradle tasks: Process exited with an error: 1 (Exit value: 1)
2018-04-08 13:35:01,871 INFO  ProjectTaskService - Detected possible tasks: 0
2018-04-08 13:35:01,871 INFO  ProjectTaskService - Excluded tasks (0): none
2018-04-08 13:35:01,871 INFO  SysUtils - Execute command: [/tmp/rdisk/981/src/WaveDrawable-master/gradlew, -b, /tmp/rdisk/981/src/WaveDrawable-master/app/build.gradle, -Dorg.gradle.daemon=false, -Dorg.gradle.daemon.performance.enable-monitoring=false, -Dorg.gradle.configureondemand=true, --stacktrace, build]
2018-04-08 13:35:02,003 ERROR SysUtils - Could not process external command
org.apache.commons.exec.ExecuteException: Process exited with an error: 1 (Exit value: 1)
	at org.apache.commons.exec.DefaultExecutor.executeInternal(DefaultExecutor.java:404)
	at org.apache.commons.exec.DefaultExecutor.execute(DefaultExecutor.java:166)
	at com.github.vbauer.apkmaster.util.SysUtils.execute(SysUtils.java:67)
	at com.github.vbauer.apkmaster.util.SysUtils.executeSimple(SysUtils.java:43)
	at com.github.vbauer.apkmaster.service.assembly.ProjectBuildService.buildProject(ProjectBuildService.java:78)
	at com.github.vbauer.apkmaster.service.assembly.ProjectBuildService.buildProject(ProjectBuildService.java:64)
	at com.github.vbauer.apkmaster.service.assembly.ProjectBuildService.buildProject(ProjectBuildService.java:43)
	at com.github.vbauer.apkmaster.service.FullProcessService.build(FullProcessService.java:84)
	at com.github.vbauer.apkmaster.service.FullProcessService.process(FullProcessService.java:34)
	at com.github.vbauer.apkmaster.app.MainApplication.process(MainApplication.java:38)
	at com.github.vbauer.apkmaster.app.MainApplication.main(MainApplication.java:20)
	at sun.reflect.NativeMethodAccessorImpl.invoke0(Native Method)
	at sun.reflect.NativeMethodAccessorImpl.invoke(NativeMethodAccessorImpl.java:62)
	at sun.reflect.DelegatingMethodAccessorImpl.invoke(DelegatingMethodAccessorImpl.java:43)
	at java.lang.reflect.Method.invoke(Method.java:498)
	at com.android.arsenal.util.ReflectionUtils.invoke(ReflectionUtils.java:42)
	at com.android.arsenal.util.ApkMasterUtils.main(ApkMasterUtils.java:30)
	at com.android.arsenal.service.processor.impl.BuildProcessorServiceImpl.buildProject(BuildProcessorServiceImpl.java:197)
	at com.android.arsenal.service.processor.impl.BuildProcessorServiceImpl.build(BuildProcessorServiceImpl.java:131)
	at com.android.arsenal.service.processor.impl.BuildProcessorServiceImpl.lambda$null$1(BuildProcessorServiceImpl.java:114)
	at java.util.concurrent.FutureTask.run(FutureTask.java:266)
	at java.util.concurrent.Executors$RunnableAdapter.call(Executors.java:511)
	at java.util.concurrent.FutureTask.run(FutureTask.java:266)
	at java.util.concurrent.ThreadPoolExecutor.runWorker(ThreadPoolExecutor.java:1149)
	at java.util.concurrent.ThreadPoolExecutor$Worker.run(ThreadPoolExecutor.java:624)
	at java.lang.Thread.run(Thread.java:748)
2018-04-08 13:35:02,004 INFO  SysUtils - Error: Could not find or load main class org.gradle.wrapper.GradleWrapperMain

2018-04-08 13:35:02,006 INFO  ProjectTaskService - Detecting possible tasks...
2018-04-08 13:35:02,007 INFO  SysUtils - Execute command: [/tmp/rdisk/981/src/WaveDrawable-master/gradlew, -b, /tmp/rdisk/981/src/WaveDrawable-master/lib/build.gradle, -Dorg.gradle.daemon=false, -Dorg.gradle.daemon.performance.enable-monitoring=false, -Dorg.gradle.configureondemand=true, tasks]
2018-04-08 13:35:02,133 ERROR ProjectTaskService - Could not detect possible Gradle tasks: Process exited with an error: 1 (Exit value: 1)
2018-04-08 13:35:02,133 INFO  ProjectTaskService - Detected possible tasks: 0
2018-04-08 13:35:02,134 INFO  ProjectTaskService - Excluded tasks (0): none
2018-04-08 13:35:02,134 INFO  SysUtils - Execute command: [/tmp/rdisk/981/src/WaveDrawable-master/gradlew, -b, /tmp/rdisk/981/src/WaveDrawable-master/lib/build.gradle, -Dorg.gradle.daemon=false, -Dorg.gradle.daemon.performance.enable-monitoring=false, -Dorg.gradle.configureondemand=true, --stacktrace, build]
2018-04-08 13:35:02,236 ERROR SysUtils - Could not process external command
org.apache.commons.exec.ExecuteException: Process exited with an error: 1 (Exit value: 1)
	at org.apache.commons.exec.DefaultExecutor.executeInternal(DefaultExecutor.java:404)
	at org.apache.commons.exec.DefaultExecutor.execute(DefaultExecutor.java:166)
	at com.github.vbauer.apkmaster.util.SysUtils.execute(SysUtils.java:67)
	at com.github.vbauer.apkmaster.util.SysUtils.executeSimple(SysUtils.java:43)
	at com.github.vbauer.apkmaster.service.assembly.ProjectBuildService.buildProject(ProjectBuildService.java:78)
	at com.github.vbauer.apkmaster.service.assembly.ProjectBuildService.buildProject(ProjectBuildService.java:64)
	at com.github.vbauer.apkmaster.service.assembly.ProjectBuildService.buildProject(ProjectBuildService.java:43)
	at com.github.vbauer.apkmaster.service.FullProcessService.build(FullProcessService.java:84)
	at com.github.vbauer.apkmaster.service.FullProcessService.process(FullProcessService.java:34)
	at com.github.vbauer.apkmaster.app.MainApplication.process(MainApplication.java:38)
	at com.github.vbauer.apkmaster.app.MainApplication.main(MainApplication.java:20)
	at sun.reflect.NativeMethodAccessorImpl.invoke0(Native Method)
	at sun.reflect.NativeMethodAccessorImpl.invoke(NativeMethodAccessorImpl.java:62)
	at sun.reflect.DelegatingMethodAccessorImpl.invoke(DelegatingMethodAccessorImpl.java:43)
	at java.lang.reflect.Method.invoke(Method.java:498)
	at com.android.arsenal.util.ReflectionUtils.invoke(ReflectionUtils.java:42)
	at com.android.arsenal.util.ApkMasterUtils.main(ApkMasterUtils.java:30)
	at com.android.arsenal.service.processor.impl.BuildProcessorServiceImpl.buildProject(BuildProcessorServiceImpl.java:197)
	at com.android.arsenal.service.processor.impl.BuildProcessorServiceImpl.build(BuildProcessorServiceImpl.java:131)
	at com.android.arsenal.service.processor.impl.BuildProcessorServiceImpl.lambda$null$1(BuildProcessorServiceImpl.java:114)
	at java.util.concurrent.FutureTask.run(FutureTask.java:266)
	at java.util.concurrent.Executors$RunnableAdapter.call(Executors.java:511)
	at java.util.concurrent.FutureTask.run(FutureTask.java:266)
	at java.util.concurrent.ThreadPoolExecutor.runWorker(ThreadPoolExecutor.java:1149)
	at java.util.concurrent.ThreadPoolExecutor$Worker.run(ThreadPoolExecutor.java:624)
	at java.lang.Thread.run(Thread.java:748)
2018-04-08 13:35:02,237 INFO  SysUtils - Error: Could not find or load main class org.gradle.wrapper.GradleWrapperMain

2018-04-08 13:35:02,239 INFO  ProjectTaskService - Detecting possible tasks...
2018-04-08 13:35:02,240 INFO  SysUtils - Execute command: [/tmp/rdisk/981/src/WaveDrawable-master/gradlew, -b, /tmp/rdisk/981/src/WaveDrawable-master/build.gradle, -Dorg.gradle.daemon=false, -Dorg.gradle.daemon.performance.enable-monitoring=false, -Dorg.gradle.configureondemand=true, tasks]
2018-04-08 13:35:02,360 ERROR ProjectTaskService - Could not detect possible Gradle tasks: Process exited with an error: 1 (Exit value: 1)
2018-04-08 13:35:02,361 INFO  ProjectTaskService - Detected possible tasks: 0
2018-04-08 13:35:02,361 INFO  ProjectTaskService - Excluded tasks (0): none
2018-04-08 13:35:02,362 INFO  SysUtils - Execute command: [/tmp/rdisk/981/src/WaveDrawable-master/gradlew, -b, /tmp/rdisk/981/src/WaveDrawable-master/build.gradle, -Dorg.gradle.daemon=false, -Dorg.gradle.daemon.performance.enable-monitoring=false, -Dorg.gradle.configureondemand=true, --stacktrace, build]
2018-04-08 13:35:02,467 ERROR SysUtils - Could not process external command
org.apache.commons.exec.ExecuteException: Process exited with an error: 1 (Exit value: 1)
	at org.apache.commons.exec.DefaultExecutor.executeInternal(DefaultExecutor.java:404)
	at org.apache.commons.exec.DefaultExecutor.execute(DefaultExecutor.java:166)
	at com.github.vbauer.apkmaster.util.SysUtils.execute(SysUtils.java:67)
	at com.github.vbauer.apkmaster.util.SysUtils.executeSimple(SysUtils.java:43)
	at com.github.vbauer.apkmaster.service.assembly.ProjectBuildService.buildProject(ProjectBuildService.java:78)
	at com.github.vbauer.apkmaster.service.assembly.ProjectBuildService.buildProject(ProjectBuildService.java:64)
	at com.github.vbauer.apkmaster.service.assembly.ProjectBuildService.buildProject(ProjectBuildService.java:43)
	at com.github.vbauer.apkmaster.service.FullProcessService.build(FullProcessService.java:84)
	at com.github.vbauer.apkmaster.service.FullProcessService.process(FullProcessService.java:34)
	at com.github.vbauer.apkmaster.app.MainApplication.process(MainApplication.java:38)
	at com.github.vbauer.apkmaster.app.MainApplication.main(MainApplication.java:20)
	at sun.reflect.NativeMethodAccessorImpl.invoke0(Native Method)
	at sun.reflect.NativeMethodAccessorImpl.invoke(NativeMethodAccessorImpl.java:62)
	at sun.reflect.DelegatingMethodAccessorImpl.invoke(DelegatingMethodAccessorImpl.java:43)
	at java.lang.reflect.Method.invoke(Method.java:498)
	at com.android.arsenal.util.ReflectionUtils.invoke(ReflectionUtils.java:42)
	at com.android.arsenal.util.ApkMasterUtils.main(ApkMasterUtils.java:30)
	at com.android.arsenal.service.processor.impl.BuildProcessorServiceImpl.buildProject(BuildProcessorServiceImpl.java:197)
	at com.android.arsenal.service.processor.impl.BuildProcessorServiceImpl.build(BuildProcessorServiceImpl.java:131)
	at com.android.arsenal.service.processor.impl.BuildProcessorServiceImpl.lambda$null$1(BuildProcessorServiceImpl.java:114)
	at java.util.concurrent.FutureTask.run(FutureTask.java:266)
	at java.util.concurrent.Executors$RunnableAdapter.call(Executors.java:511)
	at java.util.concurrent.FutureTask.run(FutureTask.java:266)
	at java.util.concurrent.ThreadPoolExecutor.runWorker(ThreadPoolExecutor.java:1149)
	at java.util.concurrent.ThreadPoolExecutor$Worker.run(ThreadPoolExecutor.java:624)
	at java.lang.Thread.run(Thread.java:748)
2018-04-08 13:35:02,467 INFO  SysUtils - Error: Could not find or load main class org.gradle.wrapper.GradleWrapperMain

2018-04-08 13:35:02,470 ERROR FullProcessService - Project build has not produced APK file
2018-04-08 13:35:02,472 ERROR FullProcessService - Could not find generated or existed APK file
