2018-04-08 13:46:33,748 INFO  DownloadService - Downloading "https://github.com/plattysoft/Leonids/archive/master.zip", attempt 3
2018-04-08 13:46:35,487 INFO  DownloadService - Downloaded https://github.com/plattysoft/Leonids/archive/master.zip, attempt 3
2018-04-08 13:46:35,487 INFO  DownloadService - Size of file "/tmp/rdisk/960/master.zip": 2 MB
2018-04-08 13:46:35,487 INFO  ArchiveUtils - Checking entries [.gradle] in ZIP file...
2018-04-08 13:46:35,488 INFO  ArchiveUtils - Has entries [.gradle] in ZIP file /tmp/rdisk/960/master.zip: true
2018-04-08 13:46:35,488 DEBUG ZipUtil - Extracting '/tmp/rdisk/960/master.zip' into '/tmp/rdisk/960/src'.
2018-04-08 13:46:35,517 INFO  FullProcessService - Size of directory with sources: 2 MB
2018-04-08 13:46:35,517 INFO  SysUtils - Execute command: [git, init, /tmp/rdisk/960/src]
2018-04-08 13:46:35,523 INFO  SysUtils - Initialized empty Git repository in /tmp/rdisk/960/src/.git/

2018-04-08 13:46:35,525 INFO  ProjectBuildService - Gradle wrapper(s): /tmp/rdisk/960/src/Leonids-master/gradlew /tmp/rdisk/960/src/Leonids-master/LeonidsExamples/gradlew
2018-04-08 13:46:35,528 INFO  ProjectBuildService - Build script(s): /tmp/rdisk/960/src/Leonids-master/LeonidsExamples/build.gradle /tmp/rdisk/960/src/Leonids-master/LeonidsLib/build.gradle /tmp/rdisk/960/src/Leonids-master/build.gradle
2018-04-08 13:46:35,531 INFO  ProjectBuildService - All script(s): /tmp/rdisk/960/src/Leonids-master/settings.gradle /tmp/rdisk/960/src/Leonids-master/build.gradle /tmp/rdisk/960/src/Leonids-master/LeonidsLib/build.gradle /tmp/rdisk/960/src/Leonids-master/LeonidsExamples/build.gradle
2018-04-08 13:46:35,531 INFO  ProjectBuildService - Remote scripts: none
2018-04-08 13:46:35,531 INFO  ProjectFixService - Fixing project...
2018-04-08 13:46:35,537 INFO  LocalPropertiesFixService - Updated fake /tmp/rdisk/960/src/Leonids-master/LeonidsExamples/local.properties
2018-04-08 13:46:35,537 INFO  WrapperPropertiesFixService - Gradle wrapper: https://services.gradle.org/distributions/gradle-2.2.1-all.zip
2018-04-08 13:46:35,538 INFO  WrapperPropertiesFixService - Gradle wrapper was changed from "-all.zip" to "-bin.zip" (https://services.gradle.org/distributions/gradle-2.2.1-bin.zip)
2018-04-08 13:46:35,538 INFO  ProjectFixService - Build info for "/tmp/rdisk/960/src/Leonids-master/LeonidsExamples/build.gradle": [buildToolsVersion=25.0.3,compileSdkVersion=25,minSdkVersion=11,targetSdkVersion=25]
2018-04-08 13:46:35,538 INFO  LocalPropertiesFixService - Created fake /tmp/rdisk/960/src/Leonids-master/LeonidsLib/local.properties
2018-04-08 13:46:35,539 INFO  ProjectFixService - Build info for "/tmp/rdisk/960/src/Leonids-master/LeonidsLib/build.gradle": [buildToolsVersion=25.0.3,compileSdkVersion=25,minSdkVersion=11,targetSdkVersion=25]
2018-04-08 13:46:35,539 INFO  LocalPropertiesFixService - Created fake /tmp/rdisk/960/src/Leonids-master/local.properties
2018-04-08 13:46:35,539 INFO  WrapperPropertiesFixService - Gradle wrapper: https://services.gradle.org/distributions/gradle-4.0-all.zip
2018-04-08 13:46:35,539 INFO  WrapperPropertiesFixService - Gradle wrapper was changed from "-all.zip" to "-bin.zip" (https://services.gradle.org/distributions/gradle-4.0-bin.zip)
2018-04-08 13:46:35,541 INFO  ProjectFixService - Build info for "/tmp/rdisk/960/src/Leonids-master/build.gradle": [buildToolsVersion=25.0.3,compileSdkVersion=25,minSdkVersion=11,targetSdkVersion=25]
2018-04-08 13:46:35,541 INFO  ProjectFixService - Project was maybe fixed
2018-04-08 13:46:35,541 INFO  ProjectTaskService - Detecting possible tasks...
2018-04-08 13:46:35,541 INFO  SysUtils - Execute command: [/tmp/rdisk/960/src/Leonids-master/LeonidsExamples/gradlew, -b, /tmp/rdisk/960/src/Leonids-master/LeonidsExamples/build.gradle, -Dorg.gradle.daemon=false, -Dorg.gradle.daemon.performance.enable-monitoring=false, -Dorg.gradle.configureondemand=true, tasks]
2018-04-08 13:46:42,636 ERROR ProjectTaskService - Could not detect possible Gradle tasks: Process exited with an error: 1 (Exit value: 1)
2018-04-08 13:46:42,636 INFO  ProjectTaskService - Detected possible tasks: 0
2018-04-08 13:46:42,636 INFO  ProjectTaskService - Excluded tasks (0): none
2018-04-08 13:46:42,636 INFO  SysUtils - Execute command: [/tmp/rdisk/960/src/Leonids-master/LeonidsExamples/gradlew, -b, /tmp/rdisk/960/src/Leonids-master/LeonidsExamples/build.gradle, -Dorg.gradle.daemon=false, -Dorg.gradle.daemon.performance.enable-monitoring=false, -Dorg.gradle.configureondemand=true, --stacktrace, build]
2018-04-08 13:46:46,346 ERROR SysUtils - Could not process external command
org.apache.commons.exec.ExecuteException: Process exited with an error: 1 (Exit value: 1)
	at org.apache.commons.exec.DefaultExecutor.executeInternal(DefaultExecutor.java:404)
	at org.apache.commons.exec.DefaultExecutor.execute(DefaultExecutor.java:166)
	at com.github.vbauer.apkmaster.util.SysUtils.execute(SysUtils.java:67)
	at com.github.vbauer.apkmaster.util.SysUtils.executeSimple(SysUtils.java:43)
	at com.github.vbauer.apkmaster.service.assembly.ProjectBuildService.buildProject(ProjectBuildService.java:78)
	at com.github.vbauer.apkmaster.service.assembly.ProjectBuildService.buildProject(ProjectBuildService.java:64)
	at com.github.vbauer.apkmaster.service.assembly.ProjectBuildService.buildProject(ProjectBuildService.java:43)
	at com.github.vbauer.apkmaster.service.FullProcessService.build(FullProcessService.java:84)
	at com.github.vbauer.apkmaster.service.FullProcessService.process(FullProcessService.java:34)
	at com.github.vbauer.apkmaster.app.MainApplication.process(MainApplication.java:38)
	at com.github.vbauer.apkmaster.app.MainApplication.main(MainApplication.java:20)
	at sun.reflect.GeneratedMethodAccessor8.invoke(Unknown Source)
	at sun.reflect.DelegatingMethodAccessorImpl.invoke(DelegatingMethodAccessorImpl.java:43)
	at java.lang.reflect.Method.invoke(Method.java:498)
	at com.android.arsenal.util.ReflectionUtils.invoke(ReflectionUtils.java:42)
	at com.android.arsenal.util.ApkMasterUtils.main(ApkMasterUtils.java:30)
	at com.android.arsenal.service.processor.impl.BuildProcessorServiceImpl.buildProject(BuildProcessorServiceImpl.java:197)
	at com.android.arsenal.service.processor.impl.BuildProcessorServiceImpl.build(BuildProcessorServiceImpl.java:131)
	at com.android.arsenal.service.processor.impl.BuildProcessorServiceImpl.lambda$null$1(BuildProcessorServiceImpl.java:114)
	at java.util.concurrent.FutureTask.run(FutureTask.java:266)
	at java.util.concurrent.Executors$RunnableAdapter.call(Executors.java:511)
	at java.util.concurrent.FutureTask.run(FutureTask.java:266)
	at java.util.concurrent.ThreadPoolExecutor.runWorker(ThreadPoolExecutor.java:1149)
	at java.util.concurrent.ThreadPoolExecutor$Worker.run(ThreadPoolExecutor.java:624)
	at java.lang.Thread.run(Thread.java:748)
2018-04-08 13:46:46,346 INFO  SysUtils - Configuration on demand is an incubating feature.

FAILURE: Build failed with an exception.

* Where:
Build file '/tmp/rdisk/960/src/Leonids-master/LeonidsExamples/build.gradle' line: 1

* What went wrong:
A problem occurred evaluating project ':LeonidsExamples'.
> Failed to apply plugin [id 'com.android.application']
   > Minimum supported Gradle version is 3.3. Current version is 2.2.1. If using the gradle wrapper, try editing the distributionUrl in /root/Documents/workspace/java/bloodhound/gradle/wrapper/gradle-wrapper.properties to gradle-3.3-all.zip

* Try:
Run with --info or --debug option to get more log output.

* Exception is:
org.gradle.api.GradleScriptException: A problem occurred evaluating project ':LeonidsExamples'.
	at org.gradle.groovy.scripts.internal.DefaultScriptRunnerFactory$ScriptRunnerImpl.run(DefaultScriptRunnerFactory.java:54)
	at org.gradle.configuration.DefaultScriptPluginFactory$ScriptPluginImpl.apply(DefaultScriptPluginFactory.java:148)
	at org.gradle.configuration.project.BuildScriptProcessor.execute(BuildScriptProcessor.java:39)
	at org.gradle.configuration.project.BuildScriptProcessor.execute(BuildScriptProcessor.java:26)
	at org.gradle.configuration.project.ConfigureActionsProjectEvaluator.evaluate(ConfigureActionsProjectEvaluator.java:34)
	at org.gradle.configuration.project.LifecycleProjectEvaluator.evaluate(LifecycleProjectEvaluator.java:59)
	at org.gradle.api.internal.project.AbstractProject.evaluate(AbstractProject.java:504)
	at org.gradle.api.internal.project.AbstractProject.evaluate(AbstractProject.java:83)
	at org.gradle.execution.TaskPathProjectEvaluator.configureHierarchy(TaskPathProjectEvaluator.java:42)
	at org.gradle.execution.TaskSelector.getSelection(TaskSelector.java:85)
	at org.gradle.execution.TaskSelector.getSelection(TaskSelector.java:76)
	at org.gradle.execution.commandline.CommandLineTaskParser.parseTasks(CommandLineTaskParser.java:42)
	at org.gradle.execution.TaskNameResolvingBuildConfigurationAction.configure(TaskNameResolvingBuildConfigurationAction.java:44)
	at org.gradle.execution.DefaultBuildExecuter.configure(DefaultBuildExecuter.java:42)
	at org.gradle.execution.DefaultBuildExecuter.access$100(DefaultBuildExecuter.java:23)
	at org.gradle.execution.DefaultBuildExecuter$1.proceed(DefaultBuildExecuter.java:48)
	at org.gradle.execution.ExcludedTaskFilteringBuildConfigurationAction.configure(ExcludedTaskFilteringBuildConfigurationAction.java:47)
	at org.gradle.execution.DefaultBuildExecuter.configure(DefaultBuildExecuter.java:42)
	at org.gradle.execution.DefaultBuildExecuter.access$100(DefaultBuildExecuter.java:23)
	at org.gradle.execution.DefaultBuildExecuter$1.proceed(DefaultBuildExecuter.java:48)
	at org.gradle.execution.DefaultTasksBuildExecutionAction.configure(DefaultTasksBuildExecutionAction.java:44)
	at org.gradle.execution.DefaultBuildExecuter.configure(DefaultBuildExecuter.java:42)
	at org.gradle.execution.DefaultBuildExecuter.select(DefaultBuildExecuter.java:35)
	at org.gradle.initialization.DefaultGradleLauncher.doBuildStages(DefaultGradleLauncher.java:142)
	at org.gradle.initialization.DefaultGradleLauncher.doBuild(DefaultGradleLauncher.java:106)
	at org.gradle.initialization.DefaultGradleLauncher.run(DefaultGradleLauncher.java:86)
	at org.gradle.launcher.exec.InProcessBuildActionExecuter$DefaultBuildController.run(InProcessBuildActionExecuter.java:80)
	at org.gradle.launcher.cli.ExecuteBuildAction.run(ExecuteBuildAction.java:33)
	at org.gradle.launcher.cli.ExecuteBuildAction.run(ExecuteBuildAction.java:24)
	at org.gradle.launcher.exec.InProcessBuildActionExecuter.execute(InProcessBuildActionExecuter.java:36)
	at org.gradle.launcher.exec.InProcessBuildActionExecuter.execute(InProcessBuildActionExecuter.java:26)
	at org.gradle.launcher.cli.RunBuildAction.run(RunBuildAction.java:51)
	at org.gradle.internal.Actions$RunnableActionAdapter.execute(Actions.java:171)
	at org.gradle.launcher.cli.CommandLineActionFactory$ParseAndBuildAction.execute(CommandLineActionFactory.java:237)
	at org.gradle.launcher.cli.CommandLineActionFactory$ParseAndBuildAction.execute(CommandLineActionFactory.java:210)
	at org.gradle.launcher.cli.JavaRuntimeValidationAction.execute(JavaRuntimeValidationAction.java:35)
	at org.gradle.launcher.cli.JavaRuntimeValidationAction.execute(JavaRuntimeValidationAction.java:24)
	at org.gradle.launcher.cli.CommandLineActionFactory$WithLogging.execute(CommandLineActionFactory.java:206)
	at org.gradle.launcher.cli.CommandLineActionFactory$WithLogging.execute(CommandLineActionFactory.java:169)
	at org.gradle.launcher.cli.ExceptionReportingAction.execute(ExceptionReportingAction.java:33)
	at org.gradle.launcher.cli.ExceptionReportingAction.execute(ExceptionReportingAction.java:22)
	at org.gradle.launcher.Main.doAction(Main.java:33)
	at org.gradle.launcher.bootstrap.EntryPoint.run(EntryPoint.java:45)
	at org.gradle.launcher.bootstrap.ProcessBootstrap.runNoExit(ProcessBootstrap.java:54)
	at org.gradle.launcher.bootstrap.ProcessBootstrap.run(ProcessBootstrap.java:35)
	at org.gradle.launcher.GradleMain.main(GradleMain.java:23)
	at org.gradle.wrapper.BootstrapMainStarter.start(BootstrapMainStarter.java:33)
	at org.gradle.wrapper.WrapperExecutor.execute(WrapperExecutor.java:130)
	at org.gradle.wrapper.GradleWrapperMain.main(GradleWrapperMain.java:48)
Caused by: org.gradle.api.internal.plugins.PluginApplicationException: Failed to apply plugin [id 'com.android.application']
	at org.gradle.api.internal.plugins.DefaultObjectConfigurationAction.applyPlugin(DefaultObjectConfigurationAction.java:117)
	at org.gradle.api.internal.plugins.DefaultObjectConfigurationAction.access$200(DefaultObjectConfigurationAction.java:36)
	at org.gradle.api.internal.plugins.DefaultObjectConfigurationAction$3.run(DefaultObjectConfigurationAction.java:80)
	at org.gradle.api.internal.plugins.DefaultObjectConfigurationAction.execute(DefaultObjectConfigurationAction.java:131)
	at org.gradle.api.internal.project.AbstractPluginAware.apply(AbstractPluginAware.java:37)
	at org.gradle.api.Project$apply$0.call(Unknown Source)
	at org.gradle.api.internal.project.ProjectScript.apply(ProjectScript.groovy:34)
	at org.gradle.api.Script$apply$0.callCurrent(Unknown Source)
	at build_eylvn54fu2pz84a40r2o5h6c6.run(/tmp/rdisk/960/src/Leonids-master/LeonidsExamples/build.gradle:1)
	at org.gradle.groovy.scripts.internal.DefaultScriptRunnerFactory$ScriptRunnerImpl.run(DefaultScriptRunnerFactory.java:52)
	... 48 more
Caused by: java.lang.RuntimeException: Minimum supported Gradle version is 3.3. Current version is 2.2.1. If using the gradle wrapper, try editing the distributionUrl in /root/Documents/workspace/java/bloodhound/gradle/wrapper/gradle-wrapper.properties to gradle-3.3-all.zip
	at com.android.build.gradle.BasePlugin.checkGradleVersion(BasePlugin.java:550)
	at com.android.build.gradle.BasePlugin.configureProject(BasePlugin.java:264)
	at com.android.builder.profile.ThreadRecorder.record(ThreadRecorder.java:81)
	at com.android.build.gradle.BasePlugin.apply(BasePlugin.java:238)
	at com.android.build.gradle.AppPlugin.apply(AppPlugin.java:114)
	at com.android.build.gradle.AppPlugin.apply(AppPlugin.java:46)
	at org.gradle.api.internal.plugins.DefaultPluginContainer.providePlugin(DefaultPluginContainer.java:188)
	at org.gradle.api.internal.plugins.DefaultPluginContainer.addPluginInternal(DefaultPluginContainer.java:137)
	at org.gradle.api.internal.plugins.DefaultPluginContainer.apply(DefaultPluginContainer.java:103)
	at org.gradle.api.internal.plugins.DefaultObjectConfigurationAction.applyPlugin(DefaultObjectConfigurationAction.java:115)
	... 57 more


BUILD FAILED

Total time: 3.188 secs

2018-04-08 13:46:46,349 INFO  FullProcessService - Found APK file: /tmp/rdisk/960/src/Leonids-master/LeonidasExamples.apk
